Test Program: 1.0.0.0
****************************** Loop: 1  ******************************
****************************** [1]TestItem: RSRP@-T:10/-W:1  ******************************
****************************** 2024/1/12 下午 02:10:58 *****************************************
****************************** Loop RSRP *****************************************
cmd: adb -s NoADB shell Query Connection Status
Loop: 10 , Wait: 1s
[SSH]cmd:echo -ne "at+bnrinfo\r\n" | microcom -t 1000 /dev/ttyUSB1
at+bnrinfo
AT+GMI

COMPAL

OK

Manufacturer: COMPAL
Model: 334
Revision: RXMG1.20.00.428_0R12
SVN: 01
IMEI: 359047100263100
+GCAP: +CGSM

OK

+COPS: 0,0,"466 66",11

OK
AT+CGSN

359047100263100

OK

+CPIN: READY

OK
AT+CIMI

466660000055186

OK
AT+ICCID

ICCID: 8988211000000551864F

OK
AT+CESQDBM

+CESQDBM:
SYSTEM:NR5G-SA
Band 79
NR5G: RSRQ -11 dB, RSRP -93 dBm, SINR 25 dB


OK

<LTE PCC INFO>:<INVALID>

OK
at+bnrinfo
AT+GMI

COMPAL

OK

Manufacturer: COMPAL
Model: 334
Revision: RXMG1.20.00.428_0R12
SVN: 01
IMEI: 359047100263100
+GCAP: +CGSM

OK

+COPS: 0,0,"466 66",11

OK
AT+CGSN

359047100263100

OK

+CPIN: READY

OK
AT+CIMI

466660000055186

OK
AT+ICCID

ICCID: 8988211000000551864F

OK
AT+CESQDBM

+CESQDBM:
SYSTEM:NR5G-SA
Band 79
NR5G: RSRQ -11 dB, RSRP -93 dBm, SINR 25 dB


OK

<LTE PCC INFO>:<INVALID>

OK
[SSH]cmd:ping 10.205.102.16 -c 1
PING 10.205.102.16 (10.205.102.16): 56 data bytes
64 bytes from 10.205.102.16: seq=0 ttl=64 time=20.634 ms

--- 10.205.102.16 ping statistics ---
1 packets transmitted, 1 packets received, 0% packet loss
round-trip min/avg/max = 20.634/20.634/20.634 ms
[01/12 14:11:05]	RSRQ: -11	RSRP: -93	SINR: 25	TX Power: 0	Ping Latency: 20.634	
[SSH]cmd:echo -ne "at+bnrinfo\r\n" | microcom -t 1000 /dev/ttyUSB1

+CGPADDR: 1,10.205.164.22
+CGPADDR: 38,0.0.0.0.0.0.0.0.0.0.0.0.0.0.0.0
+CGPADDR: 39,0.0.0.0.0.0.0.0.0.0.0.0.0.0.0.0

OK
+CGPADDR: 1,10.205.164.22
+CGPADDR: 38,0.0.0.0.0.0.0.0.0.0.0.0.0.0.0.0
+CGPADDR: 39,0.0.0.0.0.0.0.0.0.0.0.0.0.0.0.0

OK
[SSH]cmd:ping 10.205.102.16 -c 1
PING 10.205.102.16 (10.205.102.16): 56 data bytes
64 bytes from 10.205.102.16: seq=0 ttl=64 time=12.718 ms

--- 10.205.102.16 ping statistics ---
1 packets transmitted, 1 packets received, 0% packet loss
round-trip min/avg/max = 12.718/12.718/12.718 ms
[01/12 14:11:12]	TX Power: 0	Ping Latency: 12.718	
[SSH]cmd:echo -ne "at+bnrinfo\r\n" | microcom -t 1000 /dev/ttyUSB1
at+bnrinfo

NR BAND:79, EARFCN:720288 DL_bandwidth:100MHz
physical cell ID:1, averaged PUSCH TX power :19 dBm, averaged PUCCH TX power :-255 dBm,
RX Power Info:
RSRQ -11 dB, RSRP -93 dBm,SINR 26 dB
RX0 power: -82 dBm,ecio: -10 dB, rsrp: -92 dBm, phase: 0 degree, sinr: 25 dB
RX1 power: -85 dBm,ecio: -10 dB, rsrp: -95 dBm, phase: 0 degree, sinr: 22 dB
RX2 power: -82 dBm,ecio: -10 dB, rsrp: -92 dBm, phase: 0 degree, sinr: 26 dB
RX3 power: -88 dBm,ecio: -10 dB, rsrp: -98 dBm,phase: 0 degree,sinr: 19 dB
NR CQI 255,RANK 255
Serving Beam SSB index 0,FR2 serving Beam:255,255


OK
at+bnrinfo

NR BAND:79, EARFCN:720288 DL_bandwidth:100MHz
physical cell ID:1, averaged PUSCH TX power :19 dBm, averaged PUCCH TX power :-255 dBm,
RX Power Info:
RSRQ -11 dB, RSRP -93 dBm,SINR 26 dB
RX0 power: -82 dBm,ecio: -10 dB, rsrp: -92 dBm, phase: 0 degree, sinr: 25 dB
RX1 power: -85 dBm,ecio: -10 dB, rsrp: -95 dBm, phase: 0 degree, sinr: 22 dB
RX2 power: -82 dBm,ecio: -10 dB, rsrp: -92 dBm, phase: 0 degree, sinr: 26 dB
RX3 power: -88 dBm,ecio: -10 dB, rsrp: -98 dBm,phase: 0 degree,sinr: 19 dB
NR CQI 255,RANK 255
Serving Beam SSB index 0,FR2 serving Beam:255,255


OK
[SSH]cmd:ping 10.205.102.16 -c 1
PING 10.205.102.16 (10.205.102.16): 56 data bytes
64 bytes from 10.205.102.16: seq=0 ttl=64 time=12.163 ms

--- 10.205.102.16 ping statistics ---
1 packets transmitted, 1 packets received, 0% packet loss
round-trip min/avg/max = 12.163/12.163/12.163 ms
[01/12 14:11:19]	TX Power: 19	Ping Latency: 12.163	
[SSH]cmd:echo -ne "at+bnrinfo\r\n" | microcom -t 1000 /dev/ttyUSB1
at+bnrinfo

NR BAND:79, EARFCN:720288 DL_bandwidth:100MHz
physical cell ID:1, averaged PUSCH TX power :20 dBm, averaged PUCCH TX power :-255 dBm,
RX Power Info:
RSRQ -11 dB, RSRP -94 dBm,SINR 26 dB
RX0 power: -83 dBm,ecio: -10 dB, rsrp: -93 dBm, phase: 0 degree, sinr: 24 dB
RX1 power: -85 dBm,ecio: -10 dB, rsrp: -95 dBm, phase: 0 degree, sinr: 22 dB
RX2 power: -82 dBm,ecio: -10 dB, rsrp: -92 dBm, phase: 0 degree, sinr: 26 dB
RX3 power: -89 dBm,ecio: -10 dB, rsrp: -100 dBm,phase: 0 degree,sinr: 19 dB
NR CQI 255,RANK 255
Serving Beam SSB index 0,FR2 serving Beam:255,255


OK
at+bnrinfo

NR BAND:79, EARFCN:720288 DL_bandwidth:100MHz
physical cell ID:1, averaged PUSCH TX power :20 dBm, averaged PUCCH TX power :-255 dBm,
RX Power Info:
RSRQ -11 dB, RSRP -94 dBm,SINR 26 dB
RX0 power: -83 dBm,ecio: -10 dB, rsrp: -93 dBm, phase: 0 degree, sinr: 24 dB
RX1 power: -85 dBm,ecio: -10 dB, rsrp: -95 dBm, phase: 0 degree, sinr: 22 dB
RX2 power: -82 dBm,ecio: -10 dB, rsrp: -92 dBm, phase: 0 degree, sinr: 26 dB
RX3 power: -89 dBm,ecio: -10 dB, rsrp: -100 dBm,phase: 0 degree,sinr: 19 dB
NR CQI 255,RANK 255
Serving Beam SSB index 0,FR2 serving Beam:255,255


OK
[SSH]cmd:ping 10.205.102.16 -c 1
PING 10.205.102.16 (10.205.102.16): 56 data bytes
64 bytes from 10.205.102.16: seq=0 ttl=64 time=17.963 ms

--- 10.205.102.16 ping statistics ---
1 packets transmitted, 1 packets received, 0% packet loss
round-trip min/avg/max = 17.963/17.963/17.963 ms
[01/12 14:11:26]	TX Power: 20	Ping Latency: 17.963	
[SSH]cmd:echo -ne "at+bnrinfo\r\n" | microcom -t 1000 /dev/ttyUSB1
at+bnrinfo

NR BAND:79, EARFCN:720288 DL_bandwidth:100MHz
physical cell ID:1, averaged PUSCH TX power :19 dBm, averaged PUCCH TX power :-255 dBm,
RX Power Info:
RSRQ -11 dB, RSRP -94 dBm,SINR 25 dB
RX0 power: -82 dBm,ecio: -10 dB, rsrp: -93 dBm, phase: 0 degree, sinr: 24 dB
RX1 power: -84 dBm,ecio: -10 dB, rsrp: -95 dBm, phase: 0 degree, sinr: 22 dB
RX2 power: -82 dBm,ecio: -10 dB, rsrp: -92 dBm, phase: 0 degree, sinr: 25 dB
RX3 power: -88 dBm,ecio: -10 dB, rsrp: -98 dBm,phase: 0 degree,sinr: 20 dB
NR CQI 255,RANK 255
Serving Beam SSB index 0,FR2 serving Beam:255,255


OK
at+bnrinfo

NR BAND:79, EARFCN:720288 DL_bandwidth:100MHz
physical cell ID:1, averaged PUSCH TX power :19 dBm, averaged PUCCH TX power :-255 dBm,
RX Power Info:
RSRQ -11 dB, RSRP -94 dBm,SINR 25 dB
RX0 power: -82 dBm,ecio: -10 dB, rsrp: -93 dBm, phase: 0 degree, sinr: 24 dB
RX1 power: -84 dBm,ecio: -10 dB, rsrp: -95 dBm, phase: 0 degree, sinr: 22 dB
RX2 power: -82 dBm,ecio: -10 dB, rsrp: -92 dBm, phase: 0 degree, sinr: 25 dB
RX3 power: -88 dBm,ecio: -10 dB, rsrp: -98 dBm,phase: 0 degree,sinr: 20 dB
NR CQI 255,RANK 255
Serving Beam SSB index 0,FR2 serving Beam:255,255


OK
[SSH]cmd:ping 10.205.102.16 -c 1
PING 10.205.102.16 (10.205.102.16): 56 data bytes
64 bytes from 10.205.102.16: seq=0 ttl=64 time=19.376 ms

--- 10.205.102.16 ping statistics ---
1 packets transmitted, 1 packets received, 0% packet loss
round-trip min/avg/max = 19.376/19.376/19.376 ms
[01/12 14:11:33]	TX Power: 19	Ping Latency: 19.376	
[SSH]cmd:echo -ne "at+bnrinfo\r\n" | microcom -t 1000 /dev/ttyUSB1
at+bnrinfo

NR BAND:79, EARFCN:720288 DL_bandwidth:100MHz
physical cell ID:1, averaged PUSCH TX power :20 dBm, averaged PUCCH TX power :-255 dBm,
RX Power Info:
RSRQ -11 dB, RSRP -94 dBm,SINR 26 dB
RX0 power: -82 dBm,ecio: -10 dB, rsrp: -93 dBm, phase: 0 degree, sinr: 25 dB
RX1 power: -85 dBm,ecio: -10 dB, rsrp: -95 dBm, phase: 0 degree, sinr: 22 dB
RX2 power: -82 dBm,ecio: -10 dB, rsrp: -92 dBm, phase: 0 degree, sinr: 26 dB
RX3 power: -89 dBm,ecio: -10 dB, rsrp: -99 dBm,phase: 0 degree,sinr: 19 dB
NR CQI 255,RANK 255
Serving Beam SSB index 0,FR2 serving Beam:255,255


OK
at+bnrinfo

NR BAND:79, EARFCN:720288 DL_bandwidth:100MHz
physical cell ID:1, averaged PUSCH TX power :20 dBm, averaged PUCCH TX power :-255 dBm,
RX Power Info:
RSRQ -11 dB, RSRP -94 dBm,SINR 26 dB
RX0 power: -82 dBm,ecio: -10 dB, rsrp: -93 dBm, phase: 0 degree, sinr: 25 dB
RX1 power: -85 dBm,ecio: -10 dB, rsrp: -95 dBm, phase: 0 degree, sinr: 22 dB
RX2 power: -82 dBm,ecio: -10 dB, rsrp: -92 dBm, phase: 0 degree, sinr: 26 dB
RX3 power: -89 dBm,ecio: -10 dB, rsrp: -99 dBm,phase: 0 degree,sinr: 19 dB
NR CQI 255,RANK 255
Serving Beam SSB index 0,FR2 serving Beam:255,255


OK
[SSH]cmd:ping 10.205.102.16 -c 1
PING 10.205.102.16 (10.205.102.16): 56 data bytes
64 bytes from 10.205.102.16: seq=0 ttl=64 time=15.607 ms

--- 10.205.102.16 ping statistics ---
1 packets transmitted, 1 packets received, 0% packet loss
round-trip min/avg/max = 15.607/15.607/15.607 ms
[01/12 14:11:40]	TX Power: 20	Ping Latency: 15.607	
[SSH]cmd:echo -ne "at+bnrinfo\r\n" | microcom -t 1000 /dev/ttyUSB1
at+bnrinfo

NR BAND:79, EARFCN:720288 DL_bandwidth:100MHz
physical cell ID:1, averaged PUSCH TX power :20 dBm, averaged PUCCH TX power :-255 dBm,
RX Power Info:
RSRQ -11 dB, RSRP -94 dBm,SINR 26 dB
RX0 power: -83 dBm,ecio: -10 dB, rsrp: -93 dBm, phase: 0 degree, sinr: 25 dB
RX1 power: -85 dBm,ecio: -10 dB, rsrp: -95 dBm, phase: 0 degree, sinr: 22 dB
RX2 power: -82 dBm,ecio: -10 dB, rsrp: -92 dBm, phase: 0 degree, sinr: 26 dB
RX3 power: -89 dBm,ecio: -10 dB, rsrp: -99 dBm,phase: 0 degree,sinr: 19 dB
NR CQI 255,RANK 255
Serving Beam SSB index 0,FR2 serving Beam:255,255


OK
at+bnrinfo

NR BAND:79, EARFCN:720288 DL_bandwidth:100MHz
physical cell ID:1, averaged PUSCH TX power :20 dBm, averaged PUCCH TX power :-255 dBm,
RX Power Info:
RSRQ -11 dB, RSRP -94 dBm,SINR 26 dB
RX0 power: -83 dBm,ecio: -10 dB, rsrp: -93 dBm, phase: 0 degree, sinr: 25 dB
RX1 power: -85 dBm,ecio: -10 dB, rsrp: -95 dBm, phase: 0 degree, sinr: 22 dB
RX2 power: -82 dBm,ecio: -10 dB, rsrp: -92 dBm, phase: 0 degree, sinr: 26 dB
RX3 power: -89 dBm,ecio: -10 dB, rsrp: -99 dBm,phase: 0 degree,sinr: 19 dB
NR CQI 255,RANK 255
Serving Beam SSB index 0,FR2 serving Beam:255,255


OK
[SSH]cmd:ping 10.205.102.16 -c 1
PING 10.205.102.16 (10.205.102.16): 56 data bytes
64 bytes from 10.205.102.16: seq=0 ttl=64 time=10.623 ms

--- 10.205.102.16 ping statistics ---
1 packets transmitted, 1 packets received, 0% packet loss
round-trip min/avg/max = 10.623/10.623/10.623 ms
[01/12 14:11:48]	TX Power: 20	Ping Latency: 10.623	
[SSH]cmd:echo -ne "at+bnrinfo\r\n" | microcom -t 1000 /dev/ttyUSB1
at+bnrinfo

NR BAND:79, EARFCN:720288 DL_bandwidth:100MHz
physical cell ID:1, averaged PUSCH TX power :19 dBm, averaged PUCCH TX power :-255 dBm,
RX Power Info:
RSRQ -11 dB, RSRP -94 dBm,SINR 25 dB
RX0 power: -82 dBm,ecio: -10 dB, rsrp: -93 dBm, phase: 0 degree, sinr: 25 dB
RX1 power: -85 dBm,ecio: -10 dB, rsrp: -95 dBm, phase: 0 degree, sinr: 21 dB
RX2 power: -82 dBm,ecio: -10 dB, rsrp: -92 dBm, phase: 0 degree, sinr: 25 dB
RX3 power: -88 dBm,ecio: -10 dB, rsrp: -99 dBm,phase: 0 degree,sinr: 19 dB
NR CQI 255,RANK 255
Serving Beam SSB index 0,FR2 serving Beam:255,255


OK
at+bnrinfo

NR BAND:79, EARFCN:720288 DL_bandwidth:100MHz
physical cell ID:1, averaged PUSCH TX power :19 dBm, averaged PUCCH TX power :-255 dBm,
RX Power Info:
RSRQ -11 dB, RSRP -94 dBm,SINR 25 dB
RX0 power: -82 dBm,ecio: -10 dB, rsrp: -93 dBm, phase: 0 degree, sinr: 25 dB
RX1 power: -85 dBm,ecio: -10 dB, rsrp: -95 dBm, phase: 0 degree, sinr: 21 dB
RX2 power: -82 dBm,ecio: -10 dB, rsrp: -92 dBm, phase: 0 degree, sinr: 25 dB
RX3 power: -88 dBm,ecio: -10 dB, rsrp: -99 dBm,phase: 0 degree,sinr: 19 dB
NR CQI 255,RANK 255
Serving Beam SSB index 0,FR2 serving Beam:255,255


OK
[SSH]cmd:ping 10.205.102.16 -c 1
PING 10.205.102.16 (10.205.102.16): 56 data bytes
64 bytes from 10.205.102.16: seq=0 ttl=64 time=24.748 ms

--- 10.205.102.16 ping statistics ---
1 packets transmitted, 1 packets received, 0% packet loss
round-trip min/avg/max = 24.748/24.748/24.748 ms
[01/12 14:11:55]	TX Power: 19	Ping Latency: 24.748	
[SSH]cmd:echo -ne "at+bnrinfo\r\n" | microcom -t 1000 /dev/ttyUSB1
at+bnrinfo

NR BAND:79, EARFCN:720288 DL_bandwidth:100MHz
physical cell ID:1, averaged PUSCH TX power :19 dBm, averaged PUCCH TX power :-255 dBm,
RX Power Info:
RSRQ -11 dB, RSRP -94 dBm,SINR 25 dB
RX0 power: -82 dBm,ecio: -10 dB, rsrp: -93 dBm, phase: 0 degree, sinr: 25 dB
RX1 power: -85 dBm,ecio: -10 dB, rsrp: -95 dBm, phase: 0 degree, sinr: 22 dB
RX2 power: -82 dBm,ecio: -10 dB, rsrp: -92 dBm, phase: 0 degree, sinr: 25 dB
RX3 power: -88 dBm,ecio: -10 dB, rsrp: -98 dBm,phase: 0 degree,sinr: 19 dB
NR CQI 255,RANK 255
Serving Beam SSB index 0,FR2 serving Beam:255,255


OK
AT+CESQDBM

+CESQDBM:
SYSTEM:NR5G-SA
Band 79
NR5G: RSRQ -11 dB, RSRP -94 dBm, SINR 26 dB


OK

COMPAL

OK

Manufacturer: COMPAL
Model: 334
Revision: RXMG1.20.00.428_0R12
SVN: 01
IMEI: 359047100263100
+GCAP: +CGSM

OK

+COPS: 0,0,"466 66",11

OK
AT+CGSN

359047100263100

OK

+CPIN: READY

OK

466660000055186

OK

ICCID: 8988211000000551864F

OK

+CESQDBM:
SYSTEM:NR5G-SA
Band 79
NR5G: RSRQ -11 dB, RSRP -94 dBm, SINR 26 dB


OK

<LTE PCC INFO>:<INVALID>

OK
at+bnrinfo

NR BAND:79, EARFCN:720288 DL_bandwidth:100MHz
physical cell ID:1, averaged PUSCH TX power :19 dBm, averaged PUCCH TX power :-255 dBm,
RX Power Info:
RSRQ -11 dB, RSRP -94 dBm,SINR 25 dB
RX0 power: -82 dBm,ecio: -10 dB, rsrp: -93 dBm, phase: 0 degree, sinr: 25 dB
RX1 power: -85 dBm,ecio: -10 dB, rsrp: -95 dBm, phase: 0 degree, sinr: 22 dB
RX2 power: -82 dBm,ecio: -10 dB, rsrp: -92 dBm, phase: 0 degree, sinr: 25 dB
RX3 power: -88 dBm,ecio: -10 dB, rsrp: -98 dBm,phase: 0 degree,sinr: 19 dB
NR CQI 255,RANK 255
Serving Beam SSB index 0,FR2 serving Beam:255,255


OK
AT+CESQDBM

+CESQDBM:
SYSTEM:NR5G-SA
Band 79
NR5G: RSRQ -11 dB, RSRP -94 dBm, SINR 26 dB


OK

COMPAL

OK

Manufacturer: COMPAL
Model: 334
Revision: RXMG1.20.00.428_0R12
SVN: 01
IMEI: 359047100263100
+GCAP: +CGSM

OK

+COPS: 0,0,"466 66",11

OK
AT+CGSN

359047100263100

OK

+CPIN: READY

OK

466660000055186

OK

ICCID: 8988211000000551864F

OK

+CESQDBM:
SYSTEM:NR5G-SA
Band 79
NR5G: RSRQ -11 dB, RSRP -94 dBm, SINR 26 dB


OK

<LTE PCC INFO>:<INVALID>

OK
[SSH]cmd:ping 10.205.102.16 -c 1
PING 10.205.102.16 (10.205.102.16): 56 data bytes
64 bytes from 10.205.102.16: seq=0 ttl=64 time=11.166 ms

--- 10.205.102.16 ping statistics ---
1 packets transmitted, 1 packets received, 0% packet loss
round-trip min/avg/max = 11.166/11.166/11.166 ms
[01/12 14:12:04]	RSRQ: -11	RSRP: -94	SINR: 26	TX Power: 19	Ping Latency: 11.166	
[SSH]cmd:echo -ne "at+bnrinfo\r\n" | microcom -t 1000 /dev/ttyUSB1

<LTE PCC INFO>:<INVALID>

OK

+CGPADDR: 1,10.205.164.22
+CGPADDR: 38,0.0.0.0.0.0.0.0.0.0.0.0.0.0.0.0
+CGPADDR: 39,0.0.0.0.0.0.0.0.0.0.0.0.0.0.0.0

OK
<LTE PCC INFO>:<INVALID>

OK

+CGPADDR: 1,10.205.164.22
+CGPADDR: 38,0.0.0.0.0.0.0.0.0.0.0.0.0.0.0.0
+CGPADDR: 39,0.0.0.0.0.0.0.0.0.0.0.0.0.0.0.0

OK
[SSH]cmd:ping 10.205.102.16 -c 1
PING 10.205.102.16 (10.205.102.16): 56 data bytes
64 bytes from 10.205.102.16: seq=0 ttl=64 time=10.746 ms

--- 10.205.102.16 ping statistics ---
1 packets transmitted, 1 packets received, 0% packet loss
round-trip min/avg/max = 10.746/10.746/10.746 ms
[01/12 14:12:10]	TX Power: 19	Ping Latency: 10.746