Test Program: 1.0.0.0
****************************** Loop: 1  ******************************
****************************** [1]TestItem: RSRP@-T:10/-W:1  ******************************
****************************** 2024/1/12 下午 02:30:44 *****************************************
****************************** Loop RSRP *****************************************
cmd: adb -s NoADB shell Query Connection Status
Loop: 10 , Wait: 1s
[SSH]cmd:echo -ne "at+bnrinfo\r\n" | microcom -t 1000 /dev/ttyUSB1
fo

NR BAND:79, EARFCN:720288 DL_bandwidth:100MHz
physical cell ID:1, averaged PUSCH TX power :17 dBm, averaged PUCCH TX power :-255 dBm,
RX Power Info:
RSRQ -11 dB, RSRP -92 dBm,SINR 28 dB
RX0 power: -81 dBm,ecio: -10 dB, rsrp: -91 dBm, phase: 0 degree, sinr: 26 dB
RX1 power: -80 dBm,ecio: -10 dB, rsrp: -91 dBm, phase: 0 degree, sinr: 26 dB
RX2 power: -81 dBm,ecio: -10 dB, rsrp: -92 dBm, phase: 0 degree, sinr: 26 dB
RX3 power: -76 dBm,ecio: -10 dB, rsrp: -86 dBm,phase: 0 degree,sinr: 28 dB
NR CQI 255,RANK 255
Serving Beam SSB index 0,FR2 serving Beam:255,255


OK

466660000055186

OK
fo

NR BAND:79, EARFCN:720288 DL_bandwidth:100MHz
physical cell ID:1, averaged PUSCH TX power :17 dBm, averaged PUCCH TX power :-255 dBm,
RX Power Info:
RSRQ -11 dB, RSRP -92 dBm,SINR 28 dB
RX0 power: -81 dBm,ecio: -10 dB, rsrp: -91 dBm, phase: 0 degree, sinr: 26 dB
RX1 power: -80 dBm,ecio: -10 dB, rsrp: -91 dBm, phase: 0 degree, sinr: 26 dB
RX2 power: -81 dBm,ecio: -10 dB, rsrp: -92 dBm, phase: 0 degree, sinr: 26 dB
RX3 power: -76 dBm,ecio: -10 dB, rsrp: -86 dBm,phase: 0 degree,sinr: 28 dB
NR CQI 255,RANK 255
Serving Beam SSB index 0,FR2 serving Beam:255,255


OK

466660000055186

OK
[SSH]cmd:ping 10.205.102.16 -c 1
PING 10.205.102.16 (10.205.102.16): 56 data bytes
64 bytes from 10.205.102.16: seq=0 ttl=64 time=10.220 ms

--- 10.205.102.16 ping statistics ---
1 packets transmitted, 1 packets received, 0% packet loss
round-trip min/avg/max = 10.220/10.220/10.220 ms
[01/12 14:30:50]	TX Power: 17	Ping Latency: 10.22	
[SSH]cmd:echo -ne "at+bnrinfo\r\n" | microcom -t 1000 /dev/ttyUSB1

[SSH]cmd:ping 10.205.102.16 -c 1
PING 10.205.102.16 (10.205.102.16): 56 data bytes
64 bytes from 10.205.102.16: seq=0 ttl=64 time=19.212 ms

--- 10.205.102.16 ping statistics ---
1 packets transmitted, 1 packets received, 0% packet loss
round-trip min/avg/max = 19.212/19.212/19.212 ms
[01/12 14:30:56]	TX Power: 17	Ping Latency: 19.212	
[SSH]cmd:echo -ne "at+bnrinfo\r\n" | microcom -t 1000 /dev/ttyUSB1
AT+CIMI

466660000055186

OK
AT+ICCID

ICCID: 8988211000000551864F

OK
AT+CESQDBM

+CESQDBM:
SYSTEM:NR5G-SA
Band 79
NR5G: RSRQ -11 dB, RSRP -92 dBm, SINR 27 dB


OK

<LTE PCC INFO>:<INVALID>

OK
AT+CIMI

466660000055186

OK
AT+ICCID

ICCID: 8988211000000551864F

OK
AT+CESQDBM

+CESQDBM:
SYSTEM:NR5G-SA
Band 79
NR5G: RSRQ -11 dB, RSRP -92 dBm, SINR 27 dB


OK

<LTE PCC INFO>:<INVALID>

OK
[SSH]cmd:ping 10.205.102.16 -c 1
PING 10.205.102.16 (10.205.102.16): 56 data bytes
64 bytes from 10.205.102.16: seq=0 ttl=64 time=11.614 ms

--- 10.205.102.16 ping statistics ---
1 packets transmitted, 1 packets received, 0% packet loss
round-trip min/avg/max = 11.614/11.614/11.614 ms
[01/12 14:31:03]	RSRQ: -11	RSRP: -92	SINR: 27	TX Power: 17	Ping Latency: 11.614	
[SSH]cmd:echo -ne "at+bnrinfo\r\n" | microcom -t 1000 /dev/ttyUSB1
at+bnrinfo

NR BAND:79, EARFCN:720288 DL_bandwidth:100MHz
physical cell ID:1, averaged PUSCH TX power :17 dBm, averaged PUCCH TX power :-255 dBm,
RX Power Info:
RSRQ -11 dB, RSRP -93 dBm,SINR 27 dB
RX0 power: -82 dBm,ecio: -10 dB, rsrp: -93 dBm, phase: 0 degree, sinr: 24 dB
RX1 power: -82 dBm,ecio: -10 dB, rsrp: -92 dBm, phase: 0 degree, sinr: 26 dB
RX2 power: -81 dBm,ecio: -10 dB, rsrp: -91 dBm, phase: 0 degree, sinr: 26 dB
RX3 power: -78 dBm,ecio: -10 dB, rsrp: -89 dBm,phase: 0 degree,sinr: 27 dB
NR CQI 255,RANK 255
Serving Beam SSB index 0,FR2 serving Beam:255,255


OK
at+bnrinfo

NR BAND:79, EARFCN:720288 DL_bandwidth:100MHz
physical cell ID:1, averaged PUSCH TX power :17 dBm, averaged PUCCH TX power :-255 dBm,
RX Power Info:
RSRQ -11 dB, RSRP -93 dBm,SINR 27 dB
RX0 power: -82 dBm,ecio: -10 dB, rsrp: -93 dBm, phase: 0 degree, sinr: 24 dB
RX1 power: -82 dBm,ecio: -10 dB, rsrp: -92 dBm, phase: 0 degree, sinr: 26 dB
RX2 power: -81 dBm,ecio: -10 dB, rsrp: -91 dBm, phase: 0 degree, sinr: 26 dB
RX3 power: -78 dBm,ecio: -10 dB, rsrp: -89 dBm,phase: 0 degree,sinr: 27 dB
NR CQI 255,RANK 255
Serving Beam SSB index 0,FR2 serving Beam:255,255


OK
[SSH]cmd:ping 10.205.102.16 -c 1
PING 10.205.102.16 (10.205.102.16): 56 data bytes
64 bytes from 10.205.102.16: seq=0 ttl=64 time=11.740 ms

--- 10.205.102.16 ping statistics ---
1 packets transmitted, 1 packets received, 0% packet loss
round-trip min/avg/max = 11.740/11.740/11.740 ms
[01/12 14:31:11]	TX Power: 17	Ping Latency: 11.74