Test Program: 1.0.0.0
****************************** Loop: 1  ******************************
****************************** [1]TestItem: RSRP@-T:10/-W:1  ******************************
****************************** 2024/1/12 下午 02:44:45 *****************************************
****************************** Loop RSRP *****************************************
cmd: adb -s NoADB shell Query Connection Status
Loop: 10 , Wait: 1s
[SSH]cmd:echo -ne "at+bnrinfo\r\n" | microcom -t 1000 /dev/ttyUSB1
at+bnrinfo

NR BAND:79, EARFCN:720288 DL_bandwidth:100MHz
physical cell ID:1, averaged PUSCH TX power :19 dBm, averaged PUCCH TX power :-255 dBm,
RX Power Info:
RSRQ -11 dB, RSRP -87 dBm,SINR 30 dB
RX0 power: -77 dBm,ecio: -10 dB, rsrp: -87 dBm, phase: 0 degree, sinr: 28 dB
RX1 power: -76 dBm,ecio: -10 dB, rsrp: -87 dBm, phase: 0 degree, sinr: 27 dB
RX2 power: -79 dBm,ecio: -10 dB, rsrp: -90 dBm, phase: 0 degree, sinr: 27 dB
RX3 power: -71 dBm,ecio: -10 dB, rsrp: -82 dBm,phase: 0 degree,sinr: 30 dB
NR CQI 255,RANK 255
Serving Beam SSB index 0,FR2 serving Beam:255,255


OK
at+bnrinfo

NR BAND:79, EARFCN:720288 DL_bandwidth:100MHz
physical cell ID:1, averaged PUSCH TX power :19 dBm, averaged PUCCH TX power :-255 dBm,
RX Power Info:
RSRQ -11 dB, RSRP -87 dBm,SINR 30 dB
RX0 power: -77 dBm,ecio: -10 dB, rsrp: -87 dBm, phase: 0 degree, sinr: 28 dB
RX1 power: -76 dBm,ecio: -10 dB, rsrp: -87 dBm, phase: 0 degree, sinr: 27 dB
RX2 power: -79 dBm,ecio: -10 dB, rsrp: -90 dBm, phase: 0 degree, sinr: 27 dB
RX3 power: -71 dBm,ecio: -10 dB, rsrp: -82 dBm,phase: 0 degree,sinr: 30 dB
NR CQI 255,RANK 255
Serving Beam SSB index 0,FR2 serving Beam:255,255


OK
[SSH]cmd:ping 10.205.102.16 -c 1
PING 10.205.102.16 (10.205.102.16): 56 data bytes
64 bytes from 10.205.102.16: seq=0 ttl=64 time=12.743 ms

--- 10.205.102.16 ping statistics ---
1 packets transmitted, 1 packets received, 0% packet loss
round-trip min/avg/max = 12.743/12.743/12.743 ms
[01/12 14:44:51]	TX Power: 19	Ping Latency: 12.743	
[SSH]cmd:echo -ne "at+bnrinfo\r\n" | microcom -t 1000 /dev/ttyUSB1
at+bnrinfo

NR BAND:79, EARFCN:720288 DL_bandwidth:100MHz
physical cell ID:1, averaged PUSCH TX power :19 dBm, averaged PUCCH TX power :-255 dBm,
RX Power Info:
RSRQ -11 dB, RSRP -88 dBm,SINR 30 dB
RX0 power: -77 dBm,ecio: -10 dB, rsrp: -87 dBm, phase: 0 degree, sinr: 28 dB
RX1 power: -77 dBm,ecio: -10 dB, rsrp: -87 dBm, phase: 0 degree, sinr: 27 dB
RX2 power: -79 dBm,ecio: -10 dB, rsrp: -90 dBm, phase: 0 degree, sinr: 27 dB
RX3 power: -71 dBm,ecio: -10 dB, rsrp: -82 dBm,phase: 0 degree,sinr: 30 dB
NR CQI 255,RANK 255
Serving Beam SSB index 0,FR2 serving Beam:255,255


OK
at+bnrinfo

NR BAND:79, EARFCN:720288 DL_bandwidth:100MHz
physical cell ID:1, averaged PUSCH TX power :19 dBm, averaged PUCCH TX power :-255 dBm,
RX Power Info:
RSRQ -11 dB, RSRP -88 dBm,SINR 30 dB
RX0 power: -77 dBm,ecio: -10 dB, rsrp: -87 dBm, phase: 0 degree, sinr: 28 dB
RX1 power: -77 dBm,ecio: -10 dB, rsrp: -87 dBm, phase: 0 degree, sinr: 27 dB
RX2 power: -79 dBm,ecio: -10 dB, rsrp: -90 dBm, phase: 0 degree, sinr: 27 dB
RX3 power: -71 dBm,ecio: -10 dB, rsrp: -82 dBm,phase: 0 degree,sinr: 30 dB
NR CQI 255,RANK 255
Serving Beam SSB index 0,FR2 serving Beam:255,255


OK
[SSH]cmd:ping 10.205.102.16 -c 1
PING 10.205.102.16 (10.205.102.16): 56 data bytes
64 bytes from 10.205.102.16: seq=0 ttl=64 time=15.968 ms

--- 10.205.102.16 ping statistics ---
1 packets transmitted, 1 packets received, 0% packet loss
round-trip min/avg/max = 15.968/15.968/15.968 ms
[01/12 14:44:58]	TX Power: 19	Ping Latency: 15.968	
[SSH]cmd:echo -ne "at+bnrinfo\r\n" | microcom -t 1000 /dev/ttyUSB1
at+bnrinfo

NR BAND:79, EARFCN:720288 DL_bandwidth:100MHz
physical cell ID:1, averaged PUSCH TX power :19 dBm, averaged PUCCH TX power :-255 dBm,
RX Power Info:
RSRQ -11 dB, RSRP -88 dBm,SINR 30 dB
RX0 power: -77 dBm,ecio: -10 dB, rsrp: -87 dBm, phase: 0 degree, sinr: 28 dB
RX1 power: -76 dBm,ecio: -10 dB, rsrp: -87 dBm, phase: 0 degree, sinr: 27 dB
RX2 power: -79 dBm,ecio: -10 dB, rsrp: -90 dBm, phase: 0 degree, sinr: 27 dB
RX3 power: -71 dBm,ecio: -10 dB, rsrp: -82 dBm,phase: 0 degree,sinr: 30 dB
NR CQI 255,RANK 255
Serving Beam SSB index 0,FR2 serving Beam:255,255


OK
AT+CESQDBM

+CESQDBM:
SYSTEM:NR5G-SA
Band 79
NR5G: RSRQ -11 dB, RSRP -88 dBm, SINR 30 dB


OK
AT+GMI

COMPAL

OK
at+bnrinfo

NR BAND:79, EARFCN:720288 DL_bandwidth:100MHz
physical cell ID:1, averaged PUSCH TX power :19 dBm, averaged PUCCH TX power :-255 dBm,
RX Power Info:
RSRQ -11 dB, RSRP -88 dBm,SINR 30 dB
RX0 power: -77 dBm,ecio: -10 dB, rsrp: -87 dBm, phase: 0 degree, sinr: 28 dB
RX1 power: -76 dBm,ecio: -10 dB, rsrp: -87 dBm, phase: 0 degree, sinr: 27 dB
RX2 power: -79 dBm,ecio: -10 dB, rsrp: -90 dBm, phase: 0 degree, sinr: 27 dB
RX3 power: -71 dBm,ecio: -10 dB, rsrp: -82 dBm,phase: 0 degree,sinr: 30 dB
NR CQI 255,RANK 255
Serving Beam SSB index 0,FR2 serving Beam:255,255


OK
AT+CESQDBM

+CESQDBM:
SYSTEM:NR5G-SA
Band 79
NR5G: RSRQ -11 dB, RSRP -88 dBm, SINR 30 dB


OK
AT+GMI

COMPAL

OK
[SSH]cmd:ping 10.205.102.16 -c 1
PING 10.205.102.16 (10.205.102.16): 56 data bytes
64 bytes from 10.205.102.16: seq=0 ttl=64 time=15.900 ms

--- 10.205.102.16 ping statistics ---
1 packets transmitted, 1 packets received, 0% packet loss
round-trip min/avg/max = 15.900/15.900/15.900 ms
[01/12 14:45:06]	RSRQ: -11	RSRP: -88	SINR: 30	TX Power: 19	Ping Latency: 15.9	
[SSH]cmd:echo -ne "at+bnrinfo\r\n" | microcom -t 1000 /dev/ttyUSB1
at+bnrinfo

NR BAND:79, EARFCN:720288 DL_bandwidth:100MHz
physical cell ID:1, averaged PUSCH TX power :18 dBm, averaged PUCCH TX power :-255 dBm,
RX Power Info:
RSRQ -11 dB, RSRP -87 dBm,SINR 30 dB
RX0 power: -76 dBm,ecio: -10 dB, rsrp: -87 dBm, phase: 0 degree, sinr: 28 dB
RX1 power: -76 dBm,ecio: -10 dB, rsrp: -87 dBm, phase: 0 degree, sinr: 27 dB
RX2 power: -79 dBm,ecio: -10 dB, rsrp: -90 dBm, phase: 0 degree, sinr: 27 dB
RX3 power: -71 dBm,ecio: -10 dB, rsrp: -82 dBm,phase: 0 degree,sinr: 30 dB
NR CQI 255,RANK 255
Serving Beam SSB index 0,FR2 serving Beam:255,255


OK
at+bnrinfo

NR BAND:79, EARFCN:720288 DL_bandwidth:100MHz
physical cell ID:1, averaged PUSCH TX power :18 dBm, averaged PUCCH TX power :-255 dBm,
RX Power Info:
RSRQ -11 dB, RSRP -87 dBm,SINR 30 dB
RX0 power: -76 dBm,ecio: -10 dB, rsrp: -87 dBm, phase: 0 degree, sinr: 28 dB
RX1 power: -76 dBm,ecio: -10 dB, rsrp: -87 dBm, phase: 0 degree, sinr: 27 dB
RX2 power: -79 dBm,ecio: -10 dB, rsrp: -90 dBm, phase: 0 degree, sinr: 27 dB
RX3 power: -71 dBm,ecio: -10 dB, rsrp: -82 dBm,phase: 0 degree,sinr: 30 dB
NR CQI 255,RANK 255
Serving Beam SSB index 0,FR2 serving Beam:255,255


OK
[SSH]cmd:ping 10.205.102.16 -c 1
PING 10.205.102.16 (10.205.102.16): 56 data bytes
64 bytes from 10.205.102.16: seq=0 ttl=64 time=13.684 ms

--- 10.205.102.16 ping statistics ---
1 packets transmitted, 1 packets received, 0% packet loss
round-trip min/avg/max = 13.684/13.684/13.684 ms
[01/12 14:45:13]	TX Power: 18	Ping Latency: 13.684	
[SSH]cmd:echo -ne "at+bnrinfo\r\n" | microcom -t 1000 /dev/ttyUSB1
at+bnrinfo

NR BAND:79, EARFCN:720288 DL_bandwidth:100MHz
physical cell ID:1, averaged PUSCH TX power :18 dBm, averaged PUCCH TX power :-255 dBm,
RX Power Info:
RSRQ -11 dB, RSRP -88 dBm,SINR 30 dB
RX0 power: -77 dBm,ecio: -10 dB, rsrp: -87 dBm, phase: 0 degree, sinr: 28 dB
RX1 power: -76 dBm,ecio: -10 dB, rsrp: -86 dBm, phase: 0 degree, sinr: 27 dB
RX2 power: -80 dBm,ecio: -10 dB, rsrp: -90 dBm, phase: 0 degree, sinr: 27 dB
RX3 power: -72 dBm,ecio: -10 dB, rsrp: -82 dBm,phase: 0 degree,sinr: 30 dB
NR CQI 255,RANK 255
Serving Beam SSB index 0,FR2 serving Beam:255,255


OK
at+bnrinfo

NR BAND:79, EARFCN:720288 DL_bandwidth:100MHz
physical cell ID:1, averaged PUSCH TX power :18 dBm, averaged PUCCH TX power :-255 dBm,
RX Power Info:
RSRQ -11 dB, RSRP -88 dBm,SINR 30 dB
RX0 power: -77 dBm,ecio: -10 dB, rsrp: -87 dBm, phase: 0 degree, sinr: 28 dB
RX1 power: -76 dBm,ecio: -10 dB, rsrp: -86 dBm, phase: 0 degree, sinr: 27 dB
RX2 power: -80 dBm,ecio: -10 dB, rsrp: -90 dBm, phase: 0 degree, sinr: 27 dB
RX3 power: -72 dBm,ecio: -10 dB, rsrp: -82 dBm,phase: 0 degree,sinr: 30 dB
NR CQI 255,RANK 255
Serving Beam SSB index 0,FR2 serving Beam:255,255


OK
[SSH]cmd:ping 10.205.102.16 -c 1
PING 10.205.102.16 (10.205.102.16): 56 data bytes
64 bytes from 10.205.102.16: seq=0 ttl=64 time=16.101 ms

--- 10.205.102.16 ping statistics ---
1 packets transmitted, 1 packets received, 0% packet loss
round-trip min/avg/max = 16.101/16.101/16.101 ms
[01/12 14:45:20]	TX Power: 18	Ping Latency: 16.101	
[SSH]cmd:echo -ne "at+bnrinfo\r\n" | microcom -t 1000 /dev/ttyUSB1
at+bnrinfo

NR BAND:79, EARFCN:720288 DL_bandwidth:100MHz
physical cell ID:1, averaged PUSCH TX power :19 dBm, averaged PUCCH TX power :-255 dBm,
RX Power Info:
RSRQ -11 dB, RSRP -88 dBm,SINR 31 dB
RX0 power: -77 dBm,ecio: -10 dB, rsrp: -87 dBm, phase: 0 degree, sinr: 28 dB
RX1 power: -76 dBm,ecio: -10 dB, rsrp: -87 dBm, phase: 0 degree, sinr: 28 dB
RX2 power: -80 dBm,ecio: -10 dB, rsrp: -90 dBm, phase: 0 degree, sinr: 27 dB
RX3 power: -71 dBm,ecio: -10 dB, rsrp: -82 dBm,phase: 0 degree,sinr: 31 dB
NR CQI 255,RANK 255
Serving Beam SSB index 0,FR2 serving Beam:255,255


OK
at+bnrinfo

NR BAND:79, EARFCN:720288 DL_bandwidth:100MHz
physical cell ID:1, averaged PUSCH TX power :19 dBm, averaged PUCCH TX power :-255 dBm,
RX Power Info:
RSRQ -11 dB, RSRP -88 dBm,SINR 31 dB
RX0 power: -77 dBm,ecio: -10 dB, rsrp: -87 dBm, phase: 0 degree, sinr: 28 dB
RX1 power: -76 dBm,ecio: -10 dB, rsrp: -87 dBm, phase: 0 degree, sinr: 28 dB
RX2 power: -80 dBm,ecio: -10 dB, rsrp: -90 dBm, phase: 0 degree, sinr: 27 dB
RX3 power: -71 dBm,ecio: -10 dB, rsrp: -82 dBm,phase: 0 degree,sinr: 31 dB
NR CQI 255,RANK 255
Serving Beam SSB index 0,FR2 serving Beam:255,255


OK
[SSH]cmd:ping 10.205.102.16 -c 1
PING 10.205.102.16 (10.205.102.16): 56 data bytes
64 bytes from 10.205.102.16: seq=0 ttl=64 time=11.693 ms

--- 10.205.102.16 ping statistics ---
1 packets transmitted, 1 packets received, 0% packet loss
round-trip min/avg/max = 11.693/11.693/11.693 ms
[01/12 14:45:28]	TX Power: 19	Ping Latency: 11.693	
[SSH]cmd:echo -ne "at+bnrinfo\r\n" | microcom -t 1000 /dev/ttyUSB1
at+bnrinfo

NR BAND:79, EARFCN:720288 DL_bandwidth:100MHz
physical cell ID:1, averaged PUSCH TX power :18 dBm, averaged PUCCH TX power :-255 dBm,
RX Power Info:
RSRQ -11 dB, RSRP -88 dBm,SINR 30 dB
RX0 power: -77 dBm,ecio: -10 dB, rsrp: -87 dBm, phase: 0 degree, sinr: 28 dB
RX1 power: -76 dBm,ecio: -10 dB, rsrp: -86 dBm, phase: 0 degree, sinr: 28 dB
RX2 power: -80 dBm,ecio: -10 dB, rsrp: -90 dBm, phase: 0 degree, sinr: 27 dB
RX3 power: -71 dBm,ecio: -10 dB, rsrp: -82 dBm,phase: 0 degree,sinr: 30 dB
NR CQI 255,RANK 255
Serving Beam SSB index 0,FR2 serving Beam:255,255


OK
at+bnrinfo

NR BAND:79, EARFCN:720288 DL_bandwidth:100MHz
physical cell ID:1, averaged PUSCH TX power :18 dBm, averaged PUCCH TX power :-255 dBm,
RX Power Info:
RSRQ -11 dB, RSRP -88 dBm,SINR 30 dB
RX0 power: -77 dBm,ecio: -10 dB, rsrp: -87 dBm, phase: 0 degree, sinr: 28 dB
RX1 power: -76 dBm,ecio: -10 dB, rsrp: -86 dBm, phase: 0 degree, sinr: 28 dB
RX2 power: -80 dBm,ecio: -10 dB, rsrp: -90 dBm, phase: 0 degree, sinr: 27 dB
RX3 power: -71 dBm,ecio: -10 dB, rsrp: -82 dBm,phase: 0 degree,sinr: 30 dB
NR CQI 255,RANK 255
Serving Beam SSB index 0,FR2 serving Beam:255,255


OK
[SSH]cmd:ping 10.205.102.16 -c 1
PING 10.205.102.16 (10.205.102.16): 56 data bytes
64 bytes from 10.205.102.16: seq=0 ttl=64 time=36.526 ms

--- 10.205.102.16 ping statistics ---
1 packets transmitted, 1 packets received, 0% packet loss
round-trip min/avg/max = 36.526/36.526/36.526 ms
[01/12 14:45:35]	TX Power: 18	Ping Latency: 36.526	
[SSH]cmd:echo -ne "at+bnrinfo\r\n" | microcom -t 1000 /dev/ttyUSB1
at+bnrinfo

NR BAND:79, EARFCN:720288 DL_bandwidth:100MHz
physical cell ID:1, averaged PUSCH TX power :18 dBm, averaged PUCCH TX power :-255 dBm,
RX Power Info:
RSRQ -11 dB, RSRP -87 dBm,SINR 30 dB
RX0 power: -76 dBm,ecio: -10 dB, rsrp: -86 dBm, phase: 0 degree, sinr: 28 dB
RX1 power: -76 dBm,ecio: -10 dB, rsrp: -86 dBm, phase: 0 degree, sinr: 28 dB
RX2 power: -80 dBm,ecio: -10 dB, rsrp: -90 dBm, phase: 0 degree, sinr: 27 dB
RX3 power: -71 dBm,ecio: -10 dB, rsrp: -82 dBm,phase: 0 degree,sinr: 30 dB
NR CQI 255,RANK 255
Serving Beam SSB index 0,FR2 serving Beam:255,255


OK
at+bnrinfo

NR BAND:79, EARFCN:720288 DL_bandwidth:100MHz
physical cell ID:1, averaged PUSCH TX power :18 dBm, averaged PUCCH TX power :-255 dBm,
RX Power Info:
RSRQ -11 dB, RSRP -87 dBm,SINR 30 dB
RX0 power: -76 dBm,ecio: -10 dB, rsrp: -86 dBm, phase: 0 degree, sinr: 28 dB
RX1 power: -76 dBm,ecio: -10 dB, rsrp: -86 dBm, phase: 0 degree, sinr: 28 dB
RX2 power: -80 dBm,ecio: -10 dB, rsrp: -90 dBm, phase: 0 degree, sinr: 27 dB
RX3 power: -71 dBm,ecio: -10 dB, rsrp: -82 dBm,phase: 0 degree,sinr: 30 dB
NR CQI 255,RANK 255
Serving Beam SSB index 0,FR2 serving Beam:255,255


OK
[SSH]cmd:ping 10.205.102.16 -c 1
PING 10.205.102.16 (10.205.102.16): 56 data bytes
64 bytes from 10.205.102.16: seq=0 ttl=64 time=12.842 ms

--- 10.205.102.16 ping statistics ---
1 packets transmitted, 1 packets received, 0% packet loss
round-trip min/avg/max = 12.842/12.842/12.842 ms
[01/12 14:45:42]	TX Power: 18	Ping Latency: 12.842	
[SSH]cmd:echo -ne "at+bnrinfo\r\n" | microcom -t 1000 /dev/ttyUSB1
at+bnrinfo

NR BAND:79, EARFCN:720288 DL_bandwidth:100MHz
physical cell ID:1, averaged PUSCH TX power :19 dBm, averaged PUCCH TX power :-255 dBm,
RX Power Info:
RSRQ -11 dB, RSRP -87 dBm,SINR 31 dB
RX0 power: -77 dBm,ecio: -10 dB, rsrp: -87 dBm, phase: 0 degree, sinr: 28 dB
RX1 power: -76 dBm,ecio: -10 dB, rsrp: -87 dBm, phase: 0 degree, sinr: 27 dB
RX2 power: -80 dBm,ecio: -10 dB, rsrp: -90 dBm, phase: 0 degree, sinr: 27 dB
RX3 power: -71 dBm,ecio: -10 dB, rsrp: -82 dBm,phase: 0 degree,sinr: 31 dB
NR CQI 255,RANK 255
Serving Beam SSB index 0,FR2 serving Beam:255,255


OK
at+bnrinfo

NR BAND:79, EARFCN:720288 DL_bandwidth:100MHz
physical cell ID:1, averaged PUSCH TX power :19 dBm, averaged PUCCH TX power :-255 dBm,
RX Power Info:
RSRQ -11 dB, RSRP -87 dBm,SINR 31 dB
RX0 power: -77 dBm,ecio: -10 dB, rsrp: -87 dBm, phase: 0 degree, sinr: 28 dB
RX1 power: -76 dBm,ecio: -10 dB, rsrp: -87 dBm, phase: 0 degree, sinr: 27 dB
RX2 power: -80 dBm,ecio: -10 dB, rsrp: -90 dBm, phase: 0 degree, sinr: 27 dB
RX3 power: -71 dBm,ecio: -10 dB, rsrp: -82 dBm,phase: 0 degree,sinr: 31 dB
NR CQI 255,RANK 255
Serving Beam SSB index 0,FR2 serving Beam:255,255


OK
[SSH]cmd:ping 10.205.102.16 -c 1
PING 10.205.102.16 (10.205.102.16): 56 data bytes
64 bytes from 10.205.102.16: seq=0 ttl=64 time=17.506 ms

--- 10.205.102.16 ping statistics ---
1 packets transmitted, 1 packets received, 0% packet loss
round-trip min/avg/max = 17.506/17.506/17.506 ms
[01/12 14:45:49]	TX Power: 19	Ping Latency: 17.506	
[SSH]cmd:echo -ne "at+bnrinfo\r\n" | microcom -t 1000 /dev/ttyUSB1
at+bnrinfo

NR BAND:79, EARFCN:720288 DL_bandwidth:100MHz
physical cell ID:1, averaged PUSCH TX power :19 dBm, averaged PUCCH TX power :-255 dBm,
RX Power Info:
RSRQ -11 dB, RSRP -87 dBm,SINR 31 dB
RX0 power: -77 dBm,ecio: -10 dB, rsrp: -87 dBm, phase: 0 degree, sinr: 28 dB
RX1 power: -76 dBm,ecio: -10 dB, rsrp: -86 dBm, phase: 0 degree, sinr: 28 dB
RX2 power: -80 dBm,ecio: -10 dB, rsrp: -90 dBm, phase: 0 degree, sinr: 27 dB
RX3 power: -71 dBm,ecio: -10 dB, rsrp: -82 dBm,phase: 0 degree,sinr: 31 dB
NR CQI 255,RANK 255
Serving Beam SSB index 0,FR2 serving Beam:255,255


OK
at+bnrinfo

NR BAND:79, EARFCN:720288 DL_bandwidth:100MHz
physical cell ID:1, averaged PUSCH TX power :19 dBm, averaged PUCCH TX power :-255 dBm,
RX Power Info:
RSRQ -11 dB, RSRP -87 dBm,SINR 31 dB
RX0 power: -77 dBm,ecio: -10 dB, rsrp: -87 dBm, phase: 0 degree, sinr: 28 dB
RX1 power: -76 dBm,ecio: -10 dB, rsrp: -86 dBm, phase: 0 degree, sinr: 28 dB
RX2 power: -80 dBm,ecio: -10 dB, rsrp: -90 dBm, phase: 0 degree, sinr: 27 dB
RX3 power: -71 dBm,ecio: -10 dB, rsrp: -82 dBm,phase: 0 degree,sinr: 31 dB
NR CQI 255,RANK 255
Serving Beam SSB index 0,FR2 serving Beam:255,255


OK
[SSH]cmd:ping 10.205.102.16 -c 1
PING 10.205.102.16 (10.205.102.16): 56 data bytes
64 bytes from 10.205.102.16: seq=0 ttl=64 time=12.279 ms

--- 10.205.102.16 ping statistics ---
1 packets transmitted, 1 packets received, 0% packet loss
round-trip min/avg/max = 12.279/12.279/12.279 ms
[01/12 14:45:57]	TX Power: 19	Ping Latency: 12.279