Test Program: 1.0.0.0
****************************** Loop: 1  ******************************
****************************** [1]TestItem: RSRP@-T:10/-W:1  ******************************
****************************** 2024/1/12 下午 02:10:05 *****************************************
****************************** Loop RSRP *****************************************
cmd: adb -s NoADB shell Query Connection Status
Loop: 10 , Wait: 1s
[SSH]cmd:echo -ne "at+bnrinfo\r\n" | microcom -t 1000 /dev/ttyUSB1

<LTE PCC INFO>:<INVALID>

OK

+CGPADDR: 1,10.205.164.11
+CGPADDR: 38,0.0.0.0.0.0.0.0.0.0.0.0.0.0.0.0
+CGPADDR: 39,0.0.0.0.0.0.0.0.0.0.0.0.0.0.0.0

OK
<LTE PCC INFO>:<INVALID>

OK

+CGPADDR: 1,10.205.164.11
+CGPADDR: 38,0.0.0.0.0.0.0.0.0.0.0.0.0.0.0.0
+CGPADDR: 39,0.0.0.0.0.0.0.0.0.0.0.0.0.0.0.0

OK
[SSH]cmd:ping 10.205.102.16 -c 1
PING 10.205.102.16 (10.205.102.16): 56 data bytes
64 bytes from 10.205.102.16: seq=0 ttl=64 time=14.068 ms

--- 10.205.102.16 ping statistics ---
1 packets transmitted, 1 packets received, 0% packet loss
round-trip min/avg/max = 14.068/14.068/14.068 ms
[01/12 14:10:11]	TX Power: 0	Ping Latency: 14.068	
[SSH]cmd:echo -ne "at+bnrinfo\r\n" | microcom -t 1000 /dev/ttyUSB1
AT+CGPADDR

+CGPADDR: 1,10.205.164.11
+CGPADDR: 38,0.0.0.0.0.0.0.0.0.0.0.0.0.0.0.0
+CGPADDR: 39,0.0.0.0.0.0.0.0.0.0.0.0.0.0.0.0

OK
AT+CGPADDR

+CGPADDR: 1,10.205.164.11
+CGPADDR: 38,0.0.0.0.0.0.0.0.0.0.0.0.0.0.0.0
+CGPADDR: 39,0.0.0.0.0.0.0.0.0.0.0.0.0.0.0.0

OK
[SSH]cmd:ping 10.205.102.16 -c 1
PING 10.205.102.16 (10.205.102.16): 56 data bytes
64 bytes from 10.205.102.16: seq=0 ttl=64 time=11.481 ms

--- 10.205.102.16 ping statistics ---
1 packets transmitted, 1 packets received, 0% packet loss
round-trip min/avg/max = 11.481/11.481/11.481 ms
[01/12 14:10:17]	TX Power: 0	Ping Latency: 11.481	
[SSH]cmd:echo -ne "at+bnrinfo\r\n" | microcom -t 1000 /dev/ttyUSB1

<LTE PCC INFO>:<INVALID>

OK

+CGPADDR: 1,10.205.164.11
+CGPADDR: 38,0.0.0.0.0.0.0.0.0.0.0.0.0.0.0.0
+CGPADDR: 39,0.0.0.0.0.0.0.0.0.0.0.0.0.0.0.0

OK
<LTE PCC INFO>:<INVALID>

OK

+CGPADDR: 1,10.205.164.11
+CGPADDR: 38,0.0.0.0.0.0.0.0.0.0.0.0.0.0.0.0
+CGPADDR: 39,0.0.0.0.0.0.0.0.0.0.0.0.0.0.0.0

OK
[SSH]cmd:ping 10.205.102.16 -c 1
PING 10.205.102.16 (10.205.102.16): 56 data bytes
64 bytes from 10.205.102.16: seq=0 ttl=64 time=11.905 ms

--- 10.205.102.16 ping statistics ---
1 packets transmitted, 1 packets received, 0% packet loss
round-trip min/avg/max = 11.905/11.905/11.905 ms
[01/12 14:10:24]	TX Power: 0	Ping Latency: 11.905	
[SSH]cmd:echo -ne "at+bnrinfo\r\n" | microcom -t 1000 /dev/ttyUSB1
at+bnrinfo

NR BAND:79, EARFCN:720288 DL_bandwidth:100MHz
physical cell ID:1, averaged PUSCH TX power :20 dBm, averaged PUCCH TX power :-255 dBm,
RX Power Info:
RSRQ -11 dB, RSRP -90 dBm,SINR 28 dB
RX0 power: -85 dBm,ecio: -10 dB, rsrp: -95 dBm, phase: 0 degree, sinr: 24 dB
RX1 power: -78 dBm,ecio: -10 dB, rsrp: -88 dBm, phase: 0 degree, sinr: 28 dB
RX2 power: -89 dBm,ecio: -10 dB, rsrp: -99 dBm, phase: 0 degree, sinr: 21 dB
RX3 power: -80 dBm,ecio: -10 dB, rsrp: -90 dBm,phase: 0 degree,sinr: 26 dB
NR CQI 255,RANK 255
Serving Beam SSB index 0,FR2 serving Beam:255,255


OK
at+bnrinfo

NR BAND:79, EARFCN:720288 DL_bandwidth:100MHz
physical cell ID:1, averaged PUSCH TX power :20 dBm, averaged PUCCH TX power :-255 dBm,
RX Power Info:
RSRQ -11 dB, RSRP -90 dBm,SINR 28 dB
RX0 power: -85 dBm,ecio: -10 dB, rsrp: -95 dBm, phase: 0 degree, sinr: 24 dB
RX1 power: -78 dBm,ecio: -10 dB, rsrp: -88 dBm, phase: 0 degree, sinr: 28 dB
RX2 power: -89 dBm,ecio: -10 dB, rsrp: -99 dBm, phase: 0 degree, sinr: 21 dB
RX3 power: -80 dBm,ecio: -10 dB, rsrp: -90 dBm,phase: 0 degree,sinr: 26 dB
NR CQI 255,RANK 255
Serving Beam SSB index 0,FR2 serving Beam:255,255


OK
[SSH]cmd:ping 10.205.102.16 -c 1
PING 10.205.102.16 (10.205.102.16): 56 data bytes
64 bytes from 10.205.102.16: seq=0 ttl=64 time=11.788 ms

--- 10.205.102.16 ping statistics ---
1 packets transmitted, 1 packets received, 0% packet loss
round-trip min/avg/max = 11.788/11.788/11.788 ms
[01/12 14:10:31]	TX Power: 20	Ping Latency: 11.788	
[SSH]cmd:echo -ne "at+bnrinfo\r\n" | microcom -t 1000 /dev/ttyUSB1
at+bnrinfo

NR BAND:79, EARFCN:720288 DL_bandwidth:100MHz
physical cell ID:1, averaged PUSCH TX power :20 dBm, averaged PUCCH TX power :-255 dBm,
RX Power Info:
RSRQ -11 dB, RSRP -89 dBm,SINR 28 dB
RX0 power: -85 dBm,ecio: -10 dB, rsrp: -96 dBm, phase: 0 degree, sinr: 23 dB
RX1 power: -78 dBm,ecio: -10 dB, rsrp: -89 dBm, phase: 0 degree, sinr: 28 dB
RX2 power: -89 dBm,ecio: -10 dB, rsrp: -99 dBm, phase: 0 degree, sinr: 22 dB
RX3 power: -80 dBm,ecio: -10 dB, rsrp: -90 dBm,phase: 0 degree,sinr: 26 dB
NR CQI 255,RANK 255
Serving Beam SSB index 0,FR2 serving Beam:255,255


OK
at+bnrinfo

NR BAND:79, EARFCN:720288 DL_bandwidth:100MHz
physical cell ID:1, averaged PUSCH TX power :20 dBm, averaged PUCCH TX power :-255 dBm,
RX Power Info:
RSRQ -11 dB, RSRP -89 dBm,SINR 28 dB
RX0 power: -85 dBm,ecio: -10 dB, rsrp: -96 dBm, phase: 0 degree, sinr: 23 dB
RX1 power: -78 dBm,ecio: -10 dB, rsrp: -89 dBm, phase: 0 degree, sinr: 28 dB
RX2 power: -89 dBm,ecio: -10 dB, rsrp: -99 dBm, phase: 0 degree, sinr: 22 dB
RX3 power: -80 dBm,ecio: -10 dB, rsrp: -90 dBm,phase: 0 degree,sinr: 26 dB
NR CQI 255,RANK 255
Serving Beam SSB index 0,FR2 serving Beam:255,255


OK
[SSH]cmd:ping 10.205.102.16 -c 1
PING 10.205.102.16 (10.205.102.16): 56 data bytes
64 bytes from 10.205.102.16: seq=0 ttl=64 time=17.589 ms

--- 10.205.102.16 ping statistics ---
1 packets transmitted, 1 packets received, 0% packet loss
round-trip min/avg/max = 17.589/17.589/17.589 ms
[01/12 14:10:38]	TX Power: 20	Ping Latency: 17.589	
[SSH]cmd:echo -ne "at+bnrinfo\r\n" | microcom -t 1000 /dev/ttyUSB1
at+bnrinfo

NR BAND:79, EARFCN:720288 DL_bandwidth:100MHz
physical cell ID:1, averaged PUSCH TX power :20 dBm, averaged PUCCH TX power :-255 dBm,
RX Power Info:
RSRQ -11 dB, RSRP -89 dBm,SINR 28 dB
RX0 power: -85 dBm,ecio: -10 dB, rsrp: -96 dBm, phase: 0 degree, sinr: 23 dB
RX1 power: -78 dBm,ecio: -10 dB, rsrp: -89 dBm, phase: 0 degree, sinr: 28 dB
RX2 power: -89 dBm,ecio: -10 dB, rsrp: -99 dBm, phase: 0 degree, sinr: 21 dB
RX3 power: -80 dBm,ecio: -10 dB, rsrp: -91 dBm,phase: 0 degree,sinr: 25 dB
NR CQI 255,RANK 255
Serving Beam SSB index 0,FR2 serving Beam:255,255


OK
at+bnrinfo

NR BAND:79, EARFCN:720288 DL_bandwidth:100MHz
physical cell ID:1, averaged PUSCH TX power :20 dBm, averaged PUCCH TX power :-255 dBm,
RX Power Info:
RSRQ -11 dB, RSRP -89 dBm,SINR 28 dB
RX0 power: -85 dBm,ecio: -10 dB, rsrp: -96 dBm, phase: 0 degree, sinr: 23 dB
RX1 power: -78 dBm,ecio: -10 dB, rsrp: -89 dBm, phase: 0 degree, sinr: 28 dB
RX2 power: -89 dBm,ecio: -10 dB, rsrp: -99 dBm, phase: 0 degree, sinr: 21 dB
RX3 power: -80 dBm,ecio: -10 dB, rsrp: -91 dBm,phase: 0 degree,sinr: 25 dB
NR CQI 255,RANK 255
Serving Beam SSB index 0,FR2 serving Beam:255,255


OK
[SSH]cmd:ping 10.205.102.16 -c 1
PING 10.205.102.16 (10.205.102.16): 56 data bytes
64 bytes from 10.205.102.16: seq=0 ttl=64 time=11.789 ms

--- 10.205.102.16 ping statistics ---
1 packets transmitted, 1 packets received, 0% packet loss
round-trip min/avg/max = 11.789/11.789/11.789 ms
[01/12 14:10:46]	TX Power: 20	Ping Latency: 11.789	
[SSH]cmd:echo -ne "at+bnrinfo\r\n" | microcom -t 1000 /dev/ttyUSB1
at+bnrinfo

NR BAND:79, EARFCN:720288 DL_bandwidth:100MHz