Test Program: 1.0.0.0
****************************** Loop: 1  ******************************
****************************** [1]TestItem: RSRP@-T:10/-W:1  ******************************
****************************** 2024/1/12 下午 01:56:11 *****************************************
****************************** Loop RSRP *****************************************
cmd: adb -s NoADB shell Query Connection Status
Loop: 10 , Wait: 1s
[SSH]cmd:echo -ne "at+bnrinfo\r\n" | microcom -t 1000 /dev/ttyUSB1
at+bnrinfo

NR BAND:79, EARFCN:720288 DL_bandwidth:100MHz
physical cell ID:1, averaged PUSCH TX power :21 dBm, averaged PUCCH TX power :-255 dBm,
RX Power Info:
RSRQ -11 dB, RSRP -95 dBm,SINR 25 dB
RX0 power: -86 dBm,ecio: -10 dB, rsrp: -96 dBm, phase: 0 degree, sinr: 23 dB
RX1 power: -85 dBm,ecio: -10 dB, rsrp: -95 dBm, phase: 0 degree, sinr: 23 dB
RX2 power: -84 dBm,ecio: -10 dB, rsrp: -94 dBm, phase: 0 degree, sinr: 25 dB
RX3 power: -84 dBm,ecio: -10 dB, rsrp: -94 dBm,phase: 0 degree,sinr: 23 dB
NR CQI 255,RANK 255
Serving Beam SSB index 0,FR2 serving Beam:255,255


OK
at+bnrinfo

NR BAND:79, EARFCN:720288 DL_bandwidth:100MHz
physical cell ID:1, averaged PUSCH TX power :21 dBm, averaged PUCCH TX power :-255 dBm,
RX Power Info:
RSRQ -11 dB, RSRP -95 dBm,SINR 25 dB
RX0 power: -86 dBm,ecio: -10 dB, rsrp: -96 dBm, phase: 0 degree, sinr: 23 dB
RX1 power: -85 dBm,ecio: -10 dB, rsrp: -95 dBm, phase: 0 degree, sinr: 23 dB
RX2 power: -84 dBm,ecio: -10 dB, rsrp: -94 dBm, phase: 0 degree, sinr: 25 dB
RX3 power: -84 dBm,ecio: -10 dB, rsrp: -94 dBm,phase: 0 degree,sinr: 23 dB
NR CQI 255,RANK 255
Serving Beam SSB index 0,FR2 serving Beam:255,255


OK
[SSH]cmd:ping 10.205.102.16 -c 1
PING 10.205.102.16 (10.205.102.16): 56 data bytes
64 bytes from 10.205.102.16: seq=0 ttl=64 time=10.919 ms

--- 10.205.102.16 ping statistics ---
1 packets transmitted, 1 packets received, 0% packet loss
round-trip min/avg/max = 10.919/10.919/10.919 ms
[01/12 13:56:17]	TX Power: 21	Ping Latency: 10.919	
[SSH]cmd:echo -ne "at+bnrinfo\r\n" | microcom -t 1000 /dev/ttyUSB1
at+bnrinfo

NR BAND:79, EARFCN:720288 DL_bandwidth:100MHz
physical cell ID:1, averaged PUSCH TX power :21 dBm, averaged PUCCH TX power :-255 dBm,
RX Power Info:
RSRQ -11 dB, RSRP -96 dBm,SINR 25 dB
RX0 power: -85 dBm,ecio: -10 dB, rsrp: -95 dBm, phase: 0 degree, sinr: 23 dB
RX1 power: -83 dBm,ecio: -10 dB, rsrp: -93 dBm, phase: 0 degree, sinr: 23 dB
RX2 power: -82 dBm,ecio: -10 dB, rsrp: -92 dBm, phase: 0 degree, sinr: 25 dB
RX3 power: -83 dBm,ecio: -10 dB, rsrp: -93 dBm,phase: 0 degree,sinr: 24 dB
NR CQI 255,RANK 255
Serving Beam SSB index 0,FR2 serving Beam:255,255


OK
at+bnrinfo

NR BAND:79, EARFCN:720288 DL_bandwidth:100MHz
physical cell ID:1, averaged PUSCH TX power :21 dBm, averaged PUCCH TX power :-255 dBm,
RX Power Info:
RSRQ -11 dB, RSRP -96 dBm,SINR 25 dB
RX0 power: -85 dBm,ecio: -10 dB, rsrp: -95 dBm, phase: 0 degree, sinr: 23 dB
RX1 power: -83 dBm,ecio: -10 dB, rsrp: -93 dBm, phase: 0 degree, sinr: 23 dB
RX2 power: -82 dBm,ecio: -10 dB, rsrp: -92 dBm, phase: 0 degree, sinr: 25 dB
RX3 power: -83 dBm,ecio: -10 dB, rsrp: -93 dBm,phase: 0 degree,sinr: 24 dB
NR CQI 255,RANK 255
Serving Beam SSB index 0,FR2 serving Beam:255,255


OK
[SSH]cmd:ping 10.205.102.16 -c 1
PING 10.205.102.16 (10.205.102.16): 56 data bytes
64 bytes from 10.205.102.16: seq=0 ttl=64 time=10.524 ms

--- 10.205.102.16 ping statistics ---
1 packets transmitted, 1 packets received, 0% packet loss
round-trip min/avg/max = 10.524/10.524/10.524 ms
[01/12 13:56:24]	TX Power: 21	Ping Latency: 10.524	
[SSH]cmd:echo -ne "at+bnrinfo\r\n" | microcom -t 1000 /dev/ttyUSB1
at+bnrinfo

NR BAND:79, EARFCN:720288 DL_bandwidth:100MHz
physical cell ID:1, averaged PUSCH TX power :21 dBm, averaged PUCCH TX power :-255 dBm,
RX Power Info:
RSRQ -11 dB, RSRP -95 dBm,SINR 25 dB
RX0 power: -86 dBm,ecio: -10 dB, rsrp: -96 dBm, phase: 0 degree, sinr: 23 dB
RX1 power: -84 dBm,ecio: -10 dB, rsrp: -94 dBm, phase: 0 degree, sinr: 23 dB
RX2 power: -83 dBm,ecio: -10 dB, rsrp: -94 dBm, phase: 0 degree, sinr: 25 dB
RX3 power: -82 dBm,ecio: -10 dB, rsrp: -93 dBm,phase: 0 degree,sinr: 24 dB
NR CQI 255,RANK 255
Serving Beam SSB index 0,FR2 serving Beam:255,255


OK
at+bnrinfo

NR BAND:79, EARFCN:720288 DL_bandwidth:100MHz
physical cell ID:1, averaged PUSCH TX power :21 dBm, averaged PUCCH TX power :-255 dBm,
RX Power Info:
RSRQ -11 dB, RSRP -95 dBm,SINR 25 dB
RX0 power: -86 dBm,ecio: -10 dB, rsrp: -96 dBm, phase: 0 degree, sinr: 23 dB
RX1 power: -84 dBm,ecio: -10 dB, rsrp: -94 dBm, phase: 0 degree, sinr: 23 dB
RX2 power: -83 dBm,ecio: -10 dB, rsrp: -94 dBm, phase: 0 degree, sinr: 25 dB
RX3 power: -82 dBm,ecio: -10 dB, rsrp: -93 dBm,phase: 0 degree,sinr: 24 dB
NR CQI 255,RANK 255
Serving Beam SSB index 0,FR2 serving Beam:255,255


OK
[SSH]cmd:ping 10.205.102.16 -c 1
PING 10.205.102.16 (10.205.102.16): 56 data bytes
64 bytes from 10.205.102.16: seq=0 ttl=64 time=17.402 ms

--- 10.205.102.16 ping statistics ---
1 packets transmitted, 1 packets received, 0% packet loss
round-trip min/avg/max = 17.402/17.402/17.402 ms
[01/12 13:56:32]	TX Power: 21	Ping Latency: 17.402	
[SSH]cmd:echo -ne "at+bnrinfo\r\n" | microcom -t 1000 /dev/ttyUSB1
at+bnrinfo

NR BAND:79, EARFCN:720288 DL_bandwidth:100MHz
physical cell ID:1, averaged PUSCH TX power :20 dBm, averaged PUCCH TX power :-255 dBm,
RX Power Info:
RSRQ -11 dB, RSRP -94 dBm,SINR 25 dB
RX0 power: -86 dBm,ecio: -10 dB, rsrp: -96 dBm, phase: 0 degree, sinr: 23 dB
RX1 power: -84 dBm,ecio: -10 dB, rsrp: -95 dBm, phase: 0 degree, sinr: 22 dB
RX2 power: -83 dBm,ecio: -10 dB, rsrp: -93 dBm, phase: 0 degree, sinr: 25 dB
RX3 power: -85 dBm,ecio: -10 dB, rsrp: -95 dBm,phase: 0 degree,sinr: 23 dB
NR CQI 255,RANK 255
Serving Beam SSB index 0,FR2 serving Beam:255,255


OK
AT+CESQDBM

+CESQDBM:
SYSTEM:NR5G-SA
Band 79
NR5G: RSRQ -11 dB, RSRP -94 dBm, SINR 26 dB


OK
AT+GMI

COMPAL

OK

Manufacturer: COMPAL
Model: 334
Revision: RXMG1.20.00.428_0R12
SVN: 01
IMEI: 359047100263183
+GCAP: +CGSM

OK

+COPS: 0,0,"466 66",11

OK

359047100263183

OK
AT+CPIN?

+CPIN: READY

OK
AT+CIMI

466660000055162

OK

ICCID: 8988211000000551625F

OK
at+bnrinfo

NR BAND:79, EARFCN:720288 DL_bandwidth:100MHz
physical cell ID:1, averaged PUSCH TX power :20 dBm, averaged PUCCH TX power :-255 dBm,
RX Power Info:
RSRQ -11 dB, RSRP -94 dBm,SINR 25 dB
RX0 power: -86 dBm,ecio: -10 dB, rsrp: -96 dBm, phase: 0 degree, sinr: 23 dB
RX1 power: -84 dBm,ecio: -10 dB, rsrp: -95 dBm, phase: 0 degree, sinr: 22 dB
RX2 power: -83 dBm,ecio: -10 dB, rsrp: -93 dBm, phase: 0 degree, sinr: 25 dB
RX3 power: -85 dBm,ecio: -10 dB, rsrp: -95 dBm,phase: 0 degree,sinr: 23 dB
NR CQI 255,RANK 255
Serving Beam SSB index 0,FR2 serving Beam:255,255


OK
AT+CESQDBM

+CESQDBM:
SYSTEM:NR5G-SA
Band 79
NR5G: RSRQ -11 dB, RSRP -94 dBm, SINR 26 dB


OK
AT+GMI

COMPAL

OK

Manufacturer: COMPAL
Model: 334
Revision: RXMG1.20.00.428_0R12
SVN: 01
IMEI: 359047100263183
+GCAP: +CGSM

OK

+COPS: 0,0,"466 66",11

OK

359047100263183

OK
AT+CPIN?

+CPIN: READY

OK
AT+CIMI

466660000055162

OK

ICCID: 8988211000000551625F

OK
[SSH]cmd:ping 10.205.102.16 -c 1
PING 10.205.102.16 (10.205.102.16): 56 data bytes
64 bytes from 10.205.102.16: seq=0 ttl=64 time=12.365 ms

--- 10.205.102.16 ping statistics ---
1 packets transmitted, 1 packets received, 0% packet loss
round-trip min/avg/max = 12.365/12.365/12.365 ms
[01/12 13:56:40]	RSRQ: -11	RSRP: -94	SINR: 26	TX Power: 20	Ping Latency: 12.365	
[SSH]cmd:echo -ne "at+bnrinfo\r\n" | microcom -t 1000 /dev/ttyUSB1
at+bnrinfo

NR BAND:79, EARFCN:720288 DL_bandwidth:100MHz
physical cell ID:1, averaged PUSCH TX power :20 dBm, averaged PUCCH TX power :-255 dBm,
RX Power Info:
RSRQ -11 dB, RSRP -96 dBm,SINR 24 dB
RX0 power: -86 dBm,ecio: -10 dB, rsrp: -96 dBm, phase: 0 degree, sinr: 23 dB
RX1 power: -85 dBm,ecio: -10 dB, rsrp: -96 dBm, phase: 0 degree, sinr: 22 dB
RX2 power: -84 dBm,ecio: -10 dB, rsrp: -94 dBm, phase: 0 degree, sinr: 24 dB
RX3 power: -85 dBm,ecio: -10 dB, rsrp: -96 dBm,phase: 0 degree,sinr: 23 dB
NR CQI 255,RANK 255
Serving Beam SSB index 0,FR2 serving Beam:255,255


OK
AT+BINFO

<LTE PCC INFO>:<INVALID>

OK
at+bnrinfo

NR BAND:79, EARFCN:720288 DL_bandwidth:100MHz
physical cell ID:1, averaged PUSCH TX power :20 dBm, averaged PUCCH TX power :-255 dBm,
RX Power Info:
RSRQ -11 dB, RSRP -96 dBm,SINR 24 dB
RX0 power: -86 dBm,ecio: -10 dB, rsrp: -96 dBm, phase: 0 degree, sinr: 23 dB
RX1 power: -85 dBm,ecio: -10 dB, rsrp: -96 dBm, phase: 0 degree, sinr: 22 dB
RX2 power: -84 dBm,ecio: -10 dB, rsrp: -94 dBm, phase: 0 degree, sinr: 24 dB
RX3 power: -85 dBm,ecio: -10 dB, rsrp: -96 dBm,phase: 0 degree,sinr: 23 dB
NR CQI 255,RANK 255
Serving Beam SSB index 0,FR2 serving Beam:255,255


OK
AT+BINFO

<LTE PCC INFO>:<INVALID>

OK
[SSH]cmd:ping 10.205.102.16 -c 1
PING 10.205.102.16 (10.205.102.16): 56 data bytes
64 bytes from 10.205.102.16: seq=0 ttl=64 time=28.602 ms

--- 10.205.102.16 ping statistics ---
1 packets transmitted, 1 packets received, 0% packet loss
round-trip min/avg/max = 28.602/28.602/28.602 ms
[01/12 13:56:48]	TX Power: 20	Ping Latency: 28.602	
[SSH]cmd:echo -ne "at+bnrinfo\r\n" | microcom -t 1000 /dev/ttyUSB1
at+bnrinfo
at+bnrinfo
[SSH]cmd:ping 10.205.102.16 -c 1
PING 10.205.102.16 (10.205.102.16): 56 data bytes
64 bytes from 10.205.102.16: seq=0 ttl=64 time=18.518 ms

--- 10.205.102.16 ping statistics ---
1 packets transmitted, 1 packets received, 0% packet loss
round-trip min/avg/max = 18.518/18.518/18.518 ms
[01/12 13:56:54]	TX Power: 20	Ping Latency: 18.518	
[SSH]cmd:echo -ne "at+bnrinfo\r\n" | microcom -t 1000 /dev/ttyUSB1
at+bnrinfo

NR BAND:79, EARFCN:720288 DL_bandwidth:100MHz
physical cell ID:1, averaged PUSCH TX power :21 dBm, averaged PUCCH TX power :-255 dBm,
RX Power Info:
RSRQ -11 dB, RSRP -97 dBm,SINR 24 dB
RX0 power: -86 dBm,ecio: -10 dB, rsrp: -97 dBm, phase: 0 degree, sinr: 23 dB
RX1 power: -85 dBm,ecio: -10 dB, rsrp: -95 dBm, phase: 0 degree, sinr: 22 dB
RX2 power: -84 dBm,ecio: -10 dB, rsrp: -95 dBm, phase: 0 degree, sinr: 24 dB
RX3 power: -84 dBm,ecio: -10 dB, rsrp: -94 dBm,phase: 0 degree,sinr: 23 dB
NR CQI 255,RANK 255
Serving Beam SSB index 0,FR2 serving Beam:255,255


OK
at+bnrinfo

NR BAND:79, EARFCN:720288 DL_bandwidth:100MHz
physical cell ID:1, averaged PUSCH TX power :21 dBm, averaged PUCCH TX power :-255 dBm,
RX Power Info:
RSRQ -11 dB, RSRP -97 dBm,SINR 24 dB
RX0 power: -86 dBm,ecio: -10 dB, rsrp: -97 dBm, phase: 0 degree, sinr: 23 dB
RX1 power: -85 dBm,ecio: -10 dB, rsrp: -95 dBm, phase: 0 degree, sinr: 22 dB
RX2 power: -84 dBm,ecio: -10 dB, rsrp: -95 dBm, phase: 0 degree, sinr: 24 dB
RX3 power: -84 dBm,ecio: -10 dB, rsrp: -94 dBm,phase: 0 degree,sinr: 23 dB
NR CQI 255,RANK 255
Serving Beam SSB index 0,FR2 serving Beam:255,255


OK
[SSH]cmd:ping 10.205.102.16 -c 1
PING 10.205.102.16 (10.205.102.16): 56 data bytes
64 bytes from 10.205.102.16: seq=0 ttl=64 time=10.326 ms

--- 10.205.102.16 ping statistics ---
1 packets transmitted, 1 packets received, 0% packet loss
round-trip min/avg/max = 10.326/10.326/10.326 ms
[01/12 13:57:01]	TX Power: 21	Ping Latency: 10.326	
[SSH]cmd:echo -ne "at+bnrinfo\r\n" | microcom -t 1000 /dev/ttyUSB1
at+bnrinfo

NR BAND:79, EARFCN:720288 DL_bandwidth:100MHz
physical cell ID:1, averaged PUSCH TX power :20 dBm, averaged PUCCH TX power :-255 dBm,
RX Power Info:
RSRQ -11 dB, RSRP -96 dBm,SINR 24 dB
RX0 power: -86 dBm,ecio: -10 dB, rsrp: -97 dBm, phase: 0 degree, sinr: 22 dB
RX1 power: -86 dBm,ecio: -10 dB, rsrp: -97 dBm, phase: 0 degree, sinr: 22 dB
RX2 power: -84 dBm,ecio: -10 dB, rsrp: -94 dBm, phase: 0 degree, sinr: 24 dB
RX3 power: -84 dBm,ecio: -10 dB, rsrp: -94 dBm,phase: 0 degree,sinr: 24 dB
NR CQI 255,RANK 255
Serving Beam SSB index 0,FR2 serving Beam:255,255


OK
at+bnrinfo

NR BAND:79, EARFCN:720288 DL_bandwidth:100MHz
physical cell ID:1, averaged PUSCH TX power :20 dBm, averaged PUCCH TX power :-255 dBm,
RX Power Info:
RSRQ -11 dB, RSRP -96 dBm,SINR 24 dB
RX0 power: -86 dBm,ecio: -10 dB, rsrp: -97 dBm, phase: 0 degree, sinr: 22 dB
RX1 power: -86 dBm,ecio: -10 dB, rsrp: -97 dBm, phase: 0 degree, sinr: 22 dB
RX2 power: -84 dBm,ecio: -10 dB, rsrp: -94 dBm, phase: 0 degree, sinr: 24 dB
RX3 power: -84 dBm,ecio: -10 dB, rsrp: -94 dBm,phase: 0 degree,sinr: 24 dB
NR CQI 255,RANK 255
Serving Beam SSB index 0,FR2 serving Beam:255,255


OK
[SSH]cmd:ping 10.205.102.16 -c 1
PING 10.205.102.16 (10.205.102.16): 56 data bytes
64 bytes from 10.205.102.16: seq=0 ttl=64 time=11.328 ms

--- 10.205.102.16 ping statistics ---
1 packets transmitted, 1 packets received, 0% packet loss
round-trip min/avg/max = 11.328/11.328/11.328 ms
[01/12 13:57:08]	TX Power: 20	Ping Latency: 11.328	
[SSH]cmd:echo -ne "at+bnrinfo\r\n" | microcom -t 1000 /dev/ttyUSB1
at+bnrinfo

NR BAND:79, EARFCN:720288 DL_bandwidth:100MHz
physical cell ID:1, averaged PUSCH TX power :21 dBm, averaged PUCCH TX power :-255 dBm,
RX Power Info:
RSRQ -11 dB, RSRP -97 dBm,SINR 24 dB
RX0 power: -87 dBm,ecio: -10 dB, rsrp: -97 dBm, phase: 0 degree, sinr: 22 dB
RX1 power: -85 dBm,ecio: -10 dB, rsrp: -96 dBm, phase: 0 degree, sinr: 22 dB
RX2 power: -83 dBm,ecio: -10 dB, rsrp: -94 dBm, phase: 0 degree, sinr: 24 dB
RX3 power: -83 dBm,ecio: -10 dB, rsrp: -94 dBm,phase: 0 degree,sinr: 24 dB
NR CQI 255,RANK 255
Serving Beam SSB index 0,FR2 serving Beam:255,255


OK
at+bnrinfo

NR BAND:79, EARFCN:720288 DL_bandwidth:100MHz
physical cell ID:1, averaged PUSCH TX power :21 dBm, averaged PUCCH TX power :-255 dBm,
RX Power Info:
RSRQ -11 dB, RSRP -97 dBm,SINR 24 dB
RX0 power: -87 dBm,ecio: -10 dB, rsrp: -97 dBm, phase: 0 degree, sinr: 22 dB
RX1 power: -85 dBm,ecio: -10 dB, rsrp: -96 dBm, phase: 0 degree, sinr: 22 dB
RX2 power: -83 dBm,ecio: -10 dB, rsrp: -94 dBm, phase: 0 degree, sinr: 24 dB
RX3 power: -83 dBm,ecio: -10 dB, rsrp: -94 dBm,phase: 0 degree,sinr: 24 dB
NR CQI 255,RANK 255
Serving Beam SSB index 0,FR2 serving Beam:255,255


OK
[SSH]cmd:ping 10.205.102.16 -c 1
PING 10.205.102.16 (10.205.102.16): 56 data bytes
64 bytes from 10.205.102.16: seq=0 ttl=64 time=14.830 ms

--- 10.205.102.16 ping statistics ---
1 packets transmitted, 1 packets received, 0% packet loss
round-trip min/avg/max = 14.830/14.830/14.830 ms
[01/12 13:57:15]	TX Power: 21	Ping Latency: 14.83	
[SSH]cmd:echo -ne "at+bnrinfo\r\n" | microcom -t 1000 /dev/ttyUSB1
at+bnrinfo

NR BAND:79, EARFCN:720288 DL_bandwidth:100MHz
physical cell ID:1, averaged PUSCH TX power :20 dBm, averaged PUCCH TX power :-255 dBm,
RX Power Info:
RSRQ -11 dB, RSRP -98 dBm,SINR 24 dB
RX0 power: -87 dBm,ecio: -10 dB, rsrp: -97 dBm, phase: 0 degree, sinr: 23 dB
RX1 power: -85 dBm,ecio: -10 dB, rsrp: -96 dBm, phase: 0 degree, sinr: 21 dB
RX2 power: -84 dBm,ecio: -10 dB, rsrp: -94 dBm, phase: 0 degree, sinr: 24 dB
RX3 power: -84 dBm,ecio: -10 dB, rsrp: -94 dBm,phase: 0 degree,sinr: 24 dB
NR CQI 255,RANK 255
Serving Beam SSB index 0,FR2 serving Beam:255,255


OK
at+bnrinfo

NR BAND:79, EARFCN:720288 DL_bandwidth:100MHz
physical cell ID:1, averaged PUSCH TX power :20 dBm, averaged PUCCH TX power :-255 dBm,
RX Power Info:
RSRQ -11 dB, RSRP -98 dBm,SINR 24 dB
RX0 power: -87 dBm,ecio: -10 dB, rsrp: -97 dBm, phase: 0 degree, sinr: 23 dB
RX1 power: -85 dBm,ecio: -10 dB, rsrp: -96 dBm, phase: 0 degree, sinr: 21 dB
RX2 power: -84 dBm,ecio: -10 dB, rsrp: -94 dBm, phase: 0 degree, sinr: 24 dB
RX3 power: -84 dBm,ecio: -10 dB, rsrp: -94 dBm,phase: 0 degree,sinr: 24 dB
NR CQI 255,RANK 255
Serving Beam SSB index 0,FR2 serving Beam:255,255


OK
[SSH]cmd:ping 10.205.102.16 -c 1
PING 10.205.102.16 (10.205.102.16): 56 data bytes
64 bytes from 10.205.102.16: seq=0 ttl=64 time=15.557 ms

--- 10.205.102.16 ping statistics ---
1 packets transmitted, 1 packets received, 0% packet loss
round-trip min/avg/max = 15.557/15.557/15.557 ms
[01/12 13:57:23]	TX Power: 20	Ping Latency: 15.557