Test Program: 1.0.0.0
****************************** Loop: 1  ******************************
****************************** [1]TestItem: RSRP@-T:10/-W:1  ******************************
****************************** 2024/1/12 下午 01:53:46 *****************************************
****************************** Loop RSRP *****************************************
cmd: adb -s NoADB shell Query Connection Status
Loop: 10 , Wait: 1s
[SSH]cmd:echo -ne "at+bnrinfo\r\n" | microcom -t 1000 /dev/ttyUSB1
at+bnrinfo

NR BAND:79, EARFCN:720288 DL_bandwidth:100MHz
physical cell ID:1, averaged PUSCH TX power :11 dBm, averaged PUCCH TX power :-255 dBm,
RX Power Info:
RSRQ -11 dB, RSRP -82 dBm,SINR 32 dB
RX0 power: -79 dBm,ecio: -10 dB, rsrp: -89 dBm, phase: 0 degree, sinr: 29 dB
RX1 power: -69 dBm,ecio: -10 dB, rsrp: -80 dBm, phase: 0 degree, sinr: 32 dB
RX2 power: -75 dBm,ecio: -10 dB, rsrp: -85 dBm, phase: 0 degree, sinr: 31 dB
RX3 power: -75 dBm,ecio: -10 dB, rsrp: -86 dBm,phase: 0 degree,sinr: 28 dB
NR CQI 255,RANK 255
Serving Beam SSB index 0,FR2 serving Beam:255,255


OK
at+bnrinfo

NR BAND:79, EARFCN:720288 DL_bandwidth:100MHz
physical cell ID:1, averaged PUSCH TX power :11 dBm, averaged PUCCH TX power :-255 dBm,
RX Power Info:
RSRQ -11 dB, RSRP -82 dBm,SINR 32 dB
RX0 power: -79 dBm,ecio: -10 dB, rsrp: -89 dBm, phase: 0 degree, sinr: 29 dB
RX1 power: -69 dBm,ecio: -10 dB, rsrp: -80 dBm, phase: 0 degree, sinr: 32 dB
RX2 power: -75 dBm,ecio: -10 dB, rsrp: -85 dBm, phase: 0 degree, sinr: 31 dB
RX3 power: -75 dBm,ecio: -10 dB, rsrp: -86 dBm,phase: 0 degree,sinr: 28 dB
NR CQI 255,RANK 255
Serving Beam SSB index 0,FR2 serving Beam:255,255


OK
[SSH]cmd:ping 10.205.102.16 -c 1
PING 10.205.102.16 (10.205.102.16): 56 data bytes
64 bytes from 10.205.102.16: seq=0 ttl=64 time=15.911 ms

--- 10.205.102.16 ping statistics ---
1 packets transmitted, 1 packets received, 0% packet loss
round-trip min/avg/max = 15.911/15.911/15.911 ms
[01/12 13:53:52]	TX Power: 11	Ping Latency: 15.911	
[SSH]cmd:echo -ne "at+bnrinfo\r\n" | microcom -t 1000 /dev/ttyUSB1
at+bnrinfo

NR BAND:79, EARFCN:720288 DL_bandwidth:100MHz
physical cell ID:1, averaged PUSCH TX power :11 dBm, averaged PUCCH TX power :-255 dBm,
RX Power Info:
RSRQ -11 dB, RSRP -80 dBm,SINR 32 dB
RX0 power: -78 dBm,ecio: -10 dB, rsrp: -88 dBm, phase: 0 degree, sinr: 29 dB
RX1 power: -69 dBm,ecio: -10 dB, rsrp: -79 dBm, phase: 0 degree, sinr: 32 dB
RX2 power: -75 dBm,ecio: -10 dB, rsrp: -85 dBm, phase: 0 degree, sinr: 31 dB
RX3 power: -72 dBm,ecio: -10 dB, rsrp: -83 dBm,phase: 0 degree,sinr: 29 dB
NR CQI 255,RANK 255
Serving Beam SSB index 0,FR2 serving Beam:255,255


OK
at+bnrinfo

NR BAND:79, EARFCN:720288 DL_bandwidth:100MHz
physical cell ID:1, averaged PUSCH TX power :11 dBm, averaged PUCCH TX power :-255 dBm,
RX Power Info:
RSRQ -11 dB, RSRP -80 dBm,SINR 32 dB
RX0 power: -78 dBm,ecio: -10 dB, rsrp: -88 dBm, phase: 0 degree, sinr: 29 dB
RX1 power: -69 dBm,ecio: -10 dB, rsrp: -79 dBm, phase: 0 degree, sinr: 32 dB
RX2 power: -75 dBm,ecio: -10 dB, rsrp: -85 dBm, phase: 0 degree, sinr: 31 dB
RX3 power: -72 dBm,ecio: -10 dB, rsrp: -83 dBm,phase: 0 degree,sinr: 29 dB
NR CQI 255,RANK 255
Serving Beam SSB index 0,FR2 serving Beam:255,255


OK
[SSH]cmd:ping 10.205.102.16 -c 1
PING 10.205.102.16 (10.205.102.16): 56 data bytes
64 bytes from 10.205.102.16: seq=0 ttl=64 time=10.751 ms

--- 10.205.102.16 ping statistics ---
1 packets transmitted, 1 packets received, 0% packet loss
round-trip min/avg/max = 10.751/10.751/10.751 ms
[01/12 13:53:59]	TX Power: 11	Ping Latency: 10.751	
[SSH]cmd:echo -ne "at+bnrinfo\r\n" | microcom -t 1000 /dev/ttyUSB1
at+bnrinfo

NR BAND:79, EARFCN:720288 DL_bandwidth:100MHz
physical cell ID:1, averaged PUSCH TX power :11 dBm, averaged PUCCH TX power :-255 dBm,
RX Power Info:
RSRQ -11 dB, RSRP -80 dBm,SINR 32 dB
RX0 power: -77 dBm,ecio: -10 dB, rsrp: -87 dBm, phase: 0 degree, sinr: 29 dB
RX1 power: -69 dBm,ecio: -10 dB, rsrp: -79 dBm, phase: 0 degree, sinr: 32 dB
RX2 power: -74 dBm,ecio: -10 dB, rsrp: -84 dBm, phase: 0 degree, sinr: 31 dB
RX3 power: -73 dBm,ecio: -10 dB, rsrp: -84 dBm,phase: 0 degree,sinr: 28 dB
NR CQI 255,RANK 255
Serving Beam SSB index 0,FR2 serving Beam:255,255


OK
at+bnrinfo

NR BAND:79, EARFCN:720288 DL_bandwidth:100MHz
physical cell ID:1, averaged PUSCH TX power :11 dBm, averaged PUCCH TX power :-255 dBm,
RX Power Info:
RSRQ -11 dB, RSRP -80 dBm,SINR 32 dB
RX0 power: -77 dBm,ecio: -10 dB, rsrp: -87 dBm, phase: 0 degree, sinr: 29 dB
RX1 power: -69 dBm,ecio: -10 dB, rsrp: -79 dBm, phase: 0 degree, sinr: 32 dB
RX2 power: -74 dBm,ecio: -10 dB, rsrp: -84 dBm, phase: 0 degree, sinr: 31 dB
RX3 power: -73 dBm,ecio: -10 dB, rsrp: -84 dBm,phase: 0 degree,sinr: 28 dB
NR CQI 255,RANK 255
Serving Beam SSB index 0,FR2 serving Beam:255,255


OK
[SSH]cmd:ping 10.205.102.16 -c 1
PING 10.205.102.16 (10.205.102.16): 56 data bytes
64 bytes from 10.205.102.16: seq=0 ttl=64 time=10.539 ms

--- 10.205.102.16 ping statistics ---
1 packets transmitted, 1 packets received, 0% packet loss
round-trip min/avg/max = 10.539/10.539/10.539 ms
[01/12 13:54:06]	TX Power: 11	Ping Latency: 10.539	
[SSH]cmd:echo -ne "at+bnrinfo\r\n" | microcom -t 1000 /dev/ttyUSB1
at+bnrinfo

NR BAND:79, EARFCN:720288 DL_bandwidth:100MHz
physical cell ID:1, averaged PUSCH TX power :12 dBm, averaged PUCCH TX power :-255 dBm,
RX Power Info:
RSRQ -11 dB, RSRP -80 dBm,SINR 32 dB
RX0 power: -77 dBm,ecio: -10 dB, rsrp: -87 dBm, phase: 0 degree, sinr: 29 dB
RX1 power: -69 dBm,ecio: -10 dB, rsrp: -79 dBm, phase: 0 degree, sinr: 32 dB
RX2 power: -73 dBm,ecio: -10 dB, rsrp: -84 dBm, phase: 0 degree, sinr: 31 dB
RX3 power: -73 dBm,ecio: -10 dB, rsrp: -84 dBm,phase: 0 degree,sinr: 29 dB
NR CQI 255,RANK 255
Serving Beam SSB index 0,FR2 serving Beam:255,255


OK
at+bnrinfo

NR BAND:79, EARFCN:720288 DL_bandwidth:100MHz
physical cell ID:1, averaged PUSCH TX power :12 dBm, averaged PUCCH TX power :-255 dBm,
RX Power Info:
RSRQ -11 dB, RSRP -80 dBm,SINR 32 dB
RX0 power: -77 dBm,ecio: -10 dB, rsrp: -87 dBm, phase: 0 degree, sinr: 29 dB
RX1 power: -69 dBm,ecio: -10 dB, rsrp: -79 dBm, phase: 0 degree, sinr: 32 dB
RX2 power: -73 dBm,ecio: -10 dB, rsrp: -84 dBm, phase: 0 degree, sinr: 31 dB
RX3 power: -73 dBm,ecio: -10 dB, rsrp: -84 dBm,phase: 0 degree,sinr: 29 dB
NR CQI 255,RANK 255
Serving Beam SSB index 0,FR2 serving Beam:255,255


OK
[SSH]cmd:ping 10.205.102.16 -c 1
PING 10.205.102.16 (10.205.102.16): 56 data bytes
64 bytes from 10.205.102.16: seq=0 ttl=64 time=12.207 ms

--- 10.205.102.16 ping statistics ---
1 packets transmitted, 1 packets received, 0% packet loss
round-trip min/avg/max = 12.207/12.207/12.207 ms
[01/12 13:54:14]	TX Power: 12	Ping Latency: 12.207	
[SSH]cmd:echo -ne "at+bnrinfo\r\n" | microcom -t 1000 /dev/ttyUSB1
at+bnrinfo

NR BAND:79, EARFCN:720288 DL_bandwidth:100MHz
physical cell ID:1, averaged PUSCH TX power :11 dBm, averaged PUCCH TX power :-255 dBm,
RX Power Info:
RSRQ -11 dB, RSRP -80 dBm,SINR 33 dB
RX0 power: -78 dBm,ecio: -10 dB, rsrp: -88 dBm, phase: 0 degree, sinr: 29 dB
RX1 power: -69 dBm,ecio: -10 dB, rsrp: -79 dBm, phase: 0 degree, sinr: 33 dB
RX2 power: -74 dBm,ecio: -10 dB, rsrp: -84 dBm, phase: 0 degree, sinr: 31 dB
RX3 power: -72 dBm,ecio: -10 dB, rsrp: -83 dBm,phase: 0 degree,sinr: 29 dB
NR CQI 255,RANK 255
Serving Beam SSB index 0,FR2 serving Beam:255,255


OK
at+bnrinfo

NR BAND:79, EARFCN:720288 DL_bandwidth:100MHz
physical cell ID:1, averaged PUSCH TX power :11 dBm, averaged PUCCH TX power :-255 dBm,
RX Power Info:
RSRQ -11 dB, RSRP -80 dBm,SINR 33 dB
RX0 power: -78 dBm,ecio: -10 dB, rsrp: -88 dBm, phase: 0 degree, sinr: 29 dB
RX1 power: -69 dBm,ecio: -10 dB, rsrp: -79 dBm, phase: 0 degree, sinr: 33 dB
RX2 power: -74 dBm,ecio: -10 dB, rsrp: -84 dBm, phase: 0 degree, sinr: 31 dB
RX3 power: -72 dBm,ecio: -10 dB, rsrp: -83 dBm,phase: 0 degree,sinr: 29 dB
NR CQI 255,RANK 255
Serving Beam SSB index 0,FR2 serving Beam:255,255


OK
[SSH]cmd:ping 10.205.102.16 -c 1
PING 10.205.102.16 (10.205.102.16): 56 data bytes
64 bytes from 10.205.102.16: seq=0 ttl=64 time=29.622 ms

--- 10.205.102.16 ping statistics ---
1 packets transmitted, 1 packets received, 0% packet loss
round-trip min/avg/max = 29.622/29.622/29.622 ms
[01/12 13:54:21]	TX Power: 11	Ping Latency: 29.622	
[SSH]cmd:echo -ne "at+bnrinfo\r\n" | microcom -t 1000 /dev/ttyUSB1
at+bnrinfo

NR BAND:79, EARFCN:720288 DL_bandwidth:100MHz
physical cell ID:1, averaged PUSCH TX power :11 dBm, averaged PUCCH TX power :-255 dBm,
RX Power Info:
RSRQ -11 dB, RSRP -80 dBm,SINR 33 dB
RX0 power: -77 dBm,ecio: -10 dB, rsrp: -87 dBm, phase: 0 degree, sinr: 29 dB
RX1 power: -69 dBm,ecio: -10 dB, rsrp: -79 dBm, phase: 0 degree, sinr: 33 dB
RX2 power: -74 dBm,ecio: -10 dB, rsrp: -84 dBm, phase: 0 degree, sinr: 32 dB
RX3 power: -73 dBm,ecio: -10 dB, rsrp: -83 dBm,phase: 0 degree,sinr: 28 dB
NR CQI 255,RANK 255
Serving Beam SSB index 0,FR2 serving Beam:255,255


OK

+CESQDBM:
SYSTEM:NR5G-SA
Band 79
NR5G: RSRQ -11 dB, RSRP -80 dBm, SINR 32 dB


OK

COMPAL

OK

Manufacturer: COMPAL
Model: 334
Revision: RXMG1.20.00.428_0R12
SVN: 01
IMEI: 359047100263183
+GCAP: +CGSM

OK

+COPS: 0,0,"466 66",11

OK
AT+CGSN

359047100263183

OK

+CPIN: READY

OK
AT+CIMI

466660000055162

OK
at+bnrinfo

NR BAND:79, EARFCN:720288 DL_bandwidth:100MHz
physical cell ID:1, averaged PUSCH TX power :11 dBm, averaged PUCCH TX power :-255 dBm,
RX Power Info:
RSRQ -11 dB, RSRP -80 dBm,SINR 33 dB
RX0 power: -77 dBm,ecio: -10 dB, rsrp: -87 dBm, phase: 0 degree, sinr: 29 dB
RX1 power: -69 dBm,ecio: -10 dB, rsrp: -79 dBm, phase: 0 degree, sinr: 33 dB
RX2 power: -74 dBm,ecio: -10 dB, rsrp: -84 dBm, phase: 0 degree, sinr: 32 dB
RX3 power: -73 dBm,ecio: -10 dB, rsrp: -83 dBm,phase: 0 degree,sinr: 28 dB
NR CQI 255,RANK 255
Serving Beam SSB index 0,FR2 serving Beam:255,255


OK

+CESQDBM:
SYSTEM:NR5G-SA
Band 79
NR5G: RSRQ -11 dB, RSRP -80 dBm, SINR 32 dB


OK

COMPAL

OK

Manufacturer: COMPAL
Model: 334
Revision: RXMG1.20.00.428_0R12
SVN: 01
IMEI: 359047100263183
+GCAP: +CGSM

OK

+COPS: 0,0,"466 66",11

OK
AT+CGSN

359047100263183

OK

+CPIN: READY

OK
AT+CIMI

466660000055162

OK
[SSH]cmd:ping 10.205.102.16 -c 1
PING 10.205.102.16 (10.205.102.16): 56 data bytes
64 bytes from 10.205.102.16: seq=0 ttl=64 time=11.847 ms

--- 10.205.102.16 ping statistics ---
1 packets transmitted, 1 packets received, 0% packet loss
round-trip min/avg/max = 11.847/11.847/11.847 ms
[01/12 13:54:28]	RSRQ: -11	RSRP: -80	SINR: 32	TX Power: 11	Ping Latency: 11.847	
[SSH]cmd:echo -ne "at+bnrinfo\r\n" | microcom -t 1000 /dev/ttyUSB1

<LTE PCC INFO>:<INVALID>

OK
<LTE PCC INFO>:<INVALID>

OK
[SSH]cmd:ping 10.205.102.16 -c 1
PING 10.205.102.16 (10.205.102.16): 56 data bytes
64 bytes from 10.205.102.16: seq=0 ttl=64 time=11.937 ms

--- 10.205.102.16 ping statistics ---
1 packets transmitted, 1 packets received, 0% packet loss
round-trip min/avg/max = 11.937/11.937/11.937 ms
[01/12 13:54:36]	TX Power: 11	Ping Latency: 11.937	
[SSH]cmd:echo -ne "at+bnrinfo\r\n" | microcom -t 1000 /dev/ttyUSB1

<LTE PCC INFO>:<INVALID>

OK
AT+CGPADDR

+CGPADDR: 1,10.205.164.5
+CGPADDR: 38,0.0.0.0.0.0.0.0.0.0.0.0.0.0.0.0
+CGPADDR: 39,0.0.0.0.0.0.0.0.0.0.0.0.0.0.0.0

OK
<LTE PCC INFO>:<INVALID>

OK
AT+CGPADDR

+CGPADDR: 1,10.205.164.5
+CGPADDR: 38,0.0.0.0.0.0.0.0.0.0.0.0.0.0.0.0
+CGPADDR: 39,0.0.0.0.0.0.0.0.0.0.0.0.0.0.0.0

OK
[SSH]cmd:ping 10.205.102.16 -c 1
PING 10.205.102.16 (10.205.102.16): 56 data bytes
64 bytes from 10.205.102.16: seq=0 ttl=64 time=11.258 ms

--- 10.205.102.16 ping statistics ---
1 packets transmitted, 1 packets received, 0% packet loss
round-trip min/avg/max = 11.258/11.258/11.258 ms
[01/12 13:54:42]	TX Power: 11	Ping Latency: 11.258	
[SSH]cmd:echo -ne "at+bnrinfo\r\n" | microcom -t 1000 /dev/ttyUSB1

<LTE PCC INFO>:<INVALID>

OK
AT+CGPADDR

+CGPADDR: 1,10.205.164.5
+CGPADDR: 38,0.0.0.0.0.0.0.0.0.0.0.0.0.0.0.0
+CGPADDR: 39,0.0.0.0.0.0.0.0.0.0.0.0.0.0.0.0

OK
<LTE PCC INFO>:<INVALID>

OK
AT+CGPADDR

+CGPADDR: 1,10.205.164.5
+CGPADDR: 38,0.0.0.0.0.0.0.0.0.0.0.0.0.0.0.0
+CGPADDR: 39,0.0.0.0.0.0.0.0.0.0.0.0.0.0.0.0

OK
[SSH]cmd:ping 10.205.102.16 -c 1
PING 10.205.102.16 (10.205.102.16): 56 data bytes
64 bytes from 10.205.102.16: seq=0 ttl=64 time=116.710 ms

--- 10.205.102.16 ping statistics ---
1 packets transmitted, 1 packets received, 0% packet loss
round-trip min/avg/max = 116.710/116.710/116.710 ms
[01/12 13:54:49]	TX Power: 11	Ping Latency: 116.71	
[SSH]cmd:echo -ne "at+bnrinfo\r\n" | microcom -t 1000 /dev/ttyUSB1

<LTE PCC INFO>:<INVALID>

OK

+CGPADDR: 1,10.205.164.5
+CGPADDR: 38,0.0.0.0.0.0.0.0.0.0.0.0.0.0.0.0
+CGPADDR: 39,0.0.0.0.0.0.0.0.0.0.0.0.0.0.0.0

OK
<LTE PCC INFO>:<INVALID>

OK

+CGPADDR: 1,10.205.164.5
+CGPADDR: 38,0.0.0.0.0.0.0.0.0.0.0.0.0.0.0.0
+CGPADDR: 39,0.0.0.0.0.0.0.0.0.0.0.0.0.0.0.0

OK
[SSH]cmd:ping 10.205.102.16 -c 1
PING 10.205.102.16 (10.205.102.16): 56 data bytes
64 bytes from 10.205.102.16: seq=0 ttl=64 time=15.633 ms

--- 10.205.102.16 ping statistics ---
1 packets transmitted, 1 packets received, 0% packet loss
round-trip min/avg/max = 15.633/15.633/15.633 ms
[01/12 13:54:55]	TX Power: 11	Ping Latency: 15.633