Test Program: 1.0.0.0
****************************** Loop: 1  ******************************
****************************** [1]TestItem: RSRP@-T:10/-W:1  ******************************
****************************** 2024/1/12 下午 02:06:07 *****************************************
****************************** Loop RSRP *****************************************
cmd: adb -s NoADB shell Query Connection Status
Loop: 10 , Wait: 1s
[SSH]cmd:echo -ne "at+bnrinfo\r\n" | microcom -t 1000 /dev/ttyUSB1
at+bnrinfo

NR BAND:79, EARFCN:720288 DL_bandwidth:100MHz
physical cell ID:1, averaged PUSCH TX power :20 dBm, averaged PUCCH TX power :-255 dBm,
RX Power Info:
RSRQ -11 dB, RSRP -91 dBm,SINR 27 dB
RX0 power: -80 dBm,ecio: -10 dB, rsrp: -90 dBm, phase: 0 degree, sinr: 27 dB
RX1 power: -80 dBm,ecio: -10 dB, rsrp: -91 dBm, phase: 0 degree, sinr: 27 dB
RX2 power: -81 dBm,ecio: -10 dB, rsrp: -91 dBm, phase: 0 degree, sinr: 26 dB
RX3 power: -84 dBm,ecio: -10 dB, rsrp: -95 dBm,phase: 0 degree,sinr: 23 dB
NR CQI 255,RANK 255
Serving Beam SSB index 0,FR2 serving Beam:255,255


OK
at+bnrinfo

NR BAND:79, EARFCN:720288 DL_bandwidth:100MHz
physical cell ID:1, averaged PUSCH TX power :20 dBm, averaged PUCCH TX power :-255 dBm,
RX Power Info:
RSRQ -11 dB, RSRP -91 dBm,SINR 27 dB
RX0 power: -80 dBm,ecio: -10 dB, rsrp: -90 dBm, phase: 0 degree, sinr: 27 dB
RX1 power: -80 dBm,ecio: -10 dB, rsrp: -91 dBm, phase: 0 degree, sinr: 27 dB
RX2 power: -81 dBm,ecio: -10 dB, rsrp: -91 dBm, phase: 0 degree, sinr: 26 dB
RX3 power: -84 dBm,ecio: -10 dB, rsrp: -95 dBm,phase: 0 degree,sinr: 23 dB
NR CQI 255,RANK 255
Serving Beam SSB index 0,FR2 serving Beam:255,255


OK
[SSH]cmd:ping 10.205.102.16 -c 1
PING 10.205.102.16 (10.205.102.16): 56 data bytes
64 bytes from 10.205.102.16: seq=0 ttl=64 time=12.620 ms

--- 10.205.102.16 ping statistics ---
1 packets transmitted, 1 packets received, 0% packet loss
round-trip min/avg/max = 12.620/12.620/12.620 ms
[01/12 14:06:13]	TX Power: 20	Ping Latency: 12.62	
[SSH]cmd:echo -ne "at+bnrinfo\r\n" | microcom -t 1000 /dev/ttyUSB1
at+bnrinfo

NR BAND:79, EARFCN:720288 DL_bandwidth:100MHz
physical cell ID:1, averaged PUSCH TX power :20 dBm, averaged PUCCH TX power :-255 dBm,
RX Power Info:
RSRQ -11 dB, RSRP -91 dBm,SINR 27 dB
RX0 power: -80 dBm,ecio: -10 dB, rsrp: -90 dBm, phase: 0 degree, sinr: 27 dB
RX1 power: -80 dBm,ecio: -10 dB, rsrp: -91 dBm, phase: 0 degree, sinr: 27 dB
RX2 power: -81 dBm,ecio: -10 dB, rsrp: -91 dBm, phase: 0 degree, sinr: 27 dB
RX3 power: -84 dBm,ecio: -10 dB, rsrp: -94 dBm,phase: 0 degree,sinr: 23 dB
NR CQI 255,RANK 255
Serving Beam SSB index 0,FR2 serving Beam:255,255


OK
at+bnrinfo

NR BAND:79, EARFCN:720288 DL_bandwidth:100MHz
physical cell ID:1, averaged PUSCH TX power :20 dBm, averaged PUCCH TX power :-255 dBm,
RX Power Info:
RSRQ -11 dB, RSRP -91 dBm,SINR 27 dB
RX0 power: -80 dBm,ecio: -10 dB, rsrp: -90 dBm, phase: 0 degree, sinr: 27 dB
RX1 power: -80 dBm,ecio: -10 dB, rsrp: -91 dBm, phase: 0 degree, sinr: 27 dB
RX2 power: -81 dBm,ecio: -10 dB, rsrp: -91 dBm, phase: 0 degree, sinr: 27 dB
RX3 power: -84 dBm,ecio: -10 dB, rsrp: -94 dBm,phase: 0 degree,sinr: 23 dB
NR CQI 255,RANK 255
Serving Beam SSB index 0,FR2 serving Beam:255,255


OK
[SSH]cmd:ping 10.205.102.16 -c 1
PING 10.205.102.16 (10.205.102.16): 56 data bytes
64 bytes from 10.205.102.16: seq=0 ttl=64 time=57.934 ms

--- 10.205.102.16 ping statistics ---
1 packets transmitted, 1 packets received, 0% packet loss
round-trip min/avg/max = 57.934/57.934/57.934 ms
[01/12 14:06:20]	TX Power: 20	Ping Latency: 57.934	
[SSH]cmd:echo -ne "at+bnrinfo\r\n" | microcom -t 1000 /dev/ttyUSB1
at+bnrinfo

NR BAND:79, EARFCN:720288 DL_bandwidth:100MHz
physical cell ID:1, averaged PUSCH TX power :20 dBm, averaged PUCCH TX power :-255 dBm,
RX Power Info:
RSRQ -11 dB, RSRP -91 dBm,SINR 27 dB
RX0 power: -79 dBm,ecio: -10 dB, rsrp: -90 dBm, phase: 0 degree, sinr: 27 dB
RX1 power: -80 dBm,ecio: -10 dB, rsrp: -91 dBm, phase: 0 degree, sinr: 27 dB
RX2 power: -81 dBm,ecio: -10 dB, rsrp: -91 dBm, phase: 0 degree, sinr: 27 dB
RX3 power: -84 dBm,ecio: -10 dB, rsrp: -94 dBm,phase: 0 degree,sinr: 23 dB
NR CQI 255,RANK 255
Serving Beam SSB index 0,FR2 serving Beam:255,255


OK
at+bnrinfo

NR BAND:79, EARFCN:720288 DL_bandwidth:100MHz
physical cell ID:1, averaged PUSCH TX power :20 dBm, averaged PUCCH TX power :-255 dBm,
RX Power Info:
RSRQ -11 dB, RSRP -91 dBm,SINR 27 dB
RX0 power: -79 dBm,ecio: -10 dB, rsrp: -90 dBm, phase: 0 degree, sinr: 27 dB
RX1 power: -80 dBm,ecio: -10 dB, rsrp: -91 dBm, phase: 0 degree, sinr: 27 dB
RX2 power: -81 dBm,ecio: -10 dB, rsrp: -91 dBm, phase: 0 degree, sinr: 27 dB
RX3 power: -84 dBm,ecio: -10 dB, rsrp: -94 dBm,phase: 0 degree,sinr: 23 dB
NR CQI 255,RANK 255
Serving Beam SSB index 0,FR2 serving Beam:255,255


OK
[SSH]cmd:ping 10.205.102.16 -c 1
PING 10.205.102.16 (10.205.102.16): 56 data bytes
64 bytes from 10.205.102.16: seq=0 ttl=64 time=59.564 ms

--- 10.205.102.16 ping statistics ---
1 packets transmitted, 1 packets received, 0% packet loss
round-trip min/avg/max = 59.564/59.564/59.564 ms
[01/12 14:06:27]	TX Power: 20	Ping Latency: 59.564	
[SSH]cmd:echo -ne "at+bnrinfo\r\n" | microcom -t 1000 /dev/ttyUSB1
at+bnrinfo

NR BAND:79, EARFCN:720288 DL_bandwidth:100MHz
physical cell ID:1, averaged PUSCH TX power :21 dBm, averaged PUCCH TX power :-255 dBm,
RX Power Info:
RSRQ -11 dB, RSRP -91 dBm,SINR 27 dB
RX0 power: -80 dBm,ecio: -10 dB, rsrp: -90 dBm, phase: 0 degree, sinr: 27 dB
RX1 power: -81 dBm,ecio: -10 dB, rsrp: -91 dBm, phase: 0 degree, sinr: 27 dB
RX2 power: -81 dBm,ecio: -10 dB, rsrp: -91 dBm, phase: 0 degree, sinr: 26 dB
RX3 power: -84 dBm,ecio: -10 dB, rsrp: -94 dBm,phase: 0 degree,sinr: 24 dB
NR CQI 255,RANK 255
Serving Beam SSB index 0,FR2 serving Beam:255,255


OK
AT+CESQDBM

+CESQDBM:
SYSTEM:NR5G-SA
Band 79
NR5G: RSRQ -11 dB, RSRP -91 dBm, SINR 27 dB


OK

COMPAL

OK
at+bnrinfo

NR BAND:79, EARFCN:720288 DL_bandwidth:100MHz
physical cell ID:1, averaged PUSCH TX power :21 dBm, averaged PUCCH TX power :-255 dBm,
RX Power Info:
RSRQ -11 dB, RSRP -91 dBm,SINR 27 dB
RX0 power: -80 dBm,ecio: -10 dB, rsrp: -90 dBm, phase: 0 degree, sinr: 27 dB
RX1 power: -81 dBm,ecio: -10 dB, rsrp: -91 dBm, phase: 0 degree, sinr: 27 dB
RX2 power: -81 dBm,ecio: -10 dB, rsrp: -91 dBm, phase: 0 degree, sinr: 26 dB
RX3 power: -84 dBm,ecio: -10 dB, rsrp: -94 dBm,phase: 0 degree,sinr: 24 dB
NR CQI 255,RANK 255
Serving Beam SSB index 0,FR2 serving Beam:255,255


OK
AT+CESQDBM

+CESQDBM:
SYSTEM:NR5G-SA
Band 79
NR5G: RSRQ -11 dB, RSRP -91 dBm, SINR 27 dB


OK

COMPAL

OK
[SSH]cmd:ping 10.205.102.16 -c 1
PING 10.205.102.16 (10.205.102.16): 56 data bytes
64 bytes from 10.205.102.16: seq=0 ttl=64 time=29.852 ms

--- 10.205.102.16 ping statistics ---
1 packets transmitted, 1 packets received, 0% packet loss
round-trip min/avg/max = 29.852/29.852/29.852 ms
[01/12 14:06:35]	RSRQ: -11	RSRP: -91	SINR: 27	TX Power: 21	Ping Latency: 29.852	
[SSH]cmd:echo -ne "at+bnrinfo\r\n" | microcom -t 1000 /dev/ttyUSB1
at+bnrAT+BINFO

ERROR
AT+CGPADDR

+CGPADDR: 1,10.205.164.5
+CGPADDR: 38,0.0.0.0.0.0.0.0.0.0.0.0.0.0.0.0
+CGPADDR: 39,0.0.0.0.0.0.0.0.0.0.0.0.0.0.0.0

OK
at+bnrAT+BINFO

ERROR
AT+CGPADDR

+CGPADDR: 1,10.205.164.5
+CGPADDR: 38,0.0.0.0.0.0.0.0.0.0.0.0.0.0.0.0
+CGPADDR: 39,0.0.0.0.0.0.0.0.0.0.0.0.0.0.0.0

OK
[SSH]cmd:ping 10.205.102.16 -c 1
PING 10.205.102.16 (10.205.102.16): 56 data bytes
64 bytes from 10.205.102.16: seq=0 ttl=64 time=13.852 ms

--- 10.205.102.16 ping statistics ---
1 packets transmitted, 1 packets received, 0% packet loss
round-trip min/avg/max = 13.852/13.852/13.852 ms
[01/12 14:06:41]	TX Power: 21	Ping Latency: 13.852	
[SSH]cmd:echo -ne "at+bnrinfo\r\n" | microcom -t 1000 /dev/ttyUSB1
at+bnrinfo

NR BAND:79, EARFCN:720288 DL_bandwidth:100MHz
physical cell ID:1, averaged PUSCH TX power :20 dBm, averaged PUCCH TX power :-255 dBm,
RX Power Info:
RSRQ -11 dB, RSRP -91 dBm,SINR 27 dB
RX0 power: -80 dBm,ecio: -10 dB, rsrp: -90 dBm, phase: 0 degree, sinr: 27 dB
RX1 power: -81 dBm,ecio: -10 dB, rsrp: -92 dBm, phase: 0 degree, sinr: 26 dB
RX2 power: -81 dBm,ecio: -10 dB, rsrp: -91 dBm, phase: 0 degree, sinr: 26 dB
RX3 power: -84 dBm,ecio: -10 dB, rsrp: -94 dBm,phase: 0 degree,sinr: 24 dB
NR CQI 255,RANK 255
Serving Beam SSB index 0,FR2 serving Beam:255,255


OK
at+bnrinfo

NR BAND:79, EARFCN:720288 DL_bandwidth:100MHz
physical cell ID:1, averaged PUSCH TX power :20 dBm, averaged PUCCH TX power :-255 dBm,
RX Power Info:
RSRQ -11 dB, RSRP -91 dBm,SINR 27 dB
RX0 power: -80 dBm,ecio: -10 dB, rsrp: -90 dBm, phase: 0 degree, sinr: 27 dB
RX1 power: -81 dBm,ecio: -10 dB, rsrp: -92 dBm, phase: 0 degree, sinr: 26 dB
RX2 power: -81 dBm,ecio: -10 dB, rsrp: -91 dBm, phase: 0 degree, sinr: 26 dB
RX3 power: -84 dBm,ecio: -10 dB, rsrp: -94 dBm,phase: 0 degree,sinr: 24 dB
NR CQI 255,RANK 255
Serving Beam SSB index 0,FR2 serving Beam:255,255


OK
[SSH]cmd:ping 10.205.102.16 -c 1
PING 10.205.102.16 (10.205.102.16): 56 data bytes
64 bytes from 10.205.102.16: seq=0 ttl=64 time=15.762 ms

--- 10.205.102.16 ping statistics ---
1 packets transmitted, 1 packets received, 0% packet loss
round-trip min/avg/max = 15.762/15.762/15.762 ms
[01/12 14:06:48]	TX Power: 20	Ping Latency: 15.762	
[SSH]cmd:echo -ne "at+bnrinfo\r\n" | microcom -t 1000 /dev/ttyUSB1
at+bnrinfo

NR BAND:79, EARFCN:720288 DL_bandwidth:100MHz
physical cell ID:1, averaged PUSCH TX power :20 dBm, averaged PUCCH TX power :-255 dBm,
RX Power Info:
RSRQ -11 dB, RSRP -91 dBm,SINR 27 dB
RX0 power: -80 dBm,ecio: -10 dB, rsrp: -90 dBm, phase: 0 degree, sinr: 27 dB
RX1 power: -80 dBm,ecio: -10 dB, rsrp: -91 dBm, phase: 0 degree, sinr: 27 dB
RX2 power: -81 dBm,ecio: -10 dB, rsrp: -91 dBm, phase: 0 degree, sinr: 26 dB
RX3 power: -84 dBm,ecio: -10 dB, rsrp: -94 dBm,phase: 0 degree,sinr: 24 dB
NR CQI 255,RANK 255
Serving Beam SSB index 0,FR2 serving Beam:255,255


OK
at+bnrinfo

NR BAND:79, EARFCN:720288 DL_bandwidth:100MHz
physical cell ID:1, averaged PUSCH TX power :20 dBm, averaged PUCCH TX power :-255 dBm,
RX Power Info:
RSRQ -11 dB, RSRP -91 dBm,SINR 27 dB
RX0 power: -80 dBm,ecio: -10 dB, rsrp: -90 dBm, phase: 0 degree, sinr: 27 dB
RX1 power: -80 dBm,ecio: -10 dB, rsrp: -91 dBm, phase: 0 degree, sinr: 27 dB
RX2 power: -81 dBm,ecio: -10 dB, rsrp: -91 dBm, phase: 0 degree, sinr: 26 dB
RX3 power: -84 dBm,ecio: -10 dB, rsrp: -94 dBm,phase: 0 degree,sinr: 24 dB
NR CQI 255,RANK 255
Serving Beam SSB index 0,FR2 serving Beam:255,255


OK
[SSH]cmd:ping 10.205.102.16 -c 1
PING 10.205.102.16 (10.205.102.16): 56 data bytes
64 bytes from 10.205.102.16: seq=0 ttl=64 time=12.316 ms

--- 10.205.102.16 ping statistics ---
1 packets transmitted, 1 packets received, 0% packet loss
round-trip min/avg/max = 12.316/12.316/12.316 ms
[01/12 14:06:55]	TX Power: 20	Ping Latency: 12.316	
[SSH]cmd:echo -ne "at+bnrinfo\r\n" | microcom -t 1000 /dev/ttyUSB1
at+bnrinfo

NR BAND:79, EARFCN:720288 DL_bandwidth:100MHz
physical cell ID:1, averaged PUSCH TX power :20 dBm, averaged PUCCH TX power :-255 dBm,
RX Power Info:
RSRQ -11 dB, RSRP -90 dBm,SINR 27 dB
RX0 power: -79 dBm,ecio: -10 dB, rsrp: -90 dBm, phase: 0 degree, sinr: 27 dB
RX1 power: -80 dBm,ecio: -10 dB, rsrp: -91 dBm, phase: 0 degree, sinr: 26 dB
RX2 power: -81 dBm,ecio: -10 dB, rsrp: -91 dBm, phase: 0 degree, sinr: 26 dB
RX3 power: -84 dBm,ecio: -10 dB, rsrp: -94 dBm,phase: 0 degree,sinr: 23 dB
NR CQI 255,RANK 255
Serving Beam SSB index 0,FR2 serving Beam:255,255


OK
at+bnrinfo

NR BAND:79, EARFCN:720288 DL_bandwidth:100MHz
physical cell ID:1, averaged PUSCH TX power :20 dBm, averaged PUCCH TX power :-255 dBm,
RX Power Info:
RSRQ -11 dB, RSRP -90 dBm,SINR 27 dB
RX0 power: -79 dBm,ecio: -10 dB, rsrp: -90 dBm, phase: 0 degree, sinr: 27 dB
RX1 power: -80 dBm,ecio: -10 dB, rsrp: -91 dBm, phase: 0 degree, sinr: 26 dB
RX2 power: -81 dBm,ecio: -10 dB, rsrp: -91 dBm, phase: 0 degree, sinr: 26 dB
RX3 power: -84 dBm,ecio: -10 dB, rsrp: -94 dBm,phase: 0 degree,sinr: 23 dB
NR CQI 255,RANK 255
Serving Beam SSB index 0,FR2 serving Beam:255,255


OK
[SSH]cmd:ping 10.205.102.16 -c 1
PING 10.205.102.16 (10.205.102.16): 56 data bytes
64 bytes from 10.205.102.16: seq=0 ttl=64 time=14.503 ms

--- 10.205.102.16 ping statistics ---
1 packets transmitted, 1 packets received, 0% packet loss
round-trip min/avg/max = 14.503/14.503/14.503 ms
[01/12 14:07:03]	TX Power: 20	Ping Latency: 14.503	
[SSH]cmd:echo -ne "at+bnrinfo\r\n" | microcom -t 1000 /dev/ttyUSB1
at+bnrinfo

NR BAND:79, EARFCN:720288 DL_bandwidth:100MHz
physical cell ID:1, averaged PUSCH TX power :20 dBm, averaged PUCCH TX power :-255 dBm,
RX Power Info:
RSRQ -11 dB, RSRP -91 dBm,SINR 27 dB
RX0 power: -79 dBm,ecio: -10 dB, rsrp: -90 dBm, phase: 0 degree, sinr: 27 dB
RX1 power: -81 dBm,ecio: -10 dB, rsrp: -91 dBm, phase: 0 degree, sinr: 26 dB
RX2 power: -81 dBm,ecio: -10 dB, rsrp: -91 dBm, phase: 0 degree, sinr: 27 dB
RX3 power: -84 dBm,ecio: -10 dB, rsrp: -94 dBm,phase: 0 degree,sinr: 23 dB
NR CQI 255,RANK 255
Serving Beam SSB index 0,FR2 serving Beam:255,255


OK
at+bnrinfo

NR BAND:79, EARFCN:720288 DL_bandwidth:100MHz
physical cell ID:1, averaged PUSCH TX power :20 dBm, averaged PUCCH TX power :-255 dBm,
RX Power Info:
RSRQ -11 dB, RSRP -91 dBm,SINR 27 dB
RX0 power: -79 dBm,ecio: -10 dB, rsrp: -90 dBm, phase: 0 degree, sinr: 27 dB
RX1 power: -81 dBm,ecio: -10 dB, rsrp: -91 dBm, phase: 0 degree, sinr: 26 dB
RX2 power: -81 dBm,ecio: -10 dB, rsrp: -91 dBm, phase: 0 degree, sinr: 27 dB
RX3 power: -84 dBm,ecio: -10 dB, rsrp: -94 dBm,phase: 0 degree,sinr: 23 dB
NR CQI 255,RANK 255
Serving Beam SSB index 0,FR2 serving Beam:255,255


OK
[SSH]cmd:ping 10.205.102.16 -c 1
PING 10.205.102.16 (10.205.102.16): 56 data bytes
64 bytes from 10.205.102.16: seq=0 ttl=64 time=14.067 ms

--- 10.205.102.16 ping statistics ---
1 packets transmitted, 1 packets received, 0% packet loss
round-trip min/avg/max = 14.067/14.067/14.067 ms
[01/12 14:07:10]	TX Power: 20	Ping Latency: 14.067	
[SSH]cmd:echo -ne "at+bnrinfo\r\n" | microcom -t 1000 /dev/ttyUSB1
at+bnrinfo

NR BAND:79, EARFCN:720288 DL_bandwidth:100MHz
physical cell ID:1, averaged PUSCH TX power :19 dBm, averaged PUCCH TX power :-255 dBm,
RX Power Info:
RSRQ -11 dB, RSRP -90 dBm,SINR 28 dB
RX0 power: -79 dBm,ecio: -10 dB, rsrp: -90 dBm, phase: 0 degree, sinr: 28 dB
RX1 power: -81 dBm,ecio: -11 dB, rsrp: -92 dBm, phase: 0 degree, sinr: 26 dB
RX2 power: -88 dBm,ecio: -10 dB, rsrp: -99 dBm, phase: 0 degree, sinr: 21 dB
RX3 power: -84 dBm,ecio: -10 dB, rsrp: -94 dBm,phase: 0 degree,sinr: 24 dB
NR CQI 255,RANK 255
Serving Beam SSB index 0,FR2 serving Beam:255,255


OK
at+bnrinfo

NR BAND:79, EARFCN:720288 DL_bandwidth:100MHz
physical cell ID:1, averaged PUSCH TX power :19 dBm, averaged PUCCH TX power :-255 dBm,
RX Power Info:
RSRQ -11 dB, RSRP -90 dBm,SINR 28 dB
RX0 power: -79 dBm,ecio: -10 dB, rsrp: -90 dBm, phase: 0 degree, sinr: 28 dB
RX1 power: -81 dBm,ecio: -11 dB, rsrp: -92 dBm, phase: 0 degree, sinr: 26 dB
RX2 power: -88 dBm,ecio: -10 dB, rsrp: -99 dBm, phase: 0 degree, sinr: 21 dB
RX3 power: -84 dBm,ecio: -10 dB, rsrp: -94 dBm,phase: 0 degree,sinr: 24 dB
NR CQI 255,RANK 255
Serving Beam SSB index 0,FR2 serving Beam:255,255


OK
[SSH]cmd:ping 10.205.102.16 -c 1
PING 10.205.102.16 (10.205.102.16): 56 data bytes
64 bytes from 10.205.102.16: seq=0 ttl=64 time=13.888 ms

--- 10.205.102.16 ping statistics ---
1 packets transmitted, 1 packets received, 0% packet loss
round-trip min/avg/max = 13.888/13.888/13.888 ms
[01/12 14:07:17]	TX Power: 19	Ping Latency: 13.888