Test Program: 1.0.0.0
****************************** Loop: 1  ******************************
****************************** [1]TestItem: RSRP@-T:10/-W:1  ******************************
****************************** 2024/1/12 下午 02:04:40 *****************************************
****************************** Loop RSRP *****************************************
cmd: adb -s NoADB shell Query Connection Status
Loop: 10 , Wait: 1s
[SSH]cmd:echo -ne "at+bnrinfo\r\n" | microcom -t 1000 /dev/ttyUSB1
at+bnrinfo

NR BAND:79, EARFCN:720288 DL_bandwidth:100MHz
physical cell ID:1, averaged PUSCH TX power :20 dBm, averaged PUCCH TX power :-255 dBm,
RX Power Info:
RSRQ -11 dB, RSRP -91 dBm,SINR 26 dB
RX0 power: -91 dBm,ecio: -10 dB, rsrp: -101 dBm, phase: 0 degree, sinr: 19 dB
RX1 power: -80 dBm,ecio: -10 dB, rsrp: -91 dBm, phase: 0 degree, sinr: 26 dB
RX2 power: -93 dBm,ecio: -10 dB, rsrp: -103 dBm, phase: 0 degree, sinr: 19 dB
RX3 power: -82 dBm,ecio: -10 dB, rsrp: -92 dBm,phase: 0 degree,sinr: 24 dB
NR CQI 255,RANK 255
Serving Beam SSB index 0,FR2 serving Beam:255,255


OK
at+bnrinfo

NR BAND:79, EARFCN:720288 DL_bandwidth:100MHz
physical cell ID:1, averaged PUSCH TX power :20 dBm, averaged PUCCH TX power :-255 dBm,
RX Power Info:
RSRQ -11 dB, RSRP -91 dBm,SINR 26 dB
RX0 power: -91 dBm,ecio: -10 dB, rsrp: -101 dBm, phase: 0 degree, sinr: 19 dB
RX1 power: -80 dBm,ecio: -10 dB, rsrp: -91 dBm, phase: 0 degree, sinr: 26 dB
RX2 power: -93 dBm,ecio: -10 dB, rsrp: -103 dBm, phase: 0 degree, sinr: 19 dB
RX3 power: -82 dBm,ecio: -10 dB, rsrp: -92 dBm,phase: 0 degree,sinr: 24 dB
NR CQI 255,RANK 255
Serving Beam SSB index 0,FR2 serving Beam:255,255


OK
[SSH]cmd:ping 10.205.102.16 -c 1
PING 10.205.102.16 (10.205.102.16): 56 data bytes
64 bytes from 10.205.102.16: seq=0 ttl=64 time=21.595 ms

--- 10.205.102.16 ping statistics ---
1 packets transmitted, 1 packets received, 0% packet loss
round-trip min/avg/max = 21.595/21.595/21.595 ms
[01/12 14:04:47]	TX Power: 20	Ping Latency: 21.595	
[SSH]cmd:echo -ne "at+bnrinfo\r\n" | microcom -t 1000 /dev/ttyUSB1
at+bnrinfo

NR BAND:79, EARFCN:720288 DL_bandwidth:100MHz
physical cell ID:1, averaged PUSCH TX power :21 dBm, averaged PUCCH TX power :-255 dBm,
RX Power Info:
RSRQ -11 dB, RSRP -91 dBm,SINR 26 dB
RX0 power: -88 dBm,ecio: -10 dB, rsrp: -98 dBm, phase: 0 degree, sinr: 19 dB
RX1 power: -79 dBm,ecio: -10 dB, rsrp: -89 dBm, phase: 0 degree, sinr: 26 dB
RX2 power: -90 dBm,ecio: -10 dB, rsrp: -101 dBm, phase: 0 degree, sinr: 20 dB
RX3 power: -80 dBm,ecio: -10 dB, rsrp: -91 dBm,phase: 0 degree,sinr: 24 dB
NR CQI 255,RANK 255
Serving Beam SSB index 0,FR2 serving Beam:255,255


OK
at+bnrinfo

NR BAND:79, EARFCN:720288 DL_bandwidth:100MHz
physical cell ID:1, averaged PUSCH TX power :21 dBm, averaged PUCCH TX power :-255 dBm,
RX Power Info:
RSRQ -11 dB, RSRP -91 dBm,SINR 26 dB
RX0 power: -88 dBm,ecio: -10 dB, rsrp: -98 dBm, phase: 0 degree, sinr: 19 dB
RX1 power: -79 dBm,ecio: -10 dB, rsrp: -89 dBm, phase: 0 degree, sinr: 26 dB
RX2 power: -90 dBm,ecio: -10 dB, rsrp: -101 dBm, phase: 0 degree, sinr: 20 dB
RX3 power: -80 dBm,ecio: -10 dB, rsrp: -91 dBm,phase: 0 degree,sinr: 24 dB
NR CQI 255,RANK 255
Serving Beam SSB index 0,FR2 serving Beam:255,255


OK
[SSH]cmd:ping 10.205.102.16 -c 1
PING 10.205.102.16 (10.205.102.16): 56 data bytes
64 bytes from 10.205.102.16: seq=0 ttl=64 time=27.675 ms

--- 10.205.102.16 ping statistics ---
1 packets transmitted, 1 packets received, 0% packet loss
round-trip min/avg/max = 27.675/27.675/27.675 ms
[01/12 14:04:55]	TX Power: 21	Ping Latency: 27.675	
[SSH]cmd:echo -ne "at+bnrinfo\r\n" | microcom -t 1000 /dev/ttyUSB1
at+bnrinfo

NR BAND:79, EARFCN:720288 DL_bandwidth:100MHz
physical cell ID:1, averaged PUSCH TX power :20 dBm, averaged PUCCH TX power :-255 dBm,
RX Power Info:
RSRQ -11 dB, RSRP -91 dBm,SINR 26 dB
RX0 power: -90 dBm,ecio: -10 dB, rsrp: -100 dBm, phase: 0 degree, sinr: 19 dB
RX1 power: -79 dBm,ecio: -10 dB, rsrp: -89 dBm, phase: 0 degree, sinr: 26 dB
RX2 power: -91 dBm,ecio: -10 dB, rsrp: -101 dBm, phase: 0 degree, sinr: 19 dB
RX3 power: -81 dBm,ecio: -10 dB, rsrp: -91 dBm,phase: 0 degree,sinr: 24 dB
NR CQI 255,RANK 255
Serving Beam SSB index 0,FR2 serving Beam:255,255


OK

COMPAL

OK

Manufacturer: COMPAL
Model: 334
Revision: RXMG1.20.00.428_0R12
SVN: 01
IMEI: 359047100262714
+GCAP: +CGSM

OK
at+bnrinfo

NR BAND:79, EARFCN:720288 DL_bandwidth:100MHz
physical cell ID:1, averaged PUSCH TX power :20 dBm, averaged PUCCH TX power :-255 dBm,
RX Power Info:
RSRQ -11 dB, RSRP -91 dBm,SINR 26 dB
RX0 power: -90 dBm,ecio: -10 dB, rsrp: -100 dBm, phase: 0 degree, sinr: 19 dB
RX1 power: -79 dBm,ecio: -10 dB, rsrp: -89 dBm, phase: 0 degree, sinr: 26 dB
RX2 power: -91 dBm,ecio: -10 dB, rsrp: -101 dBm, phase: 0 degree, sinr: 19 dB
RX3 power: -81 dBm,ecio: -10 dB, rsrp: -91 dBm,phase: 0 degree,sinr: 24 dB
NR CQI 255,RANK 255
Serving Beam SSB index 0,FR2 serving Beam:255,255


OK

COMPAL

OK

Manufacturer: COMPAL
Model: 334
Revision: RXMG1.20.00.428_0R12
SVN: 01
IMEI: 359047100262714
+GCAP: +CGSM

OK
[SSH]cmd:ping 10.205.102.16 -c 1
PING 10.205.102.16 (10.205.102.16): 56 data bytes
64 bytes from 10.205.102.16: seq=0 ttl=64 time=37.731 ms

--- 10.205.102.16 ping statistics ---
1 packets transmitted, 1 packets received, 0% packet loss
round-trip min/avg/max = 37.731/37.731/37.731 ms
[01/12 14:05:03]	TX Power: 20	Ping Latency: 37.731	
[SSH]cmd:echo -ne "at+bnrinfo\r\n" | microcom -t 1000 /dev/ttyUSB1

<LTE PCC INFO>:<INVALID>

OK
AT+CGPADDR

+CGPADDR: 1,10.205.164.11
+CGPADDR: 38,0.0.0.0.0.0.0.0.0.0.0.0.0.0.0.0
+CGPADDR: 39,0.0.0.0.0.0.0.0.0.0.0.0.0.0.0.0

OK
<LTE PCC INFO>:<INVALID>

OK
AT+CGPADDR

+CGPADDR: 1,10.205.164.11
+CGPADDR: 38,0.0.0.0.0.0.0.0.0.0.0.0.0.0.0.0
+CGPADDR: 39,0.0.0.0.0.0.0.0.0.0.0.0.0.0.0.0

OK
[SSH]cmd:ping 10.205.102.16 -c 1
PING 10.205.102.16 (10.205.102.16): 56 data bytes
64 bytes from 10.205.102.16: seq=0 ttl=64 time=68.465 ms

--- 10.205.102.16 ping statistics ---
1 packets transmitted, 1 packets received, 0% packet loss
round-trip min/avg/max = 68.465/68.465/68.465 ms
[01/12 14:05:11]	TX Power: 20	Ping Latency: 68.465	
[SSH]cmd:echo -ne "at+bnrinfo\r\n" | microcom -t 1000 /dev/ttyUSB1
at+bnrinfo

NR BAND:79, EARFCN:720288 DL_bandwidth:100MHz
physical cell ID:1, averaged PUSCH TX power :20 dBm, averaged PUCCH TX power :-255 dBm,
RX Power Info:
RSRQ -11 dB, RSRP -91 dBm,SINR 26 dB
RX0 power: -89 dBm,ecio: -10 dB, rsrp: -100 dBm, phase: 0 degree, sinr: 18 dB
RX1 power: -79 dBm,ecio: -10 dB, rsrp: -90 dBm, phase: 0 degree, sinr: 26 dB
RX2 power: -90 dBm,ecio: -10 dB, rsrp: -101 dBm, phase: 0 degree, sinr: 19 dB
RX3 power: -81 dBm,ecio: -10 dB, rsrp: -92 dBm,phase: 0 degree,sinr: 24 dB
NR CQI 255,RANK 255
Serving Beam SSB index 0,FR2 serving Beam:255,255


OK
at+bnrinfo

NR BAND:79, EARFCN:720288 DL_bandwidth:100MHz
physical cell ID:1, averaged PUSCH TX power :20 dBm, averaged PUCCH TX power :-255 dBm,
RX Power Info:
RSRQ -11 dB, RSRP -91 dBm,SINR 26 dB
RX0 power: -89 dBm,ecio: -10 dB, rsrp: -100 dBm, phase: 0 degree, sinr: 18 dB
RX1 power: -79 dBm,ecio: -10 dB, rsrp: -90 dBm, phase: 0 degree, sinr: 26 dB
RX2 power: -90 dBm,ecio: -10 dB, rsrp: -101 dBm, phase: 0 degree, sinr: 19 dB
RX3 power: -81 dBm,ecio: -10 dB, rsrp: -92 dBm,phase: 0 degree,sinr: 24 dB
NR CQI 255,RANK 255
Serving Beam SSB index 0,FR2 serving Beam:255,255


OK
[SSH]cmd:ping 10.205.102.16 -c 1
PING 10.205.102.16 (10.205.102.16): 56 data bytes
64 bytes from 10.205.102.16: seq=0 ttl=64 time=25.790 ms

--- 10.205.102.16 ping statistics ---
1 packets transmitted, 1 packets received, 0% packet loss
round-trip min/avg/max = 25.790/25.790/25.790 ms
[01/12 14:05:18]	TX Power: 20	Ping Latency: 25.79	
[SSH]cmd:echo -ne "at+bnrinfo\r\n" | microcom -t 1000 /dev/ttyUSB1
at+bnrinfo

NR BAND:79, EARFCN:720288 DL_bandwidth:100MHz
physical cell ID:1, averaged PUSCH TX power :20 dBm, averaged PUCCH TX power :-255 dBm,
RX Power Info:
RSRQ -11 dB, RSRP -91 dBm,SINR 26 dB
RX0 power: -89 dBm,ecio: -10 dB, rsrp: -100 dBm, phase: 0 degree, sinr: 19 dB
RX1 power: -80 dBm,ecio: -10 dB, rsrp: -90 dBm, phase: 0 degree, sinr: 26 dB
RX2 power: -91 dBm,ecio: -10 dB, rsrp: -102 dBm, phase: 0 degree, sinr: 19 dB
RX3 power: -81 dBm,ecio: -10 dB, rsrp: -92 dBm,phase: 0 degree,sinr: 25 dB
NR CQI 255,RANK 255
Serving Beam SSB index 0,FR2 serving Beam:255,255


OK
at+bnrinfo

NR BAND:79, EARFCN:720288 DL_bandwidth:100MHz
physical cell ID:1, averaged PUSCH TX power :20 dBm, averaged PUCCH TX power :-255 dBm,
RX Power Info:
RSRQ -11 dB, RSRP -91 dBm,SINR 26 dB
RX0 power: -89 dBm,ecio: -10 dB, rsrp: -100 dBm, phase: 0 degree, sinr: 19 dB
RX1 power: -80 dBm,ecio: -10 dB, rsrp: -90 dBm, phase: 0 degree, sinr: 26 dB
RX2 power: -91 dBm,ecio: -10 dB, rsrp: -102 dBm, phase: 0 degree, sinr: 19 dB
RX3 power: -81 dBm,ecio: -10 dB, rsrp: -92 dBm,phase: 0 degree,sinr: 25 dB
NR CQI 255,RANK 255
Serving Beam SSB index 0,FR2 serving Beam:255,255


OK
[SSH]cmd:ping 10.205.102.16 -c 1
PING 10.205.102.16 (10.205.102.16): 56 data bytes
64 bytes from 10.205.102.16: seq=0 ttl=64 time=29.849 ms

--- 10.205.102.16 ping statistics ---
1 packets transmitted, 1 packets received, 0% packet loss
round-trip min/avg/max = 29.849/29.849/29.849 ms
[01/12 14:05:26]	TX Power: 20	Ping Latency: 29.849	
[SSH]cmd:echo -ne "at+bnrinfo\r\n" | microcom -t 1000 /dev/ttyUSB1
at+bnrinfo

NR BAND:79, EARFCN:720288 DL_bandwidth:100MHz
physical cell ID:1, averaged PUSCH TX power :20 dBm, averaged PUCCH TX power :-255 dBm,
RX Power Info:
RSRQ -11 dB, RSRP -90 dBm,SINR 26 dB
RX0 power: -90 dBm,ecio: -10 dB, rsrp: -100 dBm, phase: 0 degree, sinr: 19 dB
RX1 power: -80 dBm,ecio: -10 dB, rsrp: -90 dBm, phase: 0 degree, sinr: 26 dB
RX2 power: -93 dBm,ecio: -10 dB, rsrp: -103 dBm, phase: 0 degree, sinr: 19 dB
RX3 power: -82 dBm,ecio: -10 dB, rsrp: -92 dBm,phase: 0 degree,sinr: 24 dB
NR CQI 255,RANK 255
Serving Beam SSB index 0,FR2 serving Beam:255,255


OK
at+bnrinfo

NR BAND:79, EARFCN:720288 DL_bandwidth:100MHz
physical cell ID:1, averaged PUSCH TX power :20 dBm, averaged PUCCH TX power :-255 dBm,
RX Power Info:
RSRQ -11 dB, RSRP -90 dBm,SINR 26 dB
RX0 power: -90 dBm,ecio: -10 dB, rsrp: -100 dBm, phase: 0 degree, sinr: 19 dB
RX1 power: -80 dBm,ecio: -10 dB, rsrp: -90 dBm, phase: 0 degree, sinr: 26 dB
RX2 power: -93 dBm,ecio: -10 dB, rsrp: -103 dBm, phase: 0 degree, sinr: 19 dB
RX3 power: -82 dBm,ecio: -10 dB, rsrp: -92 dBm,phase: 0 degree,sinr: 24 dB
NR CQI 255,RANK 255
Serving Beam SSB index 0,FR2 serving Beam:255,255


OK
[SSH]cmd:ping 10.205.102.16 -c 1
PING 10.205.102.16 (10.205.102.16): 56 data bytes
64 bytes from 10.205.102.16: seq=0 ttl=64 time=33.781 ms

--- 10.205.102.16 ping statistics ---
1 packets transmitted, 1 packets received, 0% packet loss
round-trip min/avg/max = 33.781/33.781/33.781 ms
[01/12 14:05:35]	TX Power: 20	Ping Latency: 33.781	
[SSH]cmd:echo -ne "at+bnrinfo\r\n" | microcom -t 1000 /dev/ttyUSB1
AT+CGSN

359047100262714

OK

+CPIN: READY

OK

466660000055171

OK
AT+ICCID

ICCID: 8988211000000551716F

OK
AT+CGSN

359047100262714

OK

+CPIN: READY

OK

466660000055171

OK
AT+ICCID

ICCID: 8988211000000551716F

OK
[SSH]cmd:ping 10.205.102.16 -c 1
PING 10.205.102.16 (10.205.102.16): 56 data bytes
64 bytes from 10.205.102.16: seq=0 ttl=64 time=48.638 ms

--- 10.205.102.16 ping statistics ---
1 packets transmitted, 1 packets received, 0% packet loss
round-trip min/avg/max = 48.638/48.638/48.638 ms
[01/12 14:05:42]	TX Power: 20	Ping Latency: 48.638	
[SSH]cmd:echo -ne "at+bnrinfo\r\n" | microcom -t 1000 /dev/ttyUSB1

<LTE PCC INFO>:<INVALID>

OK
<LTE PCC INFO>:<INVALID>

OK
[SSH]cmd:ping 10.205.102.16 -c 1
PING 10.205.102.16 (10.205.102.16): 56 data bytes
64 bytes from 10.205.102.16: seq=0 ttl=64 time=67.510 ms

--- 10.205.102.16 ping statistics ---
1 packets transmitted, 1 packets received, 0% packet loss
round-trip min/avg/max = 67.510/67.510/67.510 ms
[01/12 14:05:49]	TX Power: 20	Ping Latency: 67.51	
[SSH]cmd:echo -ne "at+bnrinfo\r\n" | microcom -t 1000 /dev/ttyUSB1
at+bnrinfo

NR BAND:79, EARFCN:720288 DL_bandwidth:100MHz
physical cell ID:1, averaged PUSCH TX power :20 dBm, averaged PUCCH TX power :-255 dBm,
RX Power Info:
RSRQ -11 dB, RSRP -90 dBm,SINR 26 dB
RX0 power: -90 dBm,ecio: -10 dB, rsrp: -100 dBm, phase: 0 degree, sinr: 19 dB
RX1 power: -80 dBm,ecio: -10 dB, rsrp: -90 dBm, phase: 0 degree, sinr: 26 dB
RX2 power: -92 dBm,ecio: -10 dB, rsrp: -103 dBm, phase: 0 degree, sinr: 18 dB
RX3 power: -81 dBm,ecio: -10 dB, rsrp: -92 dBm,phase: 0 degree,sinr: 24 dB
NR CQI 255,RANK 255
Serving Beam SSB index 0,FR2 serving Beam:255,255


OK
at+bnrinfo

NR BAND:79, EARFCN:720288 DL_bandwidth:100MHz
physical cell ID:1, averaged PUSCH TX power :20 dBm, averaged PUCCH TX power :-255 dBm,
RX Power Info:
RSRQ -11 dB, RSRP -90 dBm,SINR 26 dB
RX0 power: -90 dBm,ecio: -10 dB, rsrp: -100 dBm, phase: 0 degree, sinr: 19 dB
RX1 power: -80 dBm,ecio: -10 dB, rsrp: -90 dBm, phase: 0 degree, sinr: 26 dB
RX2 power: -92 dBm,ecio: -10 dB, rsrp: -103 dBm, phase: 0 degree, sinr: 18 dB
RX3 power: -81 dBm,ecio: -10 dB, rsrp: -92 dBm,phase: 0 degree,sinr: 24 dB
NR CQI 255,RANK 255
Serving Beam SSB index 0,FR2 serving Beam:255,255


OK
[SSH]cmd:ping 10.205.102.16 -c 1
PING 10.205.102.16 (10.205.102.16): 56 data bytes
64 bytes from 10.205.102.16: seq=0 ttl=64 time=46.596 ms

--- 10.205.102.16 ping statistics ---
1 packets transmitted, 1 packets received, 0% packet loss
round-trip min/avg/max = 46.596/46.596/46.596 ms
[01/12 14:05:57]	TX Power: 20	Ping Latency: 46.596