Test Program: 1.0.0.0
****************************** Loop: 1  ******************************
****************************** [1]TestItem: RSRP@-T:10/-W:1  ******************************
****************************** 2024/1/12 下午 02:10:58 *****************************************
****************************** Loop RSRP *****************************************
cmd: adb -s NoADB shell Query Connection Status
Loop: 10 , Wait: 1s
[SSH]cmd:echo -ne "at+bnrinfo\r\n" | microcom -t 1000 /dev/ttyUSB1
at+bnrinfo

NR BAND:79, EARFCN:720288 DL_bandwidth:100MHz
physical cell ID:1, averaged PUSCH TX power :20 dBm, averaged PUCCH TX power :-255 dBm,
RX Power Info:
RSRQ -11 dB, RSRP -95 dBm,SINR 25 dB
RX0 power: -90 dBm,ecio: -10 dB, rsrp: -100 dBm, phase: 0 degree, sinr: 20 dB
RX1 power: -84 dBm,ecio: -10 dB, rsrp: -94 dBm, phase: 0 degree, sinr: 25 dB
RX2 power: -94 dBm,ecio: -10 dB, rsrp: -104 dBm, phase: 0 degree, sinr: 17 dB
RX3 power: -86 dBm,ecio: -10 dB, rsrp: -97 dBm,phase: 0 degree,sinr: 21 dB
NR CQI 255,RANK 255
Serving Beam SSB index 0,FR2 serving Beam:255,255


OK
at+bnrinfo

NR BAND:79, EARFCN:720288 DL_bandwidth:100MHz
physical cell ID:1, averaged PUSCH TX power :20 dBm, averaged PUCCH TX power :-255 dBm,
RX Power Info:
RSRQ -11 dB, RSRP -95 dBm,SINR 25 dB
RX0 power: -90 dBm,ecio: -10 dB, rsrp: -100 dBm, phase: 0 degree, sinr: 20 dB
RX1 power: -84 dBm,ecio: -10 dB, rsrp: -94 dBm, phase: 0 degree, sinr: 25 dB
RX2 power: -94 dBm,ecio: -10 dB, rsrp: -104 dBm, phase: 0 degree, sinr: 17 dB
RX3 power: -86 dBm,ecio: -10 dB, rsrp: -97 dBm,phase: 0 degree,sinr: 21 dB
NR CQI 255,RANK 255
Serving Beam SSB index 0,FR2 serving Beam:255,255


OK
[SSH]cmd:ping 10.205.102.16 -c 1
PING 10.205.102.16 (10.205.102.16): 56 data bytes
64 bytes from 10.205.102.16: seq=0 ttl=64 time=14.758 ms

--- 10.205.102.16 ping statistics ---
1 packets transmitted, 1 packets received, 0% packet loss
round-trip min/avg/max = 14.758/14.758/14.758 ms
[01/12 14:11:04]	TX Power: 20	Ping Latency: 14.758	
[SSH]cmd:echo -ne "at+bnrinfo\r\n" | microcom -t 1000 /dev/ttyUSB1
at+bnrinfo

NR BAND:79, EARFCN:720288 DL_bandwidth:100MHz
physical cell ID:1, averaged PUSCH TX power :21 dBm, averaged PUCCH TX power :-255 dBm,
RX Power Info:
RSRQ -11 dB, RSRP -94 dBm,SINR 25 dB
RX0 power: -89 dBm,ecio: -10 dB, rsrp: -100 dBm, phase: 0 degree, sinr: 20 dB
RX1 power: -83 dBm,ecio: -10 dB, rsrp: -93 dBm, phase: 0 degree, sinr: 25 dB
RX2 power: -93 dBm,ecio: -10 dB, rsrp: -103 dBm, phase: 0 degree, sinr: 17 dB
RX3 power: -84 dBm,ecio: -10 dB, rsrp: -95 dBm,phase: 0 degree,sinr: 22 dB
NR CQI 255,RANK 255
Serving Beam SSB index 0,FR2 serving Beam:255,255


OK
at+bnrinfo

NR BAND:79, EARFCN:720288 DL_bandwidth:100MHz
physical cell ID:1, averaged PUSCH TX power :21 dBm, averaged PUCCH TX power :-255 dBm,
RX Power Info:
RSRQ -11 dB, RSRP -94 dBm,SINR 25 dB
RX0 power: -89 dBm,ecio: -10 dB, rsrp: -100 dBm, phase: 0 degree, sinr: 20 dB
RX1 power: -83 dBm,ecio: -10 dB, rsrp: -93 dBm, phase: 0 degree, sinr: 25 dB
RX2 power: -93 dBm,ecio: -10 dB, rsrp: -103 dBm, phase: 0 degree, sinr: 17 dB
RX3 power: -84 dBm,ecio: -10 dB, rsrp: -95 dBm,phase: 0 degree,sinr: 22 dB
NR CQI 255,RANK 255
Serving Beam SSB index 0,FR2 serving Beam:255,255


OK
[SSH]cmd:ping 10.205.102.16 -c 1
PING 10.205.102.16 (10.205.102.16): 56 data bytes
64 bytes from 10.205.102.16: seq=0 ttl=64 time=13.167 ms

--- 10.205.102.16 ping statistics ---
1 packets transmitted, 1 packets received, 0% packet loss
round-trip min/avg/max = 13.167/13.167/13.167 ms
[01/12 14:11:11]	TX Power: 21	Ping Latency: 13.167	
[SSH]cmd:echo -ne "at+bnrinfo\r\n" | microcom -t 1000 /dev/ttyUSB1
at+bnrinfo

NR BAND:79, EARFCN:720288 DL_bandwidth:100MHz
physical cell ID:1, averaged PUSCH TX power :21 dBm, averaged PUCCH TX power :-255 dBm,
RX Power Info:
RSRQ -11 dB, RSRP -93 dBm,SINR 25 dB
RX0 power: -89 dBm,ecio: -10 dB, rsrp: -100 dBm, phase: 0 degree, sinr: 21 dB
RX1 power: -83 dBm,ecio: -10 dB, rsrp: -93 dBm, phase: 0 degree, sinr: 25 dB
RX2 power: -93 dBm,ecio: -10 dB, rsrp: -103 dBm, phase: 0 degree, sinr: 17 dB
RX3 power: -86 dBm,ecio: -10 dB, rsrp: -96 dBm,phase: 0 degree,sinr: 22 dB
NR CQI 255,RANK 255
Serving Beam SSB index 0,FR2 serving Beam:255,255


OK
at+bnrinfo

NR BAND:79, EARFCN:720288 DL_bandwidth:100MHz
physical cell ID:1, averaged PUSCH TX power :21 dBm, averaged PUCCH TX power :-255 dBm,
RX Power Info:
RSRQ -11 dB, RSRP -93 dBm,SINR 25 dB
RX0 power: -89 dBm,ecio: -10 dB, rsrp: -100 dBm, phase: 0 degree, sinr: 21 dB
RX1 power: -83 dBm,ecio: -10 dB, rsrp: -93 dBm, phase: 0 degree, sinr: 25 dB
RX2 power: -93 dBm,ecio: -10 dB, rsrp: -103 dBm, phase: 0 degree, sinr: 17 dB
RX3 power: -86 dBm,ecio: -10 dB, rsrp: -96 dBm,phase: 0 degree,sinr: 22 dB
NR CQI 255,RANK 255
Serving Beam SSB index 0,FR2 serving Beam:255,255


OK
[SSH]cmd:ping 10.205.102.16 -c 1
PING 10.205.102.16 (10.205.102.16): 56 data bytes
64 bytes from 10.205.102.16: seq=0 ttl=64 time=16.461 ms

--- 10.205.102.16 ping statistics ---
1 packets transmitted, 1 packets received, 0% packet loss
round-trip min/avg/max = 16.461/16.461/16.461 ms
[01/12 14:11:18]	TX Power: 21	Ping Latency: 16.461	
[SSH]cmd:echo -ne "at+bnrinfo\r\n" | microcom -t 1000 /dev/ttyUSB1
at+bnrinfo

NR BAND:79, EARFCN:720288 DL_bandwidth:100MHz
physical cell ID:1, averaged PUSCH TX power :21 dBm, averaged PUCCH TX power :-255 dBm,
RX Power Info:
RSRQ -11 dB, RSRP -94 dBm,SINR 25 dB
RX0 power: -89 dBm,ecio: -10 dB, rsrp: -99 dBm, phase: 0 degree, sinr: 22 dB
RX1 power: -83 dBm,ecio: -10 dB, rsrp: -93 dBm, phase: 0 degree, sinr: 25 dB
RX2 power: -93 dBm,ecio: -10 dB, rsrp: -103 dBm, phase: 0 degree, sinr: 17 dB
RX3 power: -86 dBm,ecio: -10 dB, rsrp: -96 dBm,phase: 0 degree,sinr: 22 dB
NR CQI 255,RANK 255
Serving Beam SSB index 0,FR2 serving Beam:255,255


OK
at+bnrinfo

NR BAND:79, EARFCN:720288 DL_bandwidth:100MHz
physical cell ID:1, averaged PUSCH TX power :21 dBm, averaged PUCCH TX power :-255 dBm,
RX Power Info:
RSRQ -11 dB, RSRP -94 dBm,SINR 25 dB
RX0 power: -89 dBm,ecio: -10 dB, rsrp: -99 dBm, phase: 0 degree, sinr: 22 dB
RX1 power: -83 dBm,ecio: -10 dB, rsrp: -93 dBm, phase: 0 degree, sinr: 25 dB
RX2 power: -93 dBm,ecio: -10 dB, rsrp: -103 dBm, phase: 0 degree, sinr: 17 dB
RX3 power: -86 dBm,ecio: -10 dB, rsrp: -96 dBm,phase: 0 degree,sinr: 22 dB
NR CQI 255,RANK 255
Serving Beam SSB index 0,FR2 serving Beam:255,255


OK
[SSH]cmd:ping 10.205.102.16 -c 1
PING 10.205.102.16 (10.205.102.16): 56 data bytes
64 bytes from 10.205.102.16: seq=0 ttl=64 time=10.824 ms

--- 10.205.102.16 ping statistics ---
1 packets transmitted, 1 packets received, 0% packet loss
round-trip min/avg/max = 10.824/10.824/10.824 ms
[01/12 14:11:26]	TX Power: 21	Ping Latency: 10.824	
[SSH]cmd:echo -ne "at+bnrinfo\r\n" | microcom -t 1000 /dev/ttyUSB1
at+bnrinfo

NR BAND:79, EARFCN:720288 DL_bandwidth:100MHz
physical cell ID:1, averaged PUSCH TX power :21 dBm, averaged PUCCH TX power :-255 dBm,
RX Power Info:
RSRQ -11 dB, RSRP -94 dBm,SINR 25 dB
RX0 power: -88 dBm,ecio: -10 dB, rsrp: -99 dBm, phase: 0 degree, sinr: 22 dB
RX1 power: -82 dBm,ecio: -10 dB, rsrp: -93 dBm, phase: 0 degree, sinr: 25 dB
RX2 power: -93 dBm,ecio: -10 dB, rsrp: -103 dBm, phase: 0 degree, sinr: 18 dB
RX3 power: -86 dBm,ecio: -10 dB, rsrp: -96 dBm,phase: 0 degree,sinr: 22 dB
NR CQI 255,RANK 255
Serving Beam SSB index 0,FR2 serving Beam:255,255


OK
at+bnrinfo

NR BAND:79, EARFCN:720288 DL_bandwidth:100MHz
physical cell ID:1, averaged PUSCH TX power :21 dBm, averaged PUCCH TX power :-255 dBm,
RX Power Info:
RSRQ -11 dB, RSRP -94 dBm,SINR 25 dB
RX0 power: -88 dBm,ecio: -10 dB, rsrp: -99 dBm, phase: 0 degree, sinr: 22 dB
RX1 power: -82 dBm,ecio: -10 dB, rsrp: -93 dBm, phase: 0 degree, sinr: 25 dB
RX2 power: -93 dBm,ecio: -10 dB, rsrp: -103 dBm, phase: 0 degree, sinr: 18 dB
RX3 power: -86 dBm,ecio: -10 dB, rsrp: -96 dBm,phase: 0 degree,sinr: 22 dB
NR CQI 255,RANK 255
Serving Beam SSB index 0,FR2 serving Beam:255,255


OK
[SSH]cmd:ping 10.205.102.16 -c 1
PING 10.205.102.16 (10.205.102.16): 56 data bytes
64 bytes from 10.205.102.16: seq=0 ttl=64 time=12.487 ms

--- 10.205.102.16 ping statistics ---
1 packets transmitted, 1 packets received, 0% packet loss
round-trip min/avg/max = 12.487/12.487/12.487 ms
[01/12 14:11:33]	TX Power: 21	Ping Latency: 12.487	
[SSH]cmd:echo -ne "at+bnrinfo\r\n" | microcom -t 1000 /dev/ttyUSB1
at+bnrinfo

NR BAND:79, EARFCN:720288 DL_bandwidth:100MHz
physical cell ID:1, averaged PUSCH TX power :20 dBm, averaged PUCCH TX power :-255 dBm,
RX Power Info:
RSRQ -11 dB, RSRP -94 dBm,SINR 25 dB
RX0 power: -88 dBm,ecio: -10 dB, rsrp: -99 dBm, phase: 0 degree, sinr: 21 dB
RX1 power: -83 dBm,ecio: -10 dB, rsrp: -93 dBm, phase: 0 degree, sinr: 25 dB
RX2 power: -92 dBm,ecio: -10 dB, rsrp: -103 dBm, phase: 0 degree, sinr: 18 dB
RX3 power: -86 dBm,ecio: -10 dB, rsrp: -96 dBm,phase: 0 degree,sinr: 22 dB
NR CQI 255,RANK 255
Serving Beam SSB index 0,FR2 serving Beam:255,255


OK
AT+GMI

COMPAL

OK
at+bnrinfo

NR BAND:79, EARFCN:720288 DL_bandwidth:100MHz
physical cell ID:1, averaged PUSCH TX power :20 dBm, averaged PUCCH TX power :-255 dBm,
RX Power Info:
RSRQ -11 dB, RSRP -94 dBm,SINR 25 dB
RX0 power: -88 dBm,ecio: -10 dB, rsrp: -99 dBm, phase: 0 degree, sinr: 21 dB
RX1 power: -83 dBm,ecio: -10 dB, rsrp: -93 dBm, phase: 0 degree, sinr: 25 dB
RX2 power: -92 dBm,ecio: -10 dB, rsrp: -103 dBm, phase: 0 degree, sinr: 18 dB
RX3 power: -86 dBm,ecio: -10 dB, rsrp: -96 dBm,phase: 0 degree,sinr: 22 dB
NR CQI 255,RANK 255
Serving Beam SSB index 0,FR2 serving Beam:255,255


OK
AT+GMI

COMPAL

OK
[SSH]cmd:ping 10.205.102.16 -c 1
PING 10.205.102.16 (10.205.102.16): 56 data bytes
64 bytes from 10.205.102.16: seq=0 ttl=64 time=15.561 ms

--- 10.205.102.16 ping statistics ---
1 packets transmitted, 1 packets received, 0% packet loss
round-trip min/avg/max = 15.561/15.561/15.561 ms
[01/12 14:11:41]	TX Power: 20	Ping Latency: 15.561	
[SSH]cmd:echo -ne "at+bnrinfo\r\n" | microcom -t 1000 /dev/ttyUSB1

<LTE PCC INFO>:<INVALID>

OK
AT+CGPADDR
AT+CESQDBM
AT+GMI

COMPAL

OK

Manufacturer: COMPAL
Model: 334
Revision: RXMG1.20.00.428_0R12
SVN: 01
IMEI: 359047100263183
+GCAP: +CGSM

OK

+COPS: 0,0,"466 66",11

OK
AT+CGSN

359047100263183

OK

+CPIN: READY

OK
<LTE PCC INFO>:<INVALID>

OK
AT+CGPADDR
AT+CESQDBM
AT+GMI

COMPAL

OK

Manufacturer: COMPAL
Model: 334
Revision: RXMG1.20.00.428_0R12
SVN: 01
IMEI: 359047100263183
+GCAP: +CGSM

OK

+COPS: 0,0,"466 66",11

OK
AT+CGSN

359047100263183

OK

+CPIN: READY

OK
[SSH]cmd:ping 10.205.102.16 -c 1
PING 10.205.102.16 (10.205.102.16): 56 data bytes
64 bytes from 10.205.102.16: seq=0 ttl=64 time=11.025 ms

--- 10.205.102.16 ping statistics ---
1 packets transmitted, 1 packets received, 0% packet loss
round-trip min/avg/max = 11.025/11.025/11.025 ms
[01/12 14:11:54]	TX Power: 20	Ping Latency: 11.025	
[SSH]cmd:echo -ne "at+bnrinfo\r\n" | microcom -t 1000 /dev/ttyUSB1

+CGPADDR: 1,10.205.164.5
+CGPADDR: 38,0.0.0.0.0.0.0.0.0.0.0.0.0.0.0.0
+CGPADDR: 39,0.0.0.0.0.0.0.0.0.0.0.0.0.0.0.0

OK
+CGPADDR: 1,10.205.164.5
+CGPADDR: 38,0.0.0.0.0.0.0.0.0.0.0.0.0.0.0.0
+CGPADDR: 39,0.0.0.0.0.0.0.0.0.0.0.0.0.0.0.0

OK
[SSH]cmd:ping 10.205.102.16 -c 1
PING 10.205.102.16 (10.205.102.16): 56 data bytes
64 bytes from 10.205.102.16: seq=0 ttl=64 time=10.433 ms

--- 10.205.102.16 ping statistics ---
1 packets transmitted, 1 packets received, 0% packet loss
round-trip min/avg/max = 10.433/10.433/10.433 ms
[01/12 14:12:01]	TX Power: 20	Ping Latency: 10.433	
[SSH]cmd:echo -ne "at+bnrinfo\r\n" | microcom -t 1000 /dev/ttyUSB1

<LTE PCC INFO>:<INVALID>

OK
AT+CGPADDR

+CGPADDR: 1,10.205.164.5
+CGPADDR: 38,0.0.0.0.0.0.0.0.0.0.0.0.0.0.0.0
+CGPADDR: 39,0.0.0.0.0.0.0.0.0.0.0.0.0.0.0.0

OK
<LTE PCC INFO>:<INVALID>

OK
AT+CGPADDR

+CGPADDR: 1,10.205.164.5
+CGPADDR: 38,0.0.0.0.0.0.0.0.0.0.0.0.0.0.0.0
+CGPADDR: 39,0.0.0.0.0.0.0.0.0.0.0.0.0.0.0.0

OK
[SSH]cmd:ping 10.205.102.16 -c 1
PING 10.205.102.16 (10.205.102.16): 56 data bytes
64 bytes from 10.205.102.16: seq=0 ttl=64 time=13.100 ms

--- 10.205.102.16 ping statistics ---
1 packets transmitted, 1 packets received, 0% packet loss
round-trip min/avg/max = 13.100/13.100/13.100 ms
[01/12 14:12:07]	TX Power: 20	Ping Latency: 13.1	
[SSH]cmd:echo -ne "at+bnrinfo\r\n" | microcom -t 1000 /dev/ttyUSB1
AT+CGPADDR

+CGPADDR: 1,10.205.164.5
+CGPADDR: 38,0.0.0.0.0.0.0.0.0.0.0.0.0.0.0.0
+CGPADDR: 39,0.0.0.0.0.0.0.0.0.0.0.0.0.0.0.0

OK
AT+CGPADDR

+CGPADDR: 1,10.205.164.5
+CGPADDR: 38,0.0.0.0.0.0.0.0.0.0.0.0.0.0.0.0
+CGPADDR: 39,0.0.0.0.0.0.0.0.0.0.0.0.0.0.0.0

OK
[SSH]cmd:ping 10.205.102.16 -c 1
PING 10.205.102.16 (10.205.102.16): 56 data bytes
64 bytes from 10.205.102.16: seq=0 ttl=64 time=12.982 ms

--- 10.205.102.16 ping statistics ---
1 packets transmitted, 1 packets received, 0% packet loss
round-trip min/avg/max = 12.982/12.982/12.982 ms
[01/12 14:12:14]	TX Power: 20	Ping Latency: 12.982