Test Program: 1.0.0.0
****************************** Loop: 1  ******************************
****************************** [1]TestItem: RSRP@-T:10/-W:1  ******************************
****************************** 2024/1/12 下午 02:12:40 *****************************************
****************************** Loop RSRP *****************************************
cmd: adb -s NoADB shell Query Connection Status
Loop: 10 , Wait: 1s
[SSH]cmd:echo -ne "at+bnrinfo\r\n" | microcom -t 1000 /dev/ttyUSB1
at+bnrinfo
AT+GMI

COMPAL

OK

Manufacturer: COMPAL
Model: 334
Revision: RXMG1.20.00.428_0R12
SVN: 01
IMEI: 359047100263183
+GCAP: +CGSM

OK
AT+COPS?

+COPS: 0,0,"466 66",11

OK

359047100263183

OK

+CPIN: READY

OK

466660000055162

OK

ICCID: 8988211000000551625F

OK
at+bnrinfo
AT+GMI

COMPAL

OK

Manufacturer: COMPAL
Model: 334
Revision: RXMG1.20.00.428_0R12
SVN: 01
IMEI: 359047100263183
+GCAP: +CGSM

OK
AT+COPS?

+COPS: 0,0,"466 66",11

OK

359047100263183

OK

+CPIN: READY

OK

466660000055162

OK

ICCID: 8988211000000551625F

OK
[SSH]cmd:ping 10.205.102.16 -c 1
PING 10.205.102.16 (10.205.102.16): 56 data bytes
64 bytes from 10.205.102.16: seq=0 ttl=64 time=11.980 ms

--- 10.205.102.16 ping statistics ---
1 packets transmitted, 1 packets received, 0% packet loss
round-trip min/avg/max = 11.980/11.980/11.980 ms
[01/12 14:12:46]	TX Power: 0	Ping Latency: 11.98	
[SSH]cmd:echo -ne "at+bnrinfo\r\n" | microcom -t 1000 /dev/ttyUSB1

<LTE PCC INFO>:<INVALID>

OK
<LTE PCC INFO>:<INVALID>

OK
[SSH]cmd:ping 10.205.102.16 -c 1
PING 10.205.102.16 (10.205.102.16): 56 data bytes
64 bytes from 10.205.102.16: seq=0 ttl=64 time=27.742 ms

--- 10.205.102.16 ping statistics ---
1 packets transmitted, 1 packets received, 0% packet loss
round-trip min/avg/max = 27.742/27.742/27.742 ms
[01/12 14:12:53]	TX Power: 0	Ping Latency: 27.742	
[SSH]cmd:echo -ne "at+bnrinfo\r\n" | microcom -t 1000 /dev/ttyUSB1
at+bnrinfo

NR BAND:79, EARFCN:720288 DL_bandwidth:100MHz
physical cell ID:1, averaged PUSCH TX power :21 dBm, averaged PUCCH TX power :-255 dBm,
RX Power Info:
RSRQ -11 dB, RSRP -93 dBm,SINR 26 dB
RX0 power: -90 dBm,ecio: -10 dB, rsrp: -100 dBm, phase: 0 degree, sinr: 20 dB
RX1 power: -82 dBm,ecio: -10 dB, rsrp: -93 dBm, phase: 0 degree, sinr: 26 dB
RX2 power: -93 dBm,ecio: -10 dB, rsrp: -103 dBm, phase: 0 degree, sinr: 18 dB
RX3 power: -86 dBm,ecio: -10 dB, rsrp: -96 dBm,phase: 0 degree,sinr: 22 dB
NR CQI 255,RANK 255
Serving Beam SSB index 0,FR2 serving Beam:255,255


OK
at+bnrinfo

NR BAND:79, EARFCN:720288 DL_bandwidth:100MHz
physical cell ID:1, averaged PUSCH TX power :21 dBm, averaged PUCCH TX power :-255 dBm,
RX Power Info:
RSRQ -11 dB, RSRP -93 dBm,SINR 26 dB
RX0 power: -90 dBm,ecio: -10 dB, rsrp: -100 dBm, phase: 0 degree, sinr: 20 dB
RX1 power: -82 dBm,ecio: -10 dB, rsrp: -93 dBm, phase: 0 degree, sinr: 26 dB
RX2 power: -93 dBm,ecio: -10 dB, rsrp: -103 dBm, phase: 0 degree, sinr: 18 dB
RX3 power: -86 dBm,ecio: -10 dB, rsrp: -96 dBm,phase: 0 degree,sinr: 22 dB
NR CQI 255,RANK 255
Serving Beam SSB index 0,FR2 serving Beam:255,255


OK
[SSH]cmd:ping 10.205.102.16 -c 1
PING 10.205.102.16 (10.205.102.16): 56 data bytes
64 bytes from 10.205.102.16: seq=0 ttl=64 time=10.393 ms

--- 10.205.102.16 ping statistics ---
1 packets transmitted, 1 packets received, 0% packet loss
round-trip min/avg/max = 10.393/10.393/10.393 ms
[01/12 14:13:01]	TX Power: 21	Ping Latency: 10.393	
[SSH]cmd:echo -ne "at+bnrinfo\r\n" | microcom -t 1000 /dev/ttyUSB1
at+bnrinfo

NR BAND:79, EARFCN:720288 DL_bandwidth:100MHz
physical cell ID:1, averaged PUSCH TX power :21 dBm, averaged PUCCH TX power :-255 dBm,
RX Power Info:
RSRQ -11 dB, RSRP -93 dBm,SINR 26 dB
RX0 power: -90 dBm,ecio: -10 dB, rsrp: -100 dBm, phase: 0 degree, sinr: 20 dB
RX1 power: -82 dBm,ecio: -10 dB, rsrp: -92 dBm, phase: 0 degree, sinr: 26 dB
RX2 power: -92 dBm,ecio: -10 dB, rsrp: -103 dBm, phase: 0 degree, sinr: 18 dB
RX3 power: -86 dBm,ecio: -10 dB, rsrp: -96 dBm,phase: 0 degree,sinr: 21 dB
NR CQI 255,RANK 255
Serving Beam SSB index 0,FR2 serving Beam:255,255


OK
at+bnrinfo

NR BAND:79, EARFCN:720288 DL_bandwidth:100MHz
physical cell ID:1, averaged PUSCH TX power :21 dBm, averaged PUCCH TX power :-255 dBm,
RX Power Info:
RSRQ -11 dB, RSRP -93 dBm,SINR 26 dB
RX0 power: -90 dBm,ecio: -10 dB, rsrp: -100 dBm, phase: 0 degree, sinr: 20 dB
RX1 power: -82 dBm,ecio: -10 dB, rsrp: -92 dBm, phase: 0 degree, sinr: 26 dB
RX2 power: -92 dBm,ecio: -10 dB, rsrp: -103 dBm, phase: 0 degree, sinr: 18 dB
RX3 power: -86 dBm,ecio: -10 dB, rsrp: -96 dBm,phase: 0 degree,sinr: 21 dB
NR CQI 255,RANK 255
Serving Beam SSB index 0,FR2 serving Beam:255,255


OK
[SSH]cmd:ping 10.205.102.16 -c 1
PING 10.205.102.16 (10.205.102.16): 56 data bytes
64 bytes from 10.205.102.16: seq=0 ttl=64 time=16.088 ms

--- 10.205.102.16 ping statistics ---
1 packets transmitted, 1 packets received, 0% packet loss
round-trip min/avg/max = 16.088/16.088/16.088 ms
[01/12 14:13:08]	TX Power: 21	Ping Latency: 16.088	
[SSH]cmd:echo -ne "at+bnrinfo\r\n" | microcom -t 1000 /dev/ttyUSB1
at+bnrinfo

NR BAND:79, EARFCN:720288 DL_bandwidth:100MHz
physical cell ID:1, averaged PUSCH TX power :20 dBm, averaged PUCCH TX power :-255 dBm,
RX Power Info:
RSRQ -11 dB, RSRP -93 dBm,SINR 26 dB
RX0 power: -90 dBm,ecio: -10 dB, rsrp: -101 dBm, phase: 0 degree, sinr: 19 dB
RX1 power: -82 dBm,ecio: -10 dB, rsrp: -92 dBm, phase: 0 degree, sinr: 26 dB
RX2 power: -92 dBm,ecio: -10 dB, rsrp: -103 dBm, phase: 0 degree, sinr: 18 dB
RX3 power: -86 dBm,ecio: -10 dB, rsrp: -96 dBm,phase: 0 degree,sinr: 22 dB
NR CQI 255,RANK 255
Serving Beam SSB index 0,FR2 serving Beam:255,255


OK
at+bnrinfo

NR BAND:79, EARFCN:720288 DL_bandwidth:100MHz
physical cell ID:1, averaged PUSCH TX power :20 dBm, averaged PUCCH TX power :-255 dBm,
RX Power Info:
RSRQ -11 dB, RSRP -93 dBm,SINR 26 dB
RX0 power: -90 dBm,ecio: -10 dB, rsrp: -101 dBm, phase: 0 degree, sinr: 19 dB
RX1 power: -82 dBm,ecio: -10 dB, rsrp: -92 dBm, phase: 0 degree, sinr: 26 dB
RX2 power: -92 dBm,ecio: -10 dB, rsrp: -103 dBm, phase: 0 degree, sinr: 18 dB
RX3 power: -86 dBm,ecio: -10 dB, rsrp: -96 dBm,phase: 0 degree,sinr: 22 dB
NR CQI 255,RANK 255
Serving Beam SSB index 0,FR2 serving Beam:255,255


OK
[SSH]cmd:ping 10.205.102.16 -c 1
PING 10.205.102.16 (10.205.102.16): 56 data bytes
64 bytes from 10.205.102.16: seq=0 ttl=64 time=13.560 ms

--- 10.205.102.16 ping statistics ---
1 packets transmitted, 1 packets received, 0% packet loss
round-trip min/avg/max = 13.560/13.560/13.560 ms
[01/12 14:13:15]	TX Power: 20	Ping Latency: 13.56	
[SSH]cmd:echo -ne "at+bnrinfo\r\n" | microcom -t 1000 /dev/ttyUSB1
at+bnrinfo

NR BAND:79, EARFCN:720288 DL_bandwidth:100MHz
physical cell ID:1, averaged PUSCH TX power :20 dBm, averaged PUCCH TX power :-255 dBm,
RX Power Info:
RSRQ -11 dB, RSRP -93 dBm,SINR 26 dB
RX0 power: -90 dBm,ecio: -10 dB, rsrp: -101 dBm, phase: 0 degree, sinr: 19 dB
RX1 power: -82 dBm,ecio: -10 dB, rsrp: -92 dBm, phase: 0 degree, sinr: 26 dB
RX2 power: -92 dBm,ecio: -10 dB, rsrp: -103 dBm, phase: 0 degree, sinr: 18 dB
RX3 power: -86 dBm,ecio: -10 dB, rsrp: -96 dBm,phase: 0 degree,sinr: 22 dB
NR CQI 255,RANK 255
Serving Beam SSB index 0,FR2 serving Beam:255,255


OK
at+bnrinfo

NR BAND:79, EARFCN:720288 DL_bandwidth:100MHz
physical cell ID:1, averaged PUSCH TX power :20 dBm, averaged PUCCH TX power :-255 dBm,
RX Power Info:
RSRQ -11 dB, RSRP -93 dBm,SINR 26 dB
RX0 power: -90 dBm,ecio: -10 dB, rsrp: -101 dBm, phase: 0 degree, sinr: 19 dB
RX1 power: -82 dBm,ecio: -10 dB, rsrp: -92 dBm, phase: 0 degree, sinr: 26 dB
RX2 power: -92 dBm,ecio: -10 dB, rsrp: -103 dBm, phase: 0 degree, sinr: 18 dB
RX3 power: -86 dBm,ecio: -10 dB, rsrp: -96 dBm,phase: 0 degree,sinr: 22 dB
NR CQI 255,RANK 255
Serving Beam SSB index 0,FR2 serving Beam:255,255


OK
[SSH]cmd:ping 10.205.102.16 -c 1
PING 10.205.102.16 (10.205.102.16): 56 data bytes
64 bytes from 10.205.102.16: seq=0 ttl=64 time=12.310 ms

--- 10.205.102.16 ping statistics ---
1 packets transmitted, 1 packets received, 0% packet loss
round-trip min/avg/max = 12.310/12.310/12.310 ms
[01/12 14:13:23]	TX Power: 20	Ping Latency: 12.31	
[SSH]cmd:echo -ne "at+bnrinfo\r\n" | microcom -t 1000 /dev/ttyUSB1
at+bnrinfo

NR BAND:79, EARFCN:720288 DL_bandwidth:100MHz
physical cell ID:1, averaged PUSCH TX power :21 dBm, averaged PUCCH TX power :-255 dBm,
RX Power Info:
RSRQ -11 dB, RSRP -93 dBm,SINR 26 dB
RX0 power: -90 dBm,ecio: -10 dB, rsrp: -100 dBm, phase: 0 degree, sinr: 19 dB
RX1 power: -82 dBm,ecio: -10 dB, rsrp: -92 dBm, phase: 0 degree, sinr: 26 dB
RX2 power: -92 dBm,ecio: -10 dB, rsrp: -103 dBm, phase: 0 degree, sinr: 18 dB
RX3 power: -86 dBm,ecio: -10 dB, rsrp: -96 dBm,phase: 0 degree,sinr: 21 dB
NR CQI 255,RANK 255
Serving Beam SSB index 0,FR2 serving Beam:255,255


OK
at+bnrinfo

NR BAND:79, EARFCN:720288 DL_bandwidth:100MHz
physical cell ID:1, averaged PUSCH TX power :21 dBm, averaged PUCCH TX power :-255 dBm,
RX Power Info:
RSRQ -11 dB, RSRP -93 dBm,SINR 26 dB
RX0 power: -90 dBm,ecio: -10 dB, rsrp: -100 dBm, phase: 0 degree, sinr: 19 dB
RX1 power: -82 dBm,ecio: -10 dB, rsrp: -92 dBm, phase: 0 degree, sinr: 26 dB
RX2 power: -92 dBm,ecio: -10 dB, rsrp: -103 dBm, phase: 0 degree, sinr: 18 dB
RX3 power: -86 dBm,ecio: -10 dB, rsrp: -96 dBm,phase: 0 degree,sinr: 21 dB
NR CQI 255,RANK 255
Serving Beam SSB index 0,FR2 serving Beam:255,255


OK
[SSH]cmd:ping 10.205.102.16 -c 1
PING 10.205.102.16 (10.205.102.16): 56 data bytes
64 bytes from 10.205.102.16: seq=0 ttl=64 time=14.002 ms

--- 10.205.102.16 ping statistics ---
1 packets transmitted, 1 packets received, 0% packet loss
round-trip min/avg/max = 14.002/14.002/14.002 ms
[01/12 14:13:30]	TX Power: 21	Ping Latency: 14.002	
[SSH]cmd:echo -ne "at+bnrinfo\r\n" | microcom -t 1000 /dev/ttyUSB1
at+bnrinfo

NR BAND:79, EARFCN:720288 DL_bandwidth:100MHz
physical cell ID:1, averaged PUSCH TX power :21 dBm, averaged PUCCH TX power :-255 dBm,
RX Power Info:
RSRQ -11 dB, RSRP -93 dBm,SINR 26 dB
RX0 power: -91 dBm,ecio: -10 dB, rsrp: -102 dBm, phase: 0 degree, sinr: 19 dB
RX1 power: -82 dBm,ecio: -10 dB, rsrp: -92 dBm, phase: 0 degree, sinr: 26 dB
RX2 power: -92 dBm,ecio: -10 dB, rsrp: -102 dBm, phase: 0 degree, sinr: 18 dB
RX3 power: -86 dBm,ecio: -10 dB, rsrp: -96 dBm,phase: 0 degree,sinr: 21 dB
NR CQI 255,RANK 255
Serving Beam SSB index 0,FR2 serving Beam:255,255


OK
AT+CESQDBM

+CESQDBM:
SYSTEM:NR5G-SA
Band 79
NR5G: RSRQ -11 dB, RSRP -93 dBm, SINR 26 dB


OK

COMPAL

OK

Manufacturer: COMPAL
Model: 334
Revision: RXMG1.20.00.428_0R12
SVN: 01
IMEI: 359047100263183
+GCAP: +CGSM

OK

+COPS: 0,0,"466 66",11

OK
at+bnrinfo

NR BAND:79, EARFCN:720288 DL_bandwidth:100MHz
physical cell ID:1, averaged PUSCH TX power :21 dBm, averaged PUCCH TX power :-255 dBm,
RX Power Info:
RSRQ -11 dB, RSRP -93 dBm,SINR 26 dB
RX0 power: -91 dBm,ecio: -10 dB, rsrp: -102 dBm, phase: 0 degree, sinr: 19 dB
RX1 power: -82 dBm,ecio: -10 dB, rsrp: -92 dBm, phase: 0 degree, sinr: 26 dB
RX2 power: -92 dBm,ecio: -10 dB, rsrp: -102 dBm, phase: 0 degree, sinr: 18 dB
RX3 power: -86 dBm,ecio: -10 dB, rsrp: -96 dBm,phase: 0 degree,sinr: 21 dB
NR CQI 255,RANK 255
Serving Beam SSB index 0,FR2 serving Beam:255,255


OK
AT+CESQDBM

+CESQDBM:
SYSTEM:NR5G-SA
Band 79
NR5G: RSRQ -11 dB, RSRP -93 dBm, SINR 26 dB


OK

COMPAL

OK

Manufacturer: COMPAL
Model: 334
Revision: RXMG1.20.00.428_0R12
SVN: 01
IMEI: 359047100263183
+GCAP: +CGSM

OK

+COPS: 0,0,"466 66",11

OK
[SSH]cmd:ping 10.205.102.16 -c 1
PING 10.205.102.16 (10.205.102.16): 56 data bytes
64 bytes from 10.205.102.16: seq=0 ttl=64 time=17.079 ms

--- 10.205.102.16 ping statistics ---
1 packets transmitted, 1 packets received, 0% packet loss
round-trip min/avg/max = 17.079/17.079/17.079 ms
[01/12 14:13:38]	RSRQ: -11	RSRP: -93	SINR: 26	TX Power: 21	Ping Latency: 17.079	
[SSH]cmd:echo -ne "at+bnrinfo\r\n" | microcom -t 1000 /dev/ttyUSB1

+CGPADDR: 1,10.205.164.5
+CGPADDR: 38,0.0.0.0.0.0.0.0.0.0.0.0.0.0.0.0
+CGPADDR: 39,0.0.0.0.0.0.0.0.0.0.0.0.0.0.0.0

OK
+CGPADDR: 1,10.205.164.5
+CGPADDR: 38,0.0.0.0.0.0.0.0.0.0.0.0.0.0.0.0
+CGPADDR: 39,0.0.0.0.0.0.0.0.0.0.0.0.0.0.0.0

OK
[SSH]cmd:ping 10.205.102.16 -c 1
PING 10.205.102.16 (10.205.102.16): 56 data bytes
64 bytes from 10.205.102.16: seq=0 ttl=64 time=15.173 ms

--- 10.205.102.16 ping statistics ---
1 packets transmitted, 1 packets received, 0% packet loss
round-trip min/avg/max = 15.173/15.173/15.173 ms
[01/12 14:13:45]	TX Power: 21	Ping Latency: 15.173	
[SSH]cmd:echo -ne "at+bnrinfo\r\n" | microcom -t 1000 /dev/ttyUSB1

<LTE PCC INFO>:<INVALID>

OK

+CGPADDR: 1,10.205.164.5
+CGPADDR: 38,0.0.0.0.0.0.0.0.0.0.0.0.0.0.0.0
+CGPADDR: 39,0.0.0.0.0.0.0.0.0.0.0.0.0.0.0.0

OK
<LTE PCC INFO>:<INVALID>

OK

+CGPADDR: 1,10.205.164.5
+CGPADDR: 38,0.0.0.0.0.0.0.0.0.0.0.0.0.0.0.0
+CGPADDR: 39,0.0.0.0.0.0.0.0.0.0.0.0.0.0.0.0

OK
[SSH]cmd:ping 10.205.102.16 -c 1
PING 10.205.102.16 (10.205.102.16): 56 data bytes
64 bytes from 10.205.102.16: seq=0 ttl=64 time=12.667 ms

--- 10.205.102.16 ping statistics ---
1 packets transmitted, 1 packets received, 0% packet loss
round-trip min/avg/max = 12.667/12.667/12.667 ms
[01/12 14:13:52]	TX Power: 21	Ping Latency: 12.667