Test Program: 1.0.0.0
****************************** Loop: 1  ******************************
****************************** [1]TestItem: RSRP@-T:10/-W:1  ******************************
****************************** 2024/1/12 下午 01:58:59 *****************************************
****************************** Loop RSRP *****************************************
cmd: adb -s NoADB shell Query Connection Status
Loop: 10 , Wait: 1s
[SSH]cmd:echo -ne "at+bnrinfo\r\n" | microcom -t 1000 /dev/ttyUSB1
at+bnrinfo

NR BAND:79, EARFCN:720288 DL_bandwidth:100MHz
physical cell ID:1, averaged PUSCH TX power :14 dBm, averaged PUCCH TX power :-255 dBm,
RX Power Info:
RSRQ -11 dB, RSRP -83 dBm,SINR 31 dB
RX0 power: -87 dBm,ecio: -11 dB, rsrp: -98 dBm, phase: 0 degree, sinr: 21 dB
RX1 power: -72 dBm,ecio: -10 dB, rsrp: -82 dBm, phase: 0 degree, sinr: 31 dB
RX2 power: -87 dBm,ecio: -10 dB, rsrp: -97 dBm, phase: 0 degree, sinr: 22 dB
RX3 power: -73 dBm,ecio: -10 dB, rsrp: -84 dBm,phase: 0 degree,sinr: 30 dB
NR CQI 255,RANK 255
Serving Beam SSB index 0,FR2 serving Beam:255,255


OK
at+bnrinfo

NR BAND:79, EARFCN:720288 DL_bandwidth:100MHz
physical cell ID:1, averaged PUSCH TX power :14 dBm, averaged PUCCH TX power :-255 dBm,
RX Power Info:
RSRQ -11 dB, RSRP -83 dBm,SINR 31 dB
RX0 power: -87 dBm,ecio: -11 dB, rsrp: -98 dBm, phase: 0 degree, sinr: 21 dB
RX1 power: -72 dBm,ecio: -10 dB, rsrp: -82 dBm, phase: 0 degree, sinr: 31 dB
RX2 power: -87 dBm,ecio: -10 dB, rsrp: -97 dBm, phase: 0 degree, sinr: 22 dB
RX3 power: -73 dBm,ecio: -10 dB, rsrp: -84 dBm,phase: 0 degree,sinr: 30 dB
NR CQI 255,RANK 255
Serving Beam SSB index 0,FR2 serving Beam:255,255


OK
[SSH]cmd:ping 10.205.102.16 -c 1
PING 10.205.102.16 (10.205.102.16): 56 data bytes
64 bytes from 10.205.102.16: seq=0 ttl=64 time=11.302 ms

--- 10.205.102.16 ping statistics ---
1 packets transmitted, 1 packets received, 0% packet loss
round-trip min/avg/max = 11.302/11.302/11.302 ms
[01/12 13:59:05]	TX Power: 14	Ping Latency: 11.302	
[SSH]cmd:echo -ne "at+bnrinfo\r\n" | microcom -t 1000 /dev/ttyUSB1
at+bnrinfo

NR BAND:79, EARFCN:720288 DL_bandwidth:100MHz
physical cell ID:1, averaged PUSCH TX power :15 dBm, averaged PUCCH TX power :-255 dBm,
RX Power Info:
RSRQ -11 dB, RSRP -83 dBm,SINR 31 dB
RX0 power: -88 dBm,ecio: -11 dB, rsrp: -99 dBm, phase: 0 degree, sinr: 18 dB
RX1 power: -72 dBm,ecio: -10 dB, rsrp: -82 dBm, phase: 0 degree, sinr: 31 dB
RX2 power: -88 dBm,ecio: -10 dB, rsrp: -98 dBm, phase: 0 degree, sinr: 21 dB
RX3 power: -73 dBm,ecio: -10 dB, rsrp: -83 dBm,phase: 0 degree,sinr: 30 dB
NR CQI 255,RANK 255
Serving Beam SSB index 0,FR2 serving Beam:255,255


OK
at+bnrinfo

NR BAND:79, EARFCN:720288 DL_bandwidth:100MHz
physical cell ID:1, averaged PUSCH TX power :15 dBm, averaged PUCCH TX power :-255 dBm,
RX Power Info:
RSRQ -11 dB, RSRP -83 dBm,SINR 31 dB
RX0 power: -88 dBm,ecio: -11 dB, rsrp: -99 dBm, phase: 0 degree, sinr: 18 dB
RX1 power: -72 dBm,ecio: -10 dB, rsrp: -82 dBm, phase: 0 degree, sinr: 31 dB
RX2 power: -88 dBm,ecio: -10 dB, rsrp: -98 dBm, phase: 0 degree, sinr: 21 dB
RX3 power: -73 dBm,ecio: -10 dB, rsrp: -83 dBm,phase: 0 degree,sinr: 30 dB
NR CQI 255,RANK 255
Serving Beam SSB index 0,FR2 serving Beam:255,255


OK
[SSH]cmd:ping 10.205.102.16 -c 1
PING 10.205.102.16 (10.205.102.16): 56 data bytes
64 bytes from 10.205.102.16: seq=0 ttl=64 time=11.961 ms

--- 10.205.102.16 ping statistics ---
1 packets transmitted, 1 packets received, 0% packet loss
round-trip min/avg/max = 11.961/11.961/11.961 ms
[01/12 13:59:12]	TX Power: 15	Ping Latency: 11.961	
[SSH]cmd:echo -ne "at+bnrinfo\r\n" | microcom -t 1000 /dev/ttyUSB1
at+bnrinfo

NR BAND:79, EARFCN:720288 DL_bandwidth:100MHz
physical cell ID:1, averaged PUSCH TX power :15 dBm, averaged PUCCH TX power :-255 dBm,
RX Power Info:
RSRQ -11 dB, RSRP -83 dBm,SINR 31 dB
RX0 power: -89 dBm,ecio: -12 dB, rsrp: -101 dBm, phase: 0 degree, sinr: 18 dB
RX1 power: -71 dBm,ecio: -10 dB, rsrp: -82 dBm, phase: 0 degree, sinr: 31 dB
RX2 power: -89 dBm,ecio: -10 dB, rsrp: -99 dBm, phase: 0 degree, sinr: 21 dB
RX3 power: -73 dBm,ecio: -10 dB, rsrp: -83 dBm,phase: 0 degree,sinr: 30 dB
NR CQI 255,RANK 255
Serving Beam SSB index 0,FR2 serving Beam:255,255


OK
AT+CESQDBM

+CESQDBM:
SYSTEM:NR5G-SA
Band 79
NR5G: RSRQ -11 dB, RSRP -83 dBm, SINR 31 dB


OK
at+bnrinfo

NR BAND:79, EARFCN:720288 DL_bandwidth:100MHz
physical cell ID:1, averaged PUSCH TX power :15 dBm, averaged PUCCH TX power :-255 dBm,
RX Power Info:
RSRQ -11 dB, RSRP -83 dBm,SINR 31 dB
RX0 power: -89 dBm,ecio: -12 dB, rsrp: -101 dBm, phase: 0 degree, sinr: 18 dB
RX1 power: -71 dBm,ecio: -10 dB, rsrp: -82 dBm, phase: 0 degree, sinr: 31 dB
RX2 power: -89 dBm,ecio: -10 dB, rsrp: -99 dBm, phase: 0 degree, sinr: 21 dB
RX3 power: -73 dBm,ecio: -10 dB, rsrp: -83 dBm,phase: 0 degree,sinr: 30 dB
NR CQI 255,RANK 255
Serving Beam SSB index 0,FR2 serving Beam:255,255


OK
AT+CESQDBM

+CESQDBM:
SYSTEM:NR5G-SA
Band 79
NR5G: RSRQ -11 dB, RSRP -83 dBm, SINR 31 dB


OK
[SSH]cmd:ping 10.205.102.16 -c 1
PING 10.205.102.16 (10.205.102.16): 56 data bytes
64 bytes from 10.205.102.16: seq=0 ttl=64 time=12.552 ms

--- 10.205.102.16 ping statistics ---
1 packets transmitted, 1 packets received, 0% packet loss
round-trip min/avg/max = 12.552/12.552/12.552 ms
[01/12 13:59:21]	RSRQ: -11	RSRP: -83	SINR: 31	TX Power: 15	Ping Latency: 12.552	
[SSH]cmd:echo -ne "at+bnrinfo\r\n" | microcom -t 1000 /dev/ttyUSB1
at+bnrinfo

NR BAND:79, EARFCN:720288 DL_bandwidth:100MHz
physical cell ID:1, averaged PUSCH TX power :14 dBm, averaged PUCCH TX power :-255 dBm,
RX Power Info:
RSRQ -11 dB, RSRP -83 dBm,SINR 31 dB
RX0 power: -88 dBm,ecio: -11 dB, rsrp: -99 dBm, phase: 0 degree, sinr: 20 dB
RX1 power: -72 dBm,ecio: -10 dB, rsrp: -82 dBm, phase: 0 degree, sinr: 31 dB
RX2 power: -88 dBm,ecio: -10 dB, rsrp: -99 dBm, phase: 0 degree, sinr: 20 dB
RX3 power: -73 dBm,ecio: -10 dB, rsrp: -84 dBm,phase: 0 degree,sinr: 30 dB
NR CQI 255,RANK 255
Serving Beam SSB index 0,FR2 serving Beam:255,255


OK
at+bnrinfo

NR BAND:79, EARFCN:720288 DL_bandwidth:100MHz
physical cell ID:1, averaged PUSCH TX power :14 dBm, averaged PUCCH TX power :-255 dBm,
RX Power Info:
RSRQ -11 dB, RSRP -83 dBm,SINR 31 dB
RX0 power: -88 dBm,ecio: -11 dB, rsrp: -99 dBm, phase: 0 degree, sinr: 20 dB
RX1 power: -72 dBm,ecio: -10 dB, rsrp: -82 dBm, phase: 0 degree, sinr: 31 dB
RX2 power: -88 dBm,ecio: -10 dB, rsrp: -99 dBm, phase: 0 degree, sinr: 20 dB
RX3 power: -73 dBm,ecio: -10 dB, rsrp: -84 dBm,phase: 0 degree,sinr: 30 dB
NR CQI 255,RANK 255
Serving Beam SSB index 0,FR2 serving Beam:255,255


OK
[SSH]cmd:ping 10.205.102.16 -c 1
PING 10.205.102.16 (10.205.102.16): 56 data bytes
64 bytes from 10.205.102.16: seq=0 ttl=64 time=13.278 ms

--- 10.205.102.16 ping statistics ---
1 packets transmitted, 1 packets received, 0% packet loss
round-trip min/avg/max = 13.278/13.278/13.278 ms
[01/12 13:59:28]	TX Power: 14	Ping Latency: 13.278	
[SSH]cmd:echo -ne "at+bnrinfo\r\n" | microcom -t 1000 /dev/ttyUSB1
at+bnrinfo

NR BAND:79, EARFCN:720288 DL_bandwidth:100MHz
physical cell ID:1, averaged PUSCH TX power :14 dBm, averaged PUCCH TX power :-255 dBm,
RX Power Info:
RSRQ -11 dB, RSRP -83 dBm,SINR 31 dB
RX0 power: -86 dBm,ecio: -11 dB, rsrp: -97 dBm, phase: 0 degree, sinr: 21 dB
RX1 power: -72 dBm,ecio: -10 dB, rsrp: -82 dBm, phase: 0 degree, sinr: 31 dB
RX2 power: -90 dBm,ecio: -10 dB, rsrp: -101 dBm, phase: 0 degree, sinr: 20 dB
RX3 power: -73 dBm,ecio: -10 dB, rsrp: -84 dBm,phase: 0 degree,sinr: 30 dB
NR CQI 255,RANK 255
Serving Beam SSB index 0,FR2 serving Beam:255,255


OK
at+bnrinfo

NR BAND:79, EARFCN:720288 DL_bandwidth:100MHz
physical cell ID:1, averaged PUSCH TX power :14 dBm, averaged PUCCH TX power :-255 dBm,
RX Power Info:
RSRQ -11 dB, RSRP -83 dBm,SINR 31 dB
RX0 power: -86 dBm,ecio: -11 dB, rsrp: -97 dBm, phase: 0 degree, sinr: 21 dB
RX1 power: -72 dBm,ecio: -10 dB, rsrp: -82 dBm, phase: 0 degree, sinr: 31 dB
RX2 power: -90 dBm,ecio: -10 dB, rsrp: -101 dBm, phase: 0 degree, sinr: 20 dB
RX3 power: -73 dBm,ecio: -10 dB, rsrp: -84 dBm,phase: 0 degree,sinr: 30 dB
NR CQI 255,RANK 255
Serving Beam SSB index 0,FR2 serving Beam:255,255


OK
[SSH]cmd:ping 10.205.102.16 -c 1
PING 10.205.102.16 (10.205.102.16): 56 data bytes
64 bytes from 10.205.102.16: seq=0 ttl=64 time=17.112 ms

--- 10.205.102.16 ping statistics ---
1 packets transmitted, 1 packets received, 0% packet loss
round-trip min/avg/max = 17.112/17.112/17.112 ms
[01/12 13:59:35]	TX Power: 14	Ping Latency: 17.112	
[SSH]cmd:echo -ne "at+bnrinfo\r\n" | microcom -t 1000 /dev/ttyUSB1
at+bnrinfo

NR BAND:79, EARFCN:720288 DL_bandwidth:100MHz
physical cell ID:1, averaged PUSCH TX power :15 dBm, averaged PUCCH TX power :-255 dBm,
RX Power Info:
RSRQ -11 dB, RSRP -83 dBm,SINR 31 dB
RX0 power: -85 dBm,ecio: -11 dB, rsrp: -96 dBm, phase: 0 degree, sinr: 21 dB
RX1 power: -72 dBm,ecio: -10 dB, rsrp: -83 dBm, phase: 0 degree, sinr: 31 dB
RX2 power: -88 dBm,ecio: -10 dB, rsrp: -98 dBm, phase: 0 degree, sinr: 21 dB
RX3 power: -73 dBm,ecio: -10 dB, rsrp: -84 dBm,phase: 0 degree,sinr: 30 dB
NR CQI 255,RANK 255
Serving Beam SSB index 0,FR2 serving Beam:255,255


OK
at+bnrinfo

NR BAND:79, EARFCN:720288 DL_bandwidth:100MHz
physical cell ID:1, averaged PUSCH TX power :15 dBm, averaged PUCCH TX power :-255 dBm,
RX Power Info:
RSRQ -11 dB, RSRP -83 dBm,SINR 31 dB
RX0 power: -85 dBm,ecio: -11 dB, rsrp: -96 dBm, phase: 0 degree, sinr: 21 dB
RX1 power: -72 dBm,ecio: -10 dB, rsrp: -83 dBm, phase: 0 degree, sinr: 31 dB
RX2 power: -88 dBm,ecio: -10 dB, rsrp: -98 dBm, phase: 0 degree, sinr: 21 dB
RX3 power: -73 dBm,ecio: -10 dB, rsrp: -84 dBm,phase: 0 degree,sinr: 30 dB
NR CQI 255,RANK 255
Serving Beam SSB index 0,FR2 serving Beam:255,255


OK
[SSH]cmd:ping 10.205.102.16 -c 1
PING 10.205.102.16 (10.205.102.16): 56 data bytes
64 bytes from 10.205.102.16: seq=0 ttl=64 time=10.888 ms

--- 10.205.102.16 ping statistics ---
1 packets transmitted, 1 packets received, 0% packet loss
round-trip min/avg/max = 10.888/10.888/10.888 ms
[01/12 13:59:42]	TX Power: 15	Ping Latency: 10.888	
[SSH]cmd:echo -ne "at+bnrinfo\r\n" | microcom -t 1000 /dev/ttyUSB1
at+bnrinfo

NR BAND:79, EARFCN:720288 DL_bandwidth:100MHz
physical cell ID:1, averaged PUSCH TX power :15 dBm, averaged PUCCH TX power :-255 dBm,
RX Power Info:
RSRQ -11 dB, RSRP -83 dBm,SINR 31 dB
RX0 power: -87 dBm,ecio: -11 dB, rsrp: -98 dBm, phase: 0 degree, sinr: 20 dB
RX1 power: -72 dBm,ecio: -10 dB, rsrp: -82 dBm, phase: 0 degree, sinr: 31 dB
RX2 power: -90 dBm,ecio: -10 dB, rsrp: -101 dBm, phase: 0 degree, sinr: 20 dB
RX3 power: -73 dBm,ecio: -10 dB, rsrp: -83 dBm,phase: 0 degree,sinr: 30 dB
NR CQI 255,RANK 255
Serving Beam SSB index 0,FR2 serving Beam:255,255


OK
at+bnrinfo

NR BAND:79, EARFCN:720288 DL_bandwidth:100MHz
physical cell ID:1, averaged PUSCH TX power :15 dBm, averaged PUCCH TX power :-255 dBm,
RX Power Info:
RSRQ -11 dB, RSRP -83 dBm,SINR 31 dB
RX0 power: -87 dBm,ecio: -11 dB, rsrp: -98 dBm, phase: 0 degree, sinr: 20 dB
RX1 power: -72 dBm,ecio: -10 dB, rsrp: -82 dBm, phase: 0 degree, sinr: 31 dB
RX2 power: -90 dBm,ecio: -10 dB, rsrp: -101 dBm, phase: 0 degree, sinr: 20 dB
RX3 power: -73 dBm,ecio: -10 dB, rsrp: -83 dBm,phase: 0 degree,sinr: 30 dB
NR CQI 255,RANK 255
Serving Beam SSB index 0,FR2 serving Beam:255,255


OK
[SSH]cmd:ping 10.205.102.16 -c 1
PING 10.205.102.16 (10.205.102.16): 56 data bytes
64 bytes from 10.205.102.16: seq=0 ttl=64 time=15.671 ms

--- 10.205.102.16 ping statistics ---
1 packets transmitted, 1 packets received, 0% packet loss
round-trip min/avg/max = 15.671/15.671/15.671 ms
[01/12 13:59:49]	TX Power: 15	Ping Latency: 15.671	
[SSH]cmd:echo -ne "at+bnrinfo\r\n" | microcom -t 1000 /dev/ttyUSB1
at+bnrinfo

NR BAND:79, EARFCN:720288 DL_bandwidth:100MHz
physical cell ID:1, averaged PUSCH TX power :16 dBm, averaged PUCCH TX power :-255 dBm,
RX Power Info:
RSRQ -11 dB, RSRP -83 dBm,SINR 31 dB
RX0 power: -86 dBm,ecio: -11 dB, rsrp: -97 dBm, phase: 0 degree, sinr: 19 dB
RX1 power: -72 dBm,ecio: -10 dB, rsrp: -82 dBm, phase: 0 degree, sinr: 31 dB
RX2 power: -89 dBm,ecio: -10 dB, rsrp: -100 dBm, phase: 0 degree, sinr: 21 dB
RX3 power: -73 dBm,ecio: -10 dB, rsrp: -83 dBm,phase: 0 degree,sinr: 30 dB
NR CQI 255,RANK 255
Serving Beam SSB index 0,FR2 serving Beam:255,255


OK
at+bnrinfo

NR BAND:79, EARFCN:720288 DL_bandwidth:100MHz
physical cell ID:1, averaged PUSCH TX power :16 dBm, averaged PUCCH TX power :-255 dBm,
RX Power Info:
RSRQ -11 dB, RSRP -83 dBm,SINR 31 dB
RX0 power: -86 dBm,ecio: -11 dB, rsrp: -97 dBm, phase: 0 degree, sinr: 19 dB
RX1 power: -72 dBm,ecio: -10 dB, rsrp: -82 dBm, phase: 0 degree, sinr: 31 dB
RX2 power: -89 dBm,ecio: -10 dB, rsrp: -100 dBm, phase: 0 degree, sinr: 21 dB
RX3 power: -73 dBm,ecio: -10 dB, rsrp: -83 dBm,phase: 0 degree,sinr: 30 dB
NR CQI 255,RANK 255
Serving Beam SSB index 0,FR2 serving Beam:255,255


OK
[SSH]cmd:ping 10.205.102.16 -c 1
PING 10.205.102.16 (10.205.102.16): 56 data bytes
64 bytes from 10.205.102.16: seq=0 ttl=64 time=11.483 ms

--- 10.205.102.16 ping statistics ---
1 packets transmitted, 1 packets received, 0% packet loss
round-trip min/avg/max = 11.483/11.483/11.483 ms
[01/12 13:59:57]	TX Power: 16	Ping Latency: 11.483	
[SSH]cmd:echo -ne "at+bnrinfo\r\n" | microcom -t 1000 /dev/ttyUSB1
at+bnrinfo

NR BAND:79, EARFCN:720288 DL_bandwidth:100MHz
physical cell ID:1, averaged PUSCH TX power :14 dBm, averaged PUCCH TX power :-255 dBm,
RX Power Info:
RSRQ -11 dB, RSRP -83 dBm,SINR 31 dB
RX0 power: -87 dBm,ecio: -11 dB, rsrp: -98 dBm, phase: 0 degree, sinr: 21 dB
RX1 power: -72 dBm,ecio: -10 dB, rsrp: -82 dBm, phase: 0 degree, sinr: 31 dB
RX2 power: -87 dBm,ecio: -10 dB, rsrp: -98 dBm, phase: 0 degree, sinr: 21 dB
RX3 power: -73 dBm,ecio: -10 dB, rsrp: -84 dBm,phase: 0 degree,sinr: 30 dB
NR CQI 255,RANK 255
Serving Beam SSB index 0,FR2 serving Beam:255,255


OK
at+bnrinfo

NR BAND:79, EARFCN:720288 DL_bandwidth:100MHz
physical cell ID:1, averaged PUSCH TX power :14 dBm, averaged PUCCH TX power :-255 dBm,
RX Power Info:
RSRQ -11 dB, RSRP -83 dBm,SINR 31 dB
RX0 power: -87 dBm,ecio: -11 dB, rsrp: -98 dBm, phase: 0 degree, sinr: 21 dB
RX1 power: -72 dBm,ecio: -10 dB, rsrp: -82 dBm, phase: 0 degree, sinr: 31 dB
RX2 power: -87 dBm,ecio: -10 dB, rsrp: -98 dBm, phase: 0 degree, sinr: 21 dB
RX3 power: -73 dBm,ecio: -10 dB, rsrp: -84 dBm,phase: 0 degree,sinr: 30 dB
NR CQI 255,RANK 255
Serving Beam SSB index 0,FR2 serving Beam:255,255


OK
[SSH]cmd:ping 10.205.102.16 -c 1
PING 10.205.102.16 (10.205.102.16): 56 data bytes
64 bytes from 10.205.102.16: seq=0 ttl=64 time=14.024 ms

--- 10.205.102.16 ping statistics ---
1 packets transmitted, 1 packets received, 0% packet loss
round-trip min/avg/max = 14.024/14.024/14.024 ms
[01/12 14:00:04]	TX Power: 14	Ping Latency: 14.024	
[SSH]cmd:echo -ne "at+bnrinfo\r\n" | microcom -t 1000 /dev/ttyUSB1
at+bnrinfo

NR BAND:79, EARFCN:720288 DL_bandwidth:100MHz
physical cell ID:1, averaged PUSCH TX power :14 dBm, averaged PUCCH TX power :-255 dBm,
RX Power Info:
RSRQ -11 dB, RSRP -83 dBm,SINR 31 dB
RX0 power: -87 dBm,ecio: -10 dB, rsrp: -98 dBm, phase: 0 degree, sinr: 19 dB
RX1 power: -72 dBm,ecio: -10 dB, rsrp: -82 dBm, phase: 0 degree, sinr: 31 dB
RX2 power: -89 dBm,ecio: -10 dB, rsrp: -99 dBm, phase: 0 degree, sinr: 21 dB
RX3 power: -73 dBm,ecio: -10 dB, rsrp: -83 dBm,phase: 0 degree,sinr: 30 dB
NR CQI 255,RANK 255
Serving Beam SSB index 0,FR2 serving Beam:255,255


OK
at+bnrinfo

NR BAND:79, EARFCN:720288 DL_bandwidth:100MHz
physical cell ID:1, averaged PUSCH TX power :14 dBm, averaged PUCCH TX power :-255 dBm,
RX Power Info:
RSRQ -11 dB, RSRP -83 dBm,SINR 31 dB
RX0 power: -87 dBm,ecio: -10 dB, rsrp: -98 dBm, phase: 0 degree, sinr: 19 dB
RX1 power: -72 dBm,ecio: -10 dB, rsrp: -82 dBm, phase: 0 degree, sinr: 31 dB
RX2 power: -89 dBm,ecio: -10 dB, rsrp: -99 dBm, phase: 0 degree, sinr: 21 dB
RX3 power: -73 dBm,ecio: -10 dB, rsrp: -83 dBm,phase: 0 degree,sinr: 30 dB
NR CQI 255,RANK 255
Serving Beam SSB index 0,FR2 serving Beam:255,255


OK
[SSH]cmd:ping 10.205.102.16 -c 1
PING 10.205.102.16 (10.205.102.16): 56 data bytes
64 bytes from 10.205.102.16: seq=0 ttl=64 time=15.588 ms

--- 10.205.102.16 ping statistics ---
1 packets transmitted, 1 packets received, 0% packet loss
round-trip min/avg/max = 15.588/15.588/15.588 ms
[01/12 14:00:11]	TX Power: 14	Ping Latency: 15.588