Test Program: 1.0.0.0
****************************** Loop: 1  ******************************
****************************** [1]TestItem: RSRP@-T:10/-W:1  ******************************
****************************** 2024/1/12 下午 02:26:34 *****************************************
****************************** Loop RSRP *****************************************
cmd: adb -s NoADB shell Query Connection Status
Loop: 10 , Wait: 1s
[SSH]cmd:echo -ne "at+bnrinfo\r\n" | microcom -t 1000 /dev/ttyUSB1
at+bnrinfo

NR BAND:79, EARFCN:720288 DL_bandwidth:100MHz
physical cell ID:1, averaged PUSCH TX power :17 dBm, averaged PUCCH TX power :-255 dBm,
RX Power Info:
RSRQ -11 dB, RSRP -86 dBm,SINR 30 dB
RX0 power: -82 dBm,ecio: -10 dB, rsrp: -93 dBm, phase: 0 degree, sinr: 24 dB
RX1 power: -75 dBm,ecio: -10 dB, rsrp: -85 dBm, phase: 0 degree, sinr: 30 dB
RX2 power: -90 dBm,ecio: -10 dB, rsrp: -100 dBm, phase: 0 degree, sinr: 21 dB
RX3 power: -74 dBm,ecio: -10 dB, rsrp: -84 dBm,phase: 0 degree,sinr: 30 dB
NR CQI 255,RANK 255
Serving Beam SSB index 0,FR2 serving Beam:255,255


OK
at+bnrinfo

NR BAND:79, EARFCN:720288 DL_bandwidth:100MHz
physical cell ID:1, averaged PUSCH TX power :17 dBm, averaged PUCCH TX power :-255 dBm,
RX Power Info:
RSRQ -11 dB, RSRP -86 dBm,SINR 30 dB
RX0 power: -82 dBm,ecio: -10 dB, rsrp: -93 dBm, phase: 0 degree, sinr: 24 dB
RX1 power: -75 dBm,ecio: -10 dB, rsrp: -85 dBm, phase: 0 degree, sinr: 30 dB
RX2 power: -90 dBm,ecio: -10 dB, rsrp: -100 dBm, phase: 0 degree, sinr: 21 dB
RX3 power: -74 dBm,ecio: -10 dB, rsrp: -84 dBm,phase: 0 degree,sinr: 30 dB
NR CQI 255,RANK 255
Serving Beam SSB index 0,FR2 serving Beam:255,255


OK
[SSH]cmd:ping 10.205.102.16 -c 1
PING 10.205.102.16 (10.205.102.16): 56 data bytes
64 bytes from 10.205.102.16: seq=0 ttl=64 time=15.721 ms

--- 10.205.102.16 ping statistics ---
1 packets transmitted, 1 packets received, 0% packet loss
round-trip min/avg/max = 15.721/15.721/15.721 ms
[01/12 14:26:40]	TX Power: 17	Ping Latency: 15.721	
[SSH]cmd:echo -ne "at+bnrinfo\r\n" | microcom -t 1000 /dev/ttyUSB1
at+bnrinfo

NR BAND:79, EARFCN:720288 DL_bandwidth:100MHz
physical cell ID:1, averaged PUSCH TX power :17 dBm, averaged PUCCH TX power :-255 dBm,
RX Power Info:
RSRQ -11 dB, RSRP -86 dBm,SINR 30 dB
RX0 power: -83 dBm,ecio: -10 dB, rsrp: -93 dBm, phase: 0 degree, sinr: 24 dB
RX1 power: -75 dBm,ecio: -10 dB, rsrp: -85 dBm, phase: 0 degree, sinr: 30 dB
RX2 power: -90 dBm,ecio: -10 dB, rsrp: -100 dBm, phase: 0 degree, sinr: 20 dB
RX3 power: -74 dBm,ecio: -10 dB, rsrp: -84 dBm,phase: 0 degree,sinr: 30 dB
NR CQI 255,RANK 255
Serving Beam SSB index 0,FR2 serving Beam:255,255


OK

+CESQDBM:
SYSTEM:NR5G-SA
Band 79
NR5G: RSRQ -11 dB, RSRP -86 dBm, SINR 30 dB


OK

COMPAL

OK
ATI

Manufacturer: COMPAL
Model: 334
Revision: RXMG1.20.00.428_0R12
SVN: 01
IMEI: 359047100262714
+GCAP: +CGSM

OK
at+bnrinfo

NR BAND:79, EARFCN:720288 DL_bandwidth:100MHz
physical cell ID:1, averaged PUSCH TX power :17 dBm, averaged PUCCH TX power :-255 dBm,
RX Power Info:
RSRQ -11 dB, RSRP -86 dBm,SINR 30 dB
RX0 power: -83 dBm,ecio: -10 dB, rsrp: -93 dBm, phase: 0 degree, sinr: 24 dB
RX1 power: -75 dBm,ecio: -10 dB, rsrp: -85 dBm, phase: 0 degree, sinr: 30 dB
RX2 power: -90 dBm,ecio: -10 dB, rsrp: -100 dBm, phase: 0 degree, sinr: 20 dB
RX3 power: -74 dBm,ecio: -10 dB, rsrp: -84 dBm,phase: 0 degree,sinr: 30 dB
NR CQI 255,RANK 255
Serving Beam SSB index 0,FR2 serving Beam:255,255


OK

+CESQDBM:
SYSTEM:NR5G-SA
Band 79
NR5G: RSRQ -11 dB, RSRP -86 dBm, SINR 30 dB


OK

COMPAL

OK
ATI

Manufacturer: COMPAL
Model: 334
Revision: RXMG1.20.00.428_0R12
SVN: 01
IMEI: 359047100262714
+GCAP: +CGSM

OK
[SSH]cmd:ping 10.205.102.16 -c 1
PING 10.205.102.16 (10.205.102.16): 56 data bytes
64 bytes from 10.205.102.16: seq=0 ttl=64 time=17.766 ms

--- 10.205.102.16 ping statistics ---
1 packets transmitted, 1 packets received, 0% packet loss
round-trip min/avg/max = 17.766/17.766/17.766 ms
[01/12 14:26:48]	RSRQ: -11	RSRP: -86	SINR: 30	TX Power: 17	Ping Latency: 17.766	
[SSH]cmd:echo -ne "at+bnrinfo\r\n" | microcom -t 1000 /dev/ttyUSB1

[SSH]cmd:ping 10.205.102.16 -c 1
PING 10.205.102.16 (10.205.102.16): 56 data bytes
64 bytes from 10.205.102.16: seq=0 ttl=64 time=13.247 ms

--- 10.205.102.16 ping statistics ---
1 packets transmitted, 1 packets received, 0% packet loss
round-trip min/avg/max = 13.247/13.247/13.247 ms
[01/12 14:26:54]	TX Power: 17	Ping Latency: 13.247	
[SSH]cmd:echo -ne "at+bnrinfo\r\n" | microcom -t 1000 /dev/ttyUSB1
at+bnrinfo

NR BAND:79, EARFCN:720288 DL_bandwidth:100MHz
physical cell ID:1, averaged PUSCH TX power :17 dBm, averaged PUCCH TX power :-255 dBm,
RX Power Info:
RSRQ -11 dB, RSRP -86 dBm,SINR 30 dB
RX0 power: -83 dBm,ecio: -10 dB, rsrp: -93 dBm, phase: 0 degree, sinr: 24 dB
RX1 power: -75 dBm,ecio: -10 dB, rsrp: -85 dBm, phase: 0 degree, sinr: 30 dB
RX2 power: -90 dBm,ecio: -10 dB, rsrp: -100 dBm, phase: 0 degree, sinr: 20 dB
RX3 power: -74 dBm,ecio: -10 dB, rsrp: -84 dBm,phase: 0 degree,sinr: 29 dB
NR CQI 255,RANK 255
Serving Beam SSB index 0,FR2 serving Beam:255,255


OK

COMPAL

OK

Manufacturer: COMPAL
Model: 334
Revision: RXMG1.20.00.428_0R12
SVN: 01
IMEI: 359047100262714
+GCAP: +CGSM

OK
AT+COPS?

+COPS: 0,0,"466 66",11

OK
AT+CGSN

359047100262714

OK
at+bnrinfo

NR BAND:79, EARFCN:720288 DL_bandwidth:100MHz
physical cell ID:1, averaged PUSCH TX power :17 dBm, averaged PUCCH TX power :-255 dBm,
RX Power Info:
RSRQ -11 dB, RSRP -86 dBm,SINR 30 dB
RX0 power: -83 dBm,ecio: -10 dB, rsrp: -93 dBm, phase: 0 degree, sinr: 24 dB
RX1 power: -75 dBm,ecio: -10 dB, rsrp: -85 dBm, phase: 0 degree, sinr: 30 dB
RX2 power: -90 dBm,ecio: -10 dB, rsrp: -100 dBm, phase: 0 degree, sinr: 20 dB
RX3 power: -74 dBm,ecio: -10 dB, rsrp: -84 dBm,phase: 0 degree,sinr: 29 dB
NR CQI 255,RANK 255
Serving Beam SSB index 0,FR2 serving Beam:255,255


OK

COMPAL

OK

Manufacturer: COMPAL
Model: 334
Revision: RXMG1.20.00.428_0R12
SVN: 01
IMEI: 359047100262714
+GCAP: +CGSM

OK
AT+COPS?

+COPS: 0,0,"466 66",11

OK
AT+CGSN

359047100262714

OK
[SSH]cmd:ping 10.205.102.16 -c 1
PING 10.205.102.16 (10.205.102.16): 56 data bytes
64 bytes from 10.205.102.16: seq=0 ttl=64 time=12.061 ms

--- 10.205.102.16 ping statistics ---
1 packets transmitted, 1 packets received, 0% packet loss
round-trip min/avg/max = 12.061/12.061/12.061 ms
[01/12 14:27:02]	TX Power: 17	Ping Latency: 12.061	
[SSH]cmd:echo -ne "at+bnrinfo\r\n" | microcom -t 1000 /dev/ttyUSB1

<LTE PCC INFO>:<INVALID>

OK
AT+CGPADDR

+CGPADDR: 1,10.205.164.11
+CGPADDR: 38,0.0.0.0.0.0.0.0.0.0.0.0.0.0.0.0
+CGPADDR: 39,0.0.0.0.0.0.0.0.0.0.0.0.0.0.0.0

OK
<LTE PCC INFO>:<INVALID>

OK
AT+CGPADDR

+CGPADDR: 1,10.205.164.11
+CGPADDR: 38,0.0.0.0.0.0.0.0.0.0.0.0.0.0.0.0
+CGPADDR: 39,0.0.0.0.0.0.0.0.0.0.0.0.0.0.0.0

OK
[SSH]cmd:ping 10.205.102.16 -c 1
PING 10.205.102.16 (10.205.102.16): 56 data bytes
64 bytes from 10.205.102.16: seq=0 ttl=64 time=14.813 ms

--- 10.205.102.16 ping statistics ---
1 packets transmitted, 1 packets received, 0% packet loss
round-trip min/avg/max = 14.813/14.813/14.813 ms
[01/12 14:27:09]	TX Power: 17	Ping Latency: 14.813	
[SSH]cmd:echo -ne "at+bnrinfo\r\n" | microcom -t 1000 /dev/ttyUSB1

+CGPADDR: 1,10.205.164.11
+CGPADDR: 38,0.0.0.0.0.0.0.0.0.0.0.0.0.0.0.0
+CGPADDR: 39,0.0.0.0.0.0.0.0.0.0.0.0.0.0.0.0

OK
+CGPADDR: 1,10.205.164.11
+CGPADDR: 38,0.0.0.0.0.0.0.0.0.0.0.0.0.0.0.0
+CGPADDR: 39,0.0.0.0.0.0.0.0.0.0.0.0.0.0.0.0

OK
[SSH]cmd:ping 10.205.102.16 -c 1
PING 10.205.102.16 (10.205.102.16): 56 data bytes
64 bytes from 10.205.102.16: seq=0 ttl=64 time=13.521 ms

--- 10.205.102.16 ping statistics ---
1 packets transmitted, 1 packets received, 0% packet loss
round-trip min/avg/max = 13.521/13.521/13.521 ms
[01/12 14:27:15]	TX Power: 17	Ping Latency: 13.521	
[SSH]cmd:echo -ne "at+bnrinfo\r\n" | microcom -t 1000 /dev/ttyUSB1

<LTE PCC INFO>:<INVALID>

OK
AT+CGPADDR

+CGPADDR: 1,10.205.164.11
+CGPADDR: 38,0.0.0.0.0.0.0.0.0.0.0.0.0.0.0.0
+CGPADDR: 39,0.0.0.0.0.0.0.0.0.0.0.0.0.0.0.0

OK
<LTE PCC INFO>:<INVALID>

OK
AT+CGPADDR

+CGPADDR: 1,10.205.164.11
+CGPADDR: 38,0.0.0.0.0.0.0.0.0.0.0.0.0.0.0.0
+CGPADDR: 39,0.0.0.0.0.0.0.0.0.0.0.0.0.0.0.0

OK
[SSH]cmd:ping 10.205.102.16 -c 1
PING 10.205.102.16 (10.205.102.16): 56 data bytes
64 bytes from 10.205.102.16: seq=0 ttl=64 time=11.214 ms

--- 10.205.102.16 ping statistics ---
1 packets transmitted, 1 packets received, 0% packet loss
round-trip min/avg/max = 11.214/11.214/11.214 ms
[01/12 14:27:22]	TX Power: 17	Ping Latency: 11.214	
[SSH]cmd:echo -ne "at+bnrinfo\r\n" | microcom -t 1000 /dev/ttyUSB1
at+bnrinfo

NR BAND:79, EARFCN:720288 DL_bandwidth:100MHz
physical cell ID:1, averaged PUSCH TX power :17 dBm, averaged PUCCH TX power :-255 dBm,
RX Power Info:
RSRQ -11 dB, RSRP -86 dBm,SINR 30 dB
RX0 power: -83 dBm,ecio: -10 dB, rsrp: -93 dBm, phase: 0 degree, sinr: 23 dB
RX1 power: -75 dBm,ecio: -10 dB, rsrp: -85 dBm, phase: 0 degree, sinr: 30 dB
RX2 power: -90 dBm,ecio: -10 dB, rsrp: -101 dBm, phase: 0 degree, sinr: 20 dB
RX3 power: -74 dBm,ecio: -10 dB, rsrp: -84 dBm,phase: 0 degree,sinr: 30 dB
NR CQI 255,RANK 255
Serving Beam SSB index 0,FR2 serving Beam:255,255


OK
at+bnrinfo

NR BAND:79, EARFCN:720288 DL_bandwidth:100MHz
physical cell ID:1, averaged PUSCH TX power :17 dBm, averaged PUCCH TX power :-255 dBm,
RX Power Info:
RSRQ -11 dB, RSRP -86 dBm,SINR 30 dB
RX0 power: -83 dBm,ecio: -10 dB, rsrp: -93 dBm, phase: 0 degree, sinr: 23 dB
RX1 power: -75 dBm,ecio: -10 dB, rsrp: -85 dBm, phase: 0 degree, sinr: 30 dB
RX2 power: -90 dBm,ecio: -10 dB, rsrp: -101 dBm, phase: 0 degree, sinr: 20 dB
RX3 power: -74 dBm,ecio: -10 dB, rsrp: -84 dBm,phase: 0 degree,sinr: 30 dB
NR CQI 255,RANK 255
Serving Beam SSB index 0,FR2 serving Beam:255,255


OK
[SSH]cmd:ping 10.205.102.16 -c 1
PING 10.205.102.16 (10.205.102.16): 56 data bytes
64 bytes from 10.205.102.16: seq=0 ttl=64 time=17.219 ms

--- 10.205.102.16 ping statistics ---
1 packets transmitted, 1 packets received, 0% packet loss
round-trip min/avg/max = 17.219/17.219/17.219 ms
[01/12 14:27:29]	TX Power: 17	Ping Latency: 17.219	
[SSH]cmd:echo -ne "at+bnrinfo\r\n" | microcom -t 1000 /dev/ttyUSB1
at+bnrinfo

NR BAND:79, EARFCN:720288 DL_bandwidth:100MHz
physical cell ID:1, averaged PUSCH TX power :17 dBm, averaged PUCCH TX power :-255 dBm,
RX Power Info:
RSRQ -11 dB, RSRP -86 dBm,SINR 29 dB
RX0 power: -82 dBm,ecio: -10 dB, rsrp: -93 dBm, phase: 0 degree, sinr: 24 dB
RX1 power: -75 dBm,ecio: -10 dB, rsrp: -85 dBm, phase: 0 degree, sinr: 29 dB
RX2 power: -90 dBm,ecio: -10 dB, rsrp: -100 dBm, phase: 0 degree, sinr: 20 dB
RX3 power: -74 dBm,ecio: -10 dB, rsrp: -84 dBm,phase: 0 degree,sinr: 29 dB
NR CQI 255,RANK 255
Serving Beam SSB index 0,FR2 serving Beam:255,255


OK
at+bnrinfo

NR BAND:79, EARFCN:720288 DL_bandwidth:100MHz
physical cell ID:1, averaged PUSCH TX power :17 dBm, averaged PUCCH TX power :-255 dBm,
RX Power Info:
RSRQ -11 dB, RSRP -86 dBm,SINR 29 dB
RX0 power: -82 dBm,ecio: -10 dB, rsrp: -93 dBm, phase: 0 degree, sinr: 24 dB
RX1 power: -75 dBm,ecio: -10 dB, rsrp: -85 dBm, phase: 0 degree, sinr: 29 dB
RX2 power: -90 dBm,ecio: -10 dB, rsrp: -100 dBm, phase: 0 degree, sinr: 20 dB
RX3 power: -74 dBm,ecio: -10 dB, rsrp: -84 dBm,phase: 0 degree,sinr: 29 dB
NR CQI 255,RANK 255
Serving Beam SSB index 0,FR2 serving Beam:255,255


OK
[SSH]cmd:ping 10.205.102.16 -c 1
PING 10.205.102.16 (10.205.102.16): 56 data bytes
64 bytes from 10.205.102.16: seq=0 ttl=64 time=14.040 ms

--- 10.205.102.16 ping statistics ---
1 packets transmitted, 1 packets received, 0% packet loss
round-trip min/avg/max = 14.040/14.040/14.040 ms
[01/12 14:27:36]	TX Power: 17	Ping Latency: 14.04	
[SSH]cmd:echo -ne "at+bnrinfo\r\n" | microcom -t 1000 /dev/ttyUSB1
at+bnrinfo

NR BAND:79, EARFCN:720288 DL_bandwidth:100MHz
physical cell ID:1, averaged PUSCH TX power :17 dBm, averaged PUCCH TX power :-255 dBm,
RX Power Info:
RSRQ -11 dB, RSRP -86 dBm,SINR 30 dB
RX0 power: -82 dBm,ecio: -10 dB, rsrp: -92 dBm, phase: 0 degree, sinr: 24 dB
RX1 power: -75 dBm,ecio: -10 dB, rsrp: -85 dBm, phase: 0 degree, sinr: 30 dB
RX2 power: -90 dBm,ecio: -10 dB, rsrp: -101 dBm, phase: 0 degree, sinr: 20 dB
RX3 power: -74 dBm,ecio: -10 dB, rsrp: -84 dBm,phase: 0 degree,sinr: 29 dB
NR CQI 255,RANK 255
Serving Beam SSB index 0,FR2 serving Beam:255,255


OK
at+bnrinfo

NR BAND:79, EARFCN:720288 DL_bandwidth:100MHz
physical cell ID:1, averaged PUSCH TX power :17 dBm, averaged PUCCH TX power :-255 dBm,
RX Power Info:
RSRQ -11 dB, RSRP -86 dBm,SINR 30 dB
RX0 power: -82 dBm,ecio: -10 dB, rsrp: -92 dBm, phase: 0 degree, sinr: 24 dB
RX1 power: -75 dBm,ecio: -10 dB, rsrp: -85 dBm, phase: 0 degree, sinr: 30 dB
RX2 power: -90 dBm,ecio: -10 dB, rsrp: -101 dBm, phase: 0 degree, sinr: 20 dB
RX3 power: -74 dBm,ecio: -10 dB, rsrp: -84 dBm,phase: 0 degree,sinr: 29 dB
NR CQI 255,RANK 255
Serving Beam SSB index 0,FR2 serving Beam:255,255


OK
[SSH]cmd:ping 10.205.102.16 -c 1
PING 10.205.102.16 (10.205.102.16): 56 data bytes
64 bytes from 10.205.102.16: seq=0 ttl=64 time=141.509 ms

--- 10.205.102.16 ping statistics ---
1 packets transmitted, 1 packets received, 0% packet loss
round-trip min/avg/max = 141.509/141.509/141.509 ms
[01/12 14:27:43]	TX Power: 17	Ping Latency: 141.509