Test Program: 1.0.0.0
****************************** Loop: 1  ******************************
****************************** [1]TestItem: RSRP@-T:10/-W:1  ******************************
****************************** 2024/1/12 下午 01:53:46 *****************************************
****************************** Loop RSRP *****************************************
cmd: adb -s NoADB shell Query Connection Status
Loop: 10 , Wait: 1s
[SSH]cmd:echo -ne "at+bnrinfo\r\n" | microcom -t 1000 /dev/ttyUSB1
at+bnrinfo

NR BAND:79, EARFCN:720288 DL_bandwidth:100MHz
physical cell ID:1, averaged PUSCH TX power :10 dBm, averaged PUCCH TX power :-255 dBm,
RX Power Info:
RSRQ -11 dB, RSRP -84 dBm,SINR 31 dB
RX0 power: -72 dBm,ecio: -10 dB, rsrp: -83 dBm, phase: 0 degree, sinr: 31 dB
RX1 power: -74 dBm,ecio: -10 dB, rsrp: -84 dBm, phase: 0 degree, sinr: 30 dB
RX2 power: -81 dBm,ecio: -10 dB, rsrp: -91 dBm, phase: 0 degree, sinr: 26 dB
RX3 power: -78 dBm,ecio: -10 dB, rsrp: -89 dBm,phase: 0 degree,sinr: 27 dB
NR CQI 255,RANK 255
Serving Beam SSB index 0,FR2 serving Beam:255,255


OK
at+bnrinfo

NR BAND:79, EARFCN:720288 DL_bandwidth:100MHz
physical cell ID:1, averaged PUSCH TX power :10 dBm, averaged PUCCH TX power :-255 dBm,
RX Power Info:
RSRQ -11 dB, RSRP -84 dBm,SINR 31 dB
RX0 power: -72 dBm,ecio: -10 dB, rsrp: -83 dBm, phase: 0 degree, sinr: 31 dB
RX1 power: -74 dBm,ecio: -10 dB, rsrp: -84 dBm, phase: 0 degree, sinr: 30 dB
RX2 power: -81 dBm,ecio: -10 dB, rsrp: -91 dBm, phase: 0 degree, sinr: 26 dB
RX3 power: -78 dBm,ecio: -10 dB, rsrp: -89 dBm,phase: 0 degree,sinr: 27 dB
NR CQI 255,RANK 255
Serving Beam SSB index 0,FR2 serving Beam:255,255


OK
[SSH]cmd:ping 10.205.102.16 -c 1
PING 10.205.102.16 (10.205.102.16): 56 data bytes
64 bytes from 10.205.102.16: seq=0 ttl=64 time=15.069 ms

--- 10.205.102.16 ping statistics ---
1 packets transmitted, 1 packets received, 0% packet loss
round-trip min/avg/max = 15.069/15.069/15.069 ms
[01/12 13:53:52]	TX Power: 10	Ping Latency: 15.069	
[SSH]cmd:echo -ne "at+bnrinfo\r\n" | microcom -t 1000 /dev/ttyUSB1
at+bnrinfo

NR BAND:79, EARFCN:720288 DL_bandwidth:100MHz
physical cell ID:1, averaged PUSCH TX power :10 dBm, averaged PUCCH TX power :-255 dBm,
RX Power Info:
RSRQ -11 dB, RSRP -84 dBm,SINR 31 dB
RX0 power: -73 dBm,ecio: -10 dB, rsrp: -83 dBm, phase: 0 degree, sinr: 31 dB
RX1 power: -74 dBm,ecio: -10 dB, rsrp: -85 dBm, phase: 0 degree, sinr: 31 dB
RX2 power: -84 dBm,ecio: -10 dB, rsrp: -95 dBm, phase: 0 degree, sinr: 24 dB
RX3 power: -77 dBm,ecio: -10 dB, rsrp: -88 dBm,phase: 0 degree,sinr: 27 dB
NR CQI 255,RANK 255
Serving Beam SSB index 0,FR2 serving Beam:255,255


OK

+CESQDBM:
SYSTEM:NR5G-SA
Band 79
NR5G: RSRQ -11 dB, RSRP -84 dBm, SINR 31 dB


OK

COMPAL

OK

Manufacturer: COMPAL
Model: 334
Revision: RXMG1.20.00.428_0R12
SVN: 01
IMEI: 359047100263100
+GCAP: +CGSM

OK

+COPS: 0,0,"466 66",11

OK
AT+CGSN

359047100263100

OK
AT+CPIN?

+CPIN: READY

OK
at+bnrinfo

NR BAND:79, EARFCN:720288 DL_bandwidth:100MHz
physical cell ID:1, averaged PUSCH TX power :10 dBm, averaged PUCCH TX power :-255 dBm,
RX Power Info:
RSRQ -11 dB, RSRP -84 dBm,SINR 31 dB
RX0 power: -73 dBm,ecio: -10 dB, rsrp: -83 dBm, phase: 0 degree, sinr: 31 dB
RX1 power: -74 dBm,ecio: -10 dB, rsrp: -85 dBm, phase: 0 degree, sinr: 31 dB
RX2 power: -84 dBm,ecio: -10 dB, rsrp: -95 dBm, phase: 0 degree, sinr: 24 dB
RX3 power: -77 dBm,ecio: -10 dB, rsrp: -88 dBm,phase: 0 degree,sinr: 27 dB
NR CQI 255,RANK 255
Serving Beam SSB index 0,FR2 serving Beam:255,255


OK

+CESQDBM:
SYSTEM:NR5G-SA
Band 79
NR5G: RSRQ -11 dB, RSRP -84 dBm, SINR 31 dB


OK

COMPAL

OK

Manufacturer: COMPAL
Model: 334
Revision: RXMG1.20.00.428_0R12
SVN: 01
IMEI: 359047100263100
+GCAP: +CGSM

OK

+COPS: 0,0,"466 66",11

OK
AT+CGSN

359047100263100

OK
AT+CPIN?

+CPIN: READY

OK
[SSH]cmd:ping 10.205.102.16 -c 1
PING 10.205.102.16 (10.205.102.16): 56 data bytes
64 bytes from 10.205.102.16: seq=0 ttl=64 time=22.346 ms

--- 10.205.102.16 ping statistics ---
1 packets transmitted, 1 packets received, 0% packet loss
round-trip min/avg/max = 22.346/22.346/22.346 ms
[01/12 13:54:00]	RSRQ: -11	RSRP: -84	SINR: 31	TX Power: 10	Ping Latency: 22.346	
[SSH]cmd:echo -ne "at+bnrinfo\r\n" | microcom -t 1000 /dev/ttyUSB1

[SSH]cmd:ping 10.205.102.16 -c 1
PING 10.205.102.16 (10.205.102.16): 56 data bytes
64 bytes from 10.205.102.16: seq=0 ttl=64 time=11.320 ms

--- 10.205.102.16 ping statistics ---
1 packets transmitted, 1 packets received, 0% packet loss
round-trip min/avg/max = 11.320/11.320/11.320 ms
[01/12 13:54:07]	TX Power: 10	Ping Latency: 11.32	
[SSH]cmd:echo -ne "at+bnrinfo\r\n" | microcom -t 1000 /dev/ttyUSB1
at+bnrinfo

NR BAND:79, EARFCN:720288 DL_bandwidth:100MHz
physical cell ID:1, averaged PUSCH TX power :10 dBm, averaged PUCCH TX power :-255 dBm,
RX Power Info:
RSRQ -11 dB, RSRP -84 dBm,SINR 31 dB
RX0 power: -73 dBm,ecio: -10 dB, rsrp: -83 dBm, phase: 0 degree, sinr: 31 dB
RX1 power: -74 dBm,ecio: -10 dB, rsrp: -85 dBm, phase: 0 degree, sinr: 31 dB
RX2 power: -83 dBm,ecio: -10 dB, rsrp: -94 dBm, phase: 0 degree, sinr: 24 dB
RX3 power: -78 dBm,ecio: -10 dB, rsrp: -88 dBm,phase: 0 degree,sinr: 27 dB
NR CQI 255,RANK 255
Serving Beam SSB index 0,FR2 serving Beam:255,255


OK

COMPAL

OK

Manufacturer: COMPAL
Model: 334
Revision: RXMG1.20.00.428_0R12
SVN: 01
IMEI: 359047100263100
+GCAP: +CGSM

OK

+COPS: 0,0,"466 66",11

OK

359047100263100

OK

+CPIN: READY

OK

466660000055186

OK

ICCID: 8988211000000551864F

OK

+CESQDBM:
SYSTEM:NR5G-SA
Band 79
NR5G: RSRQ -11 dB, RSRP -84 dBm, SINR 31 dB


OK

<LTE PCC INFO>:<INVALID>

OK
at+bnrinfo

NR BAND:79, EARFCN:720288 DL_bandwidth:100MHz
physical cell ID:1, averaged PUSCH TX power :10 dBm, averaged PUCCH TX power :-255 dBm,
RX Power Info:
RSRQ -11 dB, RSRP -84 dBm,SINR 31 dB
RX0 power: -73 dBm,ecio: -10 dB, rsrp: -83 dBm, phase: 0 degree, sinr: 31 dB
RX1 power: -74 dBm,ecio: -10 dB, rsrp: -85 dBm, phase: 0 degree, sinr: 31 dB
RX2 power: -83 dBm,ecio: -10 dB, rsrp: -94 dBm, phase: 0 degree, sinr: 24 dB
RX3 power: -78 dBm,ecio: -10 dB, rsrp: -88 dBm,phase: 0 degree,sinr: 27 dB
NR CQI 255,RANK 255
Serving Beam SSB index 0,FR2 serving Beam:255,255


OK

COMPAL

OK

Manufacturer: COMPAL
Model: 334
Revision: RXMG1.20.00.428_0R12
SVN: 01
IMEI: 359047100263100
+GCAP: +CGSM

OK

+COPS: 0,0,"466 66",11

OK

359047100263100

OK

+CPIN: READY

OK

466660000055186

OK

ICCID: 8988211000000551864F

OK

+CESQDBM:
SYSTEM:NR5G-SA
Band 79
NR5G: RSRQ -11 dB, RSRP -84 dBm, SINR 31 dB


OK

<LTE PCC INFO>:<INVALID>

OK
[SSH]cmd:ping 10.205.102.16 -c 1
PING 10.205.102.16 (10.205.102.16): 56 data bytes
64 bytes from 10.205.102.16: seq=0 ttl=64 time=18.884 ms

--- 10.205.102.16 ping statistics ---
1 packets transmitted, 1 packets received, 0% packet loss
round-trip min/avg/max = 18.884/18.884/18.884 ms
[01/12 13:54:15]	RSRQ: -11	RSRP: -84	SINR: 31	TX Power: 10	Ping Latency: 18.884	
[SSH]cmd:echo -ne "at+bnrinfo\r\n" | microcom -t 1000 /dev/ttyUSB1

<LTE PCC INFO>:<INVALID>

OK

+CGPADDR: 1,10.205.164.22
+CGPADDR: 38,0.0.0.0.0.0.0.0.0.0.0.0.0.0.0.0
+CGPADDR: 39,0.0.0.0.0.0.0.0.0.0.0.0.0.0.0.0

OK
<LTE PCC INFO>:<INVALID>

OK

+CGPADDR: 1,10.205.164.22
+CGPADDR: 38,0.0.0.0.0.0.0.0.0.0.0.0.0.0.0.0
+CGPADDR: 39,0.0.0.0.0.0.0.0.0.0.0.0.0.0.0.0

OK
[SSH]cmd:ping 10.205.102.16 -c 1
PING 10.205.102.16 (10.205.102.16): 56 data bytes
64 bytes from 10.205.102.16: seq=0 ttl=64 time=12.992 ms

--- 10.205.102.16 ping statistics ---
1 packets transmitted, 1 packets received, 0% packet loss
round-trip min/avg/max = 12.992/12.992/12.992 ms
[01/12 13:54:22]	TX Power: 10	Ping Latency: 12.992	
[SSH]cmd:echo -ne "at+bnrinfo\r\n" | microcom -t 1000 /dev/ttyUSB1
at+bnrinfo

NR BAND:79, EARFCN:720288 DL_bandwidth:100MHz
physical cell ID:1, averaged PUSCH TX power :10 dBm, averaged PUCCH TX power :-255 dBm,
RX Power Info:
RSRQ -11 dB, RSRP -84 dBm,SINR 32 dB
RX0 power: -73 dBm,ecio: -10 dB, rsrp: -83 dBm, phase: 0 degree, sinr: 32 dB
RX1 power: -75 dBm,ecio: -10 dB, rsrp: -85 dBm, phase: 0 degree, sinr: 31 dB
RX2 power: -83 dBm,ecio: -10 dB, rsrp: -94 dBm, phase: 0 degree, sinr: 25 dB
RX3 power: -78 dBm,ecio: -10 dB, rsrp: -89 dBm,phase: 0 degree,sinr: 26 dB
NR CQI 255,RANK 255
Serving Beam SSB index 0,FR2 serving Beam:255,255


OK
at+bnrinfo

NR BAND:79, EARFCN:720288 DL_bandwidth:100MHz
physical cell ID:1, averaged PUSCH TX power :10 dBm, averaged PUCCH TX power :-255 dBm,
RX Power Info:
RSRQ -11 dB, RSRP -84 dBm,SINR 32 dB
RX0 power: -73 dBm,ecio: -10 dB, rsrp: -83 dBm, phase: 0 degree, sinr: 32 dB
RX1 power: -75 dBm,ecio: -10 dB, rsrp: -85 dBm, phase: 0 degree, sinr: 31 dB
RX2 power: -83 dBm,ecio: -10 dB, rsrp: -94 dBm, phase: 0 degree, sinr: 25 dB
RX3 power: -78 dBm,ecio: -10 dB, rsrp: -89 dBm,phase: 0 degree,sinr: 26 dB
NR CQI 255,RANK 255
Serving Beam SSB index 0,FR2 serving Beam:255,255


OK
[SSH]cmd:ping 10.205.102.16 -c 1
PING 10.205.102.16 (10.205.102.16): 56 data bytes
64 bytes from 10.205.102.16: seq=0 ttl=64 time=22.223 ms

--- 10.205.102.16 ping statistics ---
1 packets transmitted, 1 packets received, 0% packet loss
round-trip min/avg/max = 22.223/22.223/22.223 ms
[01/12 13:54:29]	TX Power: 10	Ping Latency: 22.223	
[SSH]cmd:echo -ne "at+bnrinfo\r\n" | microcom -t 1000 /dev/ttyUSB1
at+bnrinfo

NR BAND:79, EARFCN:720288 DL_bandwidth:100MHz
physical cell ID:1, averaged PUSCH TX power :10 dBm, averaged PUCCH TX power :-255 dBm,
RX Power Info:
RSRQ -11 dB, RSRP -84 dBm,SINR 31 dB
RX0 power: -73 dBm,ecio: -10 dB, rsrp: -83 dBm, phase: 0 degree, sinr: 31 dB
RX1 power: -74 dBm,ecio: -10 dB, rsrp: -85 dBm, phase: 0 degree, sinr: 31 dB
RX2 power: -84 dBm,ecio: -10 dB, rsrp: -94 dBm, phase: 0 degree, sinr: 25 dB
RX3 power: -78 dBm,ecio: -10 dB, rsrp: -88 dBm,phase: 0 degree,sinr: 27 dB
NR CQI 255,RANK 255
Serving Beam SSB index 0,FR2 serving Beam:255,255


OK
at+bnrinfo

NR BAND:79, EARFCN:720288 DL_bandwidth:100MHz
physical cell ID:1, averaged PUSCH TX power :10 dBm, averaged PUCCH TX power :-255 dBm,
RX Power Info:
RSRQ -11 dB, RSRP -84 dBm,SINR 31 dB
RX0 power: -73 dBm,ecio: -10 dB, rsrp: -83 dBm, phase: 0 degree, sinr: 31 dB
RX1 power: -74 dBm,ecio: -10 dB, rsrp: -85 dBm, phase: 0 degree, sinr: 31 dB
RX2 power: -84 dBm,ecio: -10 dB, rsrp: -94 dBm, phase: 0 degree, sinr: 25 dB
RX3 power: -78 dBm,ecio: -10 dB, rsrp: -88 dBm,phase: 0 degree,sinr: 27 dB
NR CQI 255,RANK 255
Serving Beam SSB index 0,FR2 serving Beam:255,255


OK
[SSH]cmd:ping 10.205.102.16 -c 1
PING 10.205.102.16 (10.205.102.16): 56 data bytes
64 bytes from 10.205.102.16: seq=0 ttl=64 time=10.730 ms

--- 10.205.102.16 ping statistics ---
1 packets transmitted, 1 packets received, 0% packet loss
round-trip min/avg/max = 10.730/10.730/10.730 ms
[01/12 13:54:36]	TX Power: 10	Ping Latency: 10.73	
[SSH]cmd:echo -ne "at+bnrinfo\r\n" | microcom -t 1000 /dev/ttyUSB1
at+bnrinfo

NR BAND:79, EARFCN:720288 DL_bandwidth:100MHz
physical cell ID:1, averaged PUSCH TX power :10 dBm, averaged PUCCH TX power :-255 dBm,
RX Power Info:
RSRQ -11 dB, RSRP -84 dBm,SINR 31 dB
RX0 power: -73 dBm,ecio: -10 dB, rsrp: -83 dBm, phase: 0 degree, sinr: 31 dB
RX1 power: -74 dBm,ecio: -10 dB, rsrp: -85 dBm, phase: 0 degree, sinr: 31 dB
RX2 power: -83 dBm,ecio: -10 dB, rsrp: -94 dBm, phase: 0 degree, sinr: 25 dB
RX3 power: -78 dBm,ecio: -10 dB, rsrp: -88 dBm,phase: 0 degree,sinr: 27 dB
NR CQI 255,RANK 255
Serving Beam SSB index 0,FR2 serving Beam:255,255


OK
at+bnrinfo

NR BAND:79, EARFCN:720288 DL_bandwidth:100MHz
physical cell ID:1, averaged PUSCH TX power :10 dBm, averaged PUCCH TX power :-255 dBm,
RX Power Info:
RSRQ -11 dB, RSRP -84 dBm,SINR 31 dB
RX0 power: -73 dBm,ecio: -10 dB, rsrp: -83 dBm, phase: 0 degree, sinr: 31 dB
RX1 power: -74 dBm,ecio: -10 dB, rsrp: -85 dBm, phase: 0 degree, sinr: 31 dB
RX2 power: -83 dBm,ecio: -10 dB, rsrp: -94 dBm, phase: 0 degree, sinr: 25 dB
RX3 power: -78 dBm,ecio: -10 dB, rsrp: -88 dBm,phase: 0 degree,sinr: 27 dB
NR CQI 255,RANK 255
Serving Beam SSB index 0,FR2 serving Beam:255,255


OK
[SSH]cmd:ping 10.205.102.16 -c 1
PING 10.205.102.16 (10.205.102.16): 56 data bytes
64 bytes from 10.205.102.16: seq=0 ttl=64 time=18.921 ms

--- 10.205.102.16 ping statistics ---
1 packets transmitted, 1 packets received, 0% packet loss
round-trip min/avg/max = 18.921/18.921/18.921 ms
[01/12 13:54:43]	TX Power: 10	Ping Latency: 18.921	
[SSH]cmd:echo -ne "at+bnrinfo\r\n" | microcom -t 1000 /dev/ttyUSB1
at+bnrinfo

NR BAND:79, EARFCN:720288 DL_bandwidth:100MHz
physical cell ID:1, averaged PUSCH TX power :10 dBm, averaged PUCCH TX power :-255 dBm,
RX Power Info:
RSRQ -11 dB, RSRP -84 dBm,SINR 31 dB
RX0 power: -73 dBm,ecio: -10 dB, rsrp: -83 dBm, phase: 0 degree, sinr: 31 dB
RX1 power: -74 dBm,ecio: -10 dB, rsrp: -85 dBm, phase: 0 degree, sinr: 31 dB
RX2 power: -83 dBm,ecio: -10 dB, rsrp: -94 dBm, phase: 0 degree, sinr: 24 dB
RX3 power: -78 dBm,ecio: -10 dB, rsrp: -88 dBm,phase: 0 degree,sinr: 27 dB
NR CQI 255,RANK 255
Serving Beam SSB index 0,FR2 serving Beam:255,255


OK
at+bnrinfo

NR BAND:79, EARFCN:720288 DL_bandwidth:100MHz
physical cell ID:1, averaged PUSCH TX power :10 dBm, averaged PUCCH TX power :-255 dBm,
RX Power Info:
RSRQ -11 dB, RSRP -84 dBm,SINR 31 dB
RX0 power: -73 dBm,ecio: -10 dB, rsrp: -83 dBm, phase: 0 degree, sinr: 31 dB
RX1 power: -74 dBm,ecio: -10 dB, rsrp: -85 dBm, phase: 0 degree, sinr: 31 dB
RX2 power: -83 dBm,ecio: -10 dB, rsrp: -94 dBm, phase: 0 degree, sinr: 24 dB
RX3 power: -78 dBm,ecio: -10 dB, rsrp: -88 dBm,phase: 0 degree,sinr: 27 dB
NR CQI 255,RANK 255
Serving Beam SSB index 0,FR2 serving Beam:255,255


OK
[SSH]cmd:ping 10.205.102.16 -c 1
PING 10.205.102.16 (10.205.102.16): 56 data bytes
64 bytes from 10.205.102.16: seq=0 ttl=64 time=16.901 ms

--- 10.205.102.16 ping statistics ---
1 packets transmitted, 1 packets received, 0% packet loss
round-trip min/avg/max = 16.901/16.901/16.901 ms
[01/12 13:54:50]	TX Power: 10	Ping Latency: 16.901	
[SSH]cmd:echo -ne "at+bnrinfo\r\n" | microcom -t 1000 /dev/ttyUSB1
at+bnrinfo

NR BAND:79, EARFCN:720288 DL_bandwidth:100MHz
physical cell ID:1, averaged PUSCH TX power :10 dBm, averaged PUCCH TX power :-255 dBm,
RX Power Info:
RSRQ -11 dB, RSRP -84 dBm,SINR 31 dB
RX0 power: -73 dBm,ecio: -10 dB, rsrp: -83 dBm, phase: 0 degree, sinr: 31 dB
RX1 power: -74 dBm,ecio: -10 dB, rsrp: -84 dBm, phase: 0 degree, sinr: 31 dB
RX2 power: -83 dBm,ecio: -10 dB, rsrp: -94 dBm, phase: 0 degree, sinr: 24 dB
RX3 power: -78 dBm,ecio: -10 dB, rsrp: -88 dBm,phase: 0 degree,sinr: 27 dB
NR CQI 255,RANK 255
Serving Beam SSB index 0,FR2 serving Beam:255,255


OK
at+bnrinfo

NR BAND:79, EARFCN:720288 DL_bandwidth:100MHz
physical cell ID:1, averaged PUSCH TX power :10 dBm, averaged PUCCH TX power :-255 dBm,
RX Power Info:
RSRQ -11 dB, RSRP -84 dBm,SINR 31 dB
RX0 power: -73 dBm,ecio: -10 dB, rsrp: -83 dBm, phase: 0 degree, sinr: 31 dB
RX1 power: -74 dBm,ecio: -10 dB, rsrp: -84 dBm, phase: 0 degree, sinr: 31 dB
RX2 power: -83 dBm,ecio: -10 dB, rsrp: -94 dBm, phase: 0 degree, sinr: 24 dB
RX3 power: -78 dBm,ecio: -10 dB, rsrp: -88 dBm,phase: 0 degree,sinr: 27 dB
NR CQI 255,RANK 255
Serving Beam SSB index 0,FR2 serving Beam:255,255


OK
[SSH]cmd:ping 10.205.102.16 -c 1
PING 10.205.102.16 (10.205.102.16): 56 data bytes
64 bytes from 10.205.102.16: seq=0 ttl=64 time=12.261 ms

--- 10.205.102.16 ping statistics ---
1 packets transmitted, 1 packets received, 0% packet loss
round-trip min/avg/max = 12.261/12.261/12.261 ms
[01/12 13:54:57]	TX Power: 10	Ping Latency: 12.261