Test Program: 1.0.0.0
****************************** Loop: 1  ******************************
****************************** [1]TestItem: RSRP@-T:10/-W:1  ******************************
****************************** 2024/1/12 下午 02:52:14 *****************************************
****************************** Loop RSRP *****************************************
cmd: adb -s NoADB shell Query Connection Status
Loop: 10 , Wait: 1s
[SSH]cmd:echo -ne "at+bnrinfo\r\n" | microcom -t 1000 /dev/ttyUSB1
at+bnrinfo

NR BAND:79, EARFCN:720288 DL_bandwidth:100MHz
physical cell ID:1, averaged PUSCH TX power :5 dBm, averaged PUCCH TX power :-255 dBm,
RX Power Info:
RSRQ -11 dB, RSRP -78 dBm,SINR 32 dB
RX0 power: -69 dBm,ecio: -10 dB, rsrp: -80 dBm, phase: 0 degree, sinr: 32 dB
RX1 power: -67 dBm,ecio: -10 dB, rsrp: -77 dBm, phase: 0 degree, sinr: 32 dB
RX2 power: -80 dBm,ecio: -10 dB, rsrp: -90 dBm, phase: 0 degree, sinr: 27 dB
RX3 power: -72 dBm,ecio: -10 dB, rsrp: -82 dBm,phase: 0 degree,sinr: 31 dB
NR CQI 255,RANK 255
Serving Beam SSB index 0,FR2 serving Beam:255,255


OK
at+bnrinfo

NR BAND:79, EARFCN:720288 DL_bandwidth:100MHz
physical cell ID:1, averaged PUSCH TX power :5 dBm, averaged PUCCH TX power :-255 dBm,
RX Power Info:
RSRQ -11 dB, RSRP -78 dBm,SINR 32 dB
RX0 power: -69 dBm,ecio: -10 dB, rsrp: -80 dBm, phase: 0 degree, sinr: 32 dB
RX1 power: -67 dBm,ecio: -10 dB, rsrp: -77 dBm, phase: 0 degree, sinr: 32 dB
RX2 power: -80 dBm,ecio: -10 dB, rsrp: -90 dBm, phase: 0 degree, sinr: 27 dB
RX3 power: -72 dBm,ecio: -10 dB, rsrp: -82 dBm,phase: 0 degree,sinr: 31 dB
NR CQI 255,RANK 255
Serving Beam SSB index 0,FR2 serving Beam:255,255


OK
[SSH]cmd:ping 10.205.102.16 -c 1
PING 10.205.102.16 (10.205.102.16): 56 data bytes
64 bytes from 10.205.102.16: seq=0 ttl=64 time=11.034 ms

--- 10.205.102.16 ping statistics ---
1 packets transmitted, 1 packets received, 0% packet loss
round-trip min/avg/max = 11.034/11.034/11.034 ms
[01/12 14:52:20]	TX Power: 5	Ping Latency: 11.034	
[SSH]cmd:echo -ne "at+bnrinfo\r\n" | microcom -t 1000 /dev/ttyUSB1
at+bnrinfo

NR BAND:79, EARFCN:720288 DL_bandwidth:100MHz
physical cell ID:1, averaged PUSCH TX power :-255 dBm, averaged PUCCH TX power :-255 dBm,
RX Power Info:
RSRQ -11 dB, RSRP -79 dBm,SINR 33 dB
RX0 power: -69 dBm,ecio: -10 dB, rsrp: -80 dBm, phase: 0 degree, sinr: 32 dB
RX1 power: -68 dBm,ecio: -10 dB, rsrp: -79 dBm, phase: 0 degree, sinr: 33 dB
RX2 power: -80 dBm,ecio: -10 dB, rsrp: -91 dBm, phase: 0 degree, sinr: 27 dB
RX3 power: -72 dBm,ecio: -10 dB, rsrp: -83 dBm,phase: 0 degree,sinr: 31 dB
NR CQI 255,RANK 255
Serving Beam SSB index 0,FR2 serving Beam:255,255


OK

+CESQDBM:
SYSTEM:NR5G-SA
Band 79
NR5G: RSRQ -11 dB, RSRP -79 dBm, SINR 33 dB


OK
at+bnrinfo

NR BAND:79, EARFCN:720288 DL_bandwidth:100MHz
physical cell ID:1, averaged PUSCH TX power :-255 dBm, averaged PUCCH TX power :-255 dBm,
RX Power Info:
RSRQ -11 dB, RSRP -79 dBm,SINR 33 dB
RX0 power: -69 dBm,ecio: -10 dB, rsrp: -80 dBm, phase: 0 degree, sinr: 32 dB
RX1 power: -68 dBm,ecio: -10 dB, rsrp: -79 dBm, phase: 0 degree, sinr: 33 dB
RX2 power: -80 dBm,ecio: -10 dB, rsrp: -91 dBm, phase: 0 degree, sinr: 27 dB
RX3 power: -72 dBm,ecio: -10 dB, rsrp: -83 dBm,phase: 0 degree,sinr: 31 dB
NR CQI 255,RANK 255
Serving Beam SSB index 0,FR2 serving Beam:255,255


OK

+CESQDBM:
SYSTEM:NR5G-SA
Band 79
NR5G: RSRQ -11 dB, RSRP -79 dBm, SINR 33 dB


OK
[SSH]cmd:ping 10.205.102.16 -c 1
PING 10.205.102.16 (10.205.102.16): 56 data bytes
64 bytes from 10.205.102.16: seq=0 ttl=64 time=22.569 ms

--- 10.205.102.16 ping statistics ---
1 packets transmitted, 1 packets received, 0% packet loss
round-trip min/avg/max = 22.569/22.569/22.569 ms
[01/12 14:52:29]	RSRQ: -11	RSRP: -79	SINR: 33	TX Power: -255	Ping Latency: 22.569	
[SSH]cmd:echo -ne "at+bnrinfo\r\n" | microcom -t 1000 /dev/ttyUSB1
at+bnrinfo

NR BAND:79, EARFCN:720288 DL_bandwidth:100MHz
physical cell ID:1, averaged PUSCH TX power :-255 dBm, averaged PUCCH TX power :-255 dBm,
RX Power Info:
RSRQ -11 dB, RSRP -78 dBm,SINR 33 dB
RX0 power: -70 dBm,ecio: -10 dB, rsrp: -81 dBm, phase: 0 degree, sinr: 31 dB
RX1 power: -67 dBm,ecio: -10 dB, rsrp: -78 dBm, phase: 0 degree, sinr: 33 dB
RX2 power: -77 dBm,ecio: -10 dB, rsrp: -87 dBm, phase: 0 degree, sinr: 27 dB
RX3 power: -72 dBm,ecio: -10 dB, rsrp: -82 dBm,phase: 0 degree,sinr: 31 dB
NR CQI 255,RANK 255
Serving Beam SSB index 0,FR2 serving Beam:255,255


OK
at+bnrinfo

NR BAND:79, EARFCN:720288 DL_bandwidth:100MHz
physical cell ID:1, averaged PUSCH TX power :-255 dBm, averaged PUCCH TX power :-255 dBm,
RX Power Info:
RSRQ -11 dB, RSRP -78 dBm,SINR 33 dB
RX0 power: -70 dBm,ecio: -10 dB, rsrp: -81 dBm, phase: 0 degree, sinr: 31 dB
RX1 power: -67 dBm,ecio: -10 dB, rsrp: -78 dBm, phase: 0 degree, sinr: 33 dB
RX2 power: -77 dBm,ecio: -10 dB, rsrp: -87 dBm, phase: 0 degree, sinr: 27 dB
RX3 power: -72 dBm,ecio: -10 dB, rsrp: -82 dBm,phase: 0 degree,sinr: 31 dB
NR CQI 255,RANK 255
Serving Beam SSB index 0,FR2 serving Beam:255,255


OK
[SSH]cmd:ping 10.205.102.16 -c 1
PING 10.205.102.16 (10.205.102.16): 56 data bytes
64 bytes from 10.205.102.16: seq=0 ttl=64 time=11.747 ms

--- 10.205.102.16 ping statistics ---
1 packets transmitted, 1 packets received, 0% packet loss
round-trip min/avg/max = 11.747/11.747/11.747 ms
[01/12 14:52:36]	TX Power: -255	Ping Latency: 11.747	
[SSH]cmd:echo -ne "at+bnrinfo\r\n" | microcom -t 1000 /dev/ttyUSB1
at+bnrinfo

NR BAND:79, EARFCN:720288 DL_bandwidth:100MHz
physical cell ID:1, averaged PUSCH TX power :-255 dBm, averaged PUCCH TX power :-255 dBm,
RX Power Info:
RSRQ -11 dB, RSRP -79 dBm,SINR 32 dB
RX0 power: -69 dBm,ecio: -10 dB, rsrp: -80 dBm, phase: 0 degree, sinr: 32 dB
RX1 power: -68 dBm,ecio: -10 dB, rsrp: -78 dBm, phase: 0 degree, sinr: 32 dB
RX2 power: -78 dBm,ecio: -10 dB, rsrp: -88 dBm, phase: 0 degree, sinr: 26 dB
RX3 power: -71 dBm,ecio: -10 dB, rsrp: -82 dBm,phase: 0 degree,sinr: 31 dB
NR CQI 255,RANK 255
Serving Beam SSB index 0,FR2 serving Beam:255,255


OK
at+bnrinfo

NR BAND:79, EARFCN:720288 DL_bandwidth:100MHz
physical cell ID:1, averaged PUSCH TX power :-255 dBm, averaged PUCCH TX power :-255 dBm,
RX Power Info:
RSRQ -11 dB, RSRP -79 dBm,SINR 32 dB
RX0 power: -69 dBm,ecio: -10 dB, rsrp: -80 dBm, phase: 0 degree, sinr: 32 dB
RX1 power: -68 dBm,ecio: -10 dB, rsrp: -78 dBm, phase: 0 degree, sinr: 32 dB
RX2 power: -78 dBm,ecio: -10 dB, rsrp: -88 dBm, phase: 0 degree, sinr: 26 dB
RX3 power: -71 dBm,ecio: -10 dB, rsrp: -82 dBm,phase: 0 degree,sinr: 31 dB
NR CQI 255,RANK 255
Serving Beam SSB index 0,FR2 serving Beam:255,255


OK
[SSH]cmd:ping 10.205.102.16 -c 1
PING 10.205.102.16 (10.205.102.16): 56 data bytes
64 bytes from 10.205.102.16: seq=0 ttl=64 time=21.793 ms

--- 10.205.102.16 ping statistics ---
1 packets transmitted, 1 packets received, 0% packet loss
round-trip min/avg/max = 21.793/21.793/21.793 ms
[01/12 14:52:43]	TX Power: -255	Ping Latency: 21.793	
[SSH]cmd:echo -ne "at+bnrinfo\r\n" | microcom -t 1000 /dev/ttyUSB1
at+bnrinfo

NR BAND:79, EARFCN:720288 DL_bandwidth:100MHz
physical cell ID:1, averaged PUSCH TX power :-255 dBm, averaged PUCCH TX power :-255 dBm,
RX Power Info:
RSRQ -11 dB, RSRP -78 dBm,SINR 33 dB
RX0 power: -70 dBm,ecio: -10 dB, rsrp: -80 dBm, phase: 0 degree, sinr: 32 dB
RX1 power: -68 dBm,ecio: -10 dB, rsrp: -78 dBm, phase: 0 degree, sinr: 33 dB
RX2 power: -79 dBm,ecio: -10 dB, rsrp: -90 dBm, phase: 0 degree, sinr: 27 dB
RX3 power: -73 dBm,ecio: -10 dB, rsrp: -83 dBm,phase: 0 degree,sinr: 31 dB
NR CQI 255,RANK 255
Serving Beam SSB index 0,FR2 serving Beam:255,255


OK
at+bnrinfo

NR BAND:79, EARFCN:720288 DL_bandwidth:100MHz
physical cell ID:1, averaged PUSCH TX power :-255 dBm, averaged PUCCH TX power :-255 dBm,
RX Power Info:
RSRQ -11 dB, RSRP -78 dBm,SINR 33 dB
RX0 power: -70 dBm,ecio: -10 dB, rsrp: -80 dBm, phase: 0 degree, sinr: 32 dB
RX1 power: -68 dBm,ecio: -10 dB, rsrp: -78 dBm, phase: 0 degree, sinr: 33 dB
RX2 power: -79 dBm,ecio: -10 dB, rsrp: -90 dBm, phase: 0 degree, sinr: 27 dB
RX3 power: -73 dBm,ecio: -10 dB, rsrp: -83 dBm,phase: 0 degree,sinr: 31 dB
NR CQI 255,RANK 255
Serving Beam SSB index 0,FR2 serving Beam:255,255


OK
[SSH]cmd:ping 10.205.102.16 -c 1
PING 10.205.102.16 (10.205.102.16): 56 data bytes
64 bytes from 10.205.102.16: seq=0 ttl=64 time=10.662 ms

--- 10.205.102.16 ping statistics ---
1 packets transmitted, 1 packets received, 0% packet loss
round-trip min/avg/max = 10.662/10.662/10.662 ms
[01/12 14:52:50]	TX Power: -255	Ping Latency: 10.662	
[SSH]cmd:echo -ne "at+bnrinfo\r\n" | microcom -t 1000 /dev/ttyUSB1
at+bnrinfo

NR BAND:79, EARFCN:720288 DL_bandwidth:100MHz
physical cell ID:1, averaged PUSCH TX power :-255 dBm, averaged PUCCH TX power :-255 dBm,
RX Power Info:
RSRQ -11 dB, RSRP -79 dBm,SINR 33 dB
RX0 power: -69 dBm,ecio: -10 dB, rsrp: -79 dBm, phase: 0 degree, sinr: 32 dB
RX1 power: -67 dBm,ecio: -10 dB, rsrp: -77 dBm, phase: 0 degree, sinr: 33 dB
RX2 power: -79 dBm,ecio: -10 dB, rsrp: -89 dBm, phase: 0 degree, sinr: 26 dB
RX3 power: -71 dBm,ecio: -10 dB, rsrp: -82 dBm,phase: 0 degree,sinr: 31 dB
NR CQI 255,RANK 255
Serving Beam SSB index 0,FR2 serving Beam:255,255


OK
at+bnrinfo

NR BAND:79, EARFCN:720288 DL_bandwidth:100MHz
physical cell ID:1, averaged PUSCH TX power :-255 dBm, averaged PUCCH TX power :-255 dBm,
RX Power Info:
RSRQ -11 dB, RSRP -79 dBm,SINR 33 dB
RX0 power: -69 dBm,ecio: -10 dB, rsrp: -79 dBm, phase: 0 degree, sinr: 32 dB
RX1 power: -67 dBm,ecio: -10 dB, rsrp: -77 dBm, phase: 0 degree, sinr: 33 dB
RX2 power: -79 dBm,ecio: -10 dB, rsrp: -89 dBm, phase: 0 degree, sinr: 26 dB
RX3 power: -71 dBm,ecio: -10 dB, rsrp: -82 dBm,phase: 0 degree,sinr: 31 dB
NR CQI 255,RANK 255
Serving Beam SSB index 0,FR2 serving Beam:255,255


OK
[SSH]cmd:ping 10.205.102.16 -c 1
PING 10.205.102.16 (10.205.102.16): 56 data bytes
64 bytes from 10.205.102.16: seq=0 ttl=64 time=10.689 ms

--- 10.205.102.16 ping statistics ---
1 packets transmitted, 1 packets received, 0% packet loss
round-trip min/avg/max = 10.689/10.689/10.689 ms
[01/12 14:52:57]	TX Power: -255	Ping Latency: 10.689	
[SSH]cmd:echo -ne "at+bnrinfo\r\n" | microcom -t 1000 /dev/ttyUSB1
at+bnrinfo

NR BAND:79, EARFCN:720288 DL_bandwidth:100MHz
physical cell ID:1, averaged PUSCH TX power :-255 dBm, averaged PUCCH TX power :-255 dBm,
RX Power Info:
RSRQ -11 dB, RSRP -78 dBm,SINR 33 dB
RX0 power: -72 dBm,ecio: -10 dB, rsrp: -82 dBm, phase: 0 degree, sinr: 33 dB
RX1 power: -68 dBm,ecio: -10 dB, rsrp: -79 dBm, phase: 0 degree, sinr: 33 dB
RX2 power: -79 dBm,ecio: -10 dB, rsrp: -89 dBm, phase: 0 degree, sinr: 27 dB
RX3 power: -72 dBm,ecio: -10 dB, rsrp: -82 dBm,phase: 0 degree,sinr: 31 dB
NR CQI 255,RANK 255
Serving Beam SSB index 0,FR2 serving Beam:255,255


OK
at+bnrinfo

NR BAND:79, EARFCN:720288 DL_bandwidth:100MHz
physical cell ID:1, averaged PUSCH TX power :-255 dBm, averaged PUCCH TX power :-255 dBm,
RX Power Info:
RSRQ -11 dB, RSRP -78 dBm,SINR 33 dB
RX0 power: -72 dBm,ecio: -10 dB, rsrp: -82 dBm, phase: 0 degree, sinr: 33 dB
RX1 power: -68 dBm,ecio: -10 dB, rsrp: -79 dBm, phase: 0 degree, sinr: 33 dB
RX2 power: -79 dBm,ecio: -10 dB, rsrp: -89 dBm, phase: 0 degree, sinr: 27 dB
RX3 power: -72 dBm,ecio: -10 dB, rsrp: -82 dBm,phase: 0 degree,sinr: 31 dB
NR CQI 255,RANK 255
Serving Beam SSB index 0,FR2 serving Beam:255,255


OK
[SSH]cmd:ping 10.205.102.16 -c 1
PING 10.205.102.16 (10.205.102.16): 56 data bytes
64 bytes from 10.205.102.16: seq=0 ttl=64 time=20.180 ms

--- 10.205.102.16 ping statistics ---
1 packets transmitted, 1 packets received, 0% packet loss
round-trip min/avg/max = 20.180/20.180/20.180 ms
[01/12 14:53:04]	TX Power: -255	Ping Latency: 20.18	
[SSH]cmd:echo -ne "at+bnrinfo\r\n" | microcom -t 1000 /dev/ttyUSB1
at+bnrinfo

NR BAND:79, EARFCN:720288 DL_bandwidth:100MHz
physical cell ID:1, averaged PUSCH TX power :-255 dBm, averaged PUCCH TX power :-255 dBm,
RX Power Info:
RSRQ -11 dB, RSRP -79 dBm,SINR 33 dB
RX0 power: -70 dBm,ecio: -10 dB, rsrp: -81 dBm, phase: 0 degree, sinr: 32 dB
RX1 power: -67 dBm,ecio: -10 dB, rsrp: -78 dBm, phase: 0 degree, sinr: 33 dB
RX2 power: -80 dBm,ecio: -10 dB, rsrp: -91 dBm, phase: 0 degree, sinr: 27 dB
RX3 power: -71 dBm,ecio: -10 dB, rsrp: -82 dBm,phase: 0 degree,sinr: 31 dB
NR CQI 255,RANK 255
Serving Beam SSB index 0,FR2 serving Beam:255,255


OK
at+bnrinfo

NR BAND:79, EARFCN:720288 DL_bandwidth:100MHz
physical cell ID:1, averaged PUSCH TX power :-255 dBm, averaged PUCCH TX power :-255 dBm,
RX Power Info:
RSRQ -11 dB, RSRP -79 dBm,SINR 33 dB
RX0 power: -70 dBm,ecio: -10 dB, rsrp: -81 dBm, phase: 0 degree, sinr: 32 dB
RX1 power: -67 dBm,ecio: -10 dB, rsrp: -78 dBm, phase: 0 degree, sinr: 33 dB
RX2 power: -80 dBm,ecio: -10 dB, rsrp: -91 dBm, phase: 0 degree, sinr: 27 dB
RX3 power: -71 dBm,ecio: -10 dB, rsrp: -82 dBm,phase: 0 degree,sinr: 31 dB
NR CQI 255,RANK 255
Serving Beam SSB index 0,FR2 serving Beam:255,255


OK
[SSH]cmd:ping 10.205.102.16 -c 1
PING 10.205.102.16 (10.205.102.16): 56 data bytes
64 bytes from 10.205.102.16: seq=0 ttl=64 time=22.143 ms

--- 10.205.102.16 ping statistics ---
1 packets transmitted, 1 packets received, 0% packet loss
round-trip min/avg/max = 22.143/22.143/22.143 ms
[01/12 14:53:12]	TX Power: -255	Ping Latency: 22.143	
[SSH]cmd:echo -ne "at+bnrinfo\r\n" | microcom -t 1000 /dev/ttyUSB1
at+bnrinfo

NR BAND:79, EARFCN:720288 DL_bandwidth:100MHz
physical cell ID:1, averaged PUSCH TX power :-255 dBm, averaged PUCCH TX power :-255 dBm,
RX Power Info:
RSRQ -11 dB, RSRP -78 dBm,SINR 33 dB
RX0 power: -70 dBm,ecio: -10 dB, rsrp: -80 dBm, phase: 0 degree, sinr: 33 dB
RX1 power: -68 dBm,ecio: -10 dB, rsrp: -78 dBm, phase: 0 degree, sinr: 33 dB
RX2 power: -79 dBm,ecio: -10 dB, rsrp: -90 dBm, phase: 0 degree, sinr: 27 dB
RX3 power: -71 dBm,ecio: -10 dB, rsrp: -82 dBm,phase: 0 degree,sinr: 31 dB
NR CQI 255,RANK 255
Serving Beam SSB index 0,FR2 serving Beam:255,255


OK
at+bnrinfo

NR BAND:79, EARFCN:720288 DL_bandwidth:100MHz
physical cell ID:1, averaged PUSCH TX power :-255 dBm, averaged PUCCH TX power :-255 dBm,
RX Power Info:
RSRQ -11 dB, RSRP -78 dBm,SINR 33 dB
RX0 power: -70 dBm,ecio: -10 dB, rsrp: -80 dBm, phase: 0 degree, sinr: 33 dB
RX1 power: -68 dBm,ecio: -10 dB, rsrp: -78 dBm, phase: 0 degree, sinr: 33 dB
RX2 power: -79 dBm,ecio: -10 dB, rsrp: -90 dBm, phase: 0 degree, sinr: 27 dB
RX3 power: -71 dBm,ecio: -10 dB, rsrp: -82 dBm,phase: 0 degree,sinr: 31 dB
NR CQI 255,RANK 255
Serving Beam SSB index 0,FR2 serving Beam:255,255


OK
[SSH]cmd:ping 10.205.102.16 -c 1
PING 10.205.102.16 (10.205.102.16): 56 data bytes
64 bytes from 10.205.102.16: seq=0 ttl=64 time=13.845 ms

--- 10.205.102.16 ping statistics ---
1 packets transmitted, 1 packets received, 0% packet loss
round-trip min/avg/max = 13.845/13.845/13.845 ms
[01/12 14:53:19]	TX Power: -255	Ping Latency: 13.845	
[SSH]cmd:echo -ne "at+bnrinfo\r\n" | microcom -t 1000 /dev/ttyUSB1
at+bnrinfo

NR BAND:79, EARFCN:720288 DL_bandwidth:100MHz
physical cell ID:1, averaged PUSCH TX power :-255 dBm, averaged PUCCH TX power :-255 dBm,
RX Power Info:
RSRQ -11 dB, RSRP -79 dBm,SINR 33 dB
RX0 power: -70 dBm,ecio: -10 dB, rsrp: -81 dBm, phase: 0 degree, sinr: 32 dB
RX1 power: -68 dBm,ecio: -10 dB, rsrp: -78 dBm, phase: 0 degree, sinr: 33 dB
RX2 power: -79 dBm,ecio: -10 dB, rsrp: -89 dBm, phase: 0 degree, sinr: 27 dB
RX3 power: -72 dBm,ecio: -10 dB, rsrp: -83 dBm,phase: 0 degree,sinr: 31 dB
NR CQI 255,RANK 255
Serving Beam SSB index 0,FR2 serving Beam:255,255


OK

+CESQDBM:
SYSTEM:NR5G-SA
Band 79
NR5G: RSRQ -11 dB, RSRP -79 dBm, SINR 33 dB


OK

COMPAL

OK

Manufacturer: COMPAL
Model: 334
Revision: RXMG1.20.00.428_0R12
SVN: 01
IMEI: 359047100263100
+GCAP: +CGSM

OK

+COPS: 0,0,"466 66",11

OK

359047100263100

OK

+CPIN: READY

OK

466660000055186

OK

ICCID: 8988211000000551864F

OK

+CESQDBM:
SYSTEM:NR5G-SA
Band 79
NR5G: RSRQ -11 dB, RSRP -78 dBm, SINR 33 dB


OK

<LTE PCC INFO>:<INVALID>

OK
at+bnrinfo

NR BAND:79, EARFCN:720288 DL_bandwidth:100MHz
physical cell ID:1, averaged PUSCH TX power :-255 dBm, averaged PUCCH TX power :-255 dBm,
RX Power Info:
RSRQ -11 dB, RSRP -79 dBm,SINR 33 dB
RX0 power: -70 dBm,ecio: -10 dB, rsrp: -81 dBm, phase: 0 degree, sinr: 32 dB
RX1 power: -68 dBm,ecio: -10 dB, rsrp: -78 dBm, phase: 0 degree, sinr: 33 dB
RX2 power: -79 dBm,ecio: -10 dB, rsrp: -89 dBm, phase: 0 degree, sinr: 27 dB
RX3 power: -72 dBm,ecio: -10 dB, rsrp: -83 dBm,phase: 0 degree,sinr: 31 dB
NR CQI 255,RANK 255
Serving Beam SSB index 0,FR2 serving Beam:255,255


OK

+CESQDBM:
SYSTEM:NR5G-SA
Band 79
NR5G: RSRQ -11 dB, RSRP -79 dBm, SINR 33 dB


OK

COMPAL

OK

Manufacturer: COMPAL
Model: 334
Revision: RXMG1.20.00.428_0R12
SVN: 01
IMEI: 359047100263100
+GCAP: +CGSM

OK

+COPS: 0,0,"466 66",11

OK

359047100263100

OK

+CPIN: READY

OK

466660000055186

OK

ICCID: 8988211000000551864F

OK

+CESQDBM:
SYSTEM:NR5G-SA
Band 79
NR5G: RSRQ -11 dB, RSRP -78 dBm, SINR 33 dB


OK

<LTE PCC INFO>:<INVALID>

OK
[SSH]cmd:ping 10.205.102.16 -c 1
PING 10.205.102.16 (10.205.102.16): 56 data bytes
64 bytes from 10.205.102.16: seq=0 ttl=64 time=10.654 ms

--- 10.205.102.16 ping statistics ---
1 packets transmitted, 1 packets received, 0% packet loss
round-trip min/avg/max = 10.654/10.654/10.654 ms
[01/12 14:53:28]	RSRQ: -11	RSRP: -79	SINR: 33	TX Power: -255	Ping Latency: 10.654