Test Program: 1.0.0.0
****************************** Loop: 1  ******************************
****************************** [1]TestItem: RSRP@-T:10/-W:1  ******************************
****************************** 2024/1/12 下午 02:48:05 *****************************************
****************************** Loop RSRP *****************************************
cmd: adb -s NoADB shell Query Connection Status
Loop: 10 , Wait: 1s
[SSH]cmd:echo -ne "at+bnrinfo\r\n" | microcom -t 1000 /dev/ttyUSB1

<LTE PCC INFO>:<INVALID>

OK
<LTE PCC INFO>:<INVALID>

OK
[SSH]cmd:ping 10.205.102.16 -c 1
PING 10.205.102.16 (10.205.102.16): 56 data bytes
64 bytes from 10.205.102.16: seq=0 ttl=64 time=18.080 ms

--- 10.205.102.16 ping statistics ---
1 packets transmitted, 1 packets received, 0% packet loss
round-trip min/avg/max = 18.080/18.080/18.080 ms
[01/12 14:48:11]	TX Power: 0	Ping Latency: 18.08	
[SSH]cmd:echo -ne "at+bnrinfo\r\n" | microcom -t 1000 /dev/ttyUSB1
at+bnrinfo

NR BAND:79, EARFCN:720288 DL_bandwidth:100MHz
physical cell ID:1, averaged PUSCH TX power :17 dBm, averaged PUCCH TX power :-255 dBm,
RX Power Info:
RSRQ -11 dB, RSRP -87 dBm,SINR 30 dB
RX0 power: -81 dBm,ecio: -10 dB, rsrp: -91 dBm, phase: 0 degree, sinr: 23 dB
RX1 power: -76 dBm,ecio: -10 dB, rsrp: -86 dBm, phase: 0 degree, sinr: 28 dB
RX2 power: -77 dBm,ecio: -10 dB, rsrp: -87 dBm, phase: 0 degree, sinr: 30 dB
RX3 power: -74 dBm,ecio: -10 dB, rsrp: -84 dBm,phase: 0 degree,sinr: 30 dB
NR CQI 255,RANK 255
Serving Beam SSB index 0,FR2 serving Beam:255,255


OK
at+bnrinfo

NR BAND:79, EARFCN:720288 DL_bandwidth:100MHz
physical cell ID:1, averaged PUSCH TX power :17 dBm, averaged PUCCH TX power :-255 dBm,
RX Power Info:
RSRQ -11 dB, RSRP -87 dBm,SINR 30 dB
RX0 power: -81 dBm,ecio: -10 dB, rsrp: -91 dBm, phase: 0 degree, sinr: 23 dB
RX1 power: -76 dBm,ecio: -10 dB, rsrp: -86 dBm, phase: 0 degree, sinr: 28 dB
RX2 power: -77 dBm,ecio: -10 dB, rsrp: -87 dBm, phase: 0 degree, sinr: 30 dB
RX3 power: -74 dBm,ecio: -10 dB, rsrp: -84 dBm,phase: 0 degree,sinr: 30 dB
NR CQI 255,RANK 255
Serving Beam SSB index 0,FR2 serving Beam:255,255


OK
[SSH]cmd:ping 10.205.102.16 -c 1
PING 10.205.102.16 (10.205.102.16): 56 data bytes
64 bytes from 10.205.102.16: seq=0 ttl=64 time=13.793 ms

--- 10.205.102.16 ping statistics ---
1 packets transmitted, 1 packets received, 0% packet loss
round-trip min/avg/max = 13.793/13.793/13.793 ms
[01/12 14:48:18]	TX Power: 17	Ping Latency: 13.793	
[SSH]cmd:echo -ne "at+bnrinfo\r\n" | microcom -t 1000 /dev/ttyUSB1
at+bnrinfo

NR BAND:79, EARFCN:720288 DL_bandwidth:100MHz
physical cell ID:1, averaged PUSCH TX power :17 dBm, averaged PUCCH TX power :-255 dBm,
RX Power Info:
RSRQ -11 dB, RSRP -85 dBm,SINR 30 dB
RX0 power: -82 dBm,ecio: -10 dB, rsrp: -92 dBm, phase: 0 degree, sinr: 23 dB
RX1 power: -77 dBm,ecio: -10 dB, rsrp: -88 dBm, phase: 0 degree, sinr: 27 dB
RX2 power: -73 dBm,ecio: -10 dB, rsrp: -84 dBm, phase: 0 degree, sinr: 30 dB
RX3 power: -73 dBm,ecio: -10 dB, rsrp: -84 dBm,phase: 0 degree,sinr: 30 dB
NR CQI 255,RANK 255
Serving Beam SSB index 0,FR2 serving Beam:255,255


OK
at+bnrinfo

NR BAND:79, EARFCN:720288 DL_bandwidth:100MHz
physical cell ID:1, averaged PUSCH TX power :17 dBm, averaged PUCCH TX power :-255 dBm,
RX Power Info:
RSRQ -11 dB, RSRP -85 dBm,SINR 30 dB
RX0 power: -82 dBm,ecio: -10 dB, rsrp: -92 dBm, phase: 0 degree, sinr: 23 dB
RX1 power: -77 dBm,ecio: -10 dB, rsrp: -88 dBm, phase: 0 degree, sinr: 27 dB
RX2 power: -73 dBm,ecio: -10 dB, rsrp: -84 dBm, phase: 0 degree, sinr: 30 dB
RX3 power: -73 dBm,ecio: -10 dB, rsrp: -84 dBm,phase: 0 degree,sinr: 30 dB
NR CQI 255,RANK 255
Serving Beam SSB index 0,FR2 serving Beam:255,255


OK
[SSH]cmd:ping 10.205.102.16 -c 1
PING 10.205.102.16 (10.205.102.16): 56 data bytes
64 bytes from 10.205.102.16: seq=0 ttl=64 time=12.895 ms

--- 10.205.102.16 ping statistics ---
1 packets transmitted, 1 packets received, 0% packet loss
round-trip min/avg/max = 12.895/12.895/12.895 ms
[01/12 14:48:25]	TX Power: 17	Ping Latency: 12.895	
[SSH]cmd:echo -ne "at+bnrinfo\r\n" | microcom -t 1000 /dev/ttyUSB1
at+bnrinfo

NR BAND:79, EARFCN:720288 DL_bandwidth:100MHz
physical cell ID:1, averaged PUSCH TX power :17 dBm, averaged PUCCH TX power :-255 dBm,
RX Power Info:
RSRQ -11 dB, RSRP -87 dBm,SINR 30 dB
RX0 power: -83 dBm,ecio: -10 dB, rsrp: -93 dBm, phase: 0 degree, sinr: 23 dB
RX1 power: -75 dBm,ecio: -10 dB, rsrp: -85 dBm, phase: 0 degree, sinr: 29 dB
RX2 power: -78 dBm,ecio: -10 dB, rsrp: -88 dBm, phase: 0 degree, sinr: 30 dB
RX3 power: -73 dBm,ecio: -10 dB, rsrp: -84 dBm,phase: 0 degree,sinr: 30 dB
NR CQI 255,RANK 255
Serving Beam SSB index 0,FR2 serving Beam:255,255


OK
at+bnrinfo

NR BAND:79, EARFCN:720288 DL_bandwidth:100MHz
physical cell ID:1, averaged PUSCH TX power :17 dBm, averaged PUCCH TX power :-255 dBm,
RX Power Info:
RSRQ -11 dB, RSRP -87 dBm,SINR 30 dB
RX0 power: -83 dBm,ecio: -10 dB, rsrp: -93 dBm, phase: 0 degree, sinr: 23 dB
RX1 power: -75 dBm,ecio: -10 dB, rsrp: -85 dBm, phase: 0 degree, sinr: 29 dB
RX2 power: -78 dBm,ecio: -10 dB, rsrp: -88 dBm, phase: 0 degree, sinr: 30 dB
RX3 power: -73 dBm,ecio: -10 dB, rsrp: -84 dBm,phase: 0 degree,sinr: 30 dB
NR CQI 255,RANK 255
Serving Beam SSB index 0,FR2 serving Beam:255,255


OK
[SSH]cmd:ping 10.205.102.16 -c 1
PING 10.205.102.16 (10.205.102.16): 56 data bytes
64 bytes from 10.205.102.16: seq=0 ttl=64 time=14.012 ms

--- 10.205.102.16 ping statistics ---
1 packets transmitted, 1 packets received, 0% packet loss
round-trip min/avg/max = 14.012/14.012/14.012 ms
[01/12 14:48:33]	TX Power: 17	Ping Latency: 14.012	
[SSH]cmd:echo -ne "at+bnrinfo\r\n" | microcom -t 1000 /dev/ttyUSB1
at+bnrinfo

NR BAND:79, EARFCN:720288 DL_bandwidth:100MHz
physical cell ID:1, averaged PUSCH TX power :18 dBm, averaged PUCCH TX power :-255 dBm,
RX Power Info:
RSRQ -11 dB, RSRP -87 dBm,SINR 31 dB
RX0 power: -83 dBm,ecio: -10 dB, rsrp: -94 dBm, phase: 0 degree, sinr: 24 dB
RX1 power: -74 dBm,ecio: -10 dB, rsrp: -84 dBm, phase: 0 degree, sinr: 27 dB
RX2 power: -76 dBm,ecio: -10 dB, rsrp: -87 dBm, phase: 0 degree, sinr: 30 dB
RX3 power: -72 dBm,ecio: -10 dB, rsrp: -83 dBm,phase: 0 degree,sinr: 31 dB
NR CQI 255,RANK 255
Serving Beam SSB index 0,FR2 serving Beam:255,255


OK
at+bnrinfo

NR BAND:79, EARFCN:720288 DL_bandwidth:100MHz
physical cell ID:1, averaged PUSCH TX power :18 dBm, averaged PUCCH TX power :-255 dBm,
RX Power Info:
RSRQ -11 dB, RSRP -87 dBm,SINR 31 dB
RX0 power: -83 dBm,ecio: -10 dB, rsrp: -94 dBm, phase: 0 degree, sinr: 24 dB
RX1 power: -74 dBm,ecio: -10 dB, rsrp: -84 dBm, phase: 0 degree, sinr: 27 dB
RX2 power: -76 dBm,ecio: -10 dB, rsrp: -87 dBm, phase: 0 degree, sinr: 30 dB
RX3 power: -72 dBm,ecio: -10 dB, rsrp: -83 dBm,phase: 0 degree,sinr: 31 dB
NR CQI 255,RANK 255
Serving Beam SSB index 0,FR2 serving Beam:255,255


OK
[SSH]cmd:ping 10.205.102.16 -c 1
PING 10.205.102.16 (10.205.102.16): 56 data bytes
64 bytes from 10.205.102.16: seq=0 ttl=64 time=99.801 ms

--- 10.205.102.16 ping statistics ---
1 packets transmitted, 1 packets received, 0% packet loss
round-trip min/avg/max = 99.801/99.801/99.801 ms
[01/12 14:48:40]	TX Power: 18	Ping Latency: 99.801	
[SSH]cmd:echo -ne "at+bnrinfo\r\n" | microcom -t 1000 /dev/ttyUSB1
at+bnrinfo

NR BAND:79, EARFCN:720288 DL_bandwidth:100MHz
physical cell ID:1, averaged PUSCH TX power :17 dBm, averaged PUCCH TX power :-255 dBm,
RX Power Info:
RSRQ -11 dB, RSRP -86 dBm,SINR 30 dB
RX0 power: -82 dBm,ecio: -10 dB, rsrp: -92 dBm, phase: 0 degree, sinr: 23 dB
RX1 power: -74 dBm,ecio: -10 dB, rsrp: -84 dBm, phase: 0 degree, sinr: 28 dB
RX2 power: -74 dBm,ecio: -10 dB, rsrp: -84 dBm, phase: 0 degree, sinr: 29 dB
RX3 power: -73 dBm,ecio: -10 dB, rsrp: -83 dBm,phase: 0 degree,sinr: 30 dB
NR CQI 255,RANK 255
Serving Beam SSB index 0,FR2 serving Beam:255,255


OK

+CESQDBM:
SYSTEM:NR5G-SA
Band 79
NR5G: RSRQ -11 dB, RSRP -86 dBm, SINR 30 dB


OK
AT+GMI

COMPAL

OK
at+bnrinfo

NR BAND:79, EARFCN:720288 DL_bandwidth:100MHz
physical cell ID:1, averaged PUSCH TX power :17 dBm, averaged PUCCH TX power :-255 dBm,
RX Power Info:
RSRQ -11 dB, RSRP -86 dBm,SINR 30 dB
RX0 power: -82 dBm,ecio: -10 dB, rsrp: -92 dBm, phase: 0 degree, sinr: 23 dB
RX1 power: -74 dBm,ecio: -10 dB, rsrp: -84 dBm, phase: 0 degree, sinr: 28 dB
RX2 power: -74 dBm,ecio: -10 dB, rsrp: -84 dBm, phase: 0 degree, sinr: 29 dB
RX3 power: -73 dBm,ecio: -10 dB, rsrp: -83 dBm,phase: 0 degree,sinr: 30 dB
NR CQI 255,RANK 255
Serving Beam SSB index 0,FR2 serving Beam:255,255


OK

+CESQDBM:
SYSTEM:NR5G-SA
Band 79
NR5G: RSRQ -11 dB, RSRP -86 dBm, SINR 30 dB


OK
AT+GMI

COMPAL

OK
[SSH]cmd:ping 10.205.102.16 -c 1
PING 10.205.102.16 (10.205.102.16): 56 data bytes
64 bytes from 10.205.102.16: seq=0 ttl=64 time=13.264 ms

--- 10.205.102.16 ping statistics ---
1 packets transmitted, 1 packets received, 0% packet loss
round-trip min/avg/max = 13.264/13.264/13.264 ms
[01/12 14:48:48]	RSRQ: -11	RSRP: -86	SINR: 30	TX Power: 17	Ping Latency: 13.264	
[SSH]cmd:echo -ne "at+bnrinfo\r\n" | microcom -t 1000 /dev/ttyUSB1
at+bnrinfo

NR BAND:79, EARFCN:720288 DL_bandwidth:100MHz
physical cell ID:1, averaged PUSCH TX power :17 dBm, averaged PUCCH TX power :-255 dBm,
RX Power Info:
RSRQ -11 dB, RSRP -86 dBm,SINR 30 dB
RX0 power: -84 dBm,ecio: -10 dB, rsrp: -95 dBm, phase: 0 degree, sinr: 22 dB
RX1 power: -76 dBm,ecio: -10 dB, rsrp: -86 dBm, phase: 0 degree, sinr: 28 dB
RX2 power: -77 dBm,ecio: -10 dB, rsrp: -87 dBm, phase: 0 degree, sinr: 30 dB
RX3 power: -73 dBm,ecio: -10 dB, rsrp: -84 dBm,phase: 0 degree,sinr: 30 dB
NR CQI 255,RANK 255
Serving Beam SSB index 0,FR2 serving Beam:255,255


OK
at+bnrinfo

NR BAND:79, EARFCN:720288 DL_bandwidth:100MHz
physical cell ID:1, averaged PUSCH TX power :17 dBm, averaged PUCCH TX power :-255 dBm,
RX Power Info:
RSRQ -11 dB, RSRP -86 dBm,SINR 30 dB
RX0 power: -84 dBm,ecio: -10 dB, rsrp: -95 dBm, phase: 0 degree, sinr: 22 dB
RX1 power: -76 dBm,ecio: -10 dB, rsrp: -86 dBm, phase: 0 degree, sinr: 28 dB
RX2 power: -77 dBm,ecio: -10 dB, rsrp: -87 dBm, phase: 0 degree, sinr: 30 dB
RX3 power: -73 dBm,ecio: -10 dB, rsrp: -84 dBm,phase: 0 degree,sinr: 30 dB
NR CQI 255,RANK 255
Serving Beam SSB index 0,FR2 serving Beam:255,255


OK
[SSH]cmd:ping 10.205.102.16 -c 1
PING 10.205.102.16 (10.205.102.16): 56 data bytes
64 bytes from 10.205.102.16: seq=0 ttl=64 time=13.708 ms

--- 10.205.102.16 ping statistics ---
1 packets transmitted, 1 packets received, 0% packet loss
round-trip min/avg/max = 13.708/13.708/13.708 ms
[01/12 14:48:55]	TX Power: 17	Ping Latency: 13.708	
[SSH]cmd:echo -ne "at+bnrinfo\r\n" | microcom -t 1000 /dev/ttyUSB1
at+bnrinfo

NR BAND:79, EARFCN:720288 DL_bandwidth:100MHz
physical cell ID:1, averaged PUSCH TX power :17 dBm, averaged PUCCH TX power :-255 dBm,
RX Power Info:
RSRQ -11 dB, RSRP -85 dBm,SINR 30 dB
RX0 power: -84 dBm,ecio: -11 dB, rsrp: -95 dBm, phase: 0 degree, sinr: 22 dB
RX1 power: -75 dBm,ecio: -10 dB, rsrp: -85 dBm, phase: 0 degree, sinr: 28 dB
RX2 power: -78 dBm,ecio: -10 dB, rsrp: -88 dBm, phase: 0 degree, sinr: 29 dB
RX3 power: -73 dBm,ecio: -10 dB, rsrp: -83 dBm,phase: 0 degree,sinr: 30 dB
NR CQI 255,RANK 255
Serving Beam SSB index 0,FR2 serving Beam:255,255


OK
at+bnrinfo

NR BAND:79, EARFCN:720288 DL_bandwidth:100MHz
physical cell ID:1, averaged PUSCH TX power :17 dBm, averaged PUCCH TX power :-255 dBm,
RX Power Info:
RSRQ -11 dB, RSRP -85 dBm,SINR 30 dB
RX0 power: -84 dBm,ecio: -11 dB, rsrp: -95 dBm, phase: 0 degree, sinr: 22 dB
RX1 power: -75 dBm,ecio: -10 dB, rsrp: -85 dBm, phase: 0 degree, sinr: 28 dB
RX2 power: -78 dBm,ecio: -10 dB, rsrp: -88 dBm, phase: 0 degree, sinr: 29 dB
RX3 power: -73 dBm,ecio: -10 dB, rsrp: -83 dBm,phase: 0 degree,sinr: 30 dB
NR CQI 255,RANK 255
Serving Beam SSB index 0,FR2 serving Beam:255,255


OK
[SSH]cmd:ping 10.205.102.16 -c 1
PING 10.205.102.16 (10.205.102.16): 56 data bytes
64 bytes from 10.205.102.16: seq=0 ttl=64 time=17.957 ms

--- 10.205.102.16 ping statistics ---
1 packets transmitted, 1 packets received, 0% packet loss
round-trip min/avg/max = 17.957/17.957/17.957 ms
[01/12 14:49:02]	TX Power: 17	Ping Latency: 17.957	
[SSH]cmd:echo -ne "at+bnrinfo\r\n" | microcom -t 1000 /dev/ttyUSB1

+CGPADDR: 1,10.205.164.11
+CGPADDR: 38,0.0.0.0.0.0.0.0.0.0.0.0.0.0.0.0
+CGPADDR: 39,0.0.0.0.0.0.0.0.0.0.0.0.0.0.0.0

OK
+CGPADDR: 1,10.205.164.11
+CGPADDR: 38,0.0.0.0.0.0.0.0.0.0.0.0.0.0.0.0
+CGPADDR: 39,0.0.0.0.0.0.0.0.0.0.0.0.0.0.0.0

OK
[SSH]cmd:ping 10.205.102.16 -c 1
PING 10.205.102.16 (10.205.102.16): 56 data bytes
64 bytes from 10.205.102.16: seq=0 ttl=64 time=17.830 ms

--- 10.205.102.16 ping statistics ---
1 packets transmitted, 1 packets received, 0% packet loss
round-trip min/avg/max = 17.830/17.830/17.830 ms
[01/12 14:49:09]	TX Power: 17	Ping Latency: 17.83	
[SSH]cmd:echo -ne "at+bnrinfo\r\n" | microcom -t 1000 /dev/ttyUSB1
AT+CGPADDR

+CGPADDR: 1,10.205.164.11
+CGPADDR: 38,0.0.0.0.0.0.0.0.0.0.0.0.0.0.0.0
+CGPADDR: 39,0.0.0.0.0.0.0.0.0.0.0.0.0.0.0.0

OK
AT+CGPADDR

+CGPADDR: 1,10.205.164.11
+CGPADDR: 38,0.0.0.0.0.0.0.0.0.0.0.0.0.0.0.0
+CGPADDR: 39,0.0.0.0.0.0.0.0.0.0.0.0.0.0.0.0

OK
[SSH]cmd:ping 10.205.102.16 -c 1
PING 10.205.102.16 (10.205.102.16): 56 data bytes
64 bytes from 10.205.102.16: seq=0 ttl=64 time=11.630 ms

--- 10.205.102.16 ping statistics ---
1 packets transmitted, 1 packets received, 0% packet loss
round-trip min/avg/max = 11.630/11.630/11.630 ms
[01/12 14:49:15]	TX Power: 17	Ping Latency: 11.63