Test Program: 1.0.0.0
****************************** Loop: 1  ******************************
****************************** [1]TestItem: RSRP@-T:10/-W:1  ******************************
****************************** 2024/1/12 下午 01:56:11 *****************************************
****************************** Loop RSRP *****************************************
cmd: adb -s NoADB shell Query Connection Status
Loop: 10 , Wait: 1s
[SSH]cmd:echo -ne "at+bnrinfo\r\n" | microcom -t 1000 /dev/ttyUSB1
at+bnrinfo

NR BAND:79, EARFCN:720288 DL_bandwidth:100MHz
physical cell ID:1, averaged PUSCH TX power :10 dBm, averaged PUCCH TX power :-255 dBm,
RX Power Info:
RSRQ -11 dB, RSRP -84 dBm,SINR 31 dB
RX0 power: -73 dBm,ecio: -10 dB, rsrp: -83 dBm, phase: 0 degree, sinr: 31 dB
RX1 power: -74 dBm,ecio: -10 dB, rsrp: -84 dBm, phase: 0 degree, sinr: 31 dB
RX2 power: -79 dBm,ecio: -10 dB, rsrp: -90 dBm, phase: 0 degree, sinr: 28 dB
RX3 power: -80 dBm,ecio: -10 dB, rsrp: -90 dBm,phase: 0 degree,sinr: 25 dB
NR CQI 255,RANK 255
Serving Beam SSB index 0,FR2 serving Beam:255,255


OK
AT+CESQDBM

+CESQDBM:
SYSTEM:NR5G-SA
Band 79
NR5G: RSRQ -11 dB, RSRP -84 dBm, SINR 31 dB


OK
AT+GMI

COMPAL

OK

Manufacturer: COMPAL
Model: 334
Revision: RXMG1.20.00.428_0R12
SVN: 01
IMEI: 359047100263100
+GCAP: +CGSM

OK

+COPS: 0,0,"466 66",11

OK
AT+CGSN

359047100263100

OK
AT+CPIN?

+CPIN: READY

OK
at+bnrinfo

NR BAND:79, EARFCN:720288 DL_bandwidth:100MHz
physical cell ID:1, averaged PUSCH TX power :10 dBm, averaged PUCCH TX power :-255 dBm,
RX Power Info:
RSRQ -11 dB, RSRP -84 dBm,SINR 31 dB
RX0 power: -73 dBm,ecio: -10 dB, rsrp: -83 dBm, phase: 0 degree, sinr: 31 dB
RX1 power: -74 dBm,ecio: -10 dB, rsrp: -84 dBm, phase: 0 degree, sinr: 31 dB
RX2 power: -79 dBm,ecio: -10 dB, rsrp: -90 dBm, phase: 0 degree, sinr: 28 dB
RX3 power: -80 dBm,ecio: -10 dB, rsrp: -90 dBm,phase: 0 degree,sinr: 25 dB
NR CQI 255,RANK 255
Serving Beam SSB index 0,FR2 serving Beam:255,255


OK
AT+CESQDBM

+CESQDBM:
SYSTEM:NR5G-SA
Band 79
NR5G: RSRQ -11 dB, RSRP -84 dBm, SINR 31 dB


OK
AT+GMI

COMPAL

OK

Manufacturer: COMPAL
Model: 334
Revision: RXMG1.20.00.428_0R12
SVN: 01
IMEI: 359047100263100
+GCAP: +CGSM

OK

+COPS: 0,0,"466 66",11

OK
AT+CGSN

359047100263100

OK
AT+CPIN?

+CPIN: READY

OK
[SSH]cmd:ping 10.205.102.16 -c 1
PING 10.205.102.16 (10.205.102.16): 56 data bytes
64 bytes from 10.205.102.16: seq=0 ttl=64 time=33.950 ms

--- 10.205.102.16 ping statistics ---
1 packets transmitted, 1 packets received, 0% packet loss
round-trip min/avg/max = 33.950/33.950/33.950 ms
[01/12 13:56:18]	RSRQ: -11	RSRP: -84	SINR: 31	TX Power: 10	Ping Latency: 33.95	
[SSH]cmd:echo -ne "at+bnrinfo\r\n" | microcom -t 1000 /dev/ttyUSB1
AT+CGPADDR

+CGPADDR: 1,10.205.164.22
+CGPADDR: 38,0.0.0.0.0.0.0.0.0.0.0.0.0.0.0.0
+CGPADDR: 39,0.0.0.0.0.0.0.0.0.0.0.0.0.0.0.0

OK
AT+CGPADDR

+CGPADDR: 1,10.205.164.22
+CGPADDR: 38,0.0.0.0.0.0.0.0.0.0.0.0.0.0.0.0
+CGPADDR: 39,0.0.0.0.0.0.0.0.0.0.0.0.0.0.0.0

OK
[SSH]cmd:ping 10.205.102.16 -c 1
PING 10.205.102.16 (10.205.102.16): 56 data bytes
64 bytes from 10.205.102.16: seq=0 ttl=64 time=20.668 ms

--- 10.205.102.16 ping statistics ---
1 packets transmitted, 1 packets received, 0% packet loss
round-trip min/avg/max = 20.668/20.668/20.668 ms
[01/12 13:56:25]	TX Power: 10	Ping Latency: 20.668	
[SSH]cmd:echo -ne "at+bnrinfo\r\n" | microcom -t 1000 /dev/ttyUSB1

<LTE PCC INFO>:<INVALID>

OK
AT+CGPADDR

+CGPADDR: 1,10.205.164.22
+CGPADDR: 38,0.0.0.0.0.0.0.0.0.0.0.0.0.0.0.0
+CGPADDR: 39,0.0.0.0.0.0.0.0.0.0.0.0.0.0.0.0

OK
<LTE PCC INFO>:<INVALID>

OK
AT+CGPADDR

+CGPADDR: 1,10.205.164.22
+CGPADDR: 38,0.0.0.0.0.0.0.0.0.0.0.0.0.0.0.0
+CGPADDR: 39,0.0.0.0.0.0.0.0.0.0.0.0.0.0.0.0

OK
[SSH]cmd:ping 10.205.102.16 -c 1
PING 10.205.102.16 (10.205.102.16): 56 data bytes
64 bytes from 10.205.102.16: seq=0 ttl=64 time=18.095 ms

--- 10.205.102.16 ping statistics ---
1 packets transmitted, 1 packets received, 0% packet loss
round-trip min/avg/max = 18.095/18.095/18.095 ms
[01/12 13:56:32]	TX Power: 10	Ping Latency: 18.095	
[SSH]cmd:echo -ne "at+bnrinfo\r\n" | microcom -t 1000 /dev/ttyUSB1

+CGPADDR: 1,10.205.164.22
+CGPADDR: 38,0.0.0.0.0.0.0.0.0.0.0.0.0.0.0.0
+CGPADDR: 39,0.0.0.0.0.0.0.0.0.0.0.0.0.0.0.0

OK
+CGPADDR: 1,10.205.164.22
+CGPADDR: 38,0.0.0.0.0.0.0.0.0.0.0.0.0.0.0.0
+CGPADDR: 39,0.0.0.0.0.0.0.0.0.0.0.0.0.0.0.0

OK
[SSH]cmd:ping 10.205.102.16 -c 1
PING 10.205.102.16 (10.205.102.16): 56 data bytes
64 bytes from 10.205.102.16: seq=0 ttl=64 time=16.631 ms

--- 10.205.102.16 ping statistics ---
1 packets transmitted, 1 packets received, 0% packet loss
round-trip min/avg/max = 16.631/16.631/16.631 ms
[01/12 13:56:38]	TX Power: 10	Ping Latency: 16.631	
[SSH]cmd:echo -ne "at+bnrinfo\r\n" | microcom -t 1000 /dev/ttyUSB1

<LTE PCC INFO>:<INVALID>

OK

+CGPADDR: 1,10.205.164.22
+CGPADDR: 38,0.0.0.0.0.0.0.0.0.0.0.0.0.0.0.0
+CGPADDR: 39,0.0.0.0.0.0.0.0.0.0.0.0.0.0.0.0

OK
<LTE PCC INFO>:<INVALID>

OK

+CGPADDR: 1,10.205.164.22
+CGPADDR: 38,0.0.0.0.0.0.0.0.0.0.0.0.0.0.0.0
+CGPADDR: 39,0.0.0.0.0.0.0.0.0.0.0.0.0.0.0.0

OK
[SSH]cmd:ping 10.205.102.16 -c 1
PING 10.205.102.16 (10.205.102.16): 56 data bytes
64 bytes from 10.205.102.16: seq=0 ttl=64 time=21.725 ms

--- 10.205.102.16 ping statistics ---
1 packets transmitted, 1 packets received, 0% packet loss
round-trip min/avg/max = 21.725/21.725/21.725 ms
[01/12 13:56:45]	TX Power: 10	Ping Latency: 21.725	
[SSH]cmd:echo -ne "at+bnrinfo\r\n" | microcom -t 1000 /dev/ttyUSB1
AT+CGPADDR

+CGPADDR: 1,10.205.164.22
+CGPADDR: 38,0.0.0.0.0.0.0.0.0.0.0.0.0.0.0.0
+CGPADDR: 39,0.0.0.0.0.0.0.0.0.0.0.0.0.0.0.0

OK
AT+CGPADDR

+CGPADDR: 1,10.205.164.22
+CGPADDR: 38,0.0.0.0.0.0.0.0.0.0.0.0.0.0.0.0
+CGPADDR: 39,0.0.0.0.0.0.0.0.0.0.0.0.0.0.0.0

OK
[SSH]cmd:ping 10.205.102.16 -c 1
PING 10.205.102.16 (10.205.102.16): 56 data bytes
64 bytes from 10.205.102.16: seq=0 ttl=64 time=12.262 ms

--- 10.205.102.16 ping statistics ---
1 packets transmitted, 1 packets received, 0% packet loss
round-trip min/avg/max = 12.262/12.262/12.262 ms
[01/12 13:56:51]	TX Power: 10	Ping Latency: 12.262	
[SSH]cmd:echo -ne "at+bnrinfo\r\n" | microcom -t 1000 /dev/ttyUSB1
at+bnrinfo

NR BAND:79, EARFCN:720288 DL_bandwidth:100MHz
physical cell ID:1, averaged PUSCH TX power :10 dBm, averaged PUCCH TX power :-255 dBm,
RX Power Info:
RSRQ -11 dB, RSRP -84 dBm,SINR 32 dB
RX0 power: -73 dBm,ecio: -10 dB, rsrp: -83 dBm, phase: 0 degree, sinr: 32 dB
RX1 power: -75 dBm,ecio: -10 dB, rsrp: -85 dBm, phase: 0 degree, sinr: 30 dB
RX2 power: -80 dBm,ecio: -10 dB, rsrp: -90 dBm, phase: 0 degree, sinr: 28 dB
RX3 power: -80 dBm,ecio: -10 dB, rsrp: -90 dBm,phase: 0 degree,sinr: 25 dB
NR CQI 255,RANK 255
Serving Beam SSB index 0,FR2 serving Beam:255,255


OK
at+bnrinfo

NR BAND:79, EARFCN:720288 DL_bandwidth:100MHz
physical cell ID:1, averaged PUSCH TX power :10 dBm, averaged PUCCH TX power :-255 dBm,
RX Power Info:
RSRQ -11 dB, RSRP -84 dBm,SINR 32 dB
RX0 power: -73 dBm,ecio: -10 dB, rsrp: -83 dBm, phase: 0 degree, sinr: 32 dB
RX1 power: -75 dBm,ecio: -10 dB, rsrp: -85 dBm, phase: 0 degree, sinr: 30 dB
RX2 power: -80 dBm,ecio: -10 dB, rsrp: -90 dBm, phase: 0 degree, sinr: 28 dB
RX3 power: -80 dBm,ecio: -10 dB, rsrp: -90 dBm,phase: 0 degree,sinr: 25 dB
NR CQI 255,RANK 255
Serving Beam SSB index 0,FR2 serving Beam:255,255


OK
[SSH]cmd:ping 10.205.102.16 -c 1
PING 10.205.102.16 (10.205.102.16): 56 data bytes
64 bytes from 10.205.102.16: seq=0 ttl=64 time=10.692 ms

--- 10.205.102.16 ping statistics ---
1 packets transmitted, 1 packets received, 0% packet loss
round-trip min/avg/max = 10.692/10.692/10.692 ms
[01/12 13:56:58]	TX Power: 10	Ping Latency: 10.692	
[SSH]cmd:echo -ne "at+bnrinfo\r\n" | microcom -t 1000 /dev/ttyUSB1
at+bnrinfo

NR BAND:79, EARFCN:720288 DL_bandwidth:100MHz
physical cell ID:1, averaged PUSCH TX power :10 dBm, averaged PUCCH TX power :-255 dBm,
RX Power Info:
RSRQ -11 dB, RSRP -84 dBm,SINR 31 dB
RX0 power: -73 dBm,ecio: -10 dB, rsrp: -83 dBm, phase: 0 degree, sinr: 31 dB
RX1 power: -75 dBm,ecio: -10 dB, rsrp: -86 dBm, phase: 0 degree, sinr: 30 dB
RX2 power: -80 dBm,ecio: -10 dB, rsrp: -90 dBm, phase: 0 degree, sinr: 27 dB
RX3 power: -79 dBm,ecio: -10 dB, rsrp: -90 dBm,phase: 0 degree,sinr: 25 dB
NR CQI 255,RANK 255
Serving Beam SSB index 0,FR2 serving Beam:255,255


OK
at+bnrinfo

NR BAND:79, EARFCN:720288 DL_bandwidth:100MHz
physical cell ID:1, averaged PUSCH TX power :10 dBm, averaged PUCCH TX power :-255 dBm,
RX Power Info:
RSRQ -11 dB, RSRP -84 dBm,SINR 31 dB
RX0 power: -73 dBm,ecio: -10 dB, rsrp: -83 dBm, phase: 0 degree, sinr: 31 dB
RX1 power: -75 dBm,ecio: -10 dB, rsrp: -86 dBm, phase: 0 degree, sinr: 30 dB
RX2 power: -80 dBm,ecio: -10 dB, rsrp: -90 dBm, phase: 0 degree, sinr: 27 dB
RX3 power: -79 dBm,ecio: -10 dB, rsrp: -90 dBm,phase: 0 degree,sinr: 25 dB
NR CQI 255,RANK 255
Serving Beam SSB index 0,FR2 serving Beam:255,255


OK
[SSH]cmd:ping 10.205.102.16 -c 1
PING 10.205.102.16 (10.205.102.16): 56 data bytes
64 bytes from 10.205.102.16: seq=0 ttl=64 time=20.629 ms

--- 10.205.102.16 ping statistics ---
1 packets transmitted, 1 packets received, 0% packet loss
round-trip min/avg/max = 20.629/20.629/20.629 ms
[01/12 13:57:06]	TX Power: 10	Ping Latency: 20.629	
[SSH]cmd:echo -ne "at+bnrinfo\r\n" | microcom -t 1000 /dev/ttyUSB1
at+bnrinfo

NR BAND:79, EARFCN:720288 DL_bandwidth:100MHz
physical cell ID:1, averaged PUSCH TX power :10 dBm, averaged PUCCH TX power :-255 dBm,
RX Power Info:
RSRQ -11 dB, RSRP -84 dBm,SINR 32 dB
RX0 power: -73 dBm,ecio: -10 dB, rsrp: -83 dBm, phase: 0 degree, sinr: 32 dB
RX1 power: -75 dBm,ecio: -10 dB, rsrp: -86 dBm, phase: 0 degree, sinr: 30 dB
RX2 power: -80 dBm,ecio: -10 dB, rsrp: -91 dBm, phase: 0 degree, sinr: 27 dB
RX3 power: -81 dBm,ecio: -10 dB, rsrp: -91 dBm,phase: 0 degree,sinr: 24 dB
NR CQI 255,RANK 255
Serving Beam SSB index 0,FR2 serving Beam:255,255


OK
at+bnrinfo

NR BAND:79, EARFCN:720288 DL_bandwidth:100MHz
physical cell ID:1, averaged PUSCH TX power :10 dBm, averaged PUCCH TX power :-255 dBm,
RX Power Info:
RSRQ -11 dB, RSRP -84 dBm,SINR 32 dB
RX0 power: -73 dBm,ecio: -10 dB, rsrp: -83 dBm, phase: 0 degree, sinr: 32 dB
RX1 power: -75 dBm,ecio: -10 dB, rsrp: -86 dBm, phase: 0 degree, sinr: 30 dB
RX2 power: -80 dBm,ecio: -10 dB, rsrp: -91 dBm, phase: 0 degree, sinr: 27 dB
RX3 power: -81 dBm,ecio: -10 dB, rsrp: -91 dBm,phase: 0 degree,sinr: 24 dB
NR CQI 255,RANK 255
Serving Beam SSB index 0,FR2 serving Beam:255,255


OK
[SSH]cmd:ping 10.205.102.16 -c 1
PING 10.205.102.16 (10.205.102.16): 56 data bytes
64 bytes from 10.205.102.16: seq=0 ttl=64 time=11.205 ms

--- 10.205.102.16 ping statistics ---
1 packets transmitted, 1 packets received, 0% packet loss
round-trip min/avg/max = 11.205/11.205/11.205 ms
[01/12 13:57:13]	TX Power: 10	Ping Latency: 11.205	
[SSH]cmd:echo -ne "at+bnrinfo\r\n" | microcom -t 1000 /dev/ttyUSB1
at+bnrinfo

NR BAND:79, EARFCN:720288 DL_bandwidth:100MHz
physical cell ID:1, averaged PUSCH TX power :10 dBm, averaged PUCCH TX power :-255 dBm,
RX Power Info:
RSRQ -11 dB, RSRP -84 dBm,SINR 31 dB
RX0 power: -72 dBm,ecio: -10 dB, rsrp: -83 dBm, phase: 0 degree, sinr: 31 dB
RX1 power: -75 dBm,ecio: -10 dB, rsrp: -86 dBm, phase: 0 degree, sinr: 30 dB
RX2 power: -80 dBm,ecio: -10 dB, rsrp: -91 dBm, phase: 0 degree, sinr: 27 dB
RX3 power: -80 dBm,ecio: -10 dB, rsrp: -90 dBm,phase: 0 degree,sinr: 25 dB
NR CQI 255,RANK 255
Serving Beam SSB index 0,FR2 serving Beam:255,255


OK
at+bnrinfo

NR BAND:79, EARFCN:720288 DL_bandwidth:100MHz
physical cell ID:1, averaged PUSCH TX power :10 dBm, averaged PUCCH TX power :-255 dBm,
RX Power Info:
RSRQ -11 dB, RSRP -84 dBm,SINR 31 dB
RX0 power: -72 dBm,ecio: -10 dB, rsrp: -83 dBm, phase: 0 degree, sinr: 31 dB
RX1 power: -75 dBm,ecio: -10 dB, rsrp: -86 dBm, phase: 0 degree, sinr: 30 dB
RX2 power: -80 dBm,ecio: -10 dB, rsrp: -91 dBm, phase: 0 degree, sinr: 27 dB
RX3 power: -80 dBm,ecio: -10 dB, rsrp: -90 dBm,phase: 0 degree,sinr: 25 dB
NR CQI 255,RANK 255
Serving Beam SSB index 0,FR2 serving Beam:255,255


OK
[SSH]cmd:ping 10.205.102.16 -c 1
PING 10.205.102.16 (10.205.102.16): 56 data bytes
64 bytes from 10.205.102.16: seq=0 ttl=64 time=19.001 ms

--- 10.205.102.16 ping statistics ---
1 packets transmitted, 1 packets received, 0% packet loss
round-trip min/avg/max = 19.001/19.001/19.001 ms
[01/12 13:57:20]	TX Power: 10	Ping Latency: 19.001