Test Program: 1.0.0.0
****************************** Loop: 1  ******************************
****************************** [1]TestItem: RSRP@-T:10/-W:1  ******************************
****************************** 2024/1/12 下午 02:02:00 *****************************************
****************************** Loop RSRP *****************************************
cmd: adb -s NoADB shell Query Connection Status
Loop: 10 , Wait: 1s
[SSH]cmd:echo -ne "at+bnrinfo\r\n" | microcom -t 1000 /dev/ttyUSB1

<LTE PCC INFO>:<INVALID>

OK
AT+CGPADDR

+CGPADDR: 1,10.205.164.11
+CGPADDR: 38,0.0.0.0.0.0.0.0.0.0.0.0.0.0.0.0
+CGPADDR: 39,0.0.0.0.0.0.0.0.0.0.0.0.0.0.0.0

OK
<LTE PCC INFO>:<INVALID>

OK
AT+CGPADDR

+CGPADDR: 1,10.205.164.11
+CGPADDR: 38,0.0.0.0.0.0.0.0.0.0.0.0.0.0.0.0
+CGPADDR: 39,0.0.0.0.0.0.0.0.0.0.0.0.0.0.0.0

OK
[SSH]cmd:ping 10.205.102.16 -c 1
PING 10.205.102.16 (10.205.102.16): 56 data bytes
64 bytes from 10.205.102.16: seq=0 ttl=64 time=16.354 ms

--- 10.205.102.16 ping statistics ---
1 packets transmitted, 1 packets received, 0% packet loss
round-trip min/avg/max = 16.354/16.354/16.354 ms
[01/12 14:02:06]	TX Power: 0	Ping Latency: 16.354	
[SSH]cmd:echo -ne "at+bnrinfo\r\n" | microcom -t 1000 /dev/ttyUSB1
at+bnrinfo

NR BAND:79, EARFCN:720288 DL_bandwidth:100MHz
physical cell ID:1, averaged PUSCH TX power :19 dBm, averaged PUCCH TX power :-255 dBm,
RX Power Info:
RSRQ -11 dB, RSRP -89 dBm,SINR 28 dB
RX0 power: -87 dBm,ecio: -10 dB, rsrp: -98 dBm, phase: 0 degree, sinr: 20 dB
RX1 power: -78 dBm,ecio: -10 dB, rsrp: -88 dBm, phase: 0 degree, sinr: 28 dB
RX2 power: -89 dBm,ecio: -10 dB, rsrp: -99 dBm, phase: 0 degree, sinr: 21 dB
RX3 power: -81 dBm,ecio: -10 dB, rsrp: -92 dBm,phase: 0 degree,sinr: 27 dB
NR CQI 255,RANK 255
Serving Beam SSB index 0,FR2 serving Beam:255,255


OK
at+bnrinfo

NR BAND:79, EARFCN:720288 DL_bandwidth:100MHz
physical cell ID:1, averaged PUSCH TX power :19 dBm, averaged PUCCH TX power :-255 dBm,
RX Power Info:
RSRQ -11 dB, RSRP -89 dBm,SINR 28 dB
RX0 power: -87 dBm,ecio: -10 dB, rsrp: -98 dBm, phase: 0 degree, sinr: 20 dB
RX1 power: -78 dBm,ecio: -10 dB, rsrp: -88 dBm, phase: 0 degree, sinr: 28 dB
RX2 power: -89 dBm,ecio: -10 dB, rsrp: -99 dBm, phase: 0 degree, sinr: 21 dB
RX3 power: -81 dBm,ecio: -10 dB, rsrp: -92 dBm,phase: 0 degree,sinr: 27 dB
NR CQI 255,RANK 255
Serving Beam SSB index 0,FR2 serving Beam:255,255


OK
[SSH]cmd:ping 10.205.102.16 -c 1
PING 10.205.102.16 (10.205.102.16): 56 data bytes
64 bytes from 10.205.102.16: seq=0 ttl=64 time=14.999 ms

--- 10.205.102.16 ping statistics ---
1 packets transmitted, 1 packets received, 0% packet loss
round-trip min/avg/max = 14.999/14.999/14.999 ms
[01/12 14:02:13]	TX Power: 19	Ping Latency: 14.999	
[SSH]cmd:echo -ne "at+bnrinfo\r\n" | microcom -t 1000 /dev/ttyUSB1
at+bnrinfo

NR BAND:79, EARFCN:720288 DL_bandwidth:100MHz
physical cell ID:1, averaged PUSCH TX power :19 dBm, averaged PUCCH TX power :-255 dBm,
RX Power Info:
RSRQ -11 dB, RSRP -89 dBm,SINR 28 dB
RX0 power: -87 dBm,ecio: -10 dB, rsrp: -98 dBm, phase: 0 degree, sinr: 21 dB
RX1 power: -78 dBm,ecio: -10 dB, rsrp: -88 dBm, phase: 0 degree, sinr: 28 dB
RX2 power: -89 dBm,ecio: -10 dB, rsrp: -99 dBm, phase: 0 degree, sinr: 22 dB
RX3 power: -81 dBm,ecio: -10 dB, rsrp: -92 dBm,phase: 0 degree,sinr: 27 dB
NR CQI 255,RANK 255
Serving Beam SSB index 0,FR2 serving Beam:255,255


OK
at+bnrinfo

NR BAND:79, EARFCN:720288 DL_bandwidth:100MHz
physical cell ID:1, averaged PUSCH TX power :19 dBm, averaged PUCCH TX power :-255 dBm,
RX Power Info:
RSRQ -11 dB, RSRP -89 dBm,SINR 28 dB
RX0 power: -87 dBm,ecio: -10 dB, rsrp: -98 dBm, phase: 0 degree, sinr: 21 dB
RX1 power: -78 dBm,ecio: -10 dB, rsrp: -88 dBm, phase: 0 degree, sinr: 28 dB
RX2 power: -89 dBm,ecio: -10 dB, rsrp: -99 dBm, phase: 0 degree, sinr: 22 dB
RX3 power: -81 dBm,ecio: -10 dB, rsrp: -92 dBm,phase: 0 degree,sinr: 27 dB
NR CQI 255,RANK 255
Serving Beam SSB index 0,FR2 serving Beam:255,255


OK
[SSH]cmd:ping 10.205.102.16 -c 1
PING 10.205.102.16 (10.205.102.16): 56 data bytes
64 bytes from 10.205.102.16: seq=0 ttl=64 time=11.854 ms

--- 10.205.102.16 ping statistics ---
1 packets transmitted, 1 packets received, 0% packet loss
round-trip min/avg/max = 11.854/11.854/11.854 ms
[01/12 14:02:20]	TX Power: 19	Ping Latency: 11.854	
[SSH]cmd:echo -ne "at+bnrinfo\r\n" | microcom -t 1000 /dev/ttyUSB1
at+bnrinfo

NR BAND:79, EARFCN:720288 DL_bandwidth:100MHz
physical cell ID:1, averaged PUSCH TX power :19 dBm, averaged PUCCH TX power :-255 dBm,
RX Power Info:
RSRQ -11 dB, RSRP -88 dBm,SINR 28 dB
RX0 power: -87 dBm,ecio: -10 dB, rsrp: -98 dBm, phase: 0 degree, sinr: 21 dB
RX1 power: -77 dBm,ecio: -10 dB, rsrp: -88 dBm, phase: 0 degree, sinr: 28 dB
RX2 power: -89 dBm,ecio: -10 dB, rsrp: -99 dBm, phase: 0 degree, sinr: 22 dB
RX3 power: -82 dBm,ecio: -10 dB, rsrp: -92 dBm,phase: 0 degree,sinr: 26 dB
NR CQI 255,RANK 255
Serving Beam SSB index 0,FR2 serving Beam:255,255


OK
at+bnrinfo

NR BAND:79, EARFCN:720288 DL_bandwidth:100MHz
physical cell ID:1, averaged PUSCH TX power :19 dBm, averaged PUCCH TX power :-255 dBm,
RX Power Info:
RSRQ -11 dB, RSRP -88 dBm,SINR 28 dB
RX0 power: -87 dBm,ecio: -10 dB, rsrp: -98 dBm, phase: 0 degree, sinr: 21 dB
RX1 power: -77 dBm,ecio: -10 dB, rsrp: -88 dBm, phase: 0 degree, sinr: 28 dB
RX2 power: -89 dBm,ecio: -10 dB, rsrp: -99 dBm, phase: 0 degree, sinr: 22 dB
RX3 power: -82 dBm,ecio: -10 dB, rsrp: -92 dBm,phase: 0 degree,sinr: 26 dB
NR CQI 255,RANK 255
Serving Beam SSB index 0,FR2 serving Beam:255,255


OK
[SSH]cmd:ping 10.205.102.16 -c 1
PING 10.205.102.16 (10.205.102.16): 56 data bytes
64 bytes from 10.205.102.16: seq=0 ttl=64 time=13.669 ms

--- 10.205.102.16 ping statistics ---
1 packets transmitted, 1 packets received, 0% packet loss
round-trip min/avg/max = 13.669/13.669/13.669 ms
[01/12 14:02:27]	TX Power: 19	Ping Latency: 13.669	
[SSH]cmd:echo -ne "at+bnrinfo\r\n" | microcom -t 1000 /dev/ttyUSB1
at+bnrinfo

NR BAND:79, EARFCN:720288 DL_bandwidth:100MHz
physical cell ID:1, averaged PUSCH TX power :19 dBm, averaged PUCCH TX power :-255 dBm,
RX Power Info:
RSRQ -11 dB, RSRP -88 dBm,SINR 28 dB
RX0 power: -87 dBm,ecio: -10 dB, rsrp: -98 dBm, phase: 0 degree, sinr: 21 dB
RX1 power: -77 dBm,ecio: -10 dB, rsrp: -87 dBm, phase: 0 degree, sinr: 28 dB
RX2 power: -89 dBm,ecio: -10 dB, rsrp: -99 dBm, phase: 0 degree, sinr: 22 dB
RX3 power: -81 dBm,ecio: -10 dB, rsrp: -92 dBm,phase: 0 degree,sinr: 26 dB
NR CQI 255,RANK 255
Serving Beam SSB index 0,FR2 serving Beam:255,255


OK
at+bnrinfo

NR BAND:79, EARFCN:720288 DL_bandwidth:100MHz
physical cell ID:1, averaged PUSCH TX power :19 dBm, averaged PUCCH TX power :-255 dBm,
RX Power Info:
RSRQ -11 dB, RSRP -88 dBm,SINR 28 dB
RX0 power: -87 dBm,ecio: -10 dB, rsrp: -98 dBm, phase: 0 degree, sinr: 21 dB
RX1 power: -77 dBm,ecio: -10 dB, rsrp: -87 dBm, phase: 0 degree, sinr: 28 dB
RX2 power: -89 dBm,ecio: -10 dB, rsrp: -99 dBm, phase: 0 degree, sinr: 22 dB
RX3 power: -81 dBm,ecio: -10 dB, rsrp: -92 dBm,phase: 0 degree,sinr: 26 dB
NR CQI 255,RANK 255
Serving Beam SSB index 0,FR2 serving Beam:255,255


OK
[SSH]cmd:ping 10.205.102.16 -c 1
PING 10.205.102.16 (10.205.102.16): 56 data bytes
64 bytes from 10.205.102.16: seq=0 ttl=64 time=24.160 ms

--- 10.205.102.16 ping statistics ---
1 packets transmitted, 1 packets received, 0% packet loss
round-trip min/avg/max = 24.160/24.160/24.160 ms
[01/12 14:02:34]	TX Power: 19	Ping Latency: 24.16	
[SSH]cmd:echo -ne "at+bnrinfo\r\n" | microcom -t 1000 /dev/ttyUSB1
at+bnrinfo

NR BAND:79, EARFCN:720288 DL_bandwidth:100MHz
physical cell ID:1, averaged PUSCH TX power :19 dBm, averaged PUCCH TX power :-255 dBm,
RX Power Info:
RSRQ -11 dB, RSRP -89 dBm,SINR 28 dB
RX0 power: -87 dBm,ecio: -10 dB, rsrp: -98 dBm, phase: 0 degree, sinr: 22 dB
RX1 power: -77 dBm,ecio: -10 dB, rsrp: -87 dBm, phase: 0 degree, sinr: 28 dB
RX2 power: -89 dBm,ecio: -10 dB, rsrp: -99 dBm, phase: 0 degree, sinr: 22 dB
RX3 power: -81 dBm,ecio: -10 dB, rsrp: -92 dBm,phase: 0 degree,sinr: 27 dB
NR CQI 255,RANK 255
Serving Beam SSB index 0,FR2 serving Beam:255,255


OK
at+bnrinfo

NR BAND:79, EARFCN:720288 DL_bandwidth:100MHz
physical cell ID:1, averaged PUSCH TX power :19 dBm, averaged PUCCH TX power :-255 dBm,
RX Power Info:
RSRQ -11 dB, RSRP -89 dBm,SINR 28 dB
RX0 power: -87 dBm,ecio: -10 dB, rsrp: -98 dBm, phase: 0 degree, sinr: 22 dB
RX1 power: -77 dBm,ecio: -10 dB, rsrp: -87 dBm, phase: 0 degree, sinr: 28 dB
RX2 power: -89 dBm,ecio: -10 dB, rsrp: -99 dBm, phase: 0 degree, sinr: 22 dB
RX3 power: -81 dBm,ecio: -10 dB, rsrp: -92 dBm,phase: 0 degree,sinr: 27 dB
NR CQI 255,RANK 255
Serving Beam SSB index 0,FR2 serving Beam:255,255


OK
[SSH]cmd:ping 10.205.102.16 -c 1
PING 10.205.102.16 (10.205.102.16): 56 data bytes
64 bytes from 10.205.102.16: seq=0 ttl=64 time=13.874 ms

--- 10.205.102.16 ping statistics ---
1 packets transmitted, 1 packets received, 0% packet loss
round-trip min/avg/max = 13.874/13.874/13.874 ms
[01/12 14:02:41]	TX Power: 19	Ping Latency: 13.874	
[SSH]cmd:echo -ne "at+bnrinfo\r\n" | microcom -t 1000 /dev/ttyUSB1
at+bnrinfo

NR BAND:79, EARFCN:720288 DL_bandwidth:100MHz
physical cell ID:1, averaged PUSCH TX power :19 dBm, averaged PUCCH TX power :-255 dBm,
RX Power Info:
RSRQ -11 dB, RSRP -89 dBm,SINR 28 dB
RX0 power: -88 dBm,ecio: -10 dB, rsrp: -98 dBm, phase: 0 degree, sinr: 22 dB
RX1 power: -78 dBm,ecio: -10 dB, rsrp: -88 dBm, phase: 0 degree, sinr: 28 dB
RX2 power: -89 dBm,ecio: -10 dB, rsrp: -99 dBm, phase: 0 degree, sinr: 22 dB
RX3 power: -82 dBm,ecio: -10 dB, rsrp: -92 dBm,phase: 0 degree,sinr: 26 dB
NR CQI 255,RANK 255
Serving Beam SSB index 0,FR2 serving Beam:255,255


OK
at+bnrinfo

NR BAND:79, EARFCN:720288 DL_bandwidth:100MHz
physical cell ID:1, averaged PUSCH TX power :19 dBm, averaged PUCCH TX power :-255 dBm,
RX Power Info:
RSRQ -11 dB, RSRP -89 dBm,SINR 28 dB
RX0 power: -88 dBm,ecio: -10 dB, rsrp: -98 dBm, phase: 0 degree, sinr: 22 dB
RX1 power: -78 dBm,ecio: -10 dB, rsrp: -88 dBm, phase: 0 degree, sinr: 28 dB
RX2 power: -89 dBm,ecio: -10 dB, rsrp: -99 dBm, phase: 0 degree, sinr: 22 dB
RX3 power: -82 dBm,ecio: -10 dB, rsrp: -92 dBm,phase: 0 degree,sinr: 26 dB
NR CQI 255,RANK 255
Serving Beam SSB index 0,FR2 serving Beam:255,255


OK
[SSH]cmd:ping 10.205.102.16 -c 1
PING 10.205.102.16 (10.205.102.16): 56 data bytes
64 bytes from 10.205.102.16: seq=0 ttl=64 time=65.651 ms

--- 10.205.102.16 ping statistics ---
1 packets transmitted, 1 packets received, 0% packet loss
round-trip min/avg/max = 65.651/65.651/65.651 ms
[01/12 14:02:48]	TX Power: 19	Ping Latency: 65.651	
[SSH]cmd:echo -ne "at+bnrinfo\r\n" | microcom -t 1000 /dev/ttyUSB1
at+bnrinfo

NR BAND:79, EARFCN:720288 DL_bandwidth:100MHz
physical cell ID:1, averaged PUSCH TX power :19 dBm, averaged PUCCH TX power :-255 dBm,
RX Power Info:
RSRQ -11 dB, RSRP -89 dBm,SINR 28 dB
RX0 power: -88 dBm,ecio: -10 dB, rsrp: -98 dBm, phase: 0 degree, sinr: 21 dB
RX1 power: -78 dBm,ecio: -10 dB, rsrp: -88 dBm, phase: 0 degree, sinr: 28 dB
RX2 power: -89 dBm,ecio: -10 dB, rsrp: -99 dBm, phase: 0 degree, sinr: 22 dB
RX3 power: -82 dBm,ecio: -10 dB, rsrp: -92 dBm,phase: 0 degree,sinr: 26 dB
NR CQI 255,RANK 255
Serving Beam SSB index 0,FR2 serving Beam:255,255


OK
AT+CESQDBM

+CESQDBM:
SYSTEM:NR5G-SA
Band 79
NR5G: RSRQ -11 dB, RSRP -89 dBm, SINR 28 dB


OK
at+bnrinfo

NR BAND:79, EARFCN:720288 DL_bandwidth:100MHz
physical cell ID:1, averaged PUSCH TX power :19 dBm, averaged PUCCH TX power :-255 dBm,
RX Power Info:
RSRQ -11 dB, RSRP -89 dBm,SINR 28 dB
RX0 power: -88 dBm,ecio: -10 dB, rsrp: -98 dBm, phase: 0 degree, sinr: 21 dB
RX1 power: -78 dBm,ecio: -10 dB, rsrp: -88 dBm, phase: 0 degree, sinr: 28 dB
RX2 power: -89 dBm,ecio: -10 dB, rsrp: -99 dBm, phase: 0 degree, sinr: 22 dB
RX3 power: -82 dBm,ecio: -10 dB, rsrp: -92 dBm,phase: 0 degree,sinr: 26 dB
NR CQI 255,RANK 255
Serving Beam SSB index 0,FR2 serving Beam:255,255


OK
AT+CESQDBM

+CESQDBM:
SYSTEM:NR5G-SA
Band 79
NR5G: RSRQ -11 dB, RSRP -89 dBm, SINR 28 dB


OK
[SSH]cmd:ping 10.205.102.16 -c 1
PING 10.205.102.16 (10.205.102.16): 56 data bytes
64 bytes from 10.205.102.16: seq=0 ttl=64 time=12.162 ms

--- 10.205.102.16 ping statistics ---
1 packets transmitted, 1 packets received, 0% packet loss
round-trip min/avg/max = 12.162/12.162/12.162 ms
[01/12 14:02:57]	RSRQ: -11	RSRP: -89	SINR: 28	TX Power: 19	Ping Latency: 12.162	
[SSH]cmd:echo -ne "at+bnrinfo\r\n" | microcom -t 1000 /dev/ttyUSB1
at+bnrinfo

NR BAND:79, EARFCN:720288 DL_bandwidth:100MHz
physical cell ID:1, averaged PUSCH TX power :19 dBm, averaged PUCCH TX power :-255 dBm,
RX Power Info:
RSRQ -11 dB, RSRP -89 dBm,SINR 28 dB
RX0 power: -87 dBm,ecio: -10 dB, rsrp: -98 dBm, phase: 0 degree, sinr: 21 dB
RX1 power: -77 dBm,ecio: -10 dB, rsrp: -88 dBm, phase: 0 degree, sinr: 28 dB
RX2 power: -89 dBm,ecio: -10 dB, rsrp: -99 dBm, phase: 0 degree, sinr: 21 dB
RX3 power: -82 dBm,ecio: -10 dB, rsrp: -92 dBm,phase: 0 degree,sinr: 26 dB
NR CQI 255,RANK 255
Serving Beam SSB index 0,FR2 serving Beam:255,255


OK

<LTE PCC INFO>:<INVALID>

OK

+CGPADDR: 1,10.205.164.11
+CGPADDR: 38,0.0.0.0.0.0.0.0.0.0.0.0.0.0.0.0
+CGPADDR: 39,0.0.0.0.0.0.0.0.0.0.0.0.0.0.0.0

OK
at+bnrinfo

NR BAND:79, EARFCN:720288 DL_bandwidth:100MHz
physical cell ID:1, averaged PUSCH TX power :19 dBm, averaged PUCCH TX power :-255 dBm,
RX Power Info:
RSRQ -11 dB, RSRP -89 dBm,SINR 28 dB
RX0 power: -87 dBm,ecio: -10 dB, rsrp: -98 dBm, phase: 0 degree, sinr: 21 dB
RX1 power: -77 dBm,ecio: -10 dB, rsrp: -88 dBm, phase: 0 degree, sinr: 28 dB
RX2 power: -89 dBm,ecio: -10 dB, rsrp: -99 dBm, phase: 0 degree, sinr: 21 dB
RX3 power: -82 dBm,ecio: -10 dB, rsrp: -92 dBm,phase: 0 degree,sinr: 26 dB
NR CQI 255,RANK 255
Serving Beam SSB index 0,FR2 serving Beam:255,255


OK

<LTE PCC INFO>:<INVALID>

OK

+CGPADDR: 1,10.205.164.11
+CGPADDR: 38,0.0.0.0.0.0.0.0.0.0.0.0.0.0.0.0
+CGPADDR: 39,0.0.0.0.0.0.0.0.0.0.0.0.0.0.0.0

OK
[SSH]cmd:ping 10.205.102.16 -c 1
PING 10.205.102.16 (10.205.102.16): 56 data bytes
64 bytes from 10.205.102.16: seq=0 ttl=64 time=45.945 ms

--- 10.205.102.16 ping statistics ---
1 packets transmitted, 1 packets received, 0% packet loss
round-trip min/avg/max = 45.945/45.945/45.945 ms
[01/12 14:03:05]	TX Power: 19	Ping Latency: 45.945	
[SSH]cmd:echo -ne "at+bnrinfo\r\n" | microcom -t 1000 /dev/ttyUSB1

+CGPADDR: 1,10.205.164.11
+CGPADDR: 38,0.0.0.0.0.0.0.0.0.0.0.0.0.0.0.0
+CGPADDR: 39,0.0.0.0.0.0.0.0.0.0.0.0.0.0.0.0

OK
+CGPADDR: 1,10.205.164.11
+CGPADDR: 38,0.0.0.0.0.0.0.0.0.0.0.0.0.0.0.0
+CGPADDR: 39,0.0.0.0.0.0.0.0.0.0.0.0.0.0.0.0

OK
[SSH]cmd:ping 10.205.102.16 -c 1
PING 10.205.102.16 (10.205.102.16): 56 data bytes
64 bytes from 10.205.102.16: seq=0 ttl=64 time=13.330 ms

--- 10.205.102.16 ping statistics ---
1 packets transmitted, 1 packets received, 0% packet loss
round-trip min/avg/max = 13.330/13.330/13.330 ms
[01/12 14:03:11]	TX Power: 19	Ping Latency: 13.33