Test Program: 1.0.0.0
****************************** Loop: 1  ******************************
****************************** [1]TestItem: RSRP@-T:10/-W:1  ******************************
****************************** 2024/1/12 下午 02:27:51 *****************************************
****************************** Loop RSRP *****************************************
cmd: adb -s NoADB shell Query Connection Status
Loop: 10 , Wait: 1s
[SSH]cmd:echo -ne "at+bnrinfo\r\n" | microcom -t 1000 /dev/ttyUSB1
at+bnrinfo

NR BAND:79, EARFCN:720288 DL_bandwidth:100MHz
physical cell ID:1, averaged PUSCH TX power :20 dBm, averaged PUCCH TX power :-255 dBm,
RX Power Info:
RSRQ -11 dB, RSRP -94 dBm,SINR 25 dB
RX0 power: -82 dBm,ecio: -10 dB, rsrp: -92 dBm, phase: 0 degree, sinr: 25 dB
RX1 power: -85 dBm,ecio: -10 dB, rsrp: -96 dBm, phase: 0 degree, sinr: 22 dB
RX2 power: -88 dBm,ecio: -10 dB, rsrp: -99 dBm, phase: 0 degree, sinr: 22 dB
RX3 power: -91 dBm,ecio: -11 dB, rsrp: -102 dBm,phase: 0 degree,sinr: 19 dB
NR CQI 255,RANK 255
Serving Beam SSB index 0,FR2 serving Beam:255,255


OK

COMPAL

OK

Manufacturer: COMPAL
Model: 334
Revision: RXMG1.20.00.428_0R12
SVN: 01
IMEI: 359047100263183
+GCAP: +CGSM

OK

+COPS: 0,0,"466 66",11

OK
at+bnrinfo

NR BAND:79, EARFCN:720288 DL_bandwidth:100MHz
physical cell ID:1, averaged PUSCH TX power :20 dBm, averaged PUCCH TX power :-255 dBm,
RX Power Info:
RSRQ -11 dB, RSRP -94 dBm,SINR 25 dB
RX0 power: -82 dBm,ecio: -10 dB, rsrp: -92 dBm, phase: 0 degree, sinr: 25 dB
RX1 power: -85 dBm,ecio: -10 dB, rsrp: -96 dBm, phase: 0 degree, sinr: 22 dB
RX2 power: -88 dBm,ecio: -10 dB, rsrp: -99 dBm, phase: 0 degree, sinr: 22 dB
RX3 power: -91 dBm,ecio: -11 dB, rsrp: -102 dBm,phase: 0 degree,sinr: 19 dB
NR CQI 255,RANK 255
Serving Beam SSB index 0,FR2 serving Beam:255,255


OK

COMPAL

OK

Manufacturer: COMPAL
Model: 334
Revision: RXMG1.20.00.428_0R12
SVN: 01
IMEI: 359047100263183
+GCAP: +CGSM

OK

+COPS: 0,0,"466 66",11

OK
[SSH]cmd:ping 10.205.102.16 -c 1
PING 10.205.102.16 (10.205.102.16): 56 data bytes
64 bytes from 10.205.102.16: seq=0 ttl=64 time=15.903 ms

--- 10.205.102.16 ping statistics ---
1 packets transmitted, 1 packets received, 0% packet loss
round-trip min/avg/max = 15.903/15.903/15.903 ms
[01/12 14:27:58]	TX Power: 20	Ping Latency: 15.903	
[SSH]cmd:echo -ne "at+bnrinfo\r\n" | microcom -t 1000 /dev/ttyUSB1
at+bnrinfo

NR BAND:79, EARFCN:720288 DL_bandwidth:100MHz
physical cell ID:1, averaged PUSCH TX power :21 dBm, averaged PUCCH TX power :-255 dBm,
RX Power Info:
RSRQ -11 dB, RSRP -93 dBm,SINR 26 dB
RX0 power: -82 dBm,ecio: -10 dB, rsrp: -92 dBm, phase: 0 degree, sinr: 26 dB
RX1 power: -86 dBm,ecio: -10 dB, rsrp: -96 dBm, phase: 0 degree, sinr: 22 dB
RX2 power: -89 dBm,ecio: -10 dB, rsrp: -100 dBm, phase: 0 degree, sinr: 22 dB
RX3 power: -88 dBm,ecio: -10 dB, rsrp: -99 dBm,phase: 0 degree,sinr: 19 dB
NR CQI 255,RANK 255
Serving Beam SSB index 0,FR2 serving Beam:255,255


OK
AT+CGPADDR

+CGPADDR: 1,10.205.164.5
+CGPADDR: 38,0.0.0.0.0.0.0.0.0.0.0.0.0.0.0.0
+CGPADDR: 39,0.0.0.0.0.0.0.0.0.0.0.0.0.0.0.0

OK
at+bnrinfo

NR BAND:79, EARFCN:720288 DL_bandwidth:100MHz
physical cell ID:1, averaged PUSCH TX power :21 dBm, averaged PUCCH TX power :-255 dBm,
RX Power Info:
RSRQ -11 dB, RSRP -93 dBm,SINR 26 dB
RX0 power: -82 dBm,ecio: -10 dB, rsrp: -92 dBm, phase: 0 degree, sinr: 26 dB
RX1 power: -86 dBm,ecio: -10 dB, rsrp: -96 dBm, phase: 0 degree, sinr: 22 dB
RX2 power: -89 dBm,ecio: -10 dB, rsrp: -100 dBm, phase: 0 degree, sinr: 22 dB
RX3 power: -88 dBm,ecio: -10 dB, rsrp: -99 dBm,phase: 0 degree,sinr: 19 dB
NR CQI 255,RANK 255
Serving Beam SSB index 0,FR2 serving Beam:255,255


OK
AT+CGPADDR

+CGPADDR: 1,10.205.164.5
+CGPADDR: 38,0.0.0.0.0.0.0.0.0.0.0.0.0.0.0.0
+CGPADDR: 39,0.0.0.0.0.0.0.0.0.0.0.0.0.0.0.0

OK
[SSH]cmd:ping 10.205.102.16 -c 1
PING 10.205.102.16 (10.205.102.16): 56 data bytes
64 bytes from 10.205.102.16: seq=0 ttl=64 time=14.029 ms

--- 10.205.102.16 ping statistics ---
1 packets transmitted, 1 packets received, 0% packet loss
round-trip min/avg/max = 14.029/14.029/14.029 ms
[01/12 14:28:05]	TX Power: 21	Ping Latency: 14.029	
[SSH]cmd:echo -ne "at+bnrinfo\r\n" | microcom -t 1000 /dev/ttyUSB1

<LTE PCC INFO>:<INVALID>

OK

+CGPADDR: 1,10.205.164.5
+CGPADDR: 38,0.0.0.0.0.0.0.0.0.0.0.0.0.0.0.0
+CGPADDR: 39,0.0.0.0.0.0.0.0.0.0.0.0.0.0.0.0

OK
<LTE PCC INFO>:<INVALID>

OK

+CGPADDR: 1,10.205.164.5
+CGPADDR: 38,0.0.0.0.0.0.0.0.0.0.0.0.0.0.0.0
+CGPADDR: 39,0.0.0.0.0.0.0.0.0.0.0.0.0.0.0.0

OK
[SSH]cmd:ping 10.205.102.16 -c 1
PING 10.205.102.16 (10.205.102.16): 56 data bytes
64 bytes from 10.205.102.16: seq=0 ttl=64 time=15.212 ms

--- 10.205.102.16 ping statistics ---
1 packets transmitted, 1 packets received, 0% packet loss
round-trip min/avg/max = 15.212/15.212/15.212 ms
[01/12 14:28:12]	TX Power: 21	Ping Latency: 15.212	
[SSH]cmd:echo -ne "at+bnrinfo\r\n" | microcom -t 1000 /dev/ttyUSB1
at+bnrinfo

NR BAND:79, EARFCN:720288 DL_bandwidth:100MHz
physical cell ID:1, averaged PUSCH TX power :21 dBm, averaged PUCCH TX power :-255 dBm,
RX Power Info:
RSRQ -11 dB, RSRP -94 dBm,SINR 26 dB
RX0 power: -82 dBm,ecio: -10 dB, rsrp: -93 dBm, phase: 0 degree, sinr: 26 dB
RX1 power: -87 dBm,ecio: -10 dB, rsrp: -97 dBm, phase: 0 degree, sinr: 22 dB
RX2 power: -89 dBm,ecio: -10 dB, rsrp: -100 dBm, phase: 0 degree, sinr: 22 dB
RX3 power: -90 dBm,ecio: -10 dB, rsrp: -101 dBm,phase: 0 degree,sinr: 20 dB
NR CQI 255,RANK 255
Serving Beam SSB index 0,FR2 serving Beam:255,255


OK
at+bnrinfo

NR BAND:79, EARFCN:720288 DL_bandwidth:100MHz
physical cell ID:1, averaged PUSCH TX power :21 dBm, averaged PUCCH TX power :-255 dBm,
RX Power Info:
RSRQ -11 dB, RSRP -94 dBm,SINR 26 dB
RX0 power: -82 dBm,ecio: -10 dB, rsrp: -93 dBm, phase: 0 degree, sinr: 26 dB
RX1 power: -87 dBm,ecio: -10 dB, rsrp: -97 dBm, phase: 0 degree, sinr: 22 dB
RX2 power: -89 dBm,ecio: -10 dB, rsrp: -100 dBm, phase: 0 degree, sinr: 22 dB
RX3 power: -90 dBm,ecio: -10 dB, rsrp: -101 dBm,phase: 0 degree,sinr: 20 dB
NR CQI 255,RANK 255
Serving Beam SSB index 0,FR2 serving Beam:255,255


OK
[SSH]cmd:ping 10.205.102.16 -c 1
PING 10.205.102.16 (10.205.102.16): 56 data bytes
64 bytes from 10.205.102.16: seq=0 ttl=64 time=13.763 ms

--- 10.205.102.16 ping statistics ---
1 packets transmitted, 1 packets received, 0% packet loss
round-trip min/avg/max = 13.763/13.763/13.763 ms
[01/12 14:28:19]	TX Power: 21	Ping Latency: 13.763	
[SSH]cmd:echo -ne "at+bnrinfo\r\n" | microcom -t 1000 /dev/ttyUSB1
at+bnrinfo

NR BAND:79, EARFCN:720288 DL_bandwidth:100MHz
physical cell ID:1, averaged PUSCH TX power :21 dBm, averaged PUCCH TX power :-255 dBm,
RX Power Info:
RSRQ -11 dB, RSRP -94 dBm,SINR 25 dB
RX0 power: -83 dBm,ecio: -10 dB, rsrp: -93 dBm, phase: 0 degree, sinr: 25 dB
RX1 power: -85 dBm,ecio: -10 dB, rsrp: -96 dBm, phase: 0 degree, sinr: 23 dB
RX2 power: -89 dBm,ecio: -10 dB, rsrp: -99 dBm, phase: 0 degree, sinr: 22 dB
RX3 power: -89 dBm,ecio: -10 dB, rsrp: -99 dBm,phase: 0 degree,sinr: 20 dB
NR CQI 255,RANK 255
Serving Beam SSB index 0,FR2 serving Beam:255,255


OK
at+bnrinfo

NR BAND:79, EARFCN:720288 DL_bandwidth:100MHz
physical cell ID:1, averaged PUSCH TX power :21 dBm, averaged PUCCH TX power :-255 dBm,
RX Power Info:
RSRQ -11 dB, RSRP -94 dBm,SINR 25 dB
RX0 power: -83 dBm,ecio: -10 dB, rsrp: -93 dBm, phase: 0 degree, sinr: 25 dB
RX1 power: -85 dBm,ecio: -10 dB, rsrp: -96 dBm, phase: 0 degree, sinr: 23 dB
RX2 power: -89 dBm,ecio: -10 dB, rsrp: -99 dBm, phase: 0 degree, sinr: 22 dB
RX3 power: -89 dBm,ecio: -10 dB, rsrp: -99 dBm,phase: 0 degree,sinr: 20 dB
NR CQI 255,RANK 255
Serving Beam SSB index 0,FR2 serving Beam:255,255


OK
[SSH]cmd:ping 10.205.102.16 -c 1
PING 10.205.102.16 (10.205.102.16): 56 data bytes
64 bytes from 10.205.102.16: seq=0 ttl=64 time=10.649 ms

--- 10.205.102.16 ping statistics ---
1 packets transmitted, 1 packets received, 0% packet loss
round-trip min/avg/max = 10.649/10.649/10.649 ms
[01/12 14:28:26]	TX Power: 21	Ping Latency: 10.649	
[SSH]cmd:echo -ne "at+bnrinfo\r\n" | microcom -t 1000 /dev/ttyUSB1
at+bnrinfo

NR BAND:79, EARFCN:720288 DL_bandwidth:100MHz
physical cell ID:1, averaged PUSCH TX power :20 dBm, averaged PUCCH TX power :-255 dBm,
RX Power Info:
RSRQ -11 dB, RSRP -93 dBm,SINR 25 dB
RX0 power: -83 dBm,ecio: -10 dB, rsrp: -93 dBm, phase: 0 degree, sinr: 25 dB
RX1 power: -85 dBm,ecio: -10 dB, rsrp: -95 dBm, phase: 0 degree, sinr: 22 dB
RX2 power: -89 dBm,ecio: -10 dB, rsrp: -99 dBm, phase: 0 degree, sinr: 22 dB
RX3 power: -87 dBm,ecio: -10 dB, rsrp: -98 dBm,phase: 0 degree,sinr: 21 dB
NR CQI 255,RANK 255
Serving Beam SSB index 0,FR2 serving Beam:255,255


OK
at+bnrinfo

NR BAND:79, EARFCN:720288 DL_bandwidth:100MHz
physical cell ID:1, averaged PUSCH TX power :20 dBm, averaged PUCCH TX power :-255 dBm,
RX Power Info:
RSRQ -11 dB, RSRP -93 dBm,SINR 25 dB
RX0 power: -83 dBm,ecio: -10 dB, rsrp: -93 dBm, phase: 0 degree, sinr: 25 dB
RX1 power: -85 dBm,ecio: -10 dB, rsrp: -95 dBm, phase: 0 degree, sinr: 22 dB
RX2 power: -89 dBm,ecio: -10 dB, rsrp: -99 dBm, phase: 0 degree, sinr: 22 dB
RX3 power: -87 dBm,ecio: -10 dB, rsrp: -98 dBm,phase: 0 degree,sinr: 21 dB
NR CQI 255,RANK 255
Serving Beam SSB index 0,FR2 serving Beam:255,255


OK
[SSH]cmd:ping 10.205.102.16 -c 1
PING 10.205.102.16 (10.205.102.16): 56 data bytes
64 bytes from 10.205.102.16: seq=0 ttl=64 time=18.871 ms

--- 10.205.102.16 ping statistics ---
1 packets transmitted, 1 packets received, 0% packet loss
round-trip min/avg/max = 18.871/18.871/18.871 ms
[01/12 14:28:33]	TX Power: 20	Ping Latency: 18.871	
[SSH]cmd:echo -ne "at+bnrinfo\r\n" | microcom -t 1000 /dev/ttyUSB1
at+bnrinfo

NR BAND:79, EARFCN:720288 DL_bandwidth:100MHz
physical cell ID:1, averaged PUSCH TX power :20 dBm, averaged PUCCH TX power :-255 dBm,
RX Power Info:
RSRQ -11 dB, RSRP -94 dBm,SINR 26 dB
RX0 power: -82 dBm,ecio: -10 dB, rsrp: -92 dBm, phase: 0 degree, sinr: 26 dB
RX1 power: -85 dBm,ecio: -10 dB, rsrp: -96 dBm, phase: 0 degree, sinr: 23 dB
RX2 power: -89 dBm,ecio: -10 dB, rsrp: -100 dBm, phase: 0 degree, sinr: 22 dB
RX3 power: -87 dBm,ecio: -10 dB, rsrp: -98 dBm,phase: 0 degree,sinr: 20 dB
NR CQI 255,RANK 255
Serving Beam SSB index 0,FR2 serving Beam:255,255


OK
at+bnrinfo

NR BAND:79, EARFCN:720288 DL_bandwidth:100MHz
physical cell ID:1, averaged PUSCH TX power :20 dBm, averaged PUCCH TX power :-255 dBm,
RX Power Info:
RSRQ -11 dB, RSRP -94 dBm,SINR 26 dB
RX0 power: -82 dBm,ecio: -10 dB, rsrp: -92 dBm, phase: 0 degree, sinr: 26 dB
RX1 power: -85 dBm,ecio: -10 dB, rsrp: -96 dBm, phase: 0 degree, sinr: 23 dB
RX2 power: -89 dBm,ecio: -10 dB, rsrp: -100 dBm, phase: 0 degree, sinr: 22 dB
RX3 power: -87 dBm,ecio: -10 dB, rsrp: -98 dBm,phase: 0 degree,sinr: 20 dB
NR CQI 255,RANK 255
Serving Beam SSB index 0,FR2 serving Beam:255,255


OK
[SSH]cmd:ping 10.205.102.16 -c 1
PING 10.205.102.16 (10.205.102.16): 56 data bytes
64 bytes from 10.205.102.16: seq=0 ttl=64 time=10.429 ms

--- 10.205.102.16 ping statistics ---
1 packets transmitted, 1 packets received, 0% packet loss
round-trip min/avg/max = 10.429/10.429/10.429 ms
[01/12 14:28:41]	TX Power: 20	Ping Latency: 10.429	
[SSH]cmd:echo -ne "at+bnrinfo\r\n" | microcom -t 1000 /dev/ttyUSB1
at+bnrinfo

NR BAND:79, EARFCN:720288 DL_bandwidth:100MHz
physical cell ID:1, averaged PUSCH TX power :21 dBm, averaged PUCCH TX power :-255 dBm,
RX Power Info:
RSRQ -11 dB, RSRP -93 dBm,SINR 25 dB
RX0 power: -83 dBm,ecio: -10 dB, rsrp: -93 dBm, phase: 0 degree, sinr: 25 dB
RX1 power: -86 dBm,ecio: -10 dB, rsrp: -96 dBm, phase: 0 degree, sinr: 23 dB
RX2 power: -89 dBm,ecio: -10 dB, rsrp: -100 dBm, phase: 0 degree, sinr: 22 dB
RX3 power: -89 dBm,ecio: -10 dB, rsrp: -99 dBm,phase: 0 degree,sinr: 20 dB
NR CQI 255,RANK 255
Serving Beam SSB index 0,FR2 serving Beam:255,255


OK
at+bnrinfo

NR BAND:79, EARFCN:720288 DL_bandwidth:100MHz
physical cell ID:1, averaged PUSCH TX power :21 dBm, averaged PUCCH TX power :-255 dBm,
RX Power Info:
RSRQ -11 dB, RSRP -93 dBm,SINR 25 dB
RX0 power: -83 dBm,ecio: -10 dB, rsrp: -93 dBm, phase: 0 degree, sinr: 25 dB
RX1 power: -86 dBm,ecio: -10 dB, rsrp: -96 dBm, phase: 0 degree, sinr: 23 dB
RX2 power: -89 dBm,ecio: -10 dB, rsrp: -100 dBm, phase: 0 degree, sinr: 22 dB
RX3 power: -89 dBm,ecio: -10 dB, rsrp: -99 dBm,phase: 0 degree,sinr: 20 dB
NR CQI 255,RANK 255
Serving Beam SSB index 0,FR2 serving Beam:255,255


OK
[SSH]cmd:ping 10.205.102.16 -c 1
PING 10.205.102.16 (10.205.102.16): 56 data bytes
64 bytes from 10.205.102.16: seq=0 ttl=64 time=14.832 ms

--- 10.205.102.16 ping statistics ---
1 packets transmitted, 1 packets received, 0% packet loss
round-trip min/avg/max = 14.832/14.832/14.832 ms
[01/12 14:28:48]	TX Power: 21	Ping Latency: 14.832	
[SSH]cmd:echo -ne "at+bnrinfo\r\n" | microcom -t 1000 /dev/ttyUSB1
at+bnrinfo

NR BAND:79, EARFCN:720288 DL_bandwidth:100MHz
physical cell ID:1, averaged PUSCH TX power :20 dBm, averaged PUCCH TX power :-255 dBm,
RX Power Info:
RSRQ -11 dB, RSRP -94 dBm,SINR 25 dB
RX0 power: -82 dBm,ecio: -10 dB, rsrp: -93 dBm, phase: 0 degree, sinr: 25 dB
RX1 power: -86 dBm,ecio: -10 dB, rsrp: -96 dBm, phase: 0 degree, sinr: 22 dB
RX2 power: -90 dBm,ecio: -10 dB, rsrp: -100 dBm, phase: 0 degree, sinr: 22 dB
RX3 power: -88 dBm,ecio: -10 dB, rsrp: -98 dBm,phase: 0 degree,sinr: 21 dB
NR CQI 255,RANK 255
Serving Beam SSB index 0,FR2 serving Beam:255,255


OK

+CESQDBM:
SYSTEM:NR5G-SA
Band 79
NR5G: RSRQ -11 dB, RSRP -94 dBm, SINR 25 dB


OK

COMPAL

OK
ATI

Manufacturer: COMPAL
Model: 334
Revision: RXMG1.20.00.428_0R12
SVN: 01
IMEI: 359047100263183
+GCAP: +CGSM

OK
AT+COPS?

+COPS: 0,0,"466 66",11

OK
AT+CGSN

359047100263183

OK

+CPIN: READY

OK
AT+CIMI

466660000055162

OK

ICCID: 8988211000000551625F

OK
AT+CESQDBM

+CESQDBM:
SYSTEM:NR5G-SA
Band 79
NR5G: RSRQ -11 dB, RSRP -94 dBm, SINR 25 dB


OK

<LTE PCC INFO>:<INVALID>

OK
at+bnrinfo

NR BAND:79, EARFCN:720288 DL_bandwidth:100MHz
physical cell ID:1, averaged PUSCH TX power :20 dBm, averaged PUCCH TX power :-255 dBm,
RX Power Info:
RSRQ -11 dB, RSRP -94 dBm,SINR 25 dB
RX0 power: -82 dBm,ecio: -10 dB, rsrp: -93 dBm, phase: 0 degree, sinr: 25 dB
RX1 power: -86 dBm,ecio: -10 dB, rsrp: -96 dBm, phase: 0 degree, sinr: 22 dB
RX2 power: -90 dBm,ecio: -10 dB, rsrp: -100 dBm, phase: 0 degree, sinr: 22 dB
RX3 power: -88 dBm,ecio: -10 dB, rsrp: -98 dBm,phase: 0 degree,sinr: 21 dB
NR CQI 255,RANK 255
Serving Beam SSB index 0,FR2 serving Beam:255,255


OK

+CESQDBM:
SYSTEM:NR5G-SA
Band 79
NR5G: RSRQ -11 dB, RSRP -94 dBm, SINR 25 dB


OK

COMPAL

OK
ATI

Manufacturer: COMPAL
Model: 334
Revision: RXMG1.20.00.428_0R12
SVN: 01
IMEI: 359047100263183
+GCAP: +CGSM

OK
AT+COPS?

+COPS: 0,0,"466 66",11

OK
AT+CGSN

359047100263183

OK

+CPIN: READY

OK
AT+CIMI

466660000055162

OK

ICCID: 8988211000000551625F

OK
AT+CESQDBM

+CESQDBM:
SYSTEM:NR5G-SA
Band 79
NR5G: RSRQ -11 dB, RSRP -94 dBm, SINR 25 dB


OK

<LTE PCC INFO>:<INVALID>

OK
[SSH]cmd:ping 10.205.102.16 -c 1
PING 10.205.102.16 (10.205.102.16): 56 data bytes
64 bytes from 10.205.102.16: seq=0 ttl=64 time=12.040 ms

--- 10.205.102.16 ping statistics ---
1 packets transmitted, 1 packets received, 0% packet loss
round-trip min/avg/max = 12.040/12.040/12.040 ms
[01/12 14:28:57]	RSRQ: -11	RSRP: -94	SINR: 25	TX Power: 20	Ping Latency: 12.04	
[SSH]cmd:echo -ne "at+bnrinfo\r\n" | microcom -t 1000 /dev/ttyUSB1
AT+CGPADDR

+CGPADDR: 1,10.205.164.5
+CGPADDR: 38,0.0.0.0.0.0.0.0.0.0.0.0.0.0.0.0
+CGPADDR: 39,0.0.0.0.0.0.0.0.0.0.0.0.0.0.0.0

OK
AT+CGPADDR

+CGPADDR: 1,10.205.164.5
+CGPADDR: 38,0.0.0.0.0.0.0.0.0.0.0.0.0.0.0.0
+CGPADDR: 39,0.0.0.0.0.0.0.0.0.0.0.0.0.0.0.0

OK
[SSH]cmd:ping 10.205.102.16 -c 1
PING 10.205.102.16 (10.205.102.16): 56 data bytes
64 bytes from 10.205.102.16: seq=0 ttl=64 time=11.865 ms

--- 10.205.102.16 ping statistics ---
1 packets transmitted, 1 packets received, 0% packet loss
round-trip min/avg/max = 11.865/11.865/11.865 ms
[01/12 14:29:04]	TX Power: 20	Ping Latency: 11.865