Test Program: 1.0.0.0
****************************** Loop: 1  ******************************
****************************** [1]TestItem: RSRP@-T:10/-W:1  ******************************
****************************** 2024/1/12 下午 02:49:32 *****************************************
****************************** Loop RSRP *****************************************
cmd: adb -s NoADB shell Query Connection Status
Loop: 10 , Wait: 1s
[SSH]cmd:echo -ne "at+bnrinfo\r\n" | microcom -t 1000 /dev/ttyUSB1
at+bnrinfo

NR BAND:79, EARFCN:720288 DL_bandwidth:100MHz
physical cell ID:1, averaged PUSCH TX power :11 dBm, averaged PUCCH TX power :-255 dBm,
RX Power Info:
RSRQ -11 dB, RSRP -80 dBm,SINR 32 dB
RX0 power: -69 dBm,ecio: -10 dB, rsrp: -79 dBm, phase: 0 degree, sinr: 32 dB
RX1 power: -71 dBm,ecio: -10 dB, rsrp: -82 dBm, phase: 0 degree, sinr: 31 dB
RX2 power: -79 dBm,ecio: -10 dB, rsrp: -89 dBm, phase: 0 degree, sinr: 29 dB
RX3 power: -76 dBm,ecio: -10 dB, rsrp: -86 dBm,phase: 0 degree,sinr: 28 dB
NR CQI 255,RANK 255
Serving Beam SSB index 0,FR2 serving Beam:255,255


OK
at+bnrinfo

NR BAND:79, EARFCN:720288 DL_bandwidth:100MHz
physical cell ID:1, averaged PUSCH TX power :11 dBm, averaged PUCCH TX power :-255 dBm,
RX Power Info:
RSRQ -11 dB, RSRP -80 dBm,SINR 32 dB
RX0 power: -69 dBm,ecio: -10 dB, rsrp: -79 dBm, phase: 0 degree, sinr: 32 dB
RX1 power: -71 dBm,ecio: -10 dB, rsrp: -82 dBm, phase: 0 degree, sinr: 31 dB
RX2 power: -79 dBm,ecio: -10 dB, rsrp: -89 dBm, phase: 0 degree, sinr: 29 dB
RX3 power: -76 dBm,ecio: -10 dB, rsrp: -86 dBm,phase: 0 degree,sinr: 28 dB
NR CQI 255,RANK 255
Serving Beam SSB index 0,FR2 serving Beam:255,255


OK
[SSH]cmd:ping 10.205.102.16 -c 1
PING 10.205.102.16 (10.205.102.16): 56 data bytes
64 bytes from 10.205.102.16: seq=0 ttl=64 time=12.018 ms

--- 10.205.102.16 ping statistics ---
1 packets transmitted, 1 packets received, 0% packet loss
round-trip min/avg/max = 12.018/12.018/12.018 ms
[01/12 14:49:38]	TX Power: 11	Ping Latency: 12.018	
[SSH]cmd:echo -ne "at+bnrinfo\r\n" | microcom -t 1000 /dev/ttyUSB1
at+bnrinfo

NR BAND:79, EARFCN:720288 DL_bandwidth:100MHz
physical cell ID:1, averaged PUSCH TX power :12 dBm, averaged PUCCH TX power :-255 dBm,
RX Power Info:
RSRQ -11 dB, RSRP -79 dBm,SINR 33 dB
RX0 power: -68 dBm,ecio: -10 dB, rsrp: -78 dBm, phase: 0 degree, sinr: 33 dB
RX1 power: -71 dBm,ecio: -10 dB, rsrp: -82 dBm, phase: 0 degree, sinr: 31 dB
RX2 power: -78 dBm,ecio: -10 dB, rsrp: -88 dBm, phase: 0 degree, sinr: 30 dB
RX3 power: -76 dBm,ecio: -10 dB, rsrp: -86 dBm,phase: 0 degree,sinr: 28 dB
NR CQI 255,RANK 255
Serving Beam SSB index 0,FR2 serving Beam:255,255


OK
at+bnrinfo

NR BAND:79, EARFCN:720288 DL_bandwidth:100MHz
physical cell ID:1, averaged PUSCH TX power :12 dBm, averaged PUCCH TX power :-255 dBm,
RX Power Info:
RSRQ -11 dB, RSRP -79 dBm,SINR 33 dB
RX0 power: -68 dBm,ecio: -10 dB, rsrp: -78 dBm, phase: 0 degree, sinr: 33 dB
RX1 power: -71 dBm,ecio: -10 dB, rsrp: -82 dBm, phase: 0 degree, sinr: 31 dB
RX2 power: -78 dBm,ecio: -10 dB, rsrp: -88 dBm, phase: 0 degree, sinr: 30 dB
RX3 power: -76 dBm,ecio: -10 dB, rsrp: -86 dBm,phase: 0 degree,sinr: 28 dB
NR CQI 255,RANK 255
Serving Beam SSB index 0,FR2 serving Beam:255,255


OK
[SSH]cmd:ping 10.205.102.16 -c 1
PING 10.205.102.16 (10.205.102.16): 56 data bytes
64 bytes from 10.205.102.16: seq=0 ttl=64 time=17.413 ms

--- 10.205.102.16 ping statistics ---
1 packets transmitted, 1 packets received, 0% packet loss
round-trip min/avg/max = 17.413/17.413/17.413 ms
[01/12 14:49:45]	TX Power: 12	Ping Latency: 17.413	
[SSH]cmd:echo -ne "at+bnrinfo\r\n" | microcom -t 1000 /dev/ttyUSB1
at+bnrinfo

NR BAND:79, EARFCN:720288 DL_bandwidth:100MHz
physical cell ID:1, averaged PUSCH TX power :14 dBm, averaged PUCCH TX power :-255 dBm,
RX Power Info:
RSRQ -11 dB, RSRP -79 dBm,SINR 33 dB
RX0 power: -68 dBm,ecio: -10 dB, rsrp: -78 dBm, phase: 0 degree, sinr: 33 dB
RX1 power: -72 dBm,ecio: -10 dB, rsrp: -82 dBm, phase: 0 degree, sinr: 32 dB
RX2 power: -78 dBm,ecio: -10 dB, rsrp: -88 dBm, phase: 0 degree, sinr: 29 dB
RX3 power: -76 dBm,ecio: -10 dB, rsrp: -86 dBm,phase: 0 degree,sinr: 28 dB
NR CQI 255,RANK 255
Serving Beam SSB index 0,FR2 serving Beam:255,255


OK
at+bnrinfo

NR BAND:79, EARFCN:720288 DL_bandwidth:100MHz
physical cell ID:1, averaged PUSCH TX power :14 dBm, averaged PUCCH TX power :-255 dBm,
RX Power Info:
RSRQ -11 dB, RSRP -79 dBm,SINR 33 dB
RX0 power: -68 dBm,ecio: -10 dB, rsrp: -78 dBm, phase: 0 degree, sinr: 33 dB
RX1 power: -72 dBm,ecio: -10 dB, rsrp: -82 dBm, phase: 0 degree, sinr: 32 dB
RX2 power: -78 dBm,ecio: -10 dB, rsrp: -88 dBm, phase: 0 degree, sinr: 29 dB
RX3 power: -76 dBm,ecio: -10 dB, rsrp: -86 dBm,phase: 0 degree,sinr: 28 dB
NR CQI 255,RANK 255
Serving Beam SSB index 0,FR2 serving Beam:255,255


OK
[SSH]cmd:ping 10.205.102.16 -c 1
PING 10.205.102.16 (10.205.102.16): 56 data bytes
64 bytes from 10.205.102.16: seq=0 ttl=64 time=13.602 ms

--- 10.205.102.16 ping statistics ---
1 packets transmitted, 1 packets received, 0% packet loss
round-trip min/avg/max = 13.602/13.602/13.602 ms
[01/12 14:49:53]	TX Power: 14	Ping Latency: 13.602	
[SSH]cmd:echo -ne "at+bnrinfo\r\n" | microcom -t 1000 /dev/ttyUSB1
at+bnrinfo
at+bnrinfo
[SSH]cmd:ping 10.205.102.16 -c 1
PING 10.205.102.16 (10.205.102.16): 56 data bytes
64 bytes from 10.205.102.16: seq=0 ttl=64 time=25.479 ms

--- 10.205.102.16 ping statistics ---
1 packets transmitted, 1 packets received, 0% packet loss
round-trip min/avg/max = 25.479/25.479/25.479 ms
[01/12 14:49:59]	TX Power: 14	Ping Latency: 25.479	
[SSH]cmd:echo -ne "at+bnrinfo\r\n" | microcom -t 1000 /dev/ttyUSB1
at+bnrinfo

NR BAND:79, EARFCN:720288 DL_bandwidth:100MHz
physical cell ID:1, averaged PUSCH TX power :11 dBm, averaged PUCCH TX power :-255 dBm,
RX Power Info:
RSRQ -11 dB, RSRP -79 dBm,SINR 32 dB
RX0 power: -68 dBm,ecio: -10 dB, rsrp: -78 dBm, phase: 0 degree, sinr: 32 dB
RX1 power: -71 dBm,ecio: -10 dB, rsrp: -82 dBm, phase: 0 degree, sinr: 31 dB
RX2 power: -78 dBm,ecio: -10 dB, rsrp: -89 dBm, phase: 0 degree, sinr: 29 dB
RX3 power: -76 dBm,ecio: -10 dB, rsrp: -87 dBm,phase: 0 degree,sinr: 28 dB
NR CQI 255,RANK 255
Serving Beam SSB index 0,FR2 serving Beam:255,255


OK
at+bnrinfo

NR BAND:79, EARFCN:720288 DL_bandwidth:100MHz
physical cell ID:1, averaged PUSCH TX power :11 dBm, averaged PUCCH TX power :-255 dBm,
RX Power Info:
RSRQ -11 dB, RSRP -79 dBm,SINR 32 dB
RX0 power: -68 dBm,ecio: -10 dB, rsrp: -78 dBm, phase: 0 degree, sinr: 32 dB
RX1 power: -71 dBm,ecio: -10 dB, rsrp: -82 dBm, phase: 0 degree, sinr: 31 dB
RX2 power: -78 dBm,ecio: -10 dB, rsrp: -89 dBm, phase: 0 degree, sinr: 29 dB
RX3 power: -76 dBm,ecio: -10 dB, rsrp: -87 dBm,phase: 0 degree,sinr: 28 dB
NR CQI 255,RANK 255
Serving Beam SSB index 0,FR2 serving Beam:255,255


OK
[SSH]cmd:ping 10.205.102.16 -c 1
PING 10.205.102.16 (10.205.102.16): 56 data bytes
64 bytes from 10.205.102.16: seq=0 ttl=64 time=11.773 ms

--- 10.205.102.16 ping statistics ---
1 packets transmitted, 1 packets received, 0% packet loss
round-trip min/avg/max = 11.773/11.773/11.773 ms
[01/12 14:50:06]	TX Power: 11	Ping Latency: 11.773	
[SSH]cmd:echo -ne "at+bnrinfo\r\n" | microcom -t 1000 /dev/ttyUSB1
at+bnrinfo

NR BAND:79, EARFCN:720288 DL_bandwidth:100MHz
physical cell ID:1, averaged PUSCH TX power :11 dBm, averaged PUCCH TX power :-255 dBm,
RX Power Info:
RSRQ -11 dB, RSRP -79 dBm,SINR 33 dB
RX0 power: -68 dBm,ecio: -10 dB, rsrp: -79 dBm, phase: 0 degree, sinr: 33 dB
RX1 power: -72 dBm,ecio: -10 dB, rsrp: -82 dBm, phase: 0 degree, sinr: 31 dB
RX2 power: -78 dBm,ecio: -10 dB, rsrp: -88 dBm, phase: 0 degree, sinr: 29 dB
RX3 power: -76 dBm,ecio: -10 dB, rsrp: -86 dBm,phase: 0 degree,sinr: 28 dB
NR CQI 255,RANK 255
Serving Beam SSB index 0,FR2 serving Beam:255,255


OK
at+bnrinfo

NR BAND:79, EARFCN:720288 DL_bandwidth:100MHz
physical cell ID:1, averaged PUSCH TX power :11 dBm, averaged PUCCH TX power :-255 dBm,
RX Power Info:
RSRQ -11 dB, RSRP -79 dBm,SINR 33 dB
RX0 power: -68 dBm,ecio: -10 dB, rsrp: -79 dBm, phase: 0 degree, sinr: 33 dB
RX1 power: -72 dBm,ecio: -10 dB, rsrp: -82 dBm, phase: 0 degree, sinr: 31 dB
RX2 power: -78 dBm,ecio: -10 dB, rsrp: -88 dBm, phase: 0 degree, sinr: 29 dB
RX3 power: -76 dBm,ecio: -10 dB, rsrp: -86 dBm,phase: 0 degree,sinr: 28 dB
NR CQI 255,RANK 255
Serving Beam SSB index 0,FR2 serving Beam:255,255


OK
[SSH]cmd:ping 10.205.102.16 -c 1
PING 10.205.102.16 (10.205.102.16): 56 data bytes
64 bytes from 10.205.102.16: seq=0 ttl=64 time=17.217 ms

--- 10.205.102.16 ping statistics ---
1 packets transmitted, 1 packets received, 0% packet loss
round-trip min/avg/max = 17.217/17.217/17.217 ms
[01/12 14:50:13]	TX Power: 11	Ping Latency: 17.217	
[SSH]cmd:echo -ne "at+bnrinfo\r\n" | microcom -t 1000 /dev/ttyUSB1
at+bnrinfo

NR BAND:79, EARFCN:720288 DL_bandwidth:100MHz
physical cell ID:1, averaged PUSCH TX power :10 dBm, averaged PUCCH TX power :-255 dBm,
RX Power Info:
RSRQ -11 dB, RSRP -79 dBm,SINR 33 dB
RX0 power: -68 dBm,ecio: -10 dB, rsrp: -79 dBm, phase: 0 degree, sinr: 33 dB
RX1 power: -71 dBm,ecio: -10 dB, rsrp: -82 dBm, phase: 0 degree, sinr: 32 dB
RX2 power: -78 dBm,ecio: -10 dB, rsrp: -89 dBm, phase: 0 degree, sinr: 29 dB
RX3 power: -76 dBm,ecio: -10 dB, rsrp: -86 dBm,phase: 0 degree,sinr: 27 dB
NR CQI 255,RANK 255
Serving Beam SSB index 0,FR2 serving Beam:255,255


OK
AT+CESQDBM

+CESQDBM:
SYSTEM:NR5G-SA
Band 79
NR5G: RSRQ -11 dB, RSRP -80 dBm, SINR 34 dB


OK

COMPAL

OK

Manufacturer: COMPAL
Model: 334
Revision: RXMG1.20.00.428_0R12
SVN: 01
IMEI: 359047100263183
+GCAP: +CGSM

OK

+COPS: 0,0,"466 66",11

OK
at+bnrinfo

NR BAND:79, EARFCN:720288 DL_bandwidth:100MHz
physical cell ID:1, averaged PUSCH TX power :10 dBm, averaged PUCCH TX power :-255 dBm,
RX Power Info:
RSRQ -11 dB, RSRP -79 dBm,SINR 33 dB
RX0 power: -68 dBm,ecio: -10 dB, rsrp: -79 dBm, phase: 0 degree, sinr: 33 dB
RX1 power: -71 dBm,ecio: -10 dB, rsrp: -82 dBm, phase: 0 degree, sinr: 32 dB
RX2 power: -78 dBm,ecio: -10 dB, rsrp: -89 dBm, phase: 0 degree, sinr: 29 dB
RX3 power: -76 dBm,ecio: -10 dB, rsrp: -86 dBm,phase: 0 degree,sinr: 27 dB
NR CQI 255,RANK 255
Serving Beam SSB index 0,FR2 serving Beam:255,255


OK
AT+CESQDBM

+CESQDBM:
SYSTEM:NR5G-SA
Band 79
NR5G: RSRQ -11 dB, RSRP -80 dBm, SINR 34 dB


OK

COMPAL

OK

Manufacturer: COMPAL
Model: 334
Revision: RXMG1.20.00.428_0R12
SVN: 01
IMEI: 359047100263183
+GCAP: +CGSM

OK

+COPS: 0,0,"466 66",11

OK
[SSH]cmd:ping 10.205.102.16 -c 1
PING 10.205.102.16 (10.205.102.16): 56 data bytes
64 bytes from 10.205.102.16: seq=0 ttl=64 time=14.634 ms

--- 10.205.102.16 ping statistics ---
1 packets transmitted, 1 packets received, 0% packet loss
round-trip min/avg/max = 14.634/14.634/14.634 ms
[01/12 14:50:21]	RSRQ: -11	RSRP: -80	SINR: 34	TX Power: 10	Ping Latency: 14.634	
[SSH]cmd:echo -ne "at+bnrinfo\r\n" | microcom -t 1000 /dev/ttyUSB1
at+bnrinfo

NR BAND:79, EARFCN:720288 DL_bandwidth:100MHz
physical cell ID:1, averaged PUSCH TX power :10 dBm, averaged PUCCH TX power :-255 dBm,
RX Power Info:
RSRQ -11 dB, RSRP -79 dBm,SINR 33 dB
RX0 power: -68 dBm,ecio: -10 dB, rsrp: -79 dBm, phase: 0 degree, sinr: 33 dB
RX1 power: -71 dBm,ecio: -10 dB, rsrp: -82 dBm, phase: 0 degree, sinr: 31 dB
RX2 power: -78 dBm,ecio: -10 dB, rsrp: -89 dBm, phase: 0 degree, sinr: 29 dB
RX3 power: -76 dBm,ecio: -10 dB, rsrp: -86 dBm,phase: 0 degree,sinr: 28 dB
NR CQI 255,RANK 255
Serving Beam SSB index 0,FR2 serving Beam:255,255


OK
at+bnrinfo

NR BAND:79, EARFCN:720288 DL_bandwidth:100MHz
physical cell ID:1, averaged PUSCH TX power :10 dBm, averaged PUCCH TX power :-255 dBm,
RX Power Info:
RSRQ -11 dB, RSRP -79 dBm,SINR 33 dB
RX0 power: -68 dBm,ecio: -10 dB, rsrp: -79 dBm, phase: 0 degree, sinr: 33 dB
RX1 power: -71 dBm,ecio: -10 dB, rsrp: -82 dBm, phase: 0 degree, sinr: 31 dB
RX2 power: -78 dBm,ecio: -10 dB, rsrp: -89 dBm, phase: 0 degree, sinr: 29 dB
RX3 power: -76 dBm,ecio: -10 dB, rsrp: -86 dBm,phase: 0 degree,sinr: 28 dB
NR CQI 255,RANK 255
Serving Beam SSB index 0,FR2 serving Beam:255,255


OK
[SSH]cmd:ping 10.205.102.16 -c 1
PING 10.205.102.16 (10.205.102.16): 56 data bytes
64 bytes from 10.205.102.16: seq=0 ttl=64 time=11.607 ms

--- 10.205.102.16 ping statistics ---
1 packets transmitted, 1 packets received, 0% packet loss
round-trip min/avg/max = 11.607/11.607/11.607 ms
[01/12 14:50:28]	TX Power: 10	Ping Latency: 11.607	
[SSH]cmd:echo -ne "at+bnrinfo\r\n" | microcom -t 1000 /dev/ttyUSB1
at+bnrinfo

NR BAND:79, EARFCN:720288 DL_bandwidth:100MHz
physical cell ID:1, averaged PUSCH TX power :12 dBm, averaged PUCCH TX power :-255 dBm,
RX Power Info:
RSRQ -11 dB, RSRP -79 dBm,SINR 33 dB
RX0 power: -68 dBm,ecio: -10 dB, rsrp: -79 dBm, phase: 0 degree, sinr: 33 dB
RX1 power: -72 dBm,ecio: -10 dB, rsrp: -82 dBm, phase: 0 degree, sinr: 31 dB
RX2 power: -78 dBm,ecio: -10 dB, rsrp: -89 dBm, phase: 0 degree, sinr: 30 dB
RX3 power: -76 dBm,ecio: -10 dB, rsrp: -86 dBm,phase: 0 degree,sinr: 28 dB
NR CQI 255,RANK 255
Serving Beam SSB index 0,FR2 serving Beam:255,255


OK
at+bnrinfo

NR BAND:79, EARFCN:720288 DL_bandwidth:100MHz
physical cell ID:1, averaged PUSCH TX power :12 dBm, averaged PUCCH TX power :-255 dBm,
RX Power Info:
RSRQ -11 dB, RSRP -79 dBm,SINR 33 dB
RX0 power: -68 dBm,ecio: -10 dB, rsrp: -79 dBm, phase: 0 degree, sinr: 33 dB
RX1 power: -72 dBm,ecio: -10 dB, rsrp: -82 dBm, phase: 0 degree, sinr: 31 dB
RX2 power: -78 dBm,ecio: -10 dB, rsrp: -89 dBm, phase: 0 degree, sinr: 30 dB
RX3 power: -76 dBm,ecio: -10 dB, rsrp: -86 dBm,phase: 0 degree,sinr: 28 dB
NR CQI 255,RANK 255
Serving Beam SSB index 0,FR2 serving Beam:255,255


OK
[SSH]cmd:ping 10.205.102.16 -c 1
PING 10.205.102.16 (10.205.102.16): 56 data bytes
64 bytes from 10.205.102.16: seq=0 ttl=64 time=29.160 ms

--- 10.205.102.16 ping statistics ---
1 packets transmitted, 1 packets received, 0% packet loss
round-trip min/avg/max = 29.160/29.160/29.160 ms
[01/12 14:50:36]	TX Power: 12	Ping Latency: 29.16	
[SSH]cmd:echo -ne "at+bnrinfo\r\n" | microcom -t 1000 /dev/ttyUSB1
at+bnrinfo

NR BAND:79, EARFCN:720288 DL_bandwidth:100MHz
physical cell ID:1, averaged PUSCH TX power :11 dBm, averaged PUCCH TX power :-255 dBm,
RX Power Info:
RSRQ -11 dB, RSRP -79 dBm,SINR 33 dB
RX0 power: -68 dBm,ecio: -10 dB, rsrp: -79 dBm, phase: 0 degree, sinr: 33 dB
RX1 power: -72 dBm,ecio: -10 dB, rsrp: -82 dBm, phase: 0 degree, sinr: 31 dB
RX2 power: -78 dBm,ecio: -10 dB, rsrp: -89 dBm, phase: 0 degree, sinr: 30 dB
RX3 power: -76 dBm,ecio: -10 dB, rsrp: -87 dBm,phase: 0 degree,sinr: 27 dB
NR CQI 255,RANK 255
Serving Beam SSB index 0,FR2 serving Beam:255,255


OK
at+bnrinfo

NR BAND:79, EARFCN:720288 DL_bandwidth:100MHz
physical cell ID:1, averaged PUSCH TX power :11 dBm, averaged PUCCH TX power :-255 dBm,
RX Power Info:
RSRQ -11 dB, RSRP -79 dBm,SINR 33 dB
RX0 power: -68 dBm,ecio: -10 dB, rsrp: -79 dBm, phase: 0 degree, sinr: 33 dB
RX1 power: -72 dBm,ecio: -10 dB, rsrp: -82 dBm, phase: 0 degree, sinr: 31 dB
RX2 power: -78 dBm,ecio: -10 dB, rsrp: -89 dBm, phase: 0 degree, sinr: 30 dB
RX3 power: -76 dBm,ecio: -10 dB, rsrp: -87 dBm,phase: 0 degree,sinr: 27 dB
NR CQI 255,RANK 255
Serving Beam SSB index 0,FR2 serving Beam:255,255


OK
[SSH]cmd:ping 10.205.102.16 -c 1
PING 10.205.102.16 (10.205.102.16): 56 data bytes
64 bytes from 10.205.102.16: seq=0 ttl=64 time=17.224 ms

--- 10.205.102.16 ping statistics ---
1 packets transmitted, 1 packets received, 0% packet loss
round-trip min/avg/max = 17.224/17.224/17.224 ms
[01/12 14:50:43]	TX Power: 11	Ping Latency: 17.224