Test Program: 1.0.0.0
****************************** Loop: 1  ******************************
****************************** [1]TestItem: RSRP@-T:10/-W:1  ******************************
****************************** 2024/1/12 下午 02:10:58 *****************************************
****************************** Loop RSRP *****************************************
cmd: adb -s NoADB shell Query Connection Status
Loop: 10 , Wait: 1s
[SSH]cmd:echo -ne "at+bnrinfo\r\n" | microcom -t 1000 /dev/ttyUSB1
at+bnrinfo

NR BAND:79, EARFCN:720288 DL_bandwidth:100MHz
physical cell ID:1, averaged PUSCH TX power :20 dBm, averaged PUCCH TX power :-255 dBm,
RX Power Info:
RSRQ -11 dB, RSRP -90 dBm,SINR 28 dB
RX0 power: -85 dBm,ecio: -10 dB, rsrp: -95 dBm, phase: 0 degree, sinr: 23 dB
RX1 power: -78 dBm,ecio: -10 dB, rsrp: -89 dBm, phase: 0 degree, sinr: 28 dB
RX2 power: -89 dBm,ecio: -10 dB, rsrp: -99 dBm, phase: 0 degree, sinr: 22 dB
RX3 power: -80 dBm,ecio: -10 dB, rsrp: -91 dBm,phase: 0 degree,sinr: 26 dB
NR CQI 255,RANK 255
Serving Beam SSB index 0,FR2 serving Beam:255,255


OK
at+bnrinfo

NR BAND:79, EARFCN:720288 DL_bandwidth:100MHz
physical cell ID:1, averaged PUSCH TX power :20 dBm, averaged PUCCH TX power :-255 dBm,
RX Power Info:
RSRQ -11 dB, RSRP -90 dBm,SINR 28 dB
RX0 power: -85 dBm,ecio: -10 dB, rsrp: -95 dBm, phase: 0 degree, sinr: 23 dB
RX1 power: -78 dBm,ecio: -10 dB, rsrp: -89 dBm, phase: 0 degree, sinr: 28 dB
RX2 power: -89 dBm,ecio: -10 dB, rsrp: -99 dBm, phase: 0 degree, sinr: 22 dB
RX3 power: -80 dBm,ecio: -10 dB, rsrp: -91 dBm,phase: 0 degree,sinr: 26 dB
NR CQI 255,RANK 255
Serving Beam SSB index 0,FR2 serving Beam:255,255


OK
[SSH]cmd:ping 10.205.102.16 -c 1
PING 10.205.102.16 (10.205.102.16): 56 data bytes
64 bytes from 10.205.102.16: seq=0 ttl=64 time=12.474 ms

--- 10.205.102.16 ping statistics ---
1 packets transmitted, 1 packets received, 0% packet loss
round-trip min/avg/max = 12.474/12.474/12.474 ms
[01/12 14:11:04]	TX Power: 20	Ping Latency: 12.474	
[SSH]cmd:echo -ne "at+bnrinfo\r\n" | microcom -t 1000 /dev/ttyUSB1
at+bnrinfo

NR BAND:79, EARFCN:720288 DL_bandwidth:100MHz
physical cell ID:1, averaged PUSCH TX power :20 dBm, averaged PUCCH TX power :-255 dBm,
RX Power Info:
RSRQ -11 dB, RSRP -90 dBm,SINR 28 dB
RX0 power: -85 dBm,ecio: -10 dB, rsrp: -96 dBm, phase: 0 degree, sinr: 23 dB
RX1 power: -78 dBm,ecio: -10 dB, rsrp: -89 dBm, phase: 0 degree, sinr: 28 dB
RX2 power: -89 dBm,ecio: -10 dB, rsrp: -99 dBm, phase: 0 degree, sinr: 22 dB
RX3 power: -80 dBm,ecio: -10 dB, rsrp: -91 dBm,phase: 0 degree,sinr: 26 dB
NR CQI 255,RANK 255
Serving Beam SSB index 0,FR2 serving Beam:255,255


OK
at+bnrinfo

NR BAND:79, EARFCN:720288 DL_bandwidth:100MHz
physical cell ID:1, averaged PUSCH TX power :20 dBm, averaged PUCCH TX power :-255 dBm,
RX Power Info:
RSRQ -11 dB, RSRP -90 dBm,SINR 28 dB
RX0 power: -85 dBm,ecio: -10 dB, rsrp: -96 dBm, phase: 0 degree, sinr: 23 dB
RX1 power: -78 dBm,ecio: -10 dB, rsrp: -89 dBm, phase: 0 degree, sinr: 28 dB
RX2 power: -89 dBm,ecio: -10 dB, rsrp: -99 dBm, phase: 0 degree, sinr: 22 dB
RX3 power: -80 dBm,ecio: -10 dB, rsrp: -91 dBm,phase: 0 degree,sinr: 26 dB
NR CQI 255,RANK 255
Serving Beam SSB index 0,FR2 serving Beam:255,255


OK
[SSH]cmd:ping 10.205.102.16 -c 1
PING 10.205.102.16 (10.205.102.16): 56 data bytes
64 bytes from 10.205.102.16: seq=0 ttl=64 time=17.686 ms

--- 10.205.102.16 ping statistics ---
1 packets transmitted, 1 packets received, 0% packet loss
round-trip min/avg/max = 17.686/17.686/17.686 ms
[01/12 14:11:12]	TX Power: 20	Ping Latency: 17.686	
[SSH]cmd:echo -ne "at+bnrinfo\r\n" | microcom -t 1000 /dev/ttyUSB1
at+bnrinfo

NR BAND:79, EARFCN:720288 DL_bandwidth:100MHz
physical cell ID:1, averaged PUSCH TX power :20 dBm, averaged PUCCH TX power :-255 dBm,
RX Power Info:
RSRQ -11 dB, RSRP -90 dBm,SINR 28 dB
RX0 power: -85 dBm,ecio: -10 dB, rsrp: -96 dBm, phase: 0 degree, sinr: 23 dB
RX1 power: -79 dBm,ecio: -10 dB, rsrp: -89 dBm, phase: 0 degree, sinr: 28 dB
RX2 power: -89 dBm,ecio: -10 dB, rsrp: -99 dBm, phase: 0 degree, sinr: 22 dB
RX3 power: -80 dBm,ecio: -10 dB, rsrp: -91 dBm,phase: 0 degree,sinr: 26 dB
NR CQI 255,RANK 255
Serving Beam SSB index 0,FR2 serving Beam:255,255


OK
at+bnrinfo

NR BAND:79, EARFCN:720288 DL_bandwidth:100MHz
physical cell ID:1, averaged PUSCH TX power :20 dBm, averaged PUCCH TX power :-255 dBm,
RX Power Info:
RSRQ -11 dB, RSRP -90 dBm,SINR 28 dB
RX0 power: -85 dBm,ecio: -10 dB, rsrp: -96 dBm, phase: 0 degree, sinr: 23 dB
RX1 power: -79 dBm,ecio: -10 dB, rsrp: -89 dBm, phase: 0 degree, sinr: 28 dB
RX2 power: -89 dBm,ecio: -10 dB, rsrp: -99 dBm, phase: 0 degree, sinr: 22 dB
RX3 power: -80 dBm,ecio: -10 dB, rsrp: -91 dBm,phase: 0 degree,sinr: 26 dB
NR CQI 255,RANK 255
Serving Beam SSB index 0,FR2 serving Beam:255,255


OK
[SSH]cmd:ping 10.205.102.16 -c 1
PING 10.205.102.16 (10.205.102.16): 56 data bytes
64 bytes from 10.205.102.16: seq=0 ttl=64 time=14.304 ms

--- 10.205.102.16 ping statistics ---
1 packets transmitted, 1 packets received, 0% packet loss
round-trip min/avg/max = 14.304/14.304/14.304 ms
[01/12 14:11:19]	TX Power: 20	Ping Latency: 14.304	
[SSH]cmd:echo -ne "at+bnrinfo\r\n" | microcom -t 1000 /dev/ttyUSB1
at+bnrinfo

NR BAND:79, EARFCN:720288 DL_bandwidth:100MHz
physical cell ID:1, averaged PUSCH TX power :21 dBm, averaged PUCCH TX power :-255 dBm,
RX Power Info:
RSRQ -11 dB, RSRP -90 dBm,SINR 28 dB
RX0 power: -85 dBm,ecio: -10 dB, rsrp: -95 dBm, phase: 0 degree, sinr: 23 dB
RX1 power: -78 dBm,ecio: -10 dB, rsrp: -89 dBm, phase: 0 degree, sinr: 28 dB
RX2 power: -89 dBm,ecio: -10 dB, rsrp: -99 dBm, phase: 0 degree, sinr: 22 dB
RX3 power: -80 dBm,ecio: -10 dB, rsrp: -90 dBm,phase: 0 degree,sinr: 26 dB
NR CQI 255,RANK 255
Serving Beam SSB index 0,FR2 serving Beam:255,255


OK
at+bnrinfo

NR BAND:79, EARFCN:720288 DL_bandwidth:100MHz
physical cell ID:1, averaged PUSCH TX power :21 dBm, averaged PUCCH TX power :-255 dBm,
RX Power Info:
RSRQ -11 dB, RSRP -90 dBm,SINR 28 dB
RX0 power: -85 dBm,ecio: -10 dB, rsrp: -95 dBm, phase: 0 degree, sinr: 23 dB
RX1 power: -78 dBm,ecio: -10 dB, rsrp: -89 dBm, phase: 0 degree, sinr: 28 dB
RX2 power: -89 dBm,ecio: -10 dB, rsrp: -99 dBm, phase: 0 degree, sinr: 22 dB
RX3 power: -80 dBm,ecio: -10 dB, rsrp: -90 dBm,phase: 0 degree,sinr: 26 dB
NR CQI 255,RANK 255
Serving Beam SSB index 0,FR2 serving Beam:255,255


OK
[SSH]cmd:ping 10.205.102.16 -c 1
PING 10.205.102.16 (10.205.102.16): 56 data bytes
64 bytes from 10.205.102.16: seq=0 ttl=64 time=15.961 ms

--- 10.205.102.16 ping statistics ---
1 packets transmitted, 1 packets received, 0% packet loss
round-trip min/avg/max = 15.961/15.961/15.961 ms
[01/12 14:11:26]	TX Power: 21	Ping Latency: 15.961	
[SSH]cmd:echo -ne "at+bnrinfo\r\n" | microcom -t 1000 /dev/ttyUSB1
at+bnrinfo

NR BAND:79, EARFCN:720288 DL_bandwidth:100MHz
physical cell ID:1, averaged PUSCH TX power :20 dBm, averaged PUCCH TX power :-255 dBm,
RX Power Info:
RSRQ -11 dB, RSRP -90 dBm,SINR 28 dB
RX0 power: -86 dBm,ecio: -10 dB, rsrp: -96 dBm, phase: 0 degree, sinr: 23 dB
RX1 power: -78 dBm,ecio: -10 dB, rsrp: -89 dBm, phase: 0 degree, sinr: 28 dB
RX2 power: -89 dBm,ecio: -10 dB, rsrp: -99 dBm, phase: 0 degree, sinr: 21 dB
RX3 power: -80 dBm,ecio: -10 dB, rsrp: -90 dBm,phase: 0 degree,sinr: 26 dB
NR CQI 255,RANK 255
Serving Beam SSB index 0,FR2 serving Beam:255,255


OK
at+bnrinfo

NR BAND:79, EARFCN:720288 DL_bandwidth:100MHz
physical cell ID:1, averaged PUSCH TX power :20 dBm, averaged PUCCH TX power :-255 dBm,
RX Power Info:
RSRQ -11 dB, RSRP -90 dBm,SINR 28 dB
RX0 power: -86 dBm,ecio: -10 dB, rsrp: -96 dBm, phase: 0 degree, sinr: 23 dB
RX1 power: -78 dBm,ecio: -10 dB, rsrp: -89 dBm, phase: 0 degree, sinr: 28 dB
RX2 power: -89 dBm,ecio: -10 dB, rsrp: -99 dBm, phase: 0 degree, sinr: 21 dB
RX3 power: -80 dBm,ecio: -10 dB, rsrp: -90 dBm,phase: 0 degree,sinr: 26 dB
NR CQI 255,RANK 255
Serving Beam SSB index 0,FR2 serving Beam:255,255


OK
[SSH]cmd:ping 10.205.102.16 -c 1
PING 10.205.102.16 (10.205.102.16): 56 data bytes
64 bytes from 10.205.102.16: seq=0 ttl=64 time=138.979 ms

--- 10.205.102.16 ping statistics ---
1 packets transmitted, 1 packets received, 0% packet loss
round-trip min/avg/max = 138.979/138.979/138.979 ms
[01/12 14:11:33]	TX Power: 20	Ping Latency: 138.979	
[SSH]cmd:echo -ne "at+bnrinfo\r\n" | microcom -t 1000 /dev/ttyUSB1
at+bnrinfo

NR BAND:79, EARFCN:720288 DL_bandwidth:100MHz
physical cell ID:1, averaged PUSCH TX power :20 dBm, averaged PUCCH TX power :-255 dBm,
RX Power Info:
RSRQ -11 dB, RSRP -90 dBm,SINR 28 dB
RX0 power: -85 dBm,ecio: -10 dB, rsrp: -96 dBm, phase: 0 degree, sinr: 23 dB
RX1 power: -78 dBm,ecio: -10 dB, rsrp: -89 dBm, phase: 0 degree, sinr: 28 dB
RX2 power: -89 dBm,ecio: -10 dB, rsrp: -99 dBm, phase: 0 degree, sinr: 21 dB
RX3 power: -80 dBm,ecio: -10 dB, rsrp: -90 dBm,phase: 0 degree,sinr: 26 dB
NR CQI 255,RANK 255
Serving Beam SSB index 0,FR2 serving Beam:255,255


OK

+CESQDBM:
SYSTEM:NR5G-SA
Band 79
NR5G: RSRQ -11 dB, RSRP -90 dBm, SINR 28 dB


OK
AT+GMI

COMPAL

OK
ATI

Manufacturer: COMPAL
Model: 334
Revision: RXMG1.20.00.428_0R12
SVN: 01
IMEI: 359047100262714
+GCAP: +CGSM

OK
at+bnrinfo

NR BAND:79, EARFCN:720288 DL_bandwidth:100MHz
physical cell ID:1, averaged PUSCH TX power :20 dBm, averaged PUCCH TX power :-255 dBm,
RX Power Info:
RSRQ -11 dB, RSRP -90 dBm,SINR 28 dB
RX0 power: -85 dBm,ecio: -10 dB, rsrp: -96 dBm, phase: 0 degree, sinr: 23 dB
RX1 power: -78 dBm,ecio: -10 dB, rsrp: -89 dBm, phase: 0 degree, sinr: 28 dB
RX2 power: -89 dBm,ecio: -10 dB, rsrp: -99 dBm, phase: 0 degree, sinr: 21 dB
RX3 power: -80 dBm,ecio: -10 dB, rsrp: -90 dBm,phase: 0 degree,sinr: 26 dB
NR CQI 255,RANK 255
Serving Beam SSB index 0,FR2 serving Beam:255,255


OK

+CESQDBM:
SYSTEM:NR5G-SA
Band 79
NR5G: RSRQ -11 dB, RSRP -90 dBm, SINR 28 dB


OK
AT+GMI

COMPAL

OK
ATI

Manufacturer: COMPAL
Model: 334
Revision: RXMG1.20.00.428_0R12
SVN: 01
IMEI: 359047100262714
+GCAP: +CGSM

OK
[SSH]cmd:ping 10.205.102.16 -c 1
PING 10.205.102.16 (10.205.102.16): 56 data bytes
64 bytes from 10.205.102.16: seq=0 ttl=64 time=15.126 ms

--- 10.205.102.16 ping statistics ---
1 packets transmitted, 1 packets received, 0% packet loss
round-trip min/avg/max = 15.126/15.126/15.126 ms
[01/12 14:11:41]	RSRQ: -11	RSRP: -90	SINR: 28	TX Power: 20	Ping Latency: 15.126	
[SSH]cmd:echo -ne "at+bnrinfo\r\n" | microcom -t 1000 /dev/ttyUSB1

<LTE PCC INFO>:<INVALID>

OK
AT+CGPADDR

+CGPADDR: 1,10.205.164.11
+CGPADDR: 38,0.0.0.0.0.0.0.0.0.0.0.0.0.0.0.0
+CGPADDR: 39,0.0.0.0.0.0.0.0.0.0.0.0.0.0.0.0

OK
<LTE PCC INFO>:<INVALID>

OK
AT+CGPADDR

+CGPADDR: 1,10.205.164.11
+CGPADDR: 38,0.0.0.0.0.0.0.0.0.0.0.0.0.0.0.0
+CGPADDR: 39,0.0.0.0.0.0.0.0.0.0.0.0.0.0.0.0

OK
[SSH]cmd:ping 10.205.102.16 -c 1
PING 10.205.102.16 (10.205.102.16): 56 data bytes
64 bytes from 10.205.102.16: seq=0 ttl=64 time=11.193 ms

--- 10.205.102.16 ping statistics ---
1 packets transmitted, 1 packets received, 0% packet loss
round-trip min/avg/max = 11.193/11.193/11.193 ms
[01/12 14:11:48]	TX Power: 20	Ping Latency: 11.193	
[SSH]cmd:echo -ne "at+bnrinfo\r\n" | microcom -t 1000 /dev/ttyUSB1

<LTE PCC INFO>:<INVALID>

OK
AT+CGPADDR

+CGPADDR: 1,10.205.164.11
+CGPADDR: 38,0.0.0.0.0.0.0.0.0.0.0.0.0.0.0.0
+CGPADDR: 39,0.0.0.0.0.0.0.0.0.0.0.0.0.0.0.0

OK
<LTE PCC INFO>:<INVALID>

OK
AT+CGPADDR

+CGPADDR: 1,10.205.164.11
+CGPADDR: 38,0.0.0.0.0.0.0.0.0.0.0.0.0.0.0.0
+CGPADDR: 39,0.0.0.0.0.0.0.0.0.0.0.0.0.0.0.0

OK
[SSH]cmd:ping 10.205.102.16 -c 1
PING 10.205.102.16 (10.205.102.16): 56 data bytes
64 bytes from 10.205.102.16: seq=0 ttl=64 time=11.771 ms

--- 10.205.102.16 ping statistics ---
1 packets transmitted, 1 packets received, 0% packet loss
round-trip min/avg/max = 11.771/11.771/11.771 ms
[01/12 14:11:55]	TX Power: 20	Ping Latency: 11.771	
[SSH]cmd:echo -ne "at+bnrinfo\r\n" | microcom -t 1000 /dev/ttyUSB1
AT+CGPADDR

+CGPADDR: 1,10.205.164.11
+CGPADDR: 38,0.0.0.0.0.0.0.0.0.0.0.0.0.0.0.0
+CGPADDR: 39,0.0.0.0.0.0.0.0.0.0.0.0.0.0.0.0

OK
AT+CGPADDR

+CGPADDR: 1,10.205.164.11
+CGPADDR: 38,0.0.0.0.0.0.0.0.0.0.0.0.0.0.0.0
+CGPADDR: 39,0.0.0.0.0.0.0.0.0.0.0.0.0.0.0.0

OK
[SSH]cmd:ping 10.205.102.16 -c 1
PING 10.205.102.16 (10.205.102.16): 56 data bytes
64 bytes from 10.205.102.16: seq=0 ttl=64 time=174.728 ms

--- 10.205.102.16 ping statistics ---
1 packets transmitted, 1 packets received, 0% packet loss
round-trip min/avg/max = 174.728/174.728/174.728 ms
[01/12 14:12:02]	TX Power: 20	Ping Latency: 174.728	
[SSH]cmd:echo -ne "at+bnrinfo\r\n" | microcom -t 1000 /dev/ttyUSB1

<LTE PCC INFO>:<INVALID>

OK

+CGPADDR: 1,10.205.164.11
+CGPADDR: 38,0.0.0.0.0.0.0.0.0.0.0.0.0.0.0.0
+CGPADDR: 39,0.0.0.0.0.0.0.0.0.0.0.0.0.0.0.0

OK
<LTE PCC INFO>:<INVALID>

OK

+CGPADDR: 1,10.205.164.11
+CGPADDR: 38,0.0.0.0.0.0.0.0.0.0.0.0.0.0.0.0
+CGPADDR: 39,0.0.0.0.0.0.0.0.0.0.0.0.0.0.0.0

OK
[SSH]cmd:ping 10.205.102.16 -c 1
PING 10.205.102.16 (10.205.102.16): 56 data bytes
64 bytes from 10.205.102.16: seq=0 ttl=64 time=13.811 ms

--- 10.205.102.16 ping statistics ---
1 packets transmitted, 1 packets received, 0% packet loss
round-trip min/avg/max = 13.811/13.811/13.811 ms
[01/12 14:12:08]	TX Power: 20	Ping Latency: 13.811